2.6358 	ERROR 	Support for the `pyo` audio backend is not available this session. Please install `psychopy-pyo` and restart the session to enable support.
2.6358 	ERROR 	Failed to load any of the audioLibs: ['pyo']. Falling back to PsychToolbox ('ptb') backend for sound. Be sure to add 'ptb' to preferences to avoid seeing this message again.
2.7455 	WARNING 	We strongly recommend you activate the PTB sound engine in PsychoPy prefs as the preferred audio engine. Its timing is vastly superior. Your prefs are currently set to use ['pyo'] (in that order).
15.0005 	WARNING 	Font Manager failed to load file /System/Library/PrivateFrameworks/FontServices.framework/Resources/Reserved/PingFangUI.ttc
26.1345 	INFO 	Loaded monitor calibration from ['2025_10_16 07:47']
26.4313 	EXP 	Created window1 = Window(allowGUI=True, allowStencil=False, autoLog=True, backendConf=UNKNOWN, backgroundFit=<method-wrapper '__getattribute__' of attributeSetter object at 0x1641e6890>, backgroundImage=<method-wrapper '__getattribute__' of attributeSetter object at 0x1641e68f0>, bitsMode=UNKNOWN, blendMode='avg', bpc=(8, 8, 8), color=array([-1., -1., -1.]), colorSpace='rgb', depthBits=8, fullscr=<method-wrapper '__getattribute__' of attributeSetter object at 0x1641e6aa0>, gamma=None, gammaErrorPolicy='raise', infoMsg=UNKNOWN, lms=UNKNOWN, monitor=<psychopy.monitors.calibTools.Monitor object at 0x164536350>, multiSample=False, name='window1', numSamples=2, pos=[360.0, 225.0], screen=0, size=array([2880, 1800]), stencilBits=0, stereo=False, title='PsychoPy', units='height', useFBO=True, useRetina=True, viewOri=0.0, viewPos=None, viewScale=None, waitBlanking=True, winType='pyglet')
26.4314 	EXP 	window1: mouseVisible = True
26.4314 	EXP 	window1: backgroundImage = ''
26.4314 	EXP 	window1: backgroundFit = 'none'
26.4316 	EXP 	window1: mouseVisible = True
26.4318 	EXP 	window1: mouseVisible = True
26.4345 	EXP 	window1: mouseVisible = True
26.4350 	EXP 	window1: mouseVisible = True
26.4710 	EXP 	window1: mouseVisible = True
26.4712 	EXP 	window1: mouseVisible = True
26.4716 	EXP 	window1: mouseVisible = True
26.4720 	EXP 	window1: mouseVisible = True
26.4853 	EXP 	window1: Attempting to measure frame rate of screen (0) ...
26.4853 	EXP 	window1: recordFrameIntervals = False
26.8355 	EXP 	window1: recordFrameIntervals = True
27.1241 	WARNING 	t of last frame was 38.70ms (=1/25)
27.6453 	EXP 	Screen (0) actual frame rate measured at 120.89Hz
27.6454 	EXP 	window1: recordFrameIntervals = False
27.6465 	EXP 	window1: mouseVisible = False
29.8916 	INFO 	keyboard.Keyboard is using ptb backend.
29.8918 	EXP 	TSST_fnirs_V4_FULL: status = STARTED
29.8927 	EXP 	window1: mouseVisible = True
29.9409 	EXP 	Created ctl1_instruction_text = TextStim(__class__=<class 'psychopy.visual.text.TextStim'>, alignHoriz=method-wrapper(...), alignText='center', alignVert=method-wrapper(...), anchorHoriz='center', anchorVert='center', antialias=True, autoDraw=False, autoLog=True, bold=False, color=array([1., 1., 1.]), colorSpace='rgb', contrast=1.0, depth=0.0, draggable=False, flipHoriz=False, flipVert=False, font='Arial', fontFiles=[], height=0.05, italic=False, languageStyle='LTR', name='ctl1_instruction_text', opacity=1.0, ori=0.0, pos=array([0., 0.]), rgb=UNKNOWN, text=str(...), units='height', win=Window(...), wrapWidth=1)
30.4041 	INFO 	keyboard.Keyboard is using ptb backend.
30.4048 	EXP 	window1: mouseVisible = False
30.6654 	EXP 	Sound  set volume 1.000
30.6656 	EXP 	Sound  set volume 1.000
30.6658 	EXP 	window1: mouseVisible = True
30.6690 	EXP 	Created fixation_cross = TextStim(__class__=<class 'psychopy.visual.text.TextStim'>, alignHoriz=method-wrapper(...), alignText='center', alignVert=method-wrapper(...), anchorHoriz='center', anchorVert='center', antialias=True, autoDraw=False, autoLog=True, bold=False, color=array([1., 1., 1.]), colorSpace='rgb', contrast=1.0, depth=0.0, draggable=False, flipHoriz=False, flipVert=False, font='Arial', fontFiles=[], height=0.08, italic=False, languageStyle='LTR', name='fixation_cross', opacity=1.0, ori=0.0, pos=array([0., 0.]), rgb=UNKNOWN, text='+', units='height', win=Window(...), wrapWidth=1)
30.6691 	EXP 	window1: mouseVisible = True
30.6700 	EXP 	Created read_number = TextStim(__class__=<class 'psychopy.visual.text.TextStim'>, alignHoriz=method-wrapper(...), alignText='center', alignVert=method-wrapper(...), anchorHoriz='center', anchorVert='center', antialias=True, autoDraw=False, autoLog=True, bold=False, color=array([1., 1., 1.]), colorSpace='rgb', contrast=1.0, depth=-1.0, draggable=False, flipHoriz=False, flipVert=False, font='Arial', fontFiles=[], height=0.07, italic=False, languageStyle='LTR', name='read_number', opacity=1.0, ori=0.0, pos=array([0., 0.]), rgb=UNKNOWN, text='', units='height', win=Window(...), wrapWidth=1)
30.6700 	EXP 	window1: mouseVisible = True
30.6708 	EXP 	Created read_pausing = TextStim(__class__=<class 'psychopy.visual.text.TextStim'>, alignHoriz=method-wrapper(...), alignText='center', alignVert=method-wrapper(...), anchorHoriz='center', anchorVert='center', antialias=True, autoDraw=False, autoLog=True, bold=False, color=array([1., 1., 1.]), colorSpace='rgb', contrast=1.0, depth=0.0, draggable=False, flipHoriz=False, flipVert=False, font='Arial', fontFiles=[], height=0.07, italic=False, languageStyle='LTR', name='read_pausing', opacity=1.0, ori=0.0, pos=array([0., 0.]), rgb=UNKNOWN, text='', units='height', win=Window(...), wrapWidth=1)
30.6708 	EXP 	window1: mouseVisible = True
30.6924 	EXP 	Created ctl2_instruction_text = TextStim(__class__=<class 'psychopy.visual.text.TextStim'>, alignHoriz=method-wrapper(...), alignText='center', alignVert=method-wrapper(...), anchorHoriz='center', anchorVert='center', antialias=True, autoDraw=False, autoLog=True, bold=False, color=array([1., 1., 1.]), colorSpace='rgb', contrast=1.0, depth=0.0, draggable=False, flipHoriz=False, flipVert=False, font='Arial', fontFiles=[], height=0.05, italic=False, languageStyle='LTR', name='ctl2_instruction_text', opacity=1.0, ori=0.0, pos=array([0., 0.]), rgb=UNKNOWN, text=str(...), units='height', win=Window(...), wrapWidth=1)
30.6925 	EXP 	window1: mouseVisible = True
30.6941 	EXP 	Created fixation_cross = TextStim(__class__=<class 'psychopy.visual.text.TextStim'>, alignHoriz=method-wrapper(...), alignText='center', alignVert=method-wrapper(...), anchorHoriz='center', anchorVert='center', antialias=True, autoDraw=False, autoLog=True, bold=False, color=array([1., 1., 1.]), colorSpace='rgb', contrast=1.0, depth=0.0, draggable=False, flipHoriz=False, flipVert=False, font='Arial', fontFiles=[], height=0.08, italic=False, languageStyle='LTR', name='fixation_cross', opacity=1.0, ori=0.0, pos=array([0., 0.]), rgb=UNKNOWN, text='+', units='height', win=Window(...), wrapWidth=1)
30.6946 	EXP 	window1: mouseVisible = True
30.6954 	EXP 	Created subtract_number = TextStim(__class__=<class 'psychopy.visual.text.TextStim'>, alignHoriz=method-wrapper(...), alignText='center', alignVert=method-wrapper(...), anchorHoriz='center', anchorVert='center', antialias=True, autoDraw=False, autoLog=True, bold=False, color=array([1., 1., 1.]), colorSpace='rgb', contrast=1.0, depth=-1.0, draggable=False, flipHoriz=False, flipVert=False, font='Arial', fontFiles=[], height=0.07, italic=False, languageStyle='LTR', name='subtract_number', opacity=1.0, ori=0.0, pos=array([0., 0.]), rgb=UNKNOWN, text='', units='height', win=Window(...), wrapWidth=1)
30.6955 	EXP 	window1: mouseVisible = True
30.6962 	EXP 	Created subtract_pausing = TextStim(__class__=<class 'psychopy.visual.text.TextStim'>, alignHoriz=method-wrapper(...), alignText='center', alignVert=method-wrapper(...), anchorHoriz='center', anchorVert='center', antialias=True, autoDraw=False, autoLog=True, bold=False, color=array([1., 1., 1.]), colorSpace='rgb', contrast=1.0, depth=0.0, draggable=False, flipHoriz=False, flipVert=False, font='Arial', fontFiles=[], height=0.07, italic=False, languageStyle='LTR', name='subtract_pausing', opacity=1.0, ori=0.0, pos=array([0., 0.]), rgb=UNKNOWN, text='', units='height', win=Window(...), wrapWidth=1)
30.6963 	EXP 	window1: mouseVisible = True
30.6986 	EXP 	Created task_end_text = TextStim(__class__=<class 'psychopy.visual.text.TextStim'>, alignHoriz=method-wrapper(...), alignText='center', alignVert=method-wrapper(...), anchorHoriz='center', anchorVert='center', antialias=True, autoDraw=False, autoLog=True, bold=False, color=array([1., 1., 1.]), colorSpace='rgb', contrast=1.0, depth=0.0, draggable=False, flipHoriz=False, flipVert=False, font='Arial', fontFiles=[], height=0.05, italic=False, languageStyle='LTR', name='task_end_text', opacity=1.0, ori=0.0, pos=array([0., 0.]), rgb=UNKNOWN, text='Please wait for the next task to begin..', units='height', win=Window(...), wrapWidth=1)
30.6987 	EXP 	window1: mouseVisible = True
30.7026 	EXP 	Created tsst_instruction_text = TextStim(__class__=<class 'psychopy.visual.text.TextStim'>, alignHoriz=method-wrapper(...), alignText='center', alignVert=method-wrapper(...), anchorHoriz='center', anchorVert='center', antialias=True, autoDraw=False, autoLog=True, bold=False, color=array([1., 1., 1.]), colorSpace='rgb', contrast=1.0, depth=0.0, draggable=False, flipHoriz=False, flipVert=False, font='Arial', fontFiles=[], height=0.05, italic=False, languageStyle='LTR', name='tsst_instruction_text', opacity=1.0, ori=0.0, pos=array([0., 0.]), rgb=UNKNOWN, text=str(...), units='height', win=Window(...), wrapWidth=1)
30.7027 	EXP 	window1: mouseVisible = True
30.7041 	EXP 	Created fixation_cross = TextStim(__class__=<class 'psychopy.visual.text.TextStim'>, alignHoriz=method-wrapper(...), alignText='center', alignVert=method-wrapper(...), anchorHoriz='center', anchorVert='center', antialias=True, autoDraw=False, autoLog=True, bold=False, color=array([1., 1., 1.]), colorSpace='rgb', contrast=1.0, depth=0.0, draggable=False, flipHoriz=False, flipVert=False, font='Arial', fontFiles=[], height=0.08, italic=False, languageStyle='LTR', name='fixation_cross', opacity=1.0, ori=0.0, pos=array([0., 0.]), rgb=UNKNOWN, text='+', units='height', win=Window(...), wrapWidth=1)
30.7042 	EXP 	window1: mouseVisible = True
30.7049 	EXP 	Created subtract_number_TSST = TextStim(__class__=<class 'psychopy.visual.text.TextStim'>, alignHoriz=method-wrapper(...), alignText='center', alignVert=method-wrapper(...), anchorHoriz='center', anchorVert='center', antialias=True, autoDraw=False, autoLog=True, bold=False, color=array([1., 1., 1.]), colorSpace='rgb', contrast=1.0, depth=0.0, draggable=False, flipHoriz=False, flipVert=False, font='Arial', fontFiles=[], height=0.07, italic=False, languageStyle='LTR', name='subtract_number_TSST', opacity=1.0, ori=0.0, pos=array([0., 0.]), rgb=UNKNOWN, text='', units='height', win=Window(...), wrapWidth=1)
30.7050 	EXP 	window1: mouseVisible = True
30.7057 	EXP 	Created subtract_pausing_TSST = TextStim(__class__=<class 'psychopy.visual.text.TextStim'>, alignHoriz=method-wrapper(...), alignText='center', alignVert=method-wrapper(...), anchorHoriz='center', anchorVert='center', antialias=True, autoDraw=False, autoLog=True, bold=False, color=array([1., 1., 1.]), colorSpace='rgb', contrast=1.0, depth=0.0, draggable=False, flipHoriz=False, flipVert=False, font='Arial', fontFiles=[], height=0.07, italic=False, languageStyle='LTR', name='subtract_pausing_TSST', opacity=1.0, ori=0.0, pos=array([0., 0.]), rgb=UNKNOWN, text='', units='height', win=Window(...), wrapWidth=1)
30.7057 	EXP 	window1: mouseVisible = True
30.7087 	EXP 	Created finished_text = TextStim(__class__=<class 'psychopy.visual.text.TextStim'>, alignHoriz=method-wrapper(...), alignText='center', alignVert=method-wrapper(...), anchorHoriz='center', anchorVert='center', antialias=True, autoDraw=False, autoLog=True, bold=False, color=array([1., 1., 1.]), colorSpace='rgb', contrast=1.0, depth=0.0, draggable=False, flipHoriz=False, flipVert=False, font='Arial', fontFiles=[], height=0.05, italic=False, languageStyle='LTR', name='finished_text', opacity=1.0, ori=0.0, pos=array([0., 0.]), rgb=UNKNOWN, text=str(...), units='height', win=Window(...), wrapWidth=1)
0.0136 	INFO 	Keyboard events cleared
0.0145 	EXP 	window1: mouseVisible = False
0.0373 	EXP 	ctl1_instruction_text: autoDraw = True
2.1168 	INFO 	Keyboard events cleared
2.1173 	EXP 	window1: mouseVisible = False
2.1174 	INFO 	Keyboard events cleared
2.1312 	DATA 	Keypress: return
2.1361 	EXP 	ctl1_instruction_text: autoDraw = False
2.1361 	EXP 	fixation_cross: autoDraw = True
3.8731 	DATA 	Keypress: space
4.8387 	DATA 	Keypress: space
10.4268 	EXP 	Created sequence: sequential, trialTypes=1, nReps=6, seed=None
10.4271 	EXP 	New trial (rep=0, index=0): None
10.4272 	EXP 	window1: mouseVisible = False
10.4272 	INFO 	Keyboard events cleared
10.4322 	EXP 	window1: mouseVisible = False
10.4322 	INFO 	Keyboard events cleared
10.4323 	EXP 	window1: mouseVisible = False
10.4345 	DATA 	Keypress: s
10.4393 	EXP 	fixation_cross: autoDraw = False
10.4393 	EXP 	read_number: height = 0.07
10.4393 	EXP 	read_number: height = 0.07
10.4393 	EXP 	read_number: height = 0.07
10.4393 	EXP 	read_number: text = 1022
10.4393 	EXP 	read_number: autoDraw = False
10.4393 	EXP 	read_pausing: height = 0.07
10.4393 	EXP 	read_pausing: height = 0.07
10.4393 	EXP 	read_pausing: height = 0.07
10.4393 	EXP 	read_pausing: text = 'PAUSE'
10.4393 	EXP 	read_pausing: autoDraw = False
10.4393 	EXP 	ctl2_instruction_text: autoDraw = True
12.5956 	INFO 	Keyboard events cleared
12.6024 	EXP 	Imported stims/CTL2.xlsx as conditions, 6 conditions, 2 params
12.6027 	EXP 	Created sequence: sequential, trialTypes=6, nReps=1, seed=None
12.6029 	EXP 	New trial (rep=0, index=0): {'Block': 1, 'StartingNumber': 1659}
12.6030 	EXP 	window1: mouseVisible = False
12.6030 	INFO 	Keyboard events cleared
12.6046 	DATA 	Keypress: return
12.6082 	EXP 	ctl2_instruction_text: autoDraw = False
12.6082 	EXP 	fixation_cross: autoDraw = True
18.9710 	DATA 	Keypress: escape
19.0032 	EXP 	TSST_fnirs_V4_FULL: status = STOPPED
19.0091 	EXP 	fixation_cross: autoDraw = False
19.0091 	EXP 	TSST_fnirs_V4_FULL: status = STOPPED
19.0117 	INFO 	saved data to '/Users/Isaac/Documents/fNIRS_TSST_PsychoPy/builder_files/data/056754_TSST_fnirs_V4_FULL_2025-11-27_19h40.00.326.csv'
19.0136 	INFO 	saved data to /Users/Isaac/Documents/fNIRS_TSST_PsychoPy/builder_files/data/056754_TSST_fnirs_V4_FULL_2025-11-27_19h40.00.326.psydat
19.0383 	EXP 	window1: mouseVisible = True
19.2891 	WARNING 	Stopping key buffers but this could be dangerous ifother keyboards rely on the same.
19.2892 	WARNING 	Stopping key buffers but this could be dangerous ifother keyboards rely on the same.
