2.6926 	ERROR 	Support for the `pyo` audio backend is not available this session. Please install `psychopy-pyo` and restart the session to enable support.
2.6927 	ERROR 	Failed to load any of the audioLibs: ['pyo']. Falling back to PsychToolbox ('ptb') backend for sound. Be sure to add 'ptb' to preferences to avoid seeing this message again.
2.8018 	WARNING 	We strongly recommend you activate the PTB sound engine in PsychoPy prefs as the preferred audio engine. Its timing is vastly superior. Your prefs are currently set to use ['pyo'] (in that order).
15.1545 	WARNING 	Font Manager failed to load file /System/Library/PrivateFrameworks/FontServices.framework/Resources/Reserved/PingFangUI.ttc
16.6073 	INFO 	Loaded monitor calibration from ['2025_10_16 07:47']
16.9062 	EXP 	Created window1 = Window(allowGUI=True, allowStencil=False, autoLog=True, backendConf=UNKNOWN, backgroundFit=<method-wrapper '__getattribute__' of attributeSetter object at 0x164106890>, backgroundImage=<method-wrapper '__getattribute__' of attributeSetter object at 0x1641068f0>, bitsMode=UNKNOWN, blendMode='avg', bpc=(8, 8, 8), color=array([-1., -1., -1.]), colorSpace='rgb', depthBits=8, fullscr=<method-wrapper '__getattribute__' of attributeSetter object at 0x164106aa0>, gamma=None, gammaErrorPolicy='raise', infoMsg=UNKNOWN, lms=UNKNOWN, monitor=<psychopy.monitors.calibTools.Monitor object at 0x16412ff10>, multiSample=False, name='window1', numSamples=2, pos=[360.0, 225.0], screen=0, size=array([2880, 1800]), stencilBits=0, stereo=False, title='PsychoPy', units='height', useFBO=True, useRetina=True, viewOri=0.0, viewPos=None, viewScale=None, waitBlanking=True, winType='pyglet')
16.9063 	EXP 	window1: mouseVisible = True
16.9063 	EXP 	window1: backgroundImage = ''
16.9063 	EXP 	window1: backgroundFit = 'none'
16.9064 	EXP 	window1: mouseVisible = True
16.9068 	EXP 	window1: mouseVisible = True
16.9093 	EXP 	window1: mouseVisible = True
16.9097 	EXP 	window1: mouseVisible = True
16.9455 	EXP 	window1: mouseVisible = True
16.9456 	EXP 	window1: mouseVisible = True
16.9461 	EXP 	window1: mouseVisible = True
16.9465 	EXP 	window1: mouseVisible = True
16.9597 	EXP 	window1: Attempting to measure frame rate of screen (0) ...
16.9597 	EXP 	window1: recordFrameIntervals = False
17.3004 	EXP 	window1: recordFrameIntervals = True
17.5923 	WARNING 	t of last frame was 35.25ms (=1/28)
18.1669 	WARNING 	Couldn't measure a consistent frame rate!
  - Is your graphics card set to sync to vertical blank?
  - Are you running other processes on your computer?

18.1683 	EXP 	window1: mouseVisible = False
20.4346 	INFO 	keyboard.Keyboard is using ptb backend.
20.4347 	EXP 	TSST_fnirs_V4_FULL: status = STARTED
20.4352 	EXP 	window1: mouseVisible = True
20.4818 	EXP 	Created ctl1_instruction_text = TextStim(__class__=<class 'psychopy.visual.text.TextStim'>, alignHoriz=method-wrapper(...), alignText='center', alignVert=method-wrapper(...), anchorHoriz='center', anchorVert='center', antialias=True, autoDraw=False, autoLog=True, bold=False, color=array([1., 1., 1.]), colorSpace='rgb', contrast=1.0, depth=0.0, draggable=False, flipHoriz=False, flipVert=False, font='Arial', fontFiles=[], height=0.05, italic=False, languageStyle='LTR', name='ctl1_instruction_text', opacity=1.0, ori=0.0, pos=array([0., 0.]), rgb=UNKNOWN, text=str(...), units='height', win=Window(...), wrapWidth=1)
20.9519 	INFO 	keyboard.Keyboard is using ptb backend.
20.9528 	EXP 	window1: mouseVisible = False
21.2093 	EXP 	Sound  set volume 1.000
21.2095 	EXP 	Sound  set volume 1.000
21.2097 	EXP 	window1: mouseVisible = True
21.2130 	EXP 	Created text = TextStim(__class__=<class 'psychopy.visual.text.TextStim'>, alignHoriz=method-wrapper(...), alignText='center', alignVert=method-wrapper(...), anchorHoriz='center', anchorVert='center', antialias=True, autoDraw=False, autoLog=True, bold=False, color=array([1., 1., 1.]), colorSpace='rgb', contrast=1.0, depth=0.0, draggable=False, flipHoriz=False, flipVert=False, font='Arial', fontFiles=[], height=0.08, italic=False, languageStyle='LTR', name='text', opacity=1.0, ori=0.0, pos=array([0., 0.]), rgb=UNKNOWN, text='+', units='height', win=Window(...), wrapWidth=1)
21.2131 	EXP 	window1: mouseVisible = True
21.2139 	EXP 	Created read_number = TextStim(__class__=<class 'psychopy.visual.text.TextStim'>, alignHoriz=method-wrapper(...), alignText='center', alignVert=method-wrapper(...), anchorHoriz='center', anchorVert='center', antialias=True, autoDraw=False, autoLog=True, bold=False, color=array([1., 1., 1.]), colorSpace='rgb', contrast=1.0, depth=-2.0, draggable=False, flipHoriz=False, flipVert=False, font='Arial', fontFiles=[], height=0.07, italic=False, languageStyle='LTR', name='read_number', opacity=1.0, ori=0.0, pos=array([0., 0.]), rgb=UNKNOWN, text='', units='height', win=Window(...), wrapWidth=1)
21.2140 	EXP 	window1: mouseVisible = True
21.2147 	EXP 	Created read_pausing = TextStim(__class__=<class 'psychopy.visual.text.TextStim'>, alignHoriz=method-wrapper(...), alignText='center', alignVert=method-wrapper(...), anchorHoriz='center', anchorVert='center', antialias=True, autoDraw=False, autoLog=True, bold=False, color=array([1., 1., 1.]), colorSpace='rgb', contrast=1.0, depth=0.0, draggable=False, flipHoriz=False, flipVert=False, font='Arial', fontFiles=[], height=0.07, italic=False, languageStyle='LTR', name='read_pausing', opacity=1.0, ori=0.0, pos=array([0., 0.]), rgb=UNKNOWN, text='', units='height', win=Window(...), wrapWidth=1)
21.2148 	EXP 	window1: mouseVisible = True
21.2368 	EXP 	Created ctl2_instruction_text = TextStim(__class__=<class 'psychopy.visual.text.TextStim'>, alignHoriz=method-wrapper(...), alignText='center', alignVert=method-wrapper(...), anchorHoriz='center', anchorVert='center', antialias=True, autoDraw=False, autoLog=True, bold=False, color=array([1., 1., 1.]), colorSpace='rgb', contrast=1.0, depth=0.0, draggable=False, flipHoriz=False, flipVert=False, font='Arial', fontFiles=[], height=0.05, italic=False, languageStyle='LTR', name='ctl2_instruction_text', opacity=1.0, ori=0.0, pos=array([0., 0.]), rgb=UNKNOWN, text=str(...), units='height', win=Window(...), wrapWidth=1)
21.2369 	EXP 	window1: mouseVisible = True
21.2377 	EXP 	Created subtract_number = TextStim(__class__=<class 'psychopy.visual.text.TextStim'>, alignHoriz=method-wrapper(...), alignText='center', alignVert=method-wrapper(...), anchorHoriz='center', anchorVert='center', antialias=True, autoDraw=False, autoLog=True, bold=False, color=array([1., 1., 1.]), colorSpace='rgb', contrast=1.0, depth=-1.0, draggable=False, flipHoriz=False, flipVert=False, font='Arial', fontFiles=[], height=0.07, italic=False, languageStyle='LTR', name='subtract_number', opacity=1.0, ori=0.0, pos=array([0., 0.]), rgb=UNKNOWN, text='', units='height', win=Window(...), wrapWidth=1)
21.2378 	EXP 	window1: mouseVisible = True
21.2385 	EXP 	Created subtract_pausing = TextStim(__class__=<class 'psychopy.visual.text.TextStim'>, alignHoriz=method-wrapper(...), alignText='center', alignVert=method-wrapper(...), anchorHoriz='center', anchorVert='center', antialias=True, autoDraw=False, autoLog=True, bold=False, color=array([1., 1., 1.]), colorSpace='rgb', contrast=1.0, depth=0.0, draggable=False, flipHoriz=False, flipVert=False, font='Arial', fontFiles=[], height=0.07, italic=False, languageStyle='LTR', name='subtract_pausing', opacity=1.0, ori=0.0, pos=array([0., 0.]), rgb=UNKNOWN, text='', units='height', win=Window(...), wrapWidth=1)
21.2386 	EXP 	window1: mouseVisible = True
21.2421 	EXP 	Created task_end_text = TextStim(__class__=<class 'psychopy.visual.text.TextStim'>, alignHoriz=method-wrapper(...), alignText='center', alignVert=method-wrapper(...), anchorHoriz='center', anchorVert='center', antialias=True, autoDraw=False, autoLog=True, bold=False, color=array([1., 1., 1.]), colorSpace='rgb', contrast=1.0, depth=0.0, draggable=False, flipHoriz=False, flipVert=False, font='Arial', fontFiles=[], height=0.05, italic=False, languageStyle='LTR', name='task_end_text', opacity=1.0, ori=0.0, pos=array([0., 0.]), rgb=UNKNOWN, text='Please wait for the next task to begin..', units='height', win=Window(...), wrapWidth=1)
21.2422 	EXP 	window1: mouseVisible = True
21.2452 	EXP 	Created tsst_instruction_text = TextStim(__class__=<class 'psychopy.visual.text.TextStim'>, alignHoriz=method-wrapper(...), alignText='center', alignVert=method-wrapper(...), anchorHoriz='center', anchorVert='center', antialias=True, autoDraw=False, autoLog=True, bold=False, color=array([1., 1., 1.]), colorSpace='rgb', contrast=1.0, depth=0.0, draggable=False, flipHoriz=False, flipVert=False, font='Arial', fontFiles=[], height=0.05, italic=False, languageStyle='LTR', name='tsst_instruction_text', opacity=1.0, ori=0.0, pos=array([0., 0.]), rgb=UNKNOWN, text=str(...), units='height', win=Window(...), wrapWidth=1)
21.2453 	EXP 	window1: mouseVisible = True
21.2460 	EXP 	Created subtract_number_TSST = TextStim(__class__=<class 'psychopy.visual.text.TextStim'>, alignHoriz=method-wrapper(...), alignText='center', alignVert=method-wrapper(...), anchorHoriz='center', anchorVert='center', antialias=True, autoDraw=False, autoLog=True, bold=False, color=array([1., 1., 1.]), colorSpace='rgb', contrast=1.0, depth=0.0, draggable=False, flipHoriz=False, flipVert=False, font='Arial', fontFiles=[], height=0.07, italic=False, languageStyle='LTR', name='subtract_number_TSST', opacity=1.0, ori=0.0, pos=array([0., 0.]), rgb=UNKNOWN, text='', units='height', win=Window(...), wrapWidth=1)
21.2461 	EXP 	window1: mouseVisible = True
21.2468 	EXP 	Created subtract_pausing_TSST = TextStim(__class__=<class 'psychopy.visual.text.TextStim'>, alignHoriz=method-wrapper(...), alignText='center', alignVert=method-wrapper(...), anchorHoriz='center', anchorVert='center', antialias=True, autoDraw=False, autoLog=True, bold=False, color=array([1., 1., 1.]), colorSpace='rgb', contrast=1.0, depth=0.0, draggable=False, flipHoriz=False, flipVert=False, font='Arial', fontFiles=[], height=0.07, italic=False, languageStyle='LTR', name='subtract_pausing_TSST', opacity=1.0, ori=0.0, pos=array([0., 0.]), rgb=UNKNOWN, text='', units='height', win=Window(...), wrapWidth=1)
21.2469 	EXP 	window1: mouseVisible = True
21.2503 	EXP 	Created finished_text = TextStim(__class__=<class 'psychopy.visual.text.TextStim'>, alignHoriz=method-wrapper(...), alignText='center', alignVert=method-wrapper(...), anchorHoriz='center', anchorVert='center', antialias=True, autoDraw=False, autoLog=True, bold=False, color=array([1., 1., 1.]), colorSpace='rgb', contrast=1.0, depth=0.0, draggable=False, flipHoriz=False, flipVert=False, font='Arial', fontFiles=[], height=0.05, italic=False, languageStyle='LTR', name='finished_text', opacity=1.0, ori=0.0, pos=array([0., 0.]), rgb=UNKNOWN, text=str(...), units='height', win=Window(...), wrapWidth=1)
0.0163 	INFO 	Keyboard events cleared
0.0297 	EXP 	window1: mouseVisible = False
0.0391 	WARNING 	t of last frame was 23.12ms (=1/43)
0.0391 	EXP 	ctl1_instruction_text: autoDraw = True
1.2671 	INFO 	Keyboard events cleared
1.2705 	EXP 	Created sequence: sequential, trialTypes=1, nReps=6, seed=None
1.2707 	EXP 	New trial (rep=0, index=0): None
1.2711 	EXP 	window1: mouseVisible = False
1.2711 	INFO 	Keyboard events cleared
1.2712 	EXP 	Sound  started
1.2868 	DATA 	Keypress: return
1.2915 	WARNING 	t of last frame was 290.58ms (=1/3)
1.2915 	EXP 	ctl1_instruction_text: autoDraw = False
1.2915 	EXP 	read_number: height = 0.07
1.2915 	EXP 	read_number: height = 0.07
1.2915 	EXP 	read_number: height = 0.07
1.2915 	EXP 	read_number: text = 1022
1.2915 	EXP 	text: autoDraw = True
31.2596 	EXP 	read_number: autoDraw = True
31.2907 	EXP 	text: autoDraw = False
35.1195 	EXP 	window1: mouseVisible = False
35.1195 	INFO 	Keyboard events cleared
35.1196 	EXP 	window1: mouseVisible = False
35.1319 	DATA 	Keypress: s
35.1371 	WARNING 	t of last frame was 20.80ms (=1/48)
35.1371 	EXP 	text: autoDraw = False
35.1371 	EXP 	read_number: autoDraw = False
35.1371 	EXP 	read_pausing: height = 0.07
35.1371 	EXP 	read_pausing: height = 0.07
35.1371 	EXP 	read_pausing: height = 0.07
35.1371 	EXP 	read_pausing: text = 'PAUSE'
35.1371 	EXP 	read_pausing: autoDraw = False
35.1371 	EXP 	ctl2_instruction_text: autoDraw = True
36.6573 	DATA 	Keypress: escape
36.6622 	WARNING 	Multiple dropped frames have occurred - I'll stop bothering you about them!
36.7221 	EXP 	TSST_fnirs_V4_FULL: status = STOPPED
36.7331 	EXP 	ctl2_instruction_text: autoDraw = False
36.7331 	EXP 	TSST_fnirs_V4_FULL: status = STOPPED
36.7354 	INFO 	saved data to '/Users/Isaac/Documents/fNIRS_TSST_PsychoPy/builder_files/data/118365_TSST_fnirs_V4_FULL_2025-11-27_08h49.16.187.csv'
36.7371 	INFO 	saved data to /Users/Isaac/Documents/fNIRS_TSST_PsychoPy/builder_files/data/118365_TSST_fnirs_V4_FULL_2025-11-27_08h49.16.187.psydat
36.7605 	EXP 	window1: mouseVisible = True
37.0152 	WARNING 	Stopping key buffers but this could be dangerous ifother keyboards rely on the same.
37.0153 	WARNING 	Stopping key buffers but this could be dangerous ifother keyboards rely on the same.
