4.8202 	INFO 	Loaded monitor calibration from ['2024_08_14 14:13']
5.0622 	WARNING 	User requested fullscreen with size [1440  900], but screen is actually [1920, 1080]. Using actual size
5.3790 	EXP 	Created window1 = Window(allowGUI=True, allowStencil=False, autoLog=True, backendConf=UNKNOWN, backgroundFit=<method-wrapper '__getattribute__' of attributeSetter object at 0x000001FD4F4C4460>, backgroundImage=<method-wrapper '__getattribute__' of attributeSetter object at 0x000001FD4F4C4400>, bitsMode=UNKNOWN, blendMode='avg', bpc=(8, 8, 8), color=array([-1., -1., -1.]), colorSpace='rgb', depthBits=8, fullscr=<method-wrapper '__getattribute__' of attributeSetter object at 0x000001FD4F4C4250>, gamma=None, gammaErrorPolicy='raise', infoMsg=UNKNOWN, lms=UNKNOWN, monitor=<psychopy.monitors.calibTools.Monitor object at 0x000001FD4F5EBA90>, multiSample=False, name='window1', numSamples=2, pos=[0.0, 0.0], screen=2, size=array([1920, 1080]), stencilBits=0, stereo=False, title='PsychoPy', units='height', useFBO=True, useRetina=False, viewOri=0.0, viewPos=None, viewScale=None, waitBlanking=True, winType='pyglet')
5.3790 	EXP 	window1: backgroundImage = ''
5.3790 	EXP 	window1: backgroundFit = 'none'
5.3792 	EXP 	window1: mouseVisible = <method-wrapper '__getattribute__' of attributeSetter object at 0x000001FD4F4C4580>
5.3794 	EXP 	window1: mouseVisible = <method-wrapper '__getattribute__' of attributeSetter object at 0x000001FD4F4C4580>
5.3820 	EXP 	window1: mouseVisible = <method-wrapper '__getattribute__' of attributeSetter object at 0x000001FD4F4C4580>
5.3829 	EXP 	window1: mouseVisible = <method-wrapper '__getattribute__' of attributeSetter object at 0x000001FD4F4C4580>
5.4712 	EXP 	window1: mouseVisible = <method-wrapper '__getattribute__' of attributeSetter object at 0x000001FD4F4C4580>
5.4713 	EXP 	window1: mouseVisible = <method-wrapper '__getattribute__' of attributeSetter object at 0x000001FD4F4C4580>
5.4722 	EXP 	window1: mouseVisible = <method-wrapper '__getattribute__' of attributeSetter object at 0x000001FD4F4C4580>
5.4731 	EXP 	window1: mouseVisible = <method-wrapper '__getattribute__' of attributeSetter object at 0x000001FD4F4C4580>
5.4953 	EXP 	window1: Attempting to measure frame rate of screen (2) ...
5.4953 	EXP 	window1: recordFrameIntervals = False
5.5615 	EXP 	window1: recordFrameIntervals = True
5.6381 	EXP 	Screen (2) actual frame rate measured at 144.10Hz
5.6381 	EXP 	window1: recordFrameIntervals = False
5.6382 	EXP 	window1: mouseVisible = False
6.7081 	INFO 	keyboard.Keyboard is using ptb backend.
6.7704 	EXP 	TSST_fnirs_V4_CONTROL: status = STARTED
6.7708 	EXP 	window1: mouseVisible = False
6.8485 	EXP 	Created ctl1_instruction_text = TextStim(__class__=<class 'psychopy.visual.text.TextStim'>, alignHoriz=method-wrapper(...), alignText='center', alignVert=method-wrapper(...), anchorHoriz='center', anchorVert='center', antialias=True, autoDraw=False, autoLog=True, bold=False, color=array([1., 1., 1.]), colorSpace='rgb', contrast=1.0, depth=0.0, draggable=False, flipHoriz=False, flipVert=False, font='Arial', fontFiles=[], height=0.05, italic=False, languageStyle='LTR', name='ctl1_instruction_text', opacity=1, ori=0.0, pos=array([0., 0.]), rgb=UNKNOWN, text=str(...), units='height', win=Window(...), wrapWidth=1)
6.8487 	INFO 	keyboard.Keyboard is using ptb backend.
6.8487 	EXP 	window1: mouseVisible = False
6.8717 	EXP 	Sound start_tone set volume 1.000
6.8718 	EXP 	window1: mouseVisible = False
6.8735 	EXP 	Created read_number = TextStim(__class__=<class 'psychopy.visual.text.TextStim'>, alignHoriz=method-wrapper(...), alignText='center', alignVert=method-wrapper(...), anchorHoriz='center', anchorVert='center', antialias=True, autoDraw=False, autoLog=True, bold=False, color=array([1., 1., 1.]), colorSpace='rgb', contrast=1.0, depth=-2.0, draggable=False, flipHoriz=False, flipVert=False, font='Arial', fontFiles=[], height=0.07, italic=False, languageStyle='LTR', name='read_number', opacity=1, ori=0.0, pos=array([0., 0.]), rgb=UNKNOWN, text='', units='height', win=Window(...), wrapWidth=1)
6.8739 	EXP 	Sound start_pause_tone set volume 1.000
6.8740 	EXP 	window1: mouseVisible = False
6.8750 	EXP 	Created read_pausing = TextStim(__class__=<class 'psychopy.visual.text.TextStim'>, alignHoriz=method-wrapper(...), alignText='center', alignVert=method-wrapper(...), anchorHoriz='center', anchorVert='center', antialias=True, autoDraw=False, autoLog=True, bold=False, color=array([1., 1., 1.]), colorSpace='rgb', contrast=1.0, depth=-1.0, draggable=False, flipHoriz=False, flipVert=False, font='Arial', fontFiles=[], height=0.07, italic=False, languageStyle='LTR', name='read_pausing', opacity=1, ori=0.0, pos=array([0., 0.]), rgb=UNKNOWN, text='', units='height', win=Window(...), wrapWidth=1)
6.8752 	EXP 	window1: mouseVisible = False
6.9040 	EXP 	Created ctl2_instruction_text = TextStim(__class__=<class 'psychopy.visual.text.TextStim'>, alignHoriz=method-wrapper(...), alignText='center', alignVert=method-wrapper(...), anchorHoriz='center', anchorVert='center', antialias=True, autoDraw=False, autoLog=True, bold=False, color=array([1., 1., 1.]), colorSpace='rgb', contrast=1.0, depth=0.0, draggable=False, flipHoriz=False, flipVert=False, font='Arial', fontFiles=[], height=0.05, italic=False, languageStyle='LTR', name='ctl2_instruction_text', opacity=1, ori=0.0, pos=array([0., 0.]), rgb=UNKNOWN, text=str(...), units='height', win=Window(...), wrapWidth=1)
6.9045 	EXP 	Sound start_tone_2 set volume 1.000
6.9046 	EXP 	window1: mouseVisible = False
6.9055 	EXP 	Created subtract_number = TextStim(__class__=<class 'psychopy.visual.text.TextStim'>, alignHoriz=method-wrapper(...), alignText='center', alignVert=method-wrapper(...), anchorHoriz='center', anchorVert='center', antialias=True, autoDraw=False, autoLog=True, bold=False, color=array([1., 1., 1.]), colorSpace='rgb', contrast=1.0, depth=-2.0, draggable=False, flipHoriz=False, flipVert=False, font='Arial', fontFiles=[], height=0.07, italic=False, languageStyle='LTR', name='subtract_number', opacity=1, ori=0.0, pos=array([0., 0.]), rgb=UNKNOWN, text='', units='height', win=Window(...), wrapWidth=1)
6.9058 	EXP 	Sound start_pause_tone_2 set volume 1.000
6.9059 	EXP 	window1: mouseVisible = False
6.9068 	EXP 	Created subtract_pausing = TextStim(__class__=<class 'psychopy.visual.text.TextStim'>, alignHoriz=method-wrapper(...), alignText='center', alignVert=method-wrapper(...), anchorHoriz='center', anchorVert='center', antialias=True, autoDraw=False, autoLog=True, bold=False, color=array([1., 1., 1.]), colorSpace='rgb', contrast=1.0, depth=-1.0, draggable=False, flipHoriz=False, flipVert=False, font='Arial', fontFiles=[], height=0.07, italic=False, languageStyle='LTR', name='subtract_pausing', opacity=1, ori=0.0, pos=array([0., 0.]), rgb=UNKNOWN, text='', units='height', win=Window(...), wrapWidth=1)
6.9069 	EXP 	window1: mouseVisible = False
6.9116 	EXP 	Created task_end_text = TextStim(__class__=<class 'psychopy.visual.text.TextStim'>, alignHoriz=method-wrapper(...), alignText='center', alignVert=method-wrapper(...), anchorHoriz='center', anchorVert='center', antialias=True, autoDraw=False, autoLog=True, bold=False, color=array([1., 1., 1.]), colorSpace='rgb', contrast=1.0, depth=0.0, draggable=False, flipHoriz=False, flipVert=False, font='Arial', fontFiles=[], height=0.05, italic=False, languageStyle='LTR', name='task_end_text', opacity=1, ori=0.0, pos=array([0., 0.]), rgb=UNKNOWN, text='Please wait for the next task to begin..', units='height', win=Window(...), wrapWidth=1)
0.0685 	INFO 	Keyboard events cleared
0.0687 	EXP 	window1: mouseVisible = False
0.0718 	EXP 	ctl1_instruction_text: autoDraw = True
276.6165 	DATA 	Keypress: escape
276.8141 	EXP 	TSST_fnirs_V4_CONTROL: status = STOPPED
276.8207 	EXP 	ctl1_instruction_text: autoDraw = False
276.8208 	EXP 	TSST_fnirs_V4_CONTROL: status = STOPPED
276.8265 	INFO 	saved data to 'c:\\Users\\neuro\\GitHub\\fNIRS_TSST_PsychoPy\\builder_files\\data/142294_TSST_fnirs_V4_CONTROL_2025-12-09_16h28.31.357.csv'
276.8271 	INFO 	saved data to c:\Users\neuro\GitHub\fNIRS_TSST_PsychoPy\builder_files\data/142294_TSST_fnirs_V4_CONTROL_2025-12-09_16h28.31.357.psydat
276.8456 	EXP 	window1: mouseVisible = True
276.8688 	WARNING 	Stopping key buffers but this could be dangerous ifother keyboards rely on the same.
276.9115 	WARNING 	Stopping key buffers but this could be dangerous ifother keyboards rely on the same.
