14.5812 	WARNING 	Font Manager failed to load file /System/Library/PrivateFrameworks/FontServices.framework/Resources/Reserved/PingFangUI.ttc
16.0244 	INFO 	Loaded monitor calibration from ['2025_10_16 07:47']
16.2647 	EXP 	Created window1 = Window(allowGUI=True, allowStencil=False, autoLog=True, backendConf=UNKNOWN, backgroundFit=<method-wrapper '__getattribute__' of attributeSetter object at 0x16120b4f0>, backgroundImage=<method-wrapper '__getattribute__' of attributeSetter object at 0x16120b550>, bitsMode=UNKNOWN, blendMode='avg', bpc=(8, 8, 8), color=array([-1., -1., -1.]), colorSpace='rgb', depthBits=8, fullscr=<method-wrapper '__getattribute__' of attributeSetter object at 0x16120b700>, gamma=None, gammaErrorPolicy='raise', infoMsg=UNKNOWN, lms=UNKNOWN, monitor=<psychopy.monitors.calibTools.Monitor object at 0x1624ad480>, multiSample=False, name='window1', numSamples=2, pos=[360.0, 225.0], screen=0, size=array([2880, 1800]), stencilBits=0, stereo=False, title='PsychoPy', units='height', useFBO=True, useRetina=True, viewOri=0.0, viewPos=None, viewScale=None, waitBlanking=True, winType='pyglet')
16.2648 	EXP 	window1: mouseVisible = True
16.2648 	EXP 	window1: backgroundImage = ''
16.2648 	EXP 	window1: backgroundFit = 'none'
16.2649 	EXP 	window1: mouseVisible = True
16.2651 	EXP 	window1: mouseVisible = True
16.2671 	EXP 	window1: mouseVisible = True
16.2675 	EXP 	window1: mouseVisible = True
16.2989 	EXP 	window1: mouseVisible = True
16.2990 	EXP 	window1: mouseVisible = True
16.2995 	EXP 	window1: mouseVisible = True
16.2999 	EXP 	window1: mouseVisible = True
16.3133 	EXP 	window1: Attempting to measure frame rate of screen (0) ...
16.3133 	EXP 	window1: recordFrameIntervals = False
16.6000 	EXP 	window1: recordFrameIntervals = True
16.9053 	WARNING 	t of last frame was 44.11ms (=1/22)
16.9275 	WARNING 	t of last frame was 22.17ms (=1/45)
17.4839 	WARNING 	t of last frame was 23.38ms (=1/42)
17.5111 	WARNING 	Couldn't measure a consistent frame rate!
  - Is your graphics card set to sync to vertical blank?
  - Are you running other processes on your computer?

17.5121 	EXP 	window1: mouseVisible = False
19.7638 	INFO 	keyboard.Keyboard is using ptb backend.
19.7639 	EXP 	TSST_fnirs_V4_ARITH: status = STARTED
19.7644 	EXP 	window1: mouseVisible = True
19.8029 	EXP 	Created tsst_instruction_text = TextStim(__class__=<class 'psychopy.visual.text.TextStim'>, alignHoriz=method-wrapper(...), alignText='center', alignVert=method-wrapper(...), anchorHoriz='center', anchorVert='center', antialias=True, autoDraw=False, autoLog=True, bold=False, color=array([1., 1., 1.]), colorSpace='rgb', contrast=1.0, depth=0.0, draggable=False, flipHoriz=False, flipVert=False, font='Arial', fontFiles=[], height=0.05, italic=False, languageStyle='LTR', name='tsst_instruction_text', opacity=1.0, ori=0.0, pos=array([0., 0.]), rgb=UNKNOWN, text=str(...), units='height', win=Window(...), wrapWidth=1)
20.2839 	INFO 	keyboard.Keyboard is using ptb backend.
20.5408 	EXP 	Sound  set volume 1.000
20.5411 	EXP 	Sound  set volume 1.000
20.5414 	EXP 	window1: mouseVisible = True
20.5427 	EXP 	Created subtract_number_TSST = TextStim(__class__=<class 'psychopy.visual.text.TextStim'>, alignHoriz=method-wrapper(...), alignText='center', alignVert=method-wrapper(...), anchorHoriz='center', anchorVert='center', antialias=True, autoDraw=False, autoLog=True, bold=False, color=array([1., 1., 1.]), colorSpace='rgb', contrast=1.0, depth=0.0, draggable=False, flipHoriz=False, flipVert=False, font='Arial', fontFiles=[], height=0.07, italic=False, languageStyle='LTR', name='subtract_number_TSST', opacity=1.0, ori=0.0, pos=array([0., 0.]), rgb=UNKNOWN, text='', units='height', win=Window(...), wrapWidth=1)
20.5428 	EXP 	window1: mouseVisible = True
20.5435 	EXP 	Created subtract_pausing_TSST = TextStim(__class__=<class 'psychopy.visual.text.TextStim'>, alignHoriz=method-wrapper(...), alignText='center', alignVert=method-wrapper(...), anchorHoriz='center', anchorVert='center', antialias=True, autoDraw=False, autoLog=True, bold=False, color=array([1., 1., 1.]), colorSpace='rgb', contrast=1.0, depth=0.0, draggable=False, flipHoriz=False, flipVert=False, font='Arial', fontFiles=[], height=0.07, italic=False, languageStyle='LTR', name='subtract_pausing_TSST', opacity=1.0, ori=0.0, pos=array([0., 0.]), rgb=UNKNOWN, text='', units='height', win=Window(...), wrapWidth=1)
20.5436 	EXP 	window1: mouseVisible = True
20.5485 	EXP 	Created finished_text = TextStim(__class__=<class 'psychopy.visual.text.TextStim'>, alignHoriz=method-wrapper(...), alignText='center', alignVert=method-wrapper(...), anchorHoriz='center', anchorVert='center', antialias=True, autoDraw=False, autoLog=True, bold=False, color=array([1., 1., 1.]), colorSpace='rgb', contrast=1.0, depth=0.0, draggable=False, flipHoriz=False, flipVert=False, font='Arial', fontFiles=[], height=0.05, italic=False, languageStyle='LTR', name='finished_text', opacity=1.0, ori=0.0, pos=array([0., 0.]), rgb=UNKNOWN, text=str(...), units='height', win=Window(...), wrapWidth=1)
0.0121 	INFO 	Keyboard events cleared
0.0202 	EXP 	window1: mouseVisible = False
0.0288 	EXP 	tsst_instruction_text: autoDraw = True
1.1996 	INFO 	Keyboard events cleared
1.2041 	EXP 	Imported stims/TSST_arith.xlsx as conditions, 6 conditions, 2 params
1.2051 	EXP 	Created sequence: sequential, trialTypes=6, nReps=1, seed=None
1.2052 	EXP 	New trial (rep=0, index=0): {'Block': 1, 'StartingNumber': 1039}
1.2088 	EXP 	window1: mouseVisible = False
1.2089 	EXP 	Sound  started
1.2179 	DATA 	Keypress: return
1.2222 	WARNING 	t of last frame was 275.64ms (=1/3)
1.2222 	EXP 	tsst_instruction_text: autoDraw = False
1.2222 	EXP 	subtract_number_TSST: height = 0.07
1.2222 	EXP 	subtract_number_TSST: height = 0.07
1.2222 	EXP 	subtract_number_TSST: height = 0.07
1.2222 	EXP 	subtract_number_TSST: text = 1039
1.2222 	EXP 	subtract_number_TSST: autoDraw = True
41.2081 	EXP 	window1: mouseVisible = False
41.2082 	EXP 	Sound  started
41.2299 	WARNING 	Multiple dropped frames have occurred - I'll stop bothering you about them!
41.2298 	EXP 	subtract_number_TSST: autoDraw = False
41.2298 	EXP 	subtract_pausing_TSST: height = 0.07
41.2298 	EXP 	subtract_pausing_TSST: height = 0.07
41.2298 	EXP 	subtract_pausing_TSST: height = 0.07
41.2298 	EXP 	subtract_pausing_TSST: text = 'PAUSE'
41.2298 	EXP 	subtract_pausing_TSST: autoDraw = True
61.2034 	EXP 	New trial (rep=0, index=1): {'Block': 2, 'StartingNumber': 828}
61.2072 	EXP 	window1: mouseVisible = False
61.2073 	EXP 	Sound  stopped
61.2073 	EXP 	Sound  started
61.2189 	EXP 	subtract_pausing_TSST: autoDraw = False
61.2189 	EXP 	subtract_number_TSST: height = 0.07
61.2189 	EXP 	subtract_number_TSST: height = 0.07
61.2189 	EXP 	subtract_number_TSST: height = 0.07
61.2189 	EXP 	subtract_number_TSST: text = 828
61.2189 	EXP 	subtract_number_TSST: autoDraw = True
62.3021 	EXP 	window1: mouseVisible = False
62.3022 	EXP 	Sound  stopped
62.3022 	EXP 	Sound  started
62.3023 	INFO 	Keyboard events cleared
62.3023 	EXP 	window1: mouseVisible = False
62.3177 	DATA 	Keypress: s
62.3224 	EXP 	subtract_number_TSST: autoDraw = False
62.3224 	EXP 	subtract_pausing_TSST: text = 'PAUSE'
62.3224 	EXP 	subtract_pausing_TSST: autoDraw = False
62.3224 	EXP 	finished_text: autoDraw = True
74.2482 	INFO 	Keyboard events cleared
74.2508 	DATA 	Keypress: return
74.2549 	EXP 	finished_text: autoDraw = False
74.2550 	EXP 	TSST_fnirs_V4_ARITH: status = STOPPED
74.2596 	INFO 	saved data to '/Users/Isaac/Documents/fNIRS_TSST_PsychoPy/builder_files/data/226446_TSST_fnirs_V4_ARITH_2025-11-27_08h11.36.138.csv'
74.2614 	INFO 	saved data to /Users/Isaac/Documents/fNIRS_TSST_PsychoPy/builder_files/data/226446_TSST_fnirs_V4_ARITH_2025-11-27_08h11.36.138.psydat
74.2860 	EXP 	window1: mouseVisible = True
74.5335 	WARNING 	Stopping key buffers but this could be dangerous ifother keyboards rely on the same.
74.5336 	WARNING 	Stopping key buffers but this could be dangerous ifother keyboards rely on the same.
