5.3247 	INFO 	Loaded monitor calibration from ['2024_08_14 14:13']
5.5423 	WARNING 	User requested fullscreen with size [1440  900], but screen is actually [2160, 3840]. Using actual size
5.8676 	EXP 	Created window1 = Window(allowGUI=True, allowStencil=False, autoLog=True, backendConf=UNKNOWN, backgroundFit=<method-wrapper '__getattribute__' of attributeSetter object at 0x00000223EA365430>, backgroundImage=<method-wrapper '__getattribute__' of attributeSetter object at 0x00000223EA3653D0>, bitsMode=UNKNOWN, blendMode='avg', bpc=(8, 8, 8), color=array([-1., -1., -1.]), colorSpace='rgb', depthBits=8, fullscr=<method-wrapper '__getattribute__' of attributeSetter object at 0x00000223EA365220>, gamma=None, gammaErrorPolicy='raise', infoMsg=UNKNOWN, lms=UNKNOWN, monitor=<psychopy.monitors.calibTools.Monitor object at 0x00000223EA48BA60>, multiSample=False, name='window1', numSamples=2, pos=[0.0, 0.0], screen=0, size=array([2160, 3840]), stencilBits=0, stereo=False, title='PsychoPy', units='height', useFBO=True, useRetina=False, viewOri=0.0, viewPos=None, viewScale=None, waitBlanking=True, winType='pyglet')
5.8677 	EXP 	window1: backgroundImage = ''
5.8677 	EXP 	window1: backgroundFit = 'none'
5.8679 	EXP 	window1: mouseVisible = <method-wrapper '__getattribute__' of attributeSetter object at 0x00000223EA365550>
5.8680 	EXP 	window1: mouseVisible = <method-wrapper '__getattribute__' of attributeSetter object at 0x00000223EA365550>
5.8707 	EXP 	window1: mouseVisible = <method-wrapper '__getattribute__' of attributeSetter object at 0x00000223EA365550>
5.8715 	EXP 	window1: mouseVisible = <method-wrapper '__getattribute__' of attributeSetter object at 0x00000223EA365550>
6.3252 	EXP 	window1: mouseVisible = <method-wrapper '__getattribute__' of attributeSetter object at 0x00000223EA365550>
6.3253 	EXP 	window1: mouseVisible = <method-wrapper '__getattribute__' of attributeSetter object at 0x00000223EA365550>
6.3264 	EXP 	window1: mouseVisible = <method-wrapper '__getattribute__' of attributeSetter object at 0x00000223EA365550>
6.3274 	EXP 	window1: mouseVisible = <method-wrapper '__getattribute__' of attributeSetter object at 0x00000223EA365550>
6.4383 	EXP 	window1: Attempting to measure frame rate of screen (0) ...
6.4383 	EXP 	window1: recordFrameIntervals = False
6.7159 	EXP 	window1: recordFrameIntervals = True
6.7825 	WARNING 	t of last frame was 33.32ms (=1/30)
6.8158 	WARNING 	t of last frame was 33.33ms (=1/30)
6.8492 	WARNING 	t of last frame was 33.36ms (=1/29)
6.8825 	WARNING 	t of last frame was 33.34ms (=1/29)
6.9159 	WARNING 	Multiple dropped frames have occurred - I'll stop bothering you about them!
7.0828 	EXP 	Screen (0) actual frame rate measured at 30.00Hz
7.0828 	EXP 	window1: recordFrameIntervals = False
7.0829 	EXP 	window1: mouseVisible = False
8.1478 	INFO 	keyboard.Keyboard is using ptb backend.
8.2111 	EXP 	TSST_fnirs_V4_CONTROL: status = STARTED
8.2115 	EXP 	window1: mouseVisible = False
8.3452 	EXP 	Created ctl1_instruction_text = TextStim(__class__=<class 'psychopy.visual.text.TextStim'>, alignHoriz=method-wrapper(...), alignText='center', alignVert=method-wrapper(...), anchorHoriz='center', anchorVert='center', antialias=True, autoDraw=False, autoLog=True, bold=False, color=array([1., 1., 1.]), colorSpace='rgb', contrast=1.0, depth=0.0, draggable=False, flipHoriz=False, flipVert=False, font='Arial', fontFiles=[], height=0.05, italic=False, languageStyle='LTR', name='ctl1_instruction_text', opacity=1, ori=0.0, pos=array([0., 0.]), rgb=UNKNOWN, text=str(...), units='height', win=Window(...), wrapWidth=1)
8.3454 	INFO 	keyboard.Keyboard is using ptb backend.
8.3454 	EXP 	window1: mouseVisible = False
8.3743 	EXP 	Sound start_tone set volume 1.000
8.3745 	EXP 	window1: mouseVisible = False
8.3763 	EXP 	Created read_number = TextStim(__class__=<class 'psychopy.visual.text.TextStim'>, alignHoriz=method-wrapper(...), alignText='center', alignVert=method-wrapper(...), anchorHoriz='center', anchorVert='center', antialias=True, autoDraw=False, autoLog=True, bold=False, color=array([1., 1., 1.]), colorSpace='rgb', contrast=1.0, depth=-2.0, draggable=False, flipHoriz=False, flipVert=False, font='Arial', fontFiles=[], height=0.07, italic=False, languageStyle='LTR', name='read_number', opacity=1, ori=0.0, pos=array([0., 0.]), rgb=UNKNOWN, text='', units='height', win=Window(...), wrapWidth=1)
8.3766 	EXP 	Sound start_pause_tone set volume 1.000
8.3767 	EXP 	window1: mouseVisible = False
8.3777 	EXP 	Created read_pausing = TextStim(__class__=<class 'psychopy.visual.text.TextStim'>, alignHoriz=method-wrapper(...), alignText='center', alignVert=method-wrapper(...), anchorHoriz='center', anchorVert='center', antialias=True, autoDraw=False, autoLog=True, bold=False, color=array([1., 1., 1.]), colorSpace='rgb', contrast=1.0, depth=-1.0, draggable=False, flipHoriz=False, flipVert=False, font='Arial', fontFiles=[], height=0.07, italic=False, languageStyle='LTR', name='read_pausing', opacity=1, ori=0.0, pos=array([0., 0.]), rgb=UNKNOWN, text='', units='height', win=Window(...), wrapWidth=1)
8.3778 	EXP 	window1: mouseVisible = False
8.4706 	EXP 	Created ctl2_instruction_text = TextStim(__class__=<class 'psychopy.visual.text.TextStim'>, alignHoriz=method-wrapper(...), alignText='center', alignVert=method-wrapper(...), anchorHoriz='center', anchorVert='center', antialias=True, autoDraw=False, autoLog=True, bold=False, color=array([1., 1., 1.]), colorSpace='rgb', contrast=1.0, depth=0.0, draggable=False, flipHoriz=False, flipVert=False, font='Arial', fontFiles=[], height=0.05, italic=False, languageStyle='LTR', name='ctl2_instruction_text', opacity=1, ori=0.0, pos=array([0., 0.]), rgb=UNKNOWN, text=str(...), units='height', win=Window(...), wrapWidth=1)
8.4709 	EXP 	Sound start_tone_2 set volume 1.000
8.4711 	EXP 	window1: mouseVisible = False
8.4720 	EXP 	Created subtract_number = TextStim(__class__=<class 'psychopy.visual.text.TextStim'>, alignHoriz=method-wrapper(...), alignText='center', alignVert=method-wrapper(...), anchorHoriz='center', anchorVert='center', antialias=True, autoDraw=False, autoLog=True, bold=False, color=array([1., 1., 1.]), colorSpace='rgb', contrast=1.0, depth=-2.0, draggable=False, flipHoriz=False, flipVert=False, font='Arial', fontFiles=[], height=0.07, italic=False, languageStyle='LTR', name='subtract_number', opacity=1, ori=0.0, pos=array([0., 0.]), rgb=UNKNOWN, text='', units='height', win=Window(...), wrapWidth=1)
8.4722 	EXP 	Sound start_pause_tone_2 set volume 1.000
8.4723 	EXP 	window1: mouseVisible = False
8.4732 	EXP 	Created subtract_pausing = TextStim(__class__=<class 'psychopy.visual.text.TextStim'>, alignHoriz=method-wrapper(...), alignText='center', alignVert=method-wrapper(...), anchorHoriz='center', anchorVert='center', antialias=True, autoDraw=False, autoLog=True, bold=False, color=array([1., 1., 1.]), colorSpace='rgb', contrast=1.0, depth=-1.0, draggable=False, flipHoriz=False, flipVert=False, font='Arial', fontFiles=[], height=0.07, italic=False, languageStyle='LTR', name='subtract_pausing', opacity=1, ori=0.0, pos=array([0., 0.]), rgb=UNKNOWN, text='', units='height', win=Window(...), wrapWidth=1)
8.4733 	EXP 	window1: mouseVisible = False
8.5358 	EXP 	Created task_end_text = TextStim(__class__=<class 'psychopy.visual.text.TextStim'>, alignHoriz=method-wrapper(...), alignText='center', alignVert=method-wrapper(...), anchorHoriz='center', anchorVert='center', antialias=True, autoDraw=False, autoLog=True, bold=False, color=array([1., 1., 1.]), colorSpace='rgb', contrast=1.0, depth=0.0, draggable=False, flipHoriz=False, flipVert=False, font='Arial', fontFiles=[], height=0.05, italic=False, languageStyle='LTR', name='task_end_text', opacity=1, ori=0.0, pos=array([0., 0.]), rgb=UNKNOWN, text='Please wait for the next task to begin..', units='height', win=Window(...), wrapWidth=1)
0.0673 	INFO 	Keyboard events cleared
0.0674 	EXP 	window1: mouseVisible = False
0.0754 	EXP 	ctl1_instruction_text: autoDraw = True
1.1541 	DATA 	Keypress: escape
1.3136 	EXP 	TSST_fnirs_V4_CONTROL: status = STOPPED
1.3467 	EXP 	ctl1_instruction_text: autoDraw = False
1.3468 	EXP 	TSST_fnirs_V4_CONTROL: status = STOPPED
1.3532 	INFO 	saved data to 'c:\\Users\\neuro\\GitHub\\fNIRS_TSST_PsychoPy\\builder_files\\data/441189_TSST_fnirs_V4_CONTROL_2025-12-09_16h27.38.645.csv'
1.3539 	INFO 	saved data to c:\Users\neuro\GitHub\fNIRS_TSST_PsychoPy\builder_files\data/441189_TSST_fnirs_V4_CONTROL_2025-12-09_16h27.38.645.psydat
1.4253 	EXP 	window1: mouseVisible = True
1.4608 	WARNING 	Stopping key buffers but this could be dangerous ifother keyboards rely on the same.
1.4971 	WARNING 	Stopping key buffers but this could be dangerous ifother keyboards rely on the same.
