2.6844 	ERROR 	Support for the `pyo` audio backend is not available this session. Please install `psychopy-pyo` and restart the session to enable support.
2.6844 	ERROR 	Failed to load any of the audioLibs: ['pyo']. Falling back to PsychToolbox ('ptb') backend for sound. Be sure to add 'ptb' to preferences to avoid seeing this message again.
2.7935 	WARNING 	We strongly recommend you activate the PTB sound engine in PsychoPy prefs as the preferred audio engine. Its timing is vastly superior. Your prefs are currently set to use ['pyo'] (in that order).
14.9314 	WARNING 	Font Manager failed to load file /System/Library/PrivateFrameworks/FontServices.framework/Resources/Reserved/PingFangUI.ttc
16.9689 	INFO 	Loaded monitor calibration from ['2025_10_16 07:47']
17.2601 	EXP 	Created window1 = Window(allowGUI=True, allowStencil=False, autoLog=True, backendConf=UNKNOWN, backgroundFit=<method-wrapper '__getattribute__' of attributeSetter object at 0x1613bf910>, backgroundImage=<method-wrapper '__getattribute__' of attributeSetter object at 0x1613bf970>, bitsMode=UNKNOWN, blendMode='avg', bpc=(8, 8, 8), color=array([-1., -1., -1.]), colorSpace='rgb', depthBits=8, fullscr=<method-wrapper '__getattribute__' of attributeSetter object at 0x1613bfb20>, gamma=None, gammaErrorPolicy='raise', infoMsg=UNKNOWN, lms=UNKNOWN, monitor=<psychopy.monitors.calibTools.Monitor object at 0x1627210c0>, multiSample=False, name='window1', numSamples=2, pos=[360.0, 225.0], screen=0, size=array([2880, 1800]), stencilBits=0, stereo=False, title='PsychoPy', units='height', useFBO=True, useRetina=True, viewOri=0.0, viewPos=None, viewScale=None, waitBlanking=True, winType='pyglet')
17.2602 	EXP 	window1: mouseVisible = True
17.2602 	EXP 	window1: backgroundImage = ''
17.2602 	EXP 	window1: backgroundFit = 'none'
17.2604 	EXP 	window1: mouseVisible = True
17.2606 	EXP 	window1: mouseVisible = True
17.2633 	EXP 	window1: mouseVisible = True
17.2637 	EXP 	window1: mouseVisible = True
17.3006 	EXP 	window1: mouseVisible = True
17.3007 	EXP 	window1: mouseVisible = True
17.3012 	EXP 	window1: mouseVisible = True
17.3016 	EXP 	window1: mouseVisible = True
17.3150 	EXP 	window1: Attempting to measure frame rate of screen (0) ...
17.3150 	EXP 	window1: recordFrameIntervals = False
17.6903 	EXP 	window1: recordFrameIntervals = True
17.9642 	WARNING 	t of last frame was 40.83ms (=1/24)
18.5641 	WARNING 	Couldn't measure a consistent frame rate!
  - Is your graphics card set to sync to vertical blank?
  - Are you running other processes on your computer?

18.5658 	EXP 	window1: mouseVisible = False
20.7905 	INFO 	keyboard.Keyboard is using ptb backend.
20.7905 	EXP 	TSST_fnirs_V4_FULL: status = STARTED
20.7911 	EXP 	window1: mouseVisible = True
20.8372 	EXP 	Created ctl1_instruction_text = TextStim(__class__=<class 'psychopy.visual.text.TextStim'>, alignHoriz=method-wrapper(...), alignText='center', alignVert=method-wrapper(...), anchorHoriz='center', anchorVert='center', antialias=True, autoDraw=False, autoLog=True, bold=False, color=array([1., 1., 1.]), colorSpace='rgb', contrast=1.0, depth=0.0, draggable=False, flipHoriz=False, flipVert=False, font='Arial', fontFiles=[], height=0.05, italic=False, languageStyle='LTR', name='ctl1_instruction_text', opacity=1.0, ori=0.0, pos=array([0., 0.]), rgb=UNKNOWN, text=str(...), units='height', win=Window(...), wrapWidth=1)
21.3022 	INFO 	keyboard.Keyboard is using ptb backend.
21.3034 	EXP 	window1: mouseVisible = False
21.5700 	EXP 	Sound  set volume 1.000
21.5703 	EXP 	Sound  set volume 1.000
21.5706 	EXP 	window1: mouseVisible = True
21.5743 	EXP 	Created text_2 = TextStim(__class__=<class 'psychopy.visual.text.TextStim'>, alignHoriz=method-wrapper(...), alignText='center', alignVert=method-wrapper(...), anchorHoriz='center', anchorVert='center', antialias=True, autoDraw=False, autoLog=True, bold=False, color=array([1., 1., 1.]), colorSpace='rgb', contrast=1.0, depth=0.0, draggable=False, flipHoriz=False, flipVert=False, font='Arial', fontFiles=[], height=0.08, italic=False, languageStyle='LTR', name='text_2', opacity=1.0, ori=0.0, pos=array([0., 0.]), rgb=UNKNOWN, text='+', units='height', win=Window(...), wrapWidth=1)
21.5745 	EXP 	window1: mouseVisible = True
21.5755 	EXP 	Created read_number = TextStim(__class__=<class 'psychopy.visual.text.TextStim'>, alignHoriz=method-wrapper(...), alignText='center', alignVert=method-wrapper(...), anchorHoriz='center', anchorVert='center', antialias=True, autoDraw=False, autoLog=True, bold=False, color=array([1., 1., 1.]), colorSpace='rgb', contrast=1.0, depth=-1.0, draggable=False, flipHoriz=False, flipVert=False, font='Arial', fontFiles=[], height=0.07, italic=False, languageStyle='LTR', name='read_number', opacity=1.0, ori=0.0, pos=array([0., 0.]), rgb=UNKNOWN, text='', units='height', win=Window(...), wrapWidth=1)
21.5756 	EXP 	window1: mouseVisible = True
21.5763 	EXP 	Created read_pausing = TextStim(__class__=<class 'psychopy.visual.text.TextStim'>, alignHoriz=method-wrapper(...), alignText='center', alignVert=method-wrapper(...), anchorHoriz='center', anchorVert='center', antialias=True, autoDraw=False, autoLog=True, bold=False, color=array([1., 1., 1.]), colorSpace='rgb', contrast=1.0, depth=0.0, draggable=False, flipHoriz=False, flipVert=False, font='Arial', fontFiles=[], height=0.07, italic=False, languageStyle='LTR', name='read_pausing', opacity=1.0, ori=0.0, pos=array([0., 0.]), rgb=UNKNOWN, text='', units='height', win=Window(...), wrapWidth=1)
21.5764 	EXP 	window1: mouseVisible = True
21.5989 	EXP 	Created ctl2_instruction_text = TextStim(__class__=<class 'psychopy.visual.text.TextStim'>, alignHoriz=method-wrapper(...), alignText='center', alignVert=method-wrapper(...), anchorHoriz='center', anchorVert='center', antialias=True, autoDraw=False, autoLog=True, bold=False, color=array([1., 1., 1.]), colorSpace='rgb', contrast=1.0, depth=0.0, draggable=False, flipHoriz=False, flipVert=False, font='Arial', fontFiles=[], height=0.05, italic=False, languageStyle='LTR', name='ctl2_instruction_text', opacity=1.0, ori=0.0, pos=array([0., 0.]), rgb=UNKNOWN, text=str(...), units='height', win=Window(...), wrapWidth=1)
21.5991 	EXP 	window1: mouseVisible = True
21.5998 	EXP 	Created subtract_number = TextStim(__class__=<class 'psychopy.visual.text.TextStim'>, alignHoriz=method-wrapper(...), alignText='center', alignVert=method-wrapper(...), anchorHoriz='center', anchorVert='center', antialias=True, autoDraw=False, autoLog=True, bold=False, color=array([1., 1., 1.]), colorSpace='rgb', contrast=1.0, depth=-1.0, draggable=False, flipHoriz=False, flipVert=False, font='Arial', fontFiles=[], height=0.07, italic=False, languageStyle='LTR', name='subtract_number', opacity=1.0, ori=0.0, pos=array([0., 0.]), rgb=UNKNOWN, text='', units='height', win=Window(...), wrapWidth=1)
21.5999 	EXP 	window1: mouseVisible = True
21.6006 	EXP 	Created subtract_pausing = TextStim(__class__=<class 'psychopy.visual.text.TextStim'>, alignHoriz=method-wrapper(...), alignText='center', alignVert=method-wrapper(...), anchorHoriz='center', anchorVert='center', antialias=True, autoDraw=False, autoLog=True, bold=False, color=array([1., 1., 1.]), colorSpace='rgb', contrast=1.0, depth=0.0, draggable=False, flipHoriz=False, flipVert=False, font='Arial', fontFiles=[], height=0.07, italic=False, languageStyle='LTR', name='subtract_pausing', opacity=1.0, ori=0.0, pos=array([0., 0.]), rgb=UNKNOWN, text='', units='height', win=Window(...), wrapWidth=1)
21.6007 	EXP 	window1: mouseVisible = True
21.6040 	EXP 	Created task_end_text = TextStim(__class__=<class 'psychopy.visual.text.TextStim'>, alignHoriz=method-wrapper(...), alignText='center', alignVert=method-wrapper(...), anchorHoriz='center', anchorVert='center', antialias=True, autoDraw=False, autoLog=True, bold=False, color=array([1., 1., 1.]), colorSpace='rgb', contrast=1.0, depth=0.0, draggable=False, flipHoriz=False, flipVert=False, font='Arial', fontFiles=[], height=0.05, italic=False, languageStyle='LTR', name='task_end_text', opacity=1.0, ori=0.0, pos=array([0., 0.]), rgb=UNKNOWN, text='Please wait for the next task to begin..', units='height', win=Window(...), wrapWidth=1)
21.6041 	EXP 	window1: mouseVisible = True
21.6070 	EXP 	Created tsst_instruction_text = TextStim(__class__=<class 'psychopy.visual.text.TextStim'>, alignHoriz=method-wrapper(...), alignText='center', alignVert=method-wrapper(...), anchorHoriz='center', anchorVert='center', antialias=True, autoDraw=False, autoLog=True, bold=False, color=array([1., 1., 1.]), colorSpace='rgb', contrast=1.0, depth=0.0, draggable=False, flipHoriz=False, flipVert=False, font='Arial', fontFiles=[], height=0.05, italic=False, languageStyle='LTR', name='tsst_instruction_text', opacity=1.0, ori=0.0, pos=array([0., 0.]), rgb=UNKNOWN, text=str(...), units='height', win=Window(...), wrapWidth=1)
21.6071 	EXP 	window1: mouseVisible = True
21.6078 	EXP 	Created subtract_number_TSST = TextStim(__class__=<class 'psychopy.visual.text.TextStim'>, alignHoriz=method-wrapper(...), alignText='center', alignVert=method-wrapper(...), anchorHoriz='center', anchorVert='center', antialias=True, autoDraw=False, autoLog=True, bold=False, color=array([1., 1., 1.]), colorSpace='rgb', contrast=1.0, depth=0.0, draggable=False, flipHoriz=False, flipVert=False, font='Arial', fontFiles=[], height=0.07, italic=False, languageStyle='LTR', name='subtract_number_TSST', opacity=1.0, ori=0.0, pos=array([0., 0.]), rgb=UNKNOWN, text='', units='height', win=Window(...), wrapWidth=1)
21.6079 	EXP 	window1: mouseVisible = True
21.6086 	EXP 	Created subtract_pausing_TSST = TextStim(__class__=<class 'psychopy.visual.text.TextStim'>, alignHoriz=method-wrapper(...), alignText='center', alignVert=method-wrapper(...), anchorHoriz='center', anchorVert='center', antialias=True, autoDraw=False, autoLog=True, bold=False, color=array([1., 1., 1.]), colorSpace='rgb', contrast=1.0, depth=0.0, draggable=False, flipHoriz=False, flipVert=False, font='Arial', fontFiles=[], height=0.07, italic=False, languageStyle='LTR', name='subtract_pausing_TSST', opacity=1.0, ori=0.0, pos=array([0., 0.]), rgb=UNKNOWN, text='', units='height', win=Window(...), wrapWidth=1)
21.6087 	EXP 	window1: mouseVisible = True
21.6116 	EXP 	Created finished_text = TextStim(__class__=<class 'psychopy.visual.text.TextStim'>, alignHoriz=method-wrapper(...), alignText='center', alignVert=method-wrapper(...), anchorHoriz='center', anchorVert='center', antialias=True, autoDraw=False, autoLog=True, bold=False, color=array([1., 1., 1.]), colorSpace='rgb', contrast=1.0, depth=0.0, draggable=False, flipHoriz=False, flipVert=False, font='Arial', fontFiles=[], height=0.05, italic=False, languageStyle='LTR', name='finished_text', opacity=1.0, ori=0.0, pos=array([0., 0.]), rgb=UNKNOWN, text=str(...), units='height', win=Window(...), wrapWidth=1)
0.0110 	INFO 	Keyboard events cleared
0.0127 	EXP 	window1: mouseVisible = False
0.0214 	EXP 	ctl1_instruction_text: autoDraw = True
2.8249 	INFO 	Keyboard events cleared
2.8259 	EXP 	Created sequence: sequential, trialTypes=1, nReps=6, seed=None
2.8260 	EXP 	New trial (rep=0, index=0): None
2.8397 	DATA 	Keypress: return
2.8446 	WARNING 	t of last frame was 265.10ms (=1/3)
2.8446 	EXP 	ctl1_instruction_text: autoDraw = False
2.8446 	EXP 	text_2: autoDraw = True
32.8314 	EXP 	window1: mouseVisible = False
32.8314 	INFO 	Keyboard events cleared
32.8315 	EXP 	Sound  started
32.8390 	EXP 	text_2: autoDraw = False
32.8390 	EXP 	read_number: height = 0.07
32.8390 	EXP 	read_number: height = 0.07
32.8390 	EXP 	read_number: height = 0.07
32.8390 	EXP 	read_number: text = 1022
33.0228 	EXP 	read_number: autoDraw = True
33.6502 	EXP 	window1: mouseVisible = False
33.6503 	INFO 	Keyboard events cleared
33.6503 	EXP 	window1: mouseVisible = False
33.6636 	DATA 	Keypress: s
33.6694 	WARNING 	t of last frame was 23.86ms (=1/41)
33.6694 	EXP 	read_number: autoDraw = False
33.6694 	EXP 	read_pausing: height = 0.07
33.6694 	EXP 	read_pausing: height = 0.07
33.6694 	EXP 	read_pausing: height = 0.07
33.6694 	EXP 	read_pausing: text = 'PAUSE'
33.6694 	EXP 	read_pausing: autoDraw = False
33.6694 	EXP 	ctl2_instruction_text: autoDraw = True
35.0008 	DATA 	Keypress: escape
35.0057 	WARNING 	t of last frame was 52.28ms (=1/19)
35.1471 	EXP 	TSST_fnirs_V4_FULL: status = STOPPED
35.1520 	EXP 	ctl2_instruction_text: autoDraw = False
35.1520 	EXP 	TSST_fnirs_V4_FULL: status = STOPPED
35.1573 	INFO 	saved data to '/Users/Isaac/Documents/fNIRS_TSST_PsychoPy/builder_files/data/502417_TSST_fnirs_V4_FULL_2025-11-27_09h12.06.096.csv'
35.1591 	INFO 	saved data to /Users/Isaac/Documents/fNIRS_TSST_PsychoPy/builder_files/data/502417_TSST_fnirs_V4_FULL_2025-11-27_09h12.06.096.psydat
35.1802 	EXP 	window1: mouseVisible = True
35.4464 	WARNING 	Stopping key buffers but this could be dangerous ifother keyboards rely on the same.
35.4465 	WARNING 	Stopping key buffers but this could be dangerous ifother keyboards rely on the same.
