2.5864 	ERROR 	Support for the `pyo` audio backend is not available this session. Please install `psychopy-pyo` and restart the session to enable support.
2.5864 	ERROR 	Failed to load any of the audioLibs: ['pyo']. Falling back to PsychToolbox ('ptb') backend for sound. Be sure to add 'ptb' to preferences to avoid seeing this message again.
2.6957 	WARNING 	We strongly recommend you activate the PTB sound engine in PsychoPy prefs as the preferred audio engine. Its timing is vastly superior. Your prefs are currently set to use ['pyo'] (in that order).
14.9972 	WARNING 	Font Manager failed to load file /System/Library/PrivateFrameworks/FontServices.framework/Resources/Reserved/PingFangUI.ttc
51.9075 	INFO 	Loaded monitor calibration from ['2025_10_16 07:47']
52.2493 	EXP 	Created window1 = Window(allowGUI=True, allowStencil=False, autoLog=True, backendConf=UNKNOWN, backgroundFit=<method-wrapper '__getattribute__' of attributeSetter object at 0x1605c4f40>, backgroundImage=<method-wrapper '__getattribute__' of attributeSetter object at 0x1605c4fa0>, bitsMode=UNKNOWN, blendMode='avg', bpc=(8, 8, 8), color=array([-1., -1., -1.]), colorSpace='rgb', depthBits=8, fullscr=<method-wrapper '__getattribute__' of attributeSetter object at 0x1605c5180>, gamma=None, gammaErrorPolicy='raise', infoMsg=UNKNOWN, lms=UNKNOWN, monitor=<psychopy.monitors.calibTools.Monitor object at 0x16052c820>, multiSample=False, name='window1', numSamples=2, pos=[360.0, 225.0], screen=0, size=array([2880, 1800]), stencilBits=0, stereo=False, title='PsychoPy', units='height', useFBO=True, useRetina=True, viewOri=0.0, viewPos=None, viewScale=None, waitBlanking=True, winType='pyglet')
52.2494 	EXP 	window1: mouseVisible = True
52.2494 	EXP 	window1: backgroundImage = ''
52.2494 	EXP 	window1: backgroundFit = 'none'
52.2496 	EXP 	window1: mouseVisible = True
52.2499 	EXP 	window1: mouseVisible = True
52.2529 	EXP 	window1: mouseVisible = True
52.2533 	EXP 	window1: mouseVisible = True
52.2936 	EXP 	window1: mouseVisible = True
52.2937 	EXP 	window1: mouseVisible = True
52.2941 	EXP 	window1: mouseVisible = True
52.2945 	EXP 	window1: mouseVisible = True
52.3078 	EXP 	window1: Attempting to measure frame rate of screen (0) ...
52.3078 	EXP 	window1: recordFrameIntervals = False
52.6882 	EXP 	window1: recordFrameIntervals = True
52.9669 	WARNING 	t of last frame was 35.76ms (=1/27)
53.5646 	WARNING 	Couldn't measure a consistent frame rate!
  - Is your graphics card set to sync to vertical blank?
  - Are you running other processes on your computer?

53.5774 	EXP 	window1: mouseVisible = False
55.8695 	INFO 	keyboard.Keyboard is using ptb backend.
55.8696 	EXP 	TSST_fnirs_V4_FULL: status = STARTED
55.8718 	EXP 	window1: mouseVisible = True
55.9203 	EXP 	Created ctl1_instruction_text = TextStim(__class__=<class 'psychopy.visual.text.TextStim'>, alignHoriz=method-wrapper(...), alignText='center', alignVert=method-wrapper(...), anchorHoriz='center', anchorVert='center', antialias=True, autoDraw=False, autoLog=True, bold=False, color=array([1., 1., 1.]), colorSpace='rgb', contrast=1.0, depth=0.0, draggable=False, flipHoriz=False, flipVert=False, font='Arial', fontFiles=[], height=0.05, italic=False, languageStyle='LTR', name='ctl1_instruction_text', opacity=1.0, ori=0.0, pos=array([0., 0.]), rgb=UNKNOWN, text=str(...), units='height', win=Window(...), wrapWidth=1)
56.3858 	INFO 	keyboard.Keyboard is using ptb backend.
56.3869 	EXP 	window1: mouseVisible = False
56.6673 	EXP 	Sound  set volume 1.000
56.6676 	EXP 	Sound  set volume 1.000
56.6679 	EXP 	window1: mouseVisible = True
56.6716 	EXP 	Created fixation_cross = TextStim(__class__=<class 'psychopy.visual.text.TextStim'>, alignHoriz=method-wrapper(...), alignText='center', alignVert=method-wrapper(...), anchorHoriz='center', anchorVert='center', antialias=True, autoDraw=False, autoLog=True, bold=False, color=array([1., 1., 1.]), colorSpace='rgb', contrast=1.0, depth=0.0, draggable=False, flipHoriz=False, flipVert=False, font='Arial', fontFiles=[], height=0.08, italic=False, languageStyle='LTR', name='fixation_cross', opacity=1.0, ori=0.0, pos=array([0., 0.]), rgb=UNKNOWN, text='+', units='height', win=Window(...), wrapWidth=1)
56.6717 	EXP 	window1: mouseVisible = True
56.6726 	EXP 	Created read_number = TextStim(__class__=<class 'psychopy.visual.text.TextStim'>, alignHoriz=method-wrapper(...), alignText='center', alignVert=method-wrapper(...), anchorHoriz='center', anchorVert='center', antialias=True, autoDraw=False, autoLog=True, bold=False, color=array([1., 1., 1.]), colorSpace='rgb', contrast=1.0, depth=-1.0, draggable=False, flipHoriz=False, flipVert=False, font='Arial', fontFiles=[], height=0.07, italic=False, languageStyle='LTR', name='read_number', opacity=1.0, ori=0.0, pos=array([0., 0.]), rgb=UNKNOWN, text='', units='height', win=Window(...), wrapWidth=1)
56.6727 	EXP 	window1: mouseVisible = True
56.6734 	EXP 	Created read_pausing = TextStim(__class__=<class 'psychopy.visual.text.TextStim'>, alignHoriz=method-wrapper(...), alignText='center', alignVert=method-wrapper(...), anchorHoriz='center', anchorVert='center', antialias=True, autoDraw=False, autoLog=True, bold=False, color=array([1., 1., 1.]), colorSpace='rgb', contrast=1.0, depth=0.0, draggable=False, flipHoriz=False, flipVert=False, font='Arial', fontFiles=[], height=0.07, italic=False, languageStyle='LTR', name='read_pausing', opacity=1.0, ori=0.0, pos=array([0., 0.]), rgb=UNKNOWN, text='', units='height', win=Window(...), wrapWidth=1)
56.6735 	EXP 	window1: mouseVisible = True
56.6952 	EXP 	Created ctl2_instruction_text = TextStim(__class__=<class 'psychopy.visual.text.TextStim'>, alignHoriz=method-wrapper(...), alignText='center', alignVert=method-wrapper(...), anchorHoriz='center', anchorVert='center', antialias=True, autoDraw=False, autoLog=True, bold=False, color=array([1., 1., 1.]), colorSpace='rgb', contrast=1.0, depth=0.0, draggable=False, flipHoriz=False, flipVert=False, font='Arial', fontFiles=[], height=0.05, italic=False, languageStyle='LTR', name='ctl2_instruction_text', opacity=1.0, ori=0.0, pos=array([0., 0.]), rgb=UNKNOWN, text=str(...), units='height', win=Window(...), wrapWidth=1)
56.6954 	EXP 	window1: mouseVisible = True
56.6961 	EXP 	Created subtract_number = TextStim(__class__=<class 'psychopy.visual.text.TextStim'>, alignHoriz=method-wrapper(...), alignText='center', alignVert=method-wrapper(...), anchorHoriz='center', anchorVert='center', antialias=True, autoDraw=False, autoLog=True, bold=False, color=array([1., 1., 1.]), colorSpace='rgb', contrast=1.0, depth=-1.0, draggable=False, flipHoriz=False, flipVert=False, font='Arial', fontFiles=[], height=0.07, italic=False, languageStyle='LTR', name='subtract_number', opacity=1.0, ori=0.0, pos=array([0., 0.]), rgb=UNKNOWN, text='', units='height', win=Window(...), wrapWidth=1)
56.6962 	EXP 	window1: mouseVisible = True
56.6969 	EXP 	Created subtract_pausing = TextStim(__class__=<class 'psychopy.visual.text.TextStim'>, alignHoriz=method-wrapper(...), alignText='center', alignVert=method-wrapper(...), anchorHoriz='center', anchorVert='center', antialias=True, autoDraw=False, autoLog=True, bold=False, color=array([1., 1., 1.]), colorSpace='rgb', contrast=1.0, depth=0.0, draggable=False, flipHoriz=False, flipVert=False, font='Arial', fontFiles=[], height=0.07, italic=False, languageStyle='LTR', name='subtract_pausing', opacity=1.0, ori=0.0, pos=array([0., 0.]), rgb=UNKNOWN, text='', units='height', win=Window(...), wrapWidth=1)
56.6970 	EXP 	window1: mouseVisible = True
56.7002 	EXP 	Created task_end_text = TextStim(__class__=<class 'psychopy.visual.text.TextStim'>, alignHoriz=method-wrapper(...), alignText='center', alignVert=method-wrapper(...), anchorHoriz='center', anchorVert='center', antialias=True, autoDraw=False, autoLog=True, bold=False, color=array([1., 1., 1.]), colorSpace='rgb', contrast=1.0, depth=0.0, draggable=False, flipHoriz=False, flipVert=False, font='Arial', fontFiles=[], height=0.05, italic=False, languageStyle='LTR', name='task_end_text', opacity=1.0, ori=0.0, pos=array([0., 0.]), rgb=UNKNOWN, text='Please wait for the next task to begin..', units='height', win=Window(...), wrapWidth=1)
56.7003 	EXP 	window1: mouseVisible = True
56.7033 	EXP 	Created tsst_instruction_text = TextStim(__class__=<class 'psychopy.visual.text.TextStim'>, alignHoriz=method-wrapper(...), alignText='center', alignVert=method-wrapper(...), anchorHoriz='center', anchorVert='center', antialias=True, autoDraw=False, autoLog=True, bold=False, color=array([1., 1., 1.]), colorSpace='rgb', contrast=1.0, depth=0.0, draggable=False, flipHoriz=False, flipVert=False, font='Arial', fontFiles=[], height=0.05, italic=False, languageStyle='LTR', name='tsst_instruction_text', opacity=1.0, ori=0.0, pos=array([0., 0.]), rgb=UNKNOWN, text=str(...), units='height', win=Window(...), wrapWidth=1)
56.7034 	EXP 	window1: mouseVisible = True
56.7041 	EXP 	Created subtract_number_TSST = TextStim(__class__=<class 'psychopy.visual.text.TextStim'>, alignHoriz=method-wrapper(...), alignText='center', alignVert=method-wrapper(...), anchorHoriz='center', anchorVert='center', antialias=True, autoDraw=False, autoLog=True, bold=False, color=array([1., 1., 1.]), colorSpace='rgb', contrast=1.0, depth=0.0, draggable=False, flipHoriz=False, flipVert=False, font='Arial', fontFiles=[], height=0.07, italic=False, languageStyle='LTR', name='subtract_number_TSST', opacity=1.0, ori=0.0, pos=array([0., 0.]), rgb=UNKNOWN, text='', units='height', win=Window(...), wrapWidth=1)
56.7042 	EXP 	window1: mouseVisible = True
56.7049 	EXP 	Created subtract_pausing_TSST = TextStim(__class__=<class 'psychopy.visual.text.TextStim'>, alignHoriz=method-wrapper(...), alignText='center', alignVert=method-wrapper(...), anchorHoriz='center', anchorVert='center', antialias=True, autoDraw=False, autoLog=True, bold=False, color=array([1., 1., 1.]), colorSpace='rgb', contrast=1.0, depth=0.0, draggable=False, flipHoriz=False, flipVert=False, font='Arial', fontFiles=[], height=0.07, italic=False, languageStyle='LTR', name='subtract_pausing_TSST', opacity=1.0, ori=0.0, pos=array([0., 0.]), rgb=UNKNOWN, text='', units='height', win=Window(...), wrapWidth=1)
56.7050 	EXP 	window1: mouseVisible = True
56.7079 	EXP 	Created finished_text = TextStim(__class__=<class 'psychopy.visual.text.TextStim'>, alignHoriz=method-wrapper(...), alignText='center', alignVert=method-wrapper(...), anchorHoriz='center', anchorVert='center', antialias=True, autoDraw=False, autoLog=True, bold=False, color=array([1., 1., 1.]), colorSpace='rgb', contrast=1.0, depth=0.0, draggable=False, flipHoriz=False, flipVert=False, font='Arial', fontFiles=[], height=0.05, italic=False, languageStyle='LTR', name='finished_text', opacity=1.0, ori=0.0, pos=array([0., 0.]), rgb=UNKNOWN, text=str(...), units='height', win=Window(...), wrapWidth=1)
0.0113 	INFO 	Keyboard events cleared
0.0119 	EXP 	window1: mouseVisible = False
0.0210 	EXP 	ctl1_instruction_text: autoDraw = True
0.1982 	WARNING 	t of last frame was 20.83ms (=1/47)
1.4512 	INFO 	Keyboard events cleared
1.4550 	EXP 	Created sequence: sequential, trialTypes=1, nReps=6, seed=None
1.4552 	EXP 	New trial (rep=0, index=0): None
1.4561 	EXP 	window1: mouseVisible = False
1.4561 	INFO 	Keyboard events cleared
1.4798 	DATA 	Keypress: return
1.4849 	WARNING 	t of last frame was 377.55ms (=1/2)
1.4849 	EXP 	ctl1_instruction_text: autoDraw = False
1.4849 	EXP 	fixation_cross: autoDraw = True
3.6419 	EXP 	window1: mouseVisible = False
3.6420 	INFO 	Keyboard events cleared
3.6476 	EXP 	window1: mouseVisible = False
3.6478 	INFO 	Keyboard events cleared
3.6478 	EXP 	window1: mouseVisible = False
3.6623 	DATA 	Keypress: s
3.6677 	WARNING 	t of last frame was 27.77ms (=1/36)
3.6677 	EXP 	fixation_cross: autoDraw = False
3.6677 	EXP 	read_number: height = 0.07
3.6677 	EXP 	read_number: height = 0.07
3.6677 	EXP 	read_number: height = 0.07
3.6677 	EXP 	read_number: text = 1022
3.6677 	EXP 	read_number: autoDraw = False
3.6677 	EXP 	read_pausing: height = 0.07
3.6677 	EXP 	read_pausing: height = 0.07
3.6677 	EXP 	read_pausing: height = 0.07
3.6677 	EXP 	read_pausing: text = 'PAUSE'
3.6677 	EXP 	read_pausing: autoDraw = False
3.6677 	EXP 	ctl2_instruction_text: autoDraw = True
7.9647 	INFO 	Keyboard events cleared
7.9747 	EXP 	Imported stims/CTL2.xlsx as conditions, 6 conditions, 2 params
7.9751 	EXP 	Created sequence: sequential, trialTypes=6, nReps=1, seed=None
7.9752 	EXP 	New trial (rep=0, index=0): {'Block': 1, 'StartingNumber': 1659}
7.9753 	EXP 	window1: mouseVisible = False
7.9754 	EXP 	Sound  started
7.9795 	DATA 	Keypress: return
7.9832 	EXP 	ctl2_instruction_text: autoDraw = False
7.9832 	EXP 	subtract_number: height = 0.07
7.9832 	EXP 	subtract_number: height = 0.07
7.9832 	EXP 	subtract_number: height = 0.07
7.9832 	EXP 	subtract_number: text = 1659
7.9832 	EXP 	subtract_number: autoDraw = True
10.6121 	DATA 	Keypress: space
11.5259 	DATA 	Keypress: space
12.2247 	EXP 	window1: mouseVisible = False
12.2248 	INFO 	Keyboard events cleared
12.2248 	EXP 	window1: mouseVisible = False
12.2268 	DATA 	Keypress: s
12.2310 	EXP 	subtract_number: autoDraw = False
12.2310 	EXP 	subtract_pausing: height = 0.07
12.2310 	EXP 	subtract_pausing: height = 0.07
12.2310 	EXP 	subtract_pausing: height = 0.07
12.2310 	EXP 	subtract_pausing: text = 'PAUSE'
12.2310 	EXP 	subtract_pausing: autoDraw = False
12.2310 	EXP 	task_end_text: autoDraw = True
13.4578 	DATA 	Keypress: escape
13.4622 	WARNING 	Multiple dropped frames have occurred - I'll stop bothering you about them!
13.5401 	EXP 	TSST_fnirs_V4_FULL: status = STOPPED
13.5454 	EXP 	task_end_text: autoDraw = False
13.5454 	EXP 	TSST_fnirs_V4_FULL: status = STOPPED
13.5490 	INFO 	saved data to '/Users/Isaac/Documents/fNIRS_TSST_PsychoPy/builder_files/data/507054_TSST_fnirs_V4_FULL_2025-11-27_19h24.58.912.csv'
13.5505 	INFO 	saved data to /Users/Isaac/Documents/fNIRS_TSST_PsychoPy/builder_files/data/507054_TSST_fnirs_V4_FULL_2025-11-27_19h24.58.912.psydat
13.5757 	EXP 	window1: mouseVisible = True
13.8577 	WARNING 	Stopping key buffers but this could be dangerous ifother keyboards rely on the same.
13.8578 	WARNING 	Stopping key buffers but this could be dangerous ifother keyboards rely on the same.
