2.5974 	ERROR 	Support for the `pyo` audio backend is not available this session. Please install `psychopy-pyo` and restart the session to enable support.
2.5974 	ERROR 	Failed to load any of the audioLibs: ['pyo']. Falling back to PsychToolbox ('ptb') backend for sound. Be sure to add 'ptb' to preferences to avoid seeing this message again.
2.7065 	WARNING 	We strongly recommend you activate the PTB sound engine in PsychoPy prefs as the preferred audio engine. Its timing is vastly superior. Your prefs are currently set to use ['pyo'] (in that order).
14.6380 	WARNING 	Font Manager failed to load file /System/Library/PrivateFrameworks/FontServices.framework/Resources/Reserved/PingFangUI.ttc
16.8346 	INFO 	Loaded monitor calibration from ['2025_10_16 07:47']
17.1225 	EXP 	Created window1 = Window(allowGUI=True, allowStencil=False, autoLog=True, backendConf=UNKNOWN, backgroundFit=<method-wrapper '__getattribute__' of attributeSetter object at 0x1650c1ed0>, backgroundImage=<method-wrapper '__getattribute__' of attributeSetter object at 0x1650c1e70>, bitsMode=UNKNOWN, blendMode='avg', bpc=(8, 8, 8), color=array([-1., -1., -1.]), colorSpace='rgb', depthBits=8, fullscr=<method-wrapper '__getattribute__' of attributeSetter object at 0x1650c18a0>, gamma=None, gammaErrorPolicy='raise', infoMsg=UNKNOWN, lms=UNKNOWN, monitor=<psychopy.monitors.calibTools.Monitor object at 0x165120910>, multiSample=False, name='window1', numSamples=2, pos=[360.0, 225.0], screen=0, size=array([2880, 1800]), stencilBits=0, stereo=False, title='PsychoPy', units='height', useFBO=True, useRetina=True, viewOri=0.0, viewPos=None, viewScale=None, waitBlanking=True, winType='pyglet')
17.1226 	EXP 	window1: mouseVisible = True
17.1227 	EXP 	window1: backgroundImage = ''
17.1227 	EXP 	window1: backgroundFit = 'none'
17.1228 	EXP 	window1: mouseVisible = True
17.1230 	EXP 	window1: mouseVisible = True
17.1251 	EXP 	window1: mouseVisible = True
17.1256 	EXP 	window1: mouseVisible = True
17.1614 	EXP 	window1: mouseVisible = True
17.1615 	EXP 	window1: mouseVisible = True
17.1620 	EXP 	window1: mouseVisible = True
17.1624 	EXP 	window1: mouseVisible = True
17.1763 	EXP 	window1: Attempting to measure frame rate of screen (0) ...
17.1763 	EXP 	window1: recordFrameIntervals = False
17.4943 	EXP 	window1: recordFrameIntervals = True
17.8004 	WARNING 	t of last frame was 37.99ms (=1/26)
17.8223 	WARNING 	t of last frame was 21.92ms (=1/45)
18.2738 	EXP 	Screen (0) actual frame rate measured at 120.72Hz
18.2739 	EXP 	window1: recordFrameIntervals = False
18.2754 	EXP 	window1: mouseVisible = False
20.5165 	INFO 	keyboard.Keyboard is using ptb backend.
20.5166 	EXP 	TSST_fnirs_V4_FULL: status = STARTED
20.5170 	EXP 	window1: mouseVisible = True
20.5626 	EXP 	Created ctl1_instruction_text = TextStim(__class__=<class 'psychopy.visual.text.TextStim'>, alignHoriz=method-wrapper(...), alignText='center', alignVert=method-wrapper(...), anchorHoriz='center', anchorVert='center', antialias=True, autoDraw=False, autoLog=True, bold=False, color=array([1., 1., 1.]), colorSpace='rgb', contrast=1.0, depth=0.0, draggable=False, flipHoriz=False, flipVert=False, font='Arial', fontFiles=[], height=0.05, italic=False, languageStyle='LTR', name='ctl1_instruction_text', opacity=1.0, ori=0.0, pos=array([0., 0.]), rgb=UNKNOWN, text=str(...), units='height', win=Window(...), wrapWidth=1)
21.0264 	INFO 	keyboard.Keyboard is using ptb backend.
21.0275 	EXP 	window1: mouseVisible = False
21.2318 	EXP 	Sound  set volume 1.000
21.2320 	EXP 	Sound  set volume 1.000
21.2322 	EXP 	window1: mouseVisible = True
21.2354 	EXP 	Created fixation_cross = TextStim(__class__=<class 'psychopy.visual.text.TextStim'>, alignHoriz=method-wrapper(...), alignText='center', alignVert=method-wrapper(...), anchorHoriz='center', anchorVert='center', antialias=True, autoDraw=False, autoLog=True, bold=False, color=array([1., 1., 1.]), colorSpace='rgb', contrast=1.0, depth=0.0, draggable=False, flipHoriz=False, flipVert=False, font='Arial', fontFiles=[], height=0.08, italic=False, languageStyle='LTR', name='fixation_cross', opacity=1.0, ori=0.0, pos=array([0., 0.]), rgb=UNKNOWN, text='+', units='height', win=Window(...), wrapWidth=1)
21.2355 	EXP 	window1: mouseVisible = True
21.2364 	EXP 	Created read_number = TextStim(__class__=<class 'psychopy.visual.text.TextStim'>, alignHoriz=method-wrapper(...), alignText='center', alignVert=method-wrapper(...), anchorHoriz='center', anchorVert='center', antialias=True, autoDraw=False, autoLog=True, bold=False, color=array([1., 1., 1.]), colorSpace='rgb', contrast=1.0, depth=-1.0, draggable=False, flipHoriz=False, flipVert=False, font='Arial', fontFiles=[], height=0.07, italic=False, languageStyle='LTR', name='read_number', opacity=1.0, ori=0.0, pos=array([0., 0.]), rgb=UNKNOWN, text='', units='height', win=Window(...), wrapWidth=1)
21.2365 	EXP 	window1: mouseVisible = True
21.2372 	EXP 	Created read_pausing = TextStim(__class__=<class 'psychopy.visual.text.TextStim'>, alignHoriz=method-wrapper(...), alignText='center', alignVert=method-wrapper(...), anchorHoriz='center', anchorVert='center', antialias=True, autoDraw=False, autoLog=True, bold=False, color=array([1., 1., 1.]), colorSpace='rgb', contrast=1.0, depth=0.0, draggable=False, flipHoriz=False, flipVert=False, font='Arial', fontFiles=[], height=0.07, italic=False, languageStyle='LTR', name='read_pausing', opacity=1.0, ori=0.0, pos=array([0., 0.]), rgb=UNKNOWN, text='', units='height', win=Window(...), wrapWidth=1)
21.2373 	EXP 	window1: mouseVisible = True
21.2595 	EXP 	Created ctl2_instruction_text = TextStim(__class__=<class 'psychopy.visual.text.TextStim'>, alignHoriz=method-wrapper(...), alignText='center', alignVert=method-wrapper(...), anchorHoriz='center', anchorVert='center', antialias=True, autoDraw=False, autoLog=True, bold=False, color=array([1., 1., 1.]), colorSpace='rgb', contrast=1.0, depth=0.0, draggable=False, flipHoriz=False, flipVert=False, font='Arial', fontFiles=[], height=0.05, italic=False, languageStyle='LTR', name='ctl2_instruction_text', opacity=1.0, ori=0.0, pos=array([0., 0.]), rgb=UNKNOWN, text=str(...), units='height', win=Window(...), wrapWidth=1)
21.2597 	EXP 	window1: mouseVisible = True
21.2604 	EXP 	Created subtract_number = TextStim(__class__=<class 'psychopy.visual.text.TextStim'>, alignHoriz=method-wrapper(...), alignText='center', alignVert=method-wrapper(...), anchorHoriz='center', anchorVert='center', antialias=True, autoDraw=False, autoLog=True, bold=False, color=array([1., 1., 1.]), colorSpace='rgb', contrast=1.0, depth=-1.0, draggable=False, flipHoriz=False, flipVert=False, font='Arial', fontFiles=[], height=0.07, italic=False, languageStyle='LTR', name='subtract_number', opacity=1.0, ori=0.0, pos=array([0., 0.]), rgb=UNKNOWN, text='', units='height', win=Window(...), wrapWidth=1)
21.2605 	EXP 	window1: mouseVisible = True
21.2612 	EXP 	Created subtract_pausing = TextStim(__class__=<class 'psychopy.visual.text.TextStim'>, alignHoriz=method-wrapper(...), alignText='center', alignVert=method-wrapper(...), anchorHoriz='center', anchorVert='center', antialias=True, autoDraw=False, autoLog=True, bold=False, color=array([1., 1., 1.]), colorSpace='rgb', contrast=1.0, depth=0.0, draggable=False, flipHoriz=False, flipVert=False, font='Arial', fontFiles=[], height=0.07, italic=False, languageStyle='LTR', name='subtract_pausing', opacity=1.0, ori=0.0, pos=array([0., 0.]), rgb=UNKNOWN, text='', units='height', win=Window(...), wrapWidth=1)
21.2613 	EXP 	window1: mouseVisible = True
21.2637 	EXP 	Created task_end_text = TextStim(__class__=<class 'psychopy.visual.text.TextStim'>, alignHoriz=method-wrapper(...), alignText='center', alignVert=method-wrapper(...), anchorHoriz='center', anchorVert='center', antialias=True, autoDraw=False, autoLog=True, bold=False, color=array([1., 1., 1.]), colorSpace='rgb', contrast=1.0, depth=0.0, draggable=False, flipHoriz=False, flipVert=False, font='Arial', fontFiles=[], height=0.05, italic=False, languageStyle='LTR', name='task_end_text', opacity=1.0, ori=0.0, pos=array([0., 0.]), rgb=UNKNOWN, text='Please wait for the next task to begin..', units='height', win=Window(...), wrapWidth=1)
21.2638 	EXP 	window1: mouseVisible = True
21.2679 	EXP 	Created tsst_instruction_text = TextStim(__class__=<class 'psychopy.visual.text.TextStim'>, alignHoriz=method-wrapper(...), alignText='center', alignVert=method-wrapper(...), anchorHoriz='center', anchorVert='center', antialias=True, autoDraw=False, autoLog=True, bold=False, color=array([1., 1., 1.]), colorSpace='rgb', contrast=1.0, depth=0.0, draggable=False, flipHoriz=False, flipVert=False, font='Arial', fontFiles=[], height=0.05, italic=False, languageStyle='LTR', name='tsst_instruction_text', opacity=1.0, ori=0.0, pos=array([0., 0.]), rgb=UNKNOWN, text=str(...), units='height', win=Window(...), wrapWidth=1)
21.2680 	EXP 	window1: mouseVisible = True
21.2687 	EXP 	Created subtract_number_TSST = TextStim(__class__=<class 'psychopy.visual.text.TextStim'>, alignHoriz=method-wrapper(...), alignText='center', alignVert=method-wrapper(...), anchorHoriz='center', anchorVert='center', antialias=True, autoDraw=False, autoLog=True, bold=False, color=array([1., 1., 1.]), colorSpace='rgb', contrast=1.0, depth=0.0, draggable=False, flipHoriz=False, flipVert=False, font='Arial', fontFiles=[], height=0.07, italic=False, languageStyle='LTR', name='subtract_number_TSST', opacity=1.0, ori=0.0, pos=array([0., 0.]), rgb=UNKNOWN, text='', units='height', win=Window(...), wrapWidth=1)
21.2688 	EXP 	window1: mouseVisible = True
21.2695 	EXP 	Created subtract_pausing_TSST = TextStim(__class__=<class 'psychopy.visual.text.TextStim'>, alignHoriz=method-wrapper(...), alignText='center', alignVert=method-wrapper(...), anchorHoriz='center', anchorVert='center', antialias=True, autoDraw=False, autoLog=True, bold=False, color=array([1., 1., 1.]), colorSpace='rgb', contrast=1.0, depth=0.0, draggable=False, flipHoriz=False, flipVert=False, font='Arial', fontFiles=[], height=0.07, italic=False, languageStyle='LTR', name='subtract_pausing_TSST', opacity=1.0, ori=0.0, pos=array([0., 0.]), rgb=UNKNOWN, text='', units='height', win=Window(...), wrapWidth=1)
21.2696 	EXP 	window1: mouseVisible = True
21.2727 	EXP 	Created finished_text = TextStim(__class__=<class 'psychopy.visual.text.TextStim'>, alignHoriz=method-wrapper(...), alignText='center', alignVert=method-wrapper(...), anchorHoriz='center', anchorVert='center', antialias=True, autoDraw=False, autoLog=True, bold=False, color=array([1., 1., 1.]), colorSpace='rgb', contrast=1.0, depth=0.0, draggable=False, flipHoriz=False, flipVert=False, font='Arial', fontFiles=[], height=0.05, italic=False, languageStyle='LTR', name='finished_text', opacity=1.0, ori=0.0, pos=array([0., 0.]), rgb=UNKNOWN, text=str(...), units='height', win=Window(...), wrapWidth=1)
0.0129 	INFO 	Keyboard events cleared
0.0136 	EXP 	window1: mouseVisible = False
0.0327 	EXP 	ctl1_instruction_text: autoDraw = True
1.2859 	INFO 	Keyboard events cleared
1.2867 	EXP 	Created sequence: sequential, trialTypes=1, nReps=6, seed=None
1.2869 	EXP 	New trial (rep=0, index=0): None
1.2872 	EXP 	window1: mouseVisible = False
1.2872 	INFO 	Keyboard events cleared
1.2989 	DATA 	Keypress: return
1.3034 	EXP 	ctl1_instruction_text: autoDraw = False
1.3034 	EXP 	fixation_cross: autoDraw = True
2.6112 	DATA 	Keypress: space
2.7613 	DATA 	Keypress: space
2.9241 	DATA 	Keypress: space
3.0758 	DATA 	Keypress: space
3.8500 	EXP 	window1: mouseVisible = False
3.8500 	INFO 	Keyboard events cleared
3.8548 	EXP 	window1: mouseVisible = False
3.8549 	EXP 	Sound  started
3.8570 	DATA 	Keypress: s
3.8609 	EXP 	fixation_cross: autoDraw = False
3.8609 	EXP 	read_number: height = 0.07
3.8609 	EXP 	read_number: height = 0.07
3.8609 	EXP 	read_number: height = 0.07
3.8609 	EXP 	read_number: text = 1022
3.8609 	EXP 	read_number: autoDraw = False
3.8609 	EXP 	read_pausing: height = 0.07
3.8609 	EXP 	read_pausing: height = 0.07
3.8609 	EXP 	read_pausing: height = 0.07
3.8609 	EXP 	read_pausing: text = 'PAUSE'
3.8609 	EXP 	read_pausing: autoDraw = True
5.3519 	INFO 	Keyboard events cleared
5.3520 	EXP 	window1: mouseVisible = False
5.3542 	DATA 	Keypress: s
5.3587 	EXP 	read_pausing: autoDraw = False
5.3587 	EXP 	ctl2_instruction_text: autoDraw = True
6.7262 	DATA 	Keypress: escape
6.7999 	EXP 	TSST_fnirs_V4_FULL: status = STOPPED
6.8053 	EXP 	ctl2_instruction_text: autoDraw = False
6.8054 	EXP 	TSST_fnirs_V4_FULL: status = STOPPED
6.8083 	INFO 	saved data to '/Users/Isaac/Documents/fNIRS_TSST_PsychoPy/builder_files/data/569540_TSST_fnirs_V4_FULL_2025-11-27_19h06.01.906.csv'
6.8096 	INFO 	saved data to /Users/Isaac/Documents/fNIRS_TSST_PsychoPy/builder_files/data/569540_TSST_fnirs_V4_FULL_2025-11-27_19h06.01.906.psydat
6.8387 	EXP 	window1: mouseVisible = True
7.0838 	WARNING 	Stopping key buffers but this could be dangerous ifother keyboards rely on the same.
7.0839 	WARNING 	Stopping key buffers but this could be dangerous ifother keyboards rely on the same.
