2.6024 	ERROR 	Support for the `pyo` audio backend is not available this session. Please install `psychopy-pyo` and restart the session to enable support.
2.6025 	ERROR 	Failed to load any of the audioLibs: ['pyo']. Falling back to PsychToolbox ('ptb') backend for sound. Be sure to add 'ptb' to preferences to avoid seeing this message again.
2.7119 	WARNING 	We strongly recommend you activate the PTB sound engine in PsychoPy prefs as the preferred audio engine. Its timing is vastly superior. Your prefs are currently set to use ['pyo'] (in that order).
14.8748 	WARNING 	Font Manager failed to load file /System/Library/PrivateFrameworks/FontServices.framework/Resources/Reserved/PingFangUI.ttc
18.7225 	INFO 	Loaded monitor calibration from ['2025_10_16 07:47']
19.0609 	EXP 	Created window1 = Window(allowGUI=True, allowStencil=False, autoLog=True, backendConf=UNKNOWN, backgroundFit=<method-wrapper '__getattribute__' of attributeSetter object at 0x164d20b20>, backgroundImage=<method-wrapper '__getattribute__' of attributeSetter object at 0x164d20ac0>, bitsMode=UNKNOWN, blendMode='avg', bpc=(8, 8, 8), color=array([-1., -1., -1.]), colorSpace='rgb', depthBits=8, fullscr=<method-wrapper '__getattribute__' of attributeSetter object at 0x164d204f0>, gamma=None, gammaErrorPolicy='raise', infoMsg=UNKNOWN, lms=UNKNOWN, monitor=<psychopy.monitors.calibTools.Monitor object at 0x164bb48e0>, multiSample=False, name='window1', numSamples=2, pos=[360.0, 225.0], screen=0, size=array([2880, 1800]), stencilBits=0, stereo=False, title='PsychoPy', units='height', useFBO=True, useRetina=True, viewOri=0.0, viewPos=None, viewScale=None, waitBlanking=True, winType='pyglet')
19.0610 	EXP 	window1: mouseVisible = True
19.0610 	EXP 	window1: backgroundImage = ''
19.0610 	EXP 	window1: backgroundFit = 'none'
19.0612 	EXP 	window1: mouseVisible = True
19.0619 	EXP 	window1: mouseVisible = True
19.0651 	EXP 	window1: mouseVisible = True
19.0656 	EXP 	window1: mouseVisible = True
19.1037 	EXP 	window1: mouseVisible = True
19.1038 	EXP 	window1: mouseVisible = True
19.1043 	EXP 	window1: mouseVisible = True
19.1047 	EXP 	window1: mouseVisible = True
19.1182 	EXP 	window1: Attempting to measure frame rate of screen (0) ...
19.1183 	EXP 	window1: recordFrameIntervals = False
19.5227 	EXP 	window1: recordFrameIntervals = True
19.8232 	WARNING 	t of last frame was 83.96ms (=1/11)
19.8992 	WARNING 	t of last frame was 21.80ms (=1/45)
20.2837 	EXP 	Screen (0) actual frame rate measured at 120.56Hz
20.2838 	EXP 	window1: recordFrameIntervals = False
20.2850 	EXP 	window1: mouseVisible = False
22.5979 	INFO 	keyboard.Keyboard is using ptb backend.
22.5980 	EXP 	TSST_fnirs_V4_FULL: status = STARTED
22.5988 	EXP 	window1: mouseVisible = True
22.6432 	EXP 	Created ctl1_instruction_text = TextStim(__class__=<class 'psychopy.visual.text.TextStim'>, alignHoriz=method-wrapper(...), alignText='center', alignVert=method-wrapper(...), anchorHoriz='center', anchorVert='center', antialias=True, autoDraw=False, autoLog=True, bold=False, color=array([1., 1., 1.]), colorSpace='rgb', contrast=1.0, depth=0.0, draggable=False, flipHoriz=False, flipVert=False, font='Arial', fontFiles=[], height=0.05, italic=False, languageStyle='LTR', name='ctl1_instruction_text', opacity=1.0, ori=0.0, pos=array([0., 0.]), rgb=UNKNOWN, text=str(...), units='height', win=Window(...), wrapWidth=1)
23.1063 	INFO 	keyboard.Keyboard is using ptb backend.
23.1074 	EXP 	window1: mouseVisible = False
23.8643 	EXP 	Sound  set volume 1.000
23.8646 	EXP 	Sound  set volume 1.000
23.8649 	EXP 	window1: mouseVisible = True
23.8685 	EXP 	Created fixation_cross = TextStim(__class__=<class 'psychopy.visual.text.TextStim'>, alignHoriz=method-wrapper(...), alignText='center', alignVert=method-wrapper(...), anchorHoriz='center', anchorVert='center', antialias=True, autoDraw=False, autoLog=True, bold=False, color=array([1., 1., 1.]), colorSpace='rgb', contrast=1.0, depth=0.0, draggable=False, flipHoriz=False, flipVert=False, font='Arial', fontFiles=[], height=0.08, italic=False, languageStyle='LTR', name='fixation_cross', opacity=1.0, ori=0.0, pos=array([0., 0.]), rgb=UNKNOWN, text='+', units='height', win=Window(...), wrapWidth=1)
23.8687 	EXP 	window1: mouseVisible = True
23.8696 	EXP 	Created read_number = TextStim(__class__=<class 'psychopy.visual.text.TextStim'>, alignHoriz=method-wrapper(...), alignText='center', alignVert=method-wrapper(...), anchorHoriz='center', anchorVert='center', antialias=True, autoDraw=False, autoLog=True, bold=False, color=array([1., 1., 1.]), colorSpace='rgb', contrast=1.0, depth=-1.0, draggable=False, flipHoriz=False, flipVert=False, font='Arial', fontFiles=[], height=0.07, italic=False, languageStyle='LTR', name='read_number', opacity=1.0, ori=0.0, pos=array([0., 0.]), rgb=UNKNOWN, text='', units='height', win=Window(...), wrapWidth=1)
23.8696 	EXP 	window1: mouseVisible = True
23.8704 	EXP 	Created read_pausing = TextStim(__class__=<class 'psychopy.visual.text.TextStim'>, alignHoriz=method-wrapper(...), alignText='center', alignVert=method-wrapper(...), anchorHoriz='center', anchorVert='center', antialias=True, autoDraw=False, autoLog=True, bold=False, color=array([1., 1., 1.]), colorSpace='rgb', contrast=1.0, depth=0.0, draggable=False, flipHoriz=False, flipVert=False, font='Arial', fontFiles=[], height=0.07, italic=False, languageStyle='LTR', name='read_pausing', opacity=1.0, ori=0.0, pos=array([0., 0.]), rgb=UNKNOWN, text='', units='height', win=Window(...), wrapWidth=1)
23.8704 	EXP 	window1: mouseVisible = True
23.8924 	EXP 	Created ctl2_instruction_text = TextStim(__class__=<class 'psychopy.visual.text.TextStim'>, alignHoriz=method-wrapper(...), alignText='center', alignVert=method-wrapper(...), anchorHoriz='center', anchorVert='center', antialias=True, autoDraw=False, autoLog=True, bold=False, color=array([1., 1., 1.]), colorSpace='rgb', contrast=1.0, depth=0.0, draggable=False, flipHoriz=False, flipVert=False, font='Arial', fontFiles=[], height=0.05, italic=False, languageStyle='LTR', name='ctl2_instruction_text', opacity=1.0, ori=0.0, pos=array([0., 0.]), rgb=UNKNOWN, text=str(...), units='height', win=Window(...), wrapWidth=1)
23.8925 	EXP 	window1: mouseVisible = True
23.8933 	EXP 	Created subtract_number = TextStim(__class__=<class 'psychopy.visual.text.TextStim'>, alignHoriz=method-wrapper(...), alignText='center', alignVert=method-wrapper(...), anchorHoriz='center', anchorVert='center', antialias=True, autoDraw=False, autoLog=True, bold=False, color=array([1., 1., 1.]), colorSpace='rgb', contrast=1.0, depth=-1.0, draggable=False, flipHoriz=False, flipVert=False, font='Arial', fontFiles=[], height=0.07, italic=False, languageStyle='LTR', name='subtract_number', opacity=1.0, ori=0.0, pos=array([0., 0.]), rgb=UNKNOWN, text='', units='height', win=Window(...), wrapWidth=1)
23.8933 	EXP 	window1: mouseVisible = True
23.8940 	EXP 	Created subtract_pausing = TextStim(__class__=<class 'psychopy.visual.text.TextStim'>, alignHoriz=method-wrapper(...), alignText='center', alignVert=method-wrapper(...), anchorHoriz='center', anchorVert='center', antialias=True, autoDraw=False, autoLog=True, bold=False, color=array([1., 1., 1.]), colorSpace='rgb', contrast=1.0, depth=0.0, draggable=False, flipHoriz=False, flipVert=False, font='Arial', fontFiles=[], height=0.07, italic=False, languageStyle='LTR', name='subtract_pausing', opacity=1.0, ori=0.0, pos=array([0., 0.]), rgb=UNKNOWN, text='', units='height', win=Window(...), wrapWidth=1)
23.8941 	EXP 	window1: mouseVisible = True
23.8964 	EXP 	Created task_end_text = TextStim(__class__=<class 'psychopy.visual.text.TextStim'>, alignHoriz=method-wrapper(...), alignText='center', alignVert=method-wrapper(...), anchorHoriz='center', anchorVert='center', antialias=True, autoDraw=False, autoLog=True, bold=False, color=array([1., 1., 1.]), colorSpace='rgb', contrast=1.0, depth=0.0, draggable=False, flipHoriz=False, flipVert=False, font='Arial', fontFiles=[], height=0.05, italic=False, languageStyle='LTR', name='task_end_text', opacity=1.0, ori=0.0, pos=array([0., 0.]), rgb=UNKNOWN, text='Please wait for the next task to begin..', units='height', win=Window(...), wrapWidth=1)
23.8965 	EXP 	window1: mouseVisible = True
23.9004 	EXP 	Created tsst_instruction_text = TextStim(__class__=<class 'psychopy.visual.text.TextStim'>, alignHoriz=method-wrapper(...), alignText='center', alignVert=method-wrapper(...), anchorHoriz='center', anchorVert='center', antialias=True, autoDraw=False, autoLog=True, bold=False, color=array([1., 1., 1.]), colorSpace='rgb', contrast=1.0, depth=0.0, draggable=False, flipHoriz=False, flipVert=False, font='Arial', fontFiles=[], height=0.05, italic=False, languageStyle='LTR', name='tsst_instruction_text', opacity=1.0, ori=0.0, pos=array([0., 0.]), rgb=UNKNOWN, text=str(...), units='height', win=Window(...), wrapWidth=1)
23.9005 	EXP 	window1: mouseVisible = True
23.9012 	EXP 	Created subtract_number_TSST = TextStim(__class__=<class 'psychopy.visual.text.TextStim'>, alignHoriz=method-wrapper(...), alignText='center', alignVert=method-wrapper(...), anchorHoriz='center', anchorVert='center', antialias=True, autoDraw=False, autoLog=True, bold=False, color=array([1., 1., 1.]), colorSpace='rgb', contrast=1.0, depth=0.0, draggable=False, flipHoriz=False, flipVert=False, font='Arial', fontFiles=[], height=0.07, italic=False, languageStyle='LTR', name='subtract_number_TSST', opacity=1.0, ori=0.0, pos=array([0., 0.]), rgb=UNKNOWN, text='', units='height', win=Window(...), wrapWidth=1)
23.9013 	EXP 	window1: mouseVisible = True
23.9020 	EXP 	Created subtract_pausing_TSST = TextStim(__class__=<class 'psychopy.visual.text.TextStim'>, alignHoriz=method-wrapper(...), alignText='center', alignVert=method-wrapper(...), anchorHoriz='center', anchorVert='center', antialias=True, autoDraw=False, autoLog=True, bold=False, color=array([1., 1., 1.]), colorSpace='rgb', contrast=1.0, depth=0.0, draggable=False, flipHoriz=False, flipVert=False, font='Arial', fontFiles=[], height=0.07, italic=False, languageStyle='LTR', name='subtract_pausing_TSST', opacity=1.0, ori=0.0, pos=array([0., 0.]), rgb=UNKNOWN, text='', units='height', win=Window(...), wrapWidth=1)
23.9021 	EXP 	window1: mouseVisible = True
23.9052 	EXP 	Created finished_text = TextStim(__class__=<class 'psychopy.visual.text.TextStim'>, alignHoriz=method-wrapper(...), alignText='center', alignVert=method-wrapper(...), anchorHoriz='center', anchorVert='center', antialias=True, autoDraw=False, autoLog=True, bold=False, color=array([1., 1., 1.]), colorSpace='rgb', contrast=1.0, depth=0.0, draggable=False, flipHoriz=False, flipVert=False, font='Arial', fontFiles=[], height=0.05, italic=False, languageStyle='LTR', name='finished_text', opacity=1.0, ori=0.0, pos=array([0., 0.]), rgb=UNKNOWN, text=str(...), units='height', win=Window(...), wrapWidth=1)
0.0112 	INFO 	Keyboard events cleared
0.0118 	EXP 	window1: mouseVisible = False
0.0199 	EXP 	ctl1_instruction_text: autoDraw = True
27.0990 	INFO 	Keyboard events cleared
27.1023 	EXP 	Created sequence: sequential, trialTypes=1, nReps=6, seed=None
27.1025 	EXP 	New trial (rep=0, index=0): None
27.1035 	EXP 	window1: mouseVisible = False
27.1035 	INFO 	Keyboard events cleared
27.1227 	DATA 	Keypress: return
27.1277 	EXP 	ctl1_instruction_text: autoDraw = False
27.1277 	EXP 	fixation_cross: autoDraw = True
51.9633 	EXP 	window1: mouseVisible = False
51.9634 	INFO 	Keyboard events cleared
51.9685 	EXP 	window1: mouseVisible = False
51.9686 	INFO 	Keyboard events cleared
51.9686 	EXP 	window1: mouseVisible = False
51.9833 	DATA 	Keypress: s
51.9887 	EXP 	fixation_cross: autoDraw = False
51.9887 	EXP 	read_number: height = 0.07
51.9887 	EXP 	read_number: height = 0.07
51.9887 	EXP 	read_number: height = 0.07
51.9887 	EXP 	read_number: text = 1022
51.9887 	EXP 	read_number: autoDraw = False
51.9887 	EXP 	read_pausing: height = 0.07
51.9887 	EXP 	read_pausing: height = 0.07
51.9887 	EXP 	read_pausing: height = 0.07
51.9887 	EXP 	read_pausing: text = 'PAUSE'
51.9887 	EXP 	read_pausing: autoDraw = False
51.9887 	EXP 	ctl2_instruction_text: autoDraw = True
53.1942 	INFO 	Keyboard events cleared
53.2017 	EXP 	Imported stims/CTL2.xlsx as conditions, 6 conditions, 2 params
53.2021 	EXP 	Created sequence: sequential, trialTypes=6, nReps=1, seed=None
53.2022 	EXP 	New trial (rep=0, index=0): {'Block': 1, 'StartingNumber': 1659}
53.2023 	EXP 	window1: mouseVisible = False
53.2024 	EXP 	Sound  started
53.2065 	DATA 	Keypress: return
53.2104 	EXP 	ctl2_instruction_text: autoDraw = False
53.2104 	EXP 	subtract_number: height = 0.07
53.2104 	EXP 	subtract_number: height = 0.07
53.2104 	EXP 	subtract_number: height = 0.07
53.2104 	EXP 	subtract_number: text = 1659
53.2104 	EXP 	subtract_number: autoDraw = True
54.5162 	DATA 	Keypress: s
54.5230 	EXP 	window1: mouseVisible = False
54.5230 	INFO 	Keyboard events cleared
54.5231 	EXP 	window1: mouseVisible = False
54.5440 	EXP 	subtract_number: autoDraw = False
54.5440 	EXP 	subtract_pausing: height = 0.07
54.5440 	EXP 	subtract_pausing: height = 0.07
54.5440 	EXP 	subtract_pausing: height = 0.07
54.5440 	EXP 	subtract_pausing: text = 'PAUSE'
54.5440 	EXP 	subtract_pausing: autoDraw = False
54.5440 	EXP 	task_end_text: autoDraw = True
55.2510 	INFO 	Keyboard events cleared
55.2510 	INFO 	Keyboard events cleared
55.2510 	EXP 	window1: mouseVisible = False
55.2525 	DATA 	Keypress: return
55.2606 	EXP 	task_end_text: autoDraw = False
55.2606 	EXP 	tsst_instruction_text: autoDraw = True
55.9660 	DATA 	Keypress: s
56.4615 	INFO 	Keyboard events cleared
56.4666 	EXP 	Imported stims/TSST_arith.xlsx as conditions, 6 conditions, 2 params
56.4670 	EXP 	Created sequence: sequential, trialTypes=6, nReps=1, seed=None
56.4672 	EXP 	New trial (rep=0, index=0): {'Block': 1, 'StartingNumber': 1039}
56.4689 	EXP 	window1: mouseVisible = False
56.4690 	EXP 	Sound  stopped
56.4690 	EXP 	Sound  started
56.4706 	DATA 	Keypress: return
56.4745 	EXP 	tsst_instruction_text: autoDraw = False
56.4745 	EXP 	subtract_number_TSST: height = 0.07
56.4745 	EXP 	subtract_number_TSST: height = 0.07
56.4745 	EXP 	subtract_number_TSST: height = 0.07
56.4745 	EXP 	subtract_number_TSST: text = 1039
56.4745 	EXP 	subtract_number_TSST: autoDraw = True
57.1324 	EXP 	window1: mouseVisible = False
57.1325 	INFO 	Keyboard events cleared
57.1325 	EXP 	window1: mouseVisible = False
57.1352 	DATA 	Keypress: s
57.1394 	EXP 	subtract_number_TSST: autoDraw = False
57.1394 	EXP 	subtract_pausing_TSST: height = 0.07
57.1394 	EXP 	subtract_pausing_TSST: height = 0.07
57.1394 	EXP 	subtract_pausing_TSST: height = 0.07
57.1394 	EXP 	subtract_pausing_TSST: text = 'PAUSE'
57.1394 	EXP 	subtract_pausing_TSST: autoDraw = False
57.1394 	EXP 	finished_text: autoDraw = True
57.4783 	INFO 	Keyboard events cleared
57.4832 	EXP 	finished_text: autoDraw = False
57.4833 	EXP 	TSST_fnirs_V4_FULL: status = STOPPED
57.4873 	INFO 	saved data to '/Users/Isaac/Documents/fNIRS_TSST_PsychoPy/builder_files/data/588831_TSST_fnirs_V4_FULL_2025-11-27_19h10.56.380.csv'
57.4887 	INFO 	saved data to /Users/Isaac/Documents/fNIRS_TSST_PsychoPy/builder_files/data/588831_TSST_fnirs_V4_FULL_2025-11-27_19h10.56.380.psydat
57.4896 	DATA 	Keypress: return
57.5117 	EXP 	window1: mouseVisible = True
57.7887 	WARNING 	Stopping key buffers but this could be dangerous ifother keyboards rely on the same.
57.7888 	WARNING 	Stopping key buffers but this could be dangerous ifother keyboards rely on the same.
