2.6767 	ERROR 	Support for the `pyo` audio backend is not available this session. Please install `psychopy-pyo` and restart the session to enable support.
2.6767 	ERROR 	Failed to load any of the audioLibs: ['pyo']. Falling back to PsychToolbox ('ptb') backend for sound. Be sure to add 'ptb' to preferences to avoid seeing this message again.
2.7859 	WARNING 	We strongly recommend you activate the PTB sound engine in PsychoPy prefs as the preferred audio engine. Its timing is vastly superior. Your prefs are currently set to use ['pyo'] (in that order).
15.4809 	WARNING 	Font Manager failed to load file /System/Library/PrivateFrameworks/FontServices.framework/Resources/Reserved/PingFangUI.ttc
23.0253 	INFO 	Loaded monitor calibration from ['2025_10_16 07:47']
23.3648 	EXP 	Created window1 = Window(allowGUI=True, allowStencil=False, autoLog=True, backendConf=UNKNOWN, backgroundFit=<method-wrapper '__getattribute__' of attributeSetter object at 0x164eca890>, backgroundImage=<method-wrapper '__getattribute__' of attributeSetter object at 0x164eca8f0>, bitsMode=UNKNOWN, blendMode='avg', bpc=(8, 8, 8), color=array([-1., -1., -1.]), colorSpace='rgb', depthBits=8, fullscr=<method-wrapper '__getattribute__' of attributeSetter object at 0x164ecaaa0>, gamma=None, gammaErrorPolicy='raise', infoMsg=UNKNOWN, lms=UNKNOWN, monitor=<psychopy.monitors.calibTools.Monitor object at 0x164cfbf10>, multiSample=False, name='window1', numSamples=2, pos=[360.0, 225.0], screen=0, size=array([2880, 1800]), stencilBits=0, stereo=False, title='PsychoPy', units='height', useFBO=True, useRetina=True, viewOri=0.0, viewPos=None, viewScale=None, waitBlanking=True, winType='pyglet')
23.3650 	EXP 	window1: mouseVisible = True
23.3650 	EXP 	window1: backgroundImage = ''
23.3650 	EXP 	window1: backgroundFit = 'none'
23.3652 	EXP 	window1: mouseVisible = True
23.3655 	EXP 	window1: mouseVisible = True
23.3677 	EXP 	window1: mouseVisible = True
23.3682 	EXP 	window1: mouseVisible = True
23.4071 	EXP 	window1: mouseVisible = True
23.4072 	EXP 	window1: mouseVisible = True
23.4077 	EXP 	window1: mouseVisible = True
23.4081 	EXP 	window1: mouseVisible = True
23.4214 	EXP 	window1: Attempting to measure frame rate of screen (0) ...
23.4215 	EXP 	window1: recordFrameIntervals = False
23.8087 	EXP 	window1: recordFrameIntervals = True
24.0682 	WARNING 	t of last frame was 36.45ms (=1/27)
24.2088 	WARNING 	t of last frame was 21.93ms (=1/45)
24.5432 	EXP 	Screen (0) actual frame rate measured at 120.41Hz
24.5433 	EXP 	window1: recordFrameIntervals = False
24.5449 	EXP 	window1: mouseVisible = False
26.8229 	INFO 	keyboard.Keyboard is using ptb backend.
26.9301 	EXP 	TSST_fnirs_V4_FULL: status = STARTED
26.9315 	EXP 	window1: mouseVisible = True
26.9796 	EXP 	Created ctl1_instruction_text = TextStim(__class__=<class 'psychopy.visual.text.TextStim'>, alignHoriz=method-wrapper(...), alignText='center', alignVert=method-wrapper(...), anchorHoriz='center', anchorVert='center', antialias=True, autoDraw=False, autoLog=True, bold=False, color=array([1., 1., 1.]), colorSpace='rgb', contrast=1.0, depth=0.0, draggable=False, flipHoriz=False, flipVert=False, font='Arial', fontFiles=[], height=0.05, italic=False, languageStyle='LTR', name='ctl1_instruction_text', opacity=1.0, ori=0.0, pos=array([0., 0.]), rgb=UNKNOWN, text=str(...), units='height', win=Window(...), wrapWidth=1)
27.4436 	INFO 	keyboard.Keyboard is using ptb backend.
27.4449 	EXP 	window1: mouseVisible = False
27.5327 	EXP 	Sound start_tone set volume 1.000
27.5330 	EXP 	window1: mouseVisible = True
27.5343 	EXP 	Created read_number = TextStim(__class__=<class 'psychopy.visual.text.TextStim'>, alignHoriz=method-wrapper(...), alignText='center', alignVert=method-wrapper(...), anchorHoriz='center', anchorVert='center', antialias=True, autoDraw=False, autoLog=True, bold=False, color=array([1., 1., 1.]), colorSpace='rgb', contrast=1.0, depth=-2.0, draggable=False, flipHoriz=False, flipVert=False, font='Arial', fontFiles=[], height=0.07, italic=False, languageStyle='LTR', name='read_number', opacity=1.0, ori=0.0, pos=array([0., 0.]), rgb=UNKNOWN, text='', units='height', win=Window(...), wrapWidth=1)
27.5345 	EXP 	Sound start_pause_tone set volume 1.000
27.5346 	EXP 	window1: mouseVisible = True
27.5354 	EXP 	Created read_pausing = TextStim(__class__=<class 'psychopy.visual.text.TextStim'>, alignHoriz=method-wrapper(...), alignText='center', alignVert=method-wrapper(...), anchorHoriz='center', anchorVert='center', antialias=True, autoDraw=False, autoLog=True, bold=False, color=array([1., 1., 1.]), colorSpace='rgb', contrast=1.0, depth=-1.0, draggable=False, flipHoriz=False, flipVert=False, font='Arial', fontFiles=[], height=0.07, italic=False, languageStyle='LTR', name='read_pausing', opacity=1.0, ori=0.0, pos=array([0., 0.]), rgb=UNKNOWN, text='', units='height', win=Window(...), wrapWidth=1)
27.5355 	EXP 	window1: mouseVisible = True
27.5485 	EXP 	Created ctl2_instruction_text = TextStim(__class__=<class 'psychopy.visual.text.TextStim'>, alignHoriz=method-wrapper(...), alignText='center', alignVert=method-wrapper(...), anchorHoriz='center', anchorVert='center', antialias=True, autoDraw=False, autoLog=True, bold=False, color=array([1., 1., 1.]), colorSpace='rgb', contrast=1.0, depth=0.0, draggable=False, flipHoriz=False, flipVert=False, font='Arial', fontFiles=[], height=0.05, italic=False, languageStyle='LTR', name='ctl2_instruction_text', opacity=1.0, ori=0.0, pos=array([0., 0.]), rgb=UNKNOWN, text=str(...), units='height', win=Window(...), wrapWidth=1)
27.5487 	EXP 	Sound start_tone_2 set volume 1.000
27.5489 	EXP 	window1: mouseVisible = True
27.5496 	EXP 	Created subtract_number = TextStim(__class__=<class 'psychopy.visual.text.TextStim'>, alignHoriz=method-wrapper(...), alignText='center', alignVert=method-wrapper(...), anchorHoriz='center', anchorVert='center', antialias=True, autoDraw=False, autoLog=True, bold=False, color=array([1., 1., 1.]), colorSpace='rgb', contrast=1.0, depth=-2.0, draggable=False, flipHoriz=False, flipVert=False, font='Arial', fontFiles=[], height=0.07, italic=False, languageStyle='LTR', name='subtract_number', opacity=1.0, ori=0.0, pos=array([0., 0.]), rgb=UNKNOWN, text='', units='height', win=Window(...), wrapWidth=1)
27.5498 	EXP 	Sound start_pause_tone_2 set volume 1.000
27.5499 	EXP 	window1: mouseVisible = True
27.5506 	EXP 	Created subtract_pausing = TextStim(__class__=<class 'psychopy.visual.text.TextStim'>, alignHoriz=method-wrapper(...), alignText='center', alignVert=method-wrapper(...), anchorHoriz='center', anchorVert='center', antialias=True, autoDraw=False, autoLog=True, bold=False, color=array([1., 1., 1.]), colorSpace='rgb', contrast=1.0, depth=-1.0, draggable=False, flipHoriz=False, flipVert=False, font='Arial', fontFiles=[], height=0.07, italic=False, languageStyle='LTR', name='subtract_pausing', opacity=1.0, ori=0.0, pos=array([0., 0.]), rgb=UNKNOWN, text='', units='height', win=Window(...), wrapWidth=1)
27.5507 	EXP 	window1: mouseVisible = True
27.5532 	EXP 	Created task_end_text = TextStim(__class__=<class 'psychopy.visual.text.TextStim'>, alignHoriz=method-wrapper(...), alignText='center', alignVert=method-wrapper(...), anchorHoriz='center', anchorVert='center', antialias=True, autoDraw=False, autoLog=True, bold=False, color=array([1., 1., 1.]), colorSpace='rgb', contrast=1.0, depth=0.0, draggable=False, flipHoriz=False, flipVert=False, font='Arial', fontFiles=[], height=0.05, italic=False, languageStyle='LTR', name='task_end_text', opacity=1.0, ori=0.0, pos=array([0., 0.]), rgb=UNKNOWN, text='Please wait for the next task to begin..', units='height', win=Window(...), wrapWidth=1)
27.5533 	EXP 	window1: mouseVisible = True
27.5563 	EXP 	Created tsst_instruction_text = TextStim(__class__=<class 'psychopy.visual.text.TextStim'>, alignHoriz=method-wrapper(...), alignText='center', alignVert=method-wrapper(...), anchorHoriz='center', anchorVert='center', antialias=True, autoDraw=False, autoLog=True, bold=False, color=array([1., 1., 1.]), colorSpace='rgb', contrast=1.0, depth=0.0, draggable=False, flipHoriz=False, flipVert=False, font='Arial', fontFiles=[], height=0.05, italic=False, languageStyle='LTR', name='tsst_instruction_text', opacity=1.0, ori=0.0, pos=array([0., 0.]), rgb=UNKNOWN, text=str(...), units='height', win=Window(...), wrapWidth=1)
27.5567 	EXP 	Sound start_tone_3 set volume 1.000
27.5567 	EXP 	window1: mouseVisible = True
27.5575 	EXP 	Created subtract_number_TSST = TextStim(__class__=<class 'psychopy.visual.text.TextStim'>, alignHoriz=method-wrapper(...), alignText='center', alignVert=method-wrapper(...), anchorHoriz='center', anchorVert='center', antialias=True, autoDraw=False, autoLog=True, bold=False, color=array([1., 1., 1.]), colorSpace='rgb', contrast=1.0, depth=-1.0, draggable=False, flipHoriz=False, flipVert=False, font='Arial', fontFiles=[], height=0.07, italic=False, languageStyle='LTR', name='subtract_number_TSST', opacity=1.0, ori=0.0, pos=array([0., 0.]), rgb=UNKNOWN, text='', units='height', win=Window(...), wrapWidth=1)
27.5577 	EXP 	Sound tsst_start_pause_tone set volume 1.000
27.5577 	EXP 	window1: mouseVisible = True
27.5584 	EXP 	Created subtract_pausing_TSST = TextStim(__class__=<class 'psychopy.visual.text.TextStim'>, alignHoriz=method-wrapper(...), alignText='center', alignVert=method-wrapper(...), anchorHoriz='center', anchorVert='center', antialias=True, autoDraw=False, autoLog=True, bold=False, color=array([1., 1., 1.]), colorSpace='rgb', contrast=1.0, depth=-1.0, draggable=False, flipHoriz=False, flipVert=False, font='Arial', fontFiles=[], height=0.07, italic=False, languageStyle='LTR', name='subtract_pausing_TSST', opacity=1.0, ori=0.0, pos=array([0., 0.]), rgb=UNKNOWN, text='', units='height', win=Window(...), wrapWidth=1)
27.5585 	EXP 	window1: mouseVisible = True
27.5625 	EXP 	Created finished_text = TextStim(__class__=<class 'psychopy.visual.text.TextStim'>, alignHoriz=method-wrapper(...), alignText='center', alignVert=method-wrapper(...), anchorHoriz='center', anchorVert='center', antialias=True, autoDraw=False, autoLog=True, bold=False, color=array([1., 1., 1.]), colorSpace='rgb', contrast=1.0, depth=0.0, draggable=False, flipHoriz=False, flipVert=False, font='Arial', fontFiles=[], height=0.05, italic=False, languageStyle='LTR', name='finished_text', opacity=1.0, ori=0.0, pos=array([0., 0.]), rgb=UNKNOWN, text=str(...), units='height', win=Window(...), wrapWidth=1)
0.0090 	INFO 	Keyboard events cleared
0.0103 	EXP 	window1: mouseVisible = False
0.0285 	EXP 	ctl1_instruction_text: autoDraw = True
1.0463 	INFO 	Keyboard events cleared
1.0495 	EXP 	Created sequence: sequential, trialTypes=1, nReps=6, seed=None
1.0497 	EXP 	New trial (rep=0, index=0): None
1.0501 	EXP 	window1: mouseVisible = False
1.0501 	INFO 	Keyboard events cleared
1.0635 	EXP 	Sound start_tone started
1.0618 	DATA 	Keypress: return
1.0661 	EXP 	ctl1_instruction_text: autoDraw = False
1.0661 	EXP 	read_number: height = 0.07
1.0661 	EXP 	read_number: height = 0.07
1.0661 	EXP 	read_number: height = 0.07
1.0661 	EXP 	read_number: text = 1022
1.2342 	EXP 	read_number: autoDraw = True
1.2546 	EXP 	Sound start_tone stopped
2.7404 	EXP 	window1: mouseVisible = False
2.7405 	INFO 	Keyboard events cleared
2.7405 	EXP 	window1: mouseVisible = False
2.7487 	DATA 	Keypress: s
2.7539 	EXP 	read_number: autoDraw = False
2.7539 	EXP 	read_pausing: height = 0.07
2.7539 	EXP 	read_pausing: height = 0.07
2.7539 	EXP 	read_pausing: height = 0.07
2.7539 	EXP 	read_pausing: text = 'PAUSE'
2.7539 	EXP 	read_pausing: autoDraw = False
2.7539 	EXP 	ctl2_instruction_text: autoDraw = True
4.9309 	INFO 	Keyboard events cleared
5.0796 	EXP 	window1: mouseVisible = True
5.0838 	INFO 	saved data to /Users/Isaac/Documents/fNIRS_TSST_PsychoPy/builder_files/data/767825_TSST_fnirs_V4_FULL_2025-11-04_14h09.17.310.psydat
5.0843 	INFO 	saved data to '/Users/Isaac/Documents/fNIRS_TSST_PsychoPy/builder_files/data/767825_TSST_fnirs_V4_FULL_2025-11-04_14h09.17.310.csv'
5.0893 	WARNING 	Stopping key buffers but this could be dangerous ifother keyboards rely on the same.
5.0894 	WARNING 	Stopping key buffers but this could be dangerous ifother keyboards rely on the same.
