5.1458 	INFO 	Loaded monitor calibration from ['2024_08_14 14:13']
5.1499 	WARNING 	Requested an unavailable screen number - using first available.
5.3278 	WARNING 	User requested fullscreen with size [1440  900], but screen is actually [2160, 3840]. Using actual size
5.5777 	INFO 	Using renderer 'NVIDIA GeForce GTX 1660/PCIe/SSE2' for graphics
5.5778 	INFO 	OpenGL version supported by driver is 4..
5.6102 	EXP 	Created window1 = Window(allowGUI=True, allowStencil=False, autoLog=True, backendConf=UNKNOWN, backgroundFit=<method-wrapper '__getattribute__' of attributeSetter object at 0x000002379C9F8BB0>, backgroundImage=<method-wrapper '__getattribute__' of attributeSetter object at 0x000002379C9F8B50>, bitsMode=UNKNOWN, blendMode='avg', bpc=(8, 8, 8), color=array([-1., -1., -1.]), colorSpace='rgb', depthBits=8, fullscr=True, gamma=None, gammaErrorPolicy='raise', infoMsg=UNKNOWN, lms=UNKNOWN, monitor=<psychopy.monitors.calibTools.Monitor object at 0x000002379CAE1960>, multiSample=False, name='window1', numSamples=2, pos=[np.float64(0.0), np.float64(0.0)], screen=4, size=array([2160, 3840]), stencilBits=0, stereo=False, title='PsychoPy', units='height', useFBO=True, useRetina=False, viewOri=0.0, viewPos=None, viewScale=None, waitBlanking=True, winType='pyglet')
5.6102 	EXP 	window1: backgroundImage = ''
5.6103 	EXP 	window1: backgroundFit = 'none'
6.5263 	EXP 	window1: Attempting to measure frame rate of screen (4) ...
6.5263 	EXP 	window1: recordFrameIntervals = False
6.8151 	EXP 	window1: recordFrameIntervals = True
6.8816 	WARNING 	t of last frame was 33.32ms (=1/30)
6.9150 	WARNING 	t of last frame was 33.36ms (=1/29)
6.9483 	WARNING 	t of last frame was 33.31ms (=1/30)
6.9817 	WARNING 	t of last frame was 33.39ms (=1/29)
7.0150 	WARNING 	Multiple dropped frames have occurred - I'll stop bothering you about them!
7.1817 	EXP 	Screen (4) actual frame rate measured at 30.01Hz
7.1818 	EXP 	window1: recordFrameIntervals = False
8.2476 	INFO 	keyboard.Keyboard is using ptb backend.
8.3086 	WARNING 	No default speaker specified in Preferences / Hardware, using first speaker found: BenQ LCD (NVIDIA High Definition Audio)
8.3259 	INFO 	Created stream for speaker device: BenQ LCD (NVIDIA High Definition Audio) (8.0)
8.3274 	WARNING 	No default speaker specified in Preferences / Hardware, using first speaker found: BenQ LCD (NVIDIA High Definition Audio)
8.3322 	INFO 	Created stream for speaker device: BenQ LCD (NVIDIA High Definition Audio) (8.0)
8.3335 	WARNING 	No default speaker specified in Preferences / Hardware, using first speaker found: BenQ LCD (NVIDIA High Definition Audio)
8.3382 	INFO 	Created stream for speaker device: BenQ LCD (NVIDIA High Definition Audio) (8.0)
8.3396 	WARNING 	No default speaker specified in Preferences / Hardware, using first speaker found: BenQ LCD (NVIDIA High Definition Audio)
8.3444 	INFO 	Created stream for speaker device: BenQ LCD (NVIDIA High Definition Audio) (8.0)
8.3456 	EXP 	TSST_fnirs_V4_CONTROL: status = STARTED
8.4869 	EXP 	Created ctl1_instruction_text = TextStim(__class__=<class 'psychopy.visual.text.TextStim'>, alignHoriz=method-wrapper(...), alignText='center', alignVert=method-wrapper(...), anchorHoriz='center', anchorVert='center', antialias=True, autoDraw=False, autoLog=True, bold=False, color=array([1., 1., 1.]), colorSpace='rgb', contrast=1.0, depth=0.0, draggable=False, flipHoriz=False, flipVert=False, font='Arial', fontFiles=[], height=np.float64(0.05), italic=False, languageStyle='LTR', name='ctl1_instruction_text', opacity=1, ori=0.0, pos=array([0., 0.]), rgb=UNKNOWN, text=str(...), units='height', win=Window(...), wrapWidth=1)
8.4870 	INFO 	keyboard.Keyboard is using ptb backend.
8.4871 	EXP 	start_tone: sampleRate = 48000
8.4871 	EXP 	start_tone: channels = None
8.4875 	EXP 	Sound start_tone set volume 1.000
8.4888 	EXP 	Created read_number = TextStim(__class__=<class 'psychopy.visual.text.TextStim'>, alignHoriz=method-wrapper(...), alignText='center', alignVert=method-wrapper(...), anchorHoriz='center', anchorVert='center', antialias=True, autoDraw=False, autoLog=True, bold=False, color=array([1., 1., 1.]), colorSpace='rgb', contrast=1.0, depth=-2.0, draggable=False, flipHoriz=False, flipVert=False, font='Arial', fontFiles=[], height=0.07, italic=False, languageStyle='LTR', name='read_number', opacity=1, ori=0.0, pos=array([0., 0.]), rgb=UNKNOWN, text='', units='height', win=Window(...), wrapWidth=1)
8.4888 	EXP 	start_pause_tone: sampleRate = 48000
8.4888 	EXP 	start_pause_tone: channels = None
8.4891 	EXP 	Sound start_pause_tone set volume 1.000
8.4900 	EXP 	Created read_pausing = TextStim(__class__=<class 'psychopy.visual.text.TextStim'>, alignHoriz=method-wrapper(...), alignText='center', alignVert=method-wrapper(...), anchorHoriz='center', anchorVert='center', antialias=True, autoDraw=False, autoLog=True, bold=False, color=array([1., 1., 1.]), colorSpace='rgb', contrast=1.0, depth=-1.0, draggable=False, flipHoriz=False, flipVert=False, font='Arial', fontFiles=[], height=0.07, italic=False, languageStyle='LTR', name='read_pausing', opacity=1, ori=0.0, pos=array([0., 0.]), rgb=UNKNOWN, text='', units='height', win=Window(...), wrapWidth=1)
8.5859 	EXP 	Created ctl2_instruction_text = TextStim(__class__=<class 'psychopy.visual.text.TextStim'>, alignHoriz=method-wrapper(...), alignText='center', alignVert=method-wrapper(...), anchorHoriz='center', anchorVert='center', antialias=True, autoDraw=False, autoLog=True, bold=False, color=array([1., 1., 1.]), colorSpace='rgb', contrast=1.0, depth=0.0, draggable=False, flipHoriz=False, flipVert=False, font='Arial', fontFiles=[], height=np.float64(0.05), italic=False, languageStyle='LTR', name='ctl2_instruction_text', opacity=1, ori=0.0, pos=array([0., 0.]), rgb=UNKNOWN, text=str(...), units='height', win=Window(...), wrapWidth=1)
8.5859 	EXP 	start_tone_2: sampleRate = 48000
8.5859 	EXP 	start_tone_2: channels = None
8.5862 	EXP 	Sound start_tone_2 set volume 1.000
8.5873 	EXP 	Created subtract_number = TextStim(__class__=<class 'psychopy.visual.text.TextStim'>, alignHoriz=method-wrapper(...), alignText='center', alignVert=method-wrapper(...), anchorHoriz='center', anchorVert='center', antialias=True, autoDraw=False, autoLog=True, bold=False, color=array([1., 1., 1.]), colorSpace='rgb', contrast=1.0, depth=-2.0, draggable=False, flipHoriz=False, flipVert=False, font='Arial', fontFiles=[], height=0.07, italic=False, languageStyle='LTR', name='subtract_number', opacity=1, ori=0.0, pos=array([0., 0.]), rgb=UNKNOWN, text='', units='height', win=Window(...), wrapWidth=1)
8.5873 	EXP 	start_pause_tone_2: sampleRate = 48000
8.5873 	EXP 	start_pause_tone_2: channels = None
8.5876 	EXP 	Sound start_pause_tone_2 set volume 1.000
8.5886 	EXP 	Created subtract_pausing = TextStim(__class__=<class 'psychopy.visual.text.TextStim'>, alignHoriz=method-wrapper(...), alignText='center', alignVert=method-wrapper(...), anchorHoriz='center', anchorVert='center', antialias=True, autoDraw=False, autoLog=True, bold=False, color=array([1., 1., 1.]), colorSpace='rgb', contrast=1.0, depth=-1.0, draggable=False, flipHoriz=False, flipVert=False, font='Arial', fontFiles=[], height=0.07, italic=False, languageStyle='LTR', name='subtract_pausing', opacity=1, ori=0.0, pos=array([0., 0.]), rgb=UNKNOWN, text='', units='height', win=Window(...), wrapWidth=1)
8.5987 	EXP 	Created task_end_text = TextStim(__class__=<class 'psychopy.visual.text.TextStim'>, alignHoriz=method-wrapper(...), alignText='center', alignVert=method-wrapper(...), anchorHoriz='center', anchorVert='center', antialias=True, autoDraw=False, autoLog=True, bold=False, color=array([1., 1., 1.]), colorSpace='rgb', contrast=1.0, depth=0.0, draggable=False, flipHoriz=False, flipVert=False, font='Arial', fontFiles=[], height=np.float64(0.05), italic=False, languageStyle='LTR', name='task_end_text', opacity=1, ori=0.0, pos=array([0., 0.]), rgb=UNKNOWN, text='Please wait for the next task to begin..', units='height', win=Window(...), wrapWidth=1)
0.0008 	DATA 	Keypress: escape
0.0765 	INFO 	Keyboard events cleared
0.0851 	EXP 	ctl1_instruction_text: autoDraw = True
0.2872 	EXP 	Device response: <KeyPress from None: t=0.2739946000000373, value=escape, duration=None>
0.2922 	DATA 	Keypress: escape
0.3830 	EXP 	Device response: <KeyPress from None: t=0.2739946000000373, value=escape, duration=0.09597680000001674>
0.3830 	EXP 	TSST_fnirs_V4_CONTROL: status = STOPPED
0.4161 	EXP 	ctl1_instruction_text: autoDraw = False
0.4162 	EXP 	TSST_fnirs_V4_CONTROL: status = STOPPED
0.4234 	INFO 	saved data to 'c:\\Users\\neuro\\GitHub\\fNIRS_TSST_PsychoPy\\builder_files\\data\\858444_TSST_fnirs_V4_CONTROL_2025-12-09_17h08.30.128.csv'
0.4241 	INFO 	saved data to c:\Users\neuro\GitHub\fNIRS_TSST_PsychoPy\builder_files\data\858444_TSST_fnirs_V4_CONTROL_2025-12-09_17h08.30.128.psydat
0.6993 	WARNING 	Stopping key buffers but this could be dangerous ifother keyboards rely on the same.
0.7723 	WARNING 	Stopping key buffers but this could be dangerous ifother keyboards rely on the same.
