4.7413 	INFO 	Loaded monitor calibration from ['2024_08_14 14:13']
4.9481 	WARNING 	User requested fullscreen with size [1440  900], but screen is actually [2160, 3840]. Using actual size
5.2663 	EXP 	Created window1 = Window(allowGUI=True, allowStencil=False, autoLog=True, backendConf=UNKNOWN, backgroundFit=<method-wrapper '__getattribute__' of attributeSetter object at 0x000001E12EF25400>, backgroundImage=<method-wrapper '__getattribute__' of attributeSetter object at 0x000001E12EF253A0>, bitsMode=UNKNOWN, blendMode='avg', bpc=(8, 8, 8), color=array([-1., -1., -1.]), colorSpace='rgb', depthBits=8, fullscr=<method-wrapper '__getattribute__' of attributeSetter object at 0x000001E12EF251F0>, gamma=None, gammaErrorPolicy='raise', infoMsg=UNKNOWN, lms=UNKNOWN, monitor=<psychopy.monitors.calibTools.Monitor object at 0x000001E12F04BA30>, multiSample=False, name='window1', numSamples=2, pos=[0.0, 0.0], screen=1, size=array([2160, 3840]), stencilBits=0, stereo=False, title='PsychoPy', units='height', useFBO=True, useRetina=False, viewOri=0.0, viewPos=None, viewScale=None, waitBlanking=True, winType='pyglet')
5.2663 	EXP 	window1: backgroundImage = ''
5.2663 	EXP 	window1: backgroundFit = 'none'
5.2666 	EXP 	window1: mouseVisible = <method-wrapper '__getattribute__' of attributeSetter object at 0x000001E12EF25520>
5.2667 	EXP 	window1: mouseVisible = <method-wrapper '__getattribute__' of attributeSetter object at 0x000001E12EF25520>
5.2698 	EXP 	window1: mouseVisible = <method-wrapper '__getattribute__' of attributeSetter object at 0x000001E12EF25520>
5.2708 	EXP 	window1: mouseVisible = <method-wrapper '__getattribute__' of attributeSetter object at 0x000001E12EF25520>
5.7231 	EXP 	window1: mouseVisible = <method-wrapper '__getattribute__' of attributeSetter object at 0x000001E12EF25520>
5.7232 	EXP 	window1: mouseVisible = <method-wrapper '__getattribute__' of attributeSetter object at 0x000001E12EF25520>
5.7241 	EXP 	window1: mouseVisible = <method-wrapper '__getattribute__' of attributeSetter object at 0x000001E12EF25520>
5.7249 	EXP 	window1: mouseVisible = <method-wrapper '__getattribute__' of attributeSetter object at 0x000001E12EF25520>
5.8485 	EXP 	window1: Attempting to measure frame rate of screen (1) ...
5.8485 	EXP 	window1: recordFrameIntervals = False
5.9941 	EXP 	window1: recordFrameIntervals = True
6.1774 	EXP 	Screen (1) actual frame rate measured at 60.03Hz
6.1774 	EXP 	window1: recordFrameIntervals = False
6.1775 	EXP 	window1: mouseVisible = False
7.2437 	INFO 	keyboard.Keyboard is using ptb backend.
7.3055 	EXP 	TSST_fnirs_V4_CONTROL: status = STARTED
7.3060 	EXP 	window1: mouseVisible = False
7.4432 	EXP 	Created ctl1_instruction_text = TextStim(__class__=<class 'psychopy.visual.text.TextStim'>, alignHoriz=method-wrapper(...), alignText='center', alignVert=method-wrapper(...), anchorHoriz='center', anchorVert='center', antialias=True, autoDraw=False, autoLog=True, bold=False, color=array([1., 1., 1.]), colorSpace='rgb', contrast=1.0, depth=0.0, draggable=False, flipHoriz=False, flipVert=False, font='Arial', fontFiles=[], height=0.05, italic=False, languageStyle='LTR', name='ctl1_instruction_text', opacity=1, ori=0.0, pos=array([0., 0.]), rgb=UNKNOWN, text=str(...), units='height', win=Window(...), wrapWidth=1)
7.4433 	INFO 	keyboard.Keyboard is using ptb backend.
7.4436 	EXP 	window1: mouseVisible = False
7.4667 	EXP 	Sound start_tone set volume 1.000
7.4669 	EXP 	window1: mouseVisible = False
7.4683 	EXP 	Created read_number = TextStim(__class__=<class 'psychopy.visual.text.TextStim'>, alignHoriz=method-wrapper(...), alignText='center', alignVert=method-wrapper(...), anchorHoriz='center', anchorVert='center', antialias=True, autoDraw=False, autoLog=True, bold=False, color=array([1., 1., 1.]), colorSpace='rgb', contrast=1.0, depth=-2.0, draggable=False, flipHoriz=False, flipVert=False, font='Arial', fontFiles=[], height=0.07, italic=False, languageStyle='LTR', name='read_number', opacity=1, ori=0.0, pos=array([0., 0.]), rgb=UNKNOWN, text='', units='height', win=Window(...), wrapWidth=1)
7.4687 	EXP 	Sound start_pause_tone set volume 1.000
7.4687 	EXP 	window1: mouseVisible = False
7.4696 	EXP 	Created read_pausing = TextStim(__class__=<class 'psychopy.visual.text.TextStim'>, alignHoriz=method-wrapper(...), alignText='center', alignVert=method-wrapper(...), anchorHoriz='center', anchorVert='center', antialias=True, autoDraw=False, autoLog=True, bold=False, color=array([1., 1., 1.]), colorSpace='rgb', contrast=1.0, depth=-1.0, draggable=False, flipHoriz=False, flipVert=False, font='Arial', fontFiles=[], height=0.07, italic=False, languageStyle='LTR', name='read_pausing', opacity=1, ori=0.0, pos=array([0., 0.]), rgb=UNKNOWN, text='', units='height', win=Window(...), wrapWidth=1)
7.4697 	EXP 	window1: mouseVisible = False
7.5604 	EXP 	Created ctl2_instruction_text = TextStim(__class__=<class 'psychopy.visual.text.TextStim'>, alignHoriz=method-wrapper(...), alignText='center', alignVert=method-wrapper(...), anchorHoriz='center', anchorVert='center', antialias=True, autoDraw=False, autoLog=True, bold=False, color=array([1., 1., 1.]), colorSpace='rgb', contrast=1.0, depth=0.0, draggable=False, flipHoriz=False, flipVert=False, font='Arial', fontFiles=[], height=0.05, italic=False, languageStyle='LTR', name='ctl2_instruction_text', opacity=1, ori=0.0, pos=array([0., 0.]), rgb=UNKNOWN, text=str(...), units='height', win=Window(...), wrapWidth=1)
7.5607 	EXP 	Sound start_tone_2 set volume 1.000
7.5608 	EXP 	window1: mouseVisible = False
7.5618 	EXP 	Created subtract_number = TextStim(__class__=<class 'psychopy.visual.text.TextStim'>, alignHoriz=method-wrapper(...), alignText='center', alignVert=method-wrapper(...), anchorHoriz='center', anchorVert='center', antialias=True, autoDraw=False, autoLog=True, bold=False, color=array([1., 1., 1.]), colorSpace='rgb', contrast=1.0, depth=-2.0, draggable=False, flipHoriz=False, flipVert=False, font='Arial', fontFiles=[], height=0.07, italic=False, languageStyle='LTR', name='subtract_number', opacity=1, ori=0.0, pos=array([0., 0.]), rgb=UNKNOWN, text='', units='height', win=Window(...), wrapWidth=1)
7.5621 	EXP 	Sound start_pause_tone_2 set volume 1.000
7.5622 	EXP 	window1: mouseVisible = False
7.5631 	EXP 	Created subtract_pausing = TextStim(__class__=<class 'psychopy.visual.text.TextStim'>, alignHoriz=method-wrapper(...), alignText='center', alignVert=method-wrapper(...), anchorHoriz='center', anchorVert='center', antialias=True, autoDraw=False, autoLog=True, bold=False, color=array([1., 1., 1.]), colorSpace='rgb', contrast=1.0, depth=-1.0, draggable=False, flipHoriz=False, flipVert=False, font='Arial', fontFiles=[], height=0.07, italic=False, languageStyle='LTR', name='subtract_pausing', opacity=1, ori=0.0, pos=array([0., 0.]), rgb=UNKNOWN, text='', units='height', win=Window(...), wrapWidth=1)
7.5631 	EXP 	window1: mouseVisible = False
7.6263 	EXP 	Created task_end_text = TextStim(__class__=<class 'psychopy.visual.text.TextStim'>, alignHoriz=method-wrapper(...), alignText='center', alignVert=method-wrapper(...), anchorHoriz='center', anchorVert='center', antialias=True, autoDraw=False, autoLog=True, bold=False, color=array([1., 1., 1.]), colorSpace='rgb', contrast=1.0, depth=0.0, draggable=False, flipHoriz=False, flipVert=False, font='Arial', fontFiles=[], height=0.05, italic=False, languageStyle='LTR', name='task_end_text', opacity=1, ori=0.0, pos=array([0., 0.]), rgb=UNKNOWN, text='Please wait for the next task to begin..', units='height', win=Window(...), wrapWidth=1)
0.0008 	DATA 	Keypress: escape
0.0676 	INFO 	Keyboard events cleared
0.0677 	EXP 	window1: mouseVisible = False
0.0760 	EXP 	ctl1_instruction_text: autoDraw = True
1.1559 	DATA 	Keypress: escape
1.3511 	EXP 	TSST_fnirs_V4_CONTROL: status = STOPPED
1.3676 	EXP 	ctl1_instruction_text: autoDraw = False
1.3677 	EXP 	TSST_fnirs_V4_CONTROL: status = STOPPED
1.3747 	INFO 	saved data to 'c:\\Users\\neuro\\GitHub\\fNIRS_TSST_PsychoPy\\builder_files\\data/879756_TSST_fnirs_V4_CONTROL_2025-12-09_16h28.16.836.csv'
1.3755 	INFO 	saved data to c:\Users\neuro\GitHub\fNIRS_TSST_PsychoPy\builder_files\data/879756_TSST_fnirs_V4_CONTROL_2025-12-09_16h28.16.836.psydat
1.4266 	EXP 	window1: mouseVisible = True
1.4684 	WARNING 	Stopping key buffers but this could be dangerous ifother keyboards rely on the same.
1.5494 	WARNING 	Stopping key buffers but this could be dangerous ifother keyboards rely on the same.
