15.1798 	WARNING 	Font Manager failed to load file /System/Library/PrivateFrameworks/FontServices.framework/Resources/Reserved/PingFangUI.ttc
79.5094 	INFO 	Loaded monitor calibration from ['2025_10_16 07:47']
79.8364 	EXP 	Created window1 = Window(allowGUI=True, allowStencil=False, autoLog=True, backendConf=UNKNOWN, backgroundFit=<method-wrapper '__getattribute__' of attributeSetter object at 0x164f834f0>, backgroundImage=<method-wrapper '__getattribute__' of attributeSetter object at 0x164f83550>, bitsMode=UNKNOWN, blendMode='avg', bpc=(8, 8, 8), color=array([-1., -1., -1.]), colorSpace='rgb', depthBits=8, fullscr=<method-wrapper '__getattribute__' of attributeSetter object at 0x164f83700>, gamma=None, gammaErrorPolicy='raise', infoMsg=UNKNOWN, lms=UNKNOWN, monitor=<psychopy.monitors.calibTools.Monitor object at 0x164d8acb0>, multiSample=False, name='window1', numSamples=2, pos=[360.0, 225.0], screen=0, size=array([2880, 1800]), stencilBits=0, stereo=False, title='PsychoPy', units='height', useFBO=True, useRetina=True, viewOri=0.0, viewPos=None, viewScale=None, waitBlanking=True, winType='pyglet')
79.8365 	EXP 	window1: mouseVisible = True
79.8365 	EXP 	window1: backgroundImage = ''
79.8365 	EXP 	window1: backgroundFit = 'none'
79.8367 	EXP 	window1: mouseVisible = True
79.8369 	EXP 	window1: mouseVisible = True
79.8399 	EXP 	window1: mouseVisible = True
79.8403 	EXP 	window1: mouseVisible = True
79.8781 	EXP 	window1: mouseVisible = True
79.8782 	EXP 	window1: mouseVisible = True
79.8787 	EXP 	window1: mouseVisible = True
79.8791 	EXP 	window1: mouseVisible = True
79.8922 	EXP 	window1: Attempting to measure frame rate of screen (0) ...
79.8923 	EXP 	window1: recordFrameIntervals = False
80.2693 	EXP 	window1: recordFrameIntervals = True
80.5532 	WARNING 	t of last frame was 38.45ms (=1/26)
81.1480 	WARNING 	Couldn't measure a consistent frame rate!
  - Is your graphics card set to sync to vertical blank?
  - Are you running other processes on your computer?

81.1491 	EXP 	window1: mouseVisible = False
83.4471 	INFO 	keyboard.Keyboard is using ptb backend.
83.4471 	EXP 	TSST_fnirs_V4_ARITH: status = STARTED
83.4476 	EXP 	window1: mouseVisible = True
83.4847 	EXP 	Created tsst_instruction_text = TextStim(__class__=<class 'psychopy.visual.text.TextStim'>, alignHoriz=method-wrapper(...), alignText='center', alignVert=method-wrapper(...), anchorHoriz='center', anchorVert='center', antialias=True, autoDraw=False, autoLog=True, bold=False, color=array([1., 1., 1.]), colorSpace='rgb', contrast=1.0, depth=0.0, draggable=False, flipHoriz=False, flipVert=False, font='Arial', fontFiles=[], height=0.05, italic=False, languageStyle='LTR', name='tsst_instruction_text', opacity=1.0, ori=0.0, pos=array([0., 0.]), rgb=UNKNOWN, text=str(...), units='height', win=Window(...), wrapWidth=1)
83.9644 	INFO 	keyboard.Keyboard is using ptb backend.
84.2123 	EXP 	Sound  set volume 1.000
84.2125 	EXP 	Sound  set volume 1.000
84.2127 	EXP 	window1: mouseVisible = True
84.2139 	EXP 	Created subtract_number_TSST = TextStim(__class__=<class 'psychopy.visual.text.TextStim'>, alignHoriz=method-wrapper(...), alignText='center', alignVert=method-wrapper(...), anchorHoriz='center', anchorVert='center', antialias=True, autoDraw=False, autoLog=True, bold=False, color=array([1., 1., 1.]), colorSpace='rgb', contrast=1.0, depth=0.0, draggable=False, flipHoriz=False, flipVert=False, font='Arial', fontFiles=[], height=0.07, italic=False, languageStyle='LTR', name='subtract_number_TSST', opacity=1.0, ori=0.0, pos=array([0., 0.]), rgb=UNKNOWN, text='', units='height', win=Window(...), wrapWidth=1)
84.2140 	EXP 	window1: mouseVisible = True
84.2147 	EXP 	Created subtract_pausing_TSST = TextStim(__class__=<class 'psychopy.visual.text.TextStim'>, alignHoriz=method-wrapper(...), alignText='center', alignVert=method-wrapper(...), anchorHoriz='center', anchorVert='center', antialias=True, autoDraw=False, autoLog=True, bold=False, color=array([1., 1., 1.]), colorSpace='rgb', contrast=1.0, depth=0.0, draggable=False, flipHoriz=False, flipVert=False, font='Arial', fontFiles=[], height=0.07, italic=False, languageStyle='LTR', name='subtract_pausing_TSST', opacity=1.0, ori=0.0, pos=array([0., 0.]), rgb=UNKNOWN, text='', units='height', win=Window(...), wrapWidth=1)
84.2148 	EXP 	window1: mouseVisible = True
84.2197 	EXP 	Created finished_text = TextStim(__class__=<class 'psychopy.visual.text.TextStim'>, alignHoriz=method-wrapper(...), alignText='center', alignVert=method-wrapper(...), anchorHoriz='center', anchorVert='center', antialias=True, autoDraw=False, autoLog=True, bold=False, color=array([1., 1., 1.]), colorSpace='rgb', contrast=1.0, depth=0.0, draggable=False, flipHoriz=False, flipVert=False, font='Arial', fontFiles=[], height=0.05, italic=False, languageStyle='LTR', name='finished_text', opacity=1.0, ori=0.0, pos=array([0., 0.]), rgb=UNKNOWN, text=str(...), units='height', win=Window(...), wrapWidth=1)
0.0098 	INFO 	Keyboard events cleared
0.0143 	EXP 	window1: mouseVisible = False
0.0214 	EXP 	tsst_instruction_text: autoDraw = True
1.7315 	INFO 	Keyboard events cleared
1.7364 	EXP 	Imported stims/TSST_arith.xlsx as conditions, 6 conditions, 2 params
1.7375 	EXP 	Created sequence: sequential, trialTypes=6, nReps=1, seed=None
1.7376 	EXP 	New trial (rep=0, index=0): {'Block': 1, 'StartingNumber': 1039}
1.7429 	EXP 	window1: mouseVisible = False
1.7430 	EXP 	Sound  started
1.7525 	DATA 	Keypress: return
1.7569 	WARNING 	t of last frame was 277.93ms (=1/3)
1.7569 	EXP 	tsst_instruction_text: autoDraw = False
1.7569 	EXP 	subtract_number_TSST: height = 0.07
1.7569 	EXP 	subtract_number_TSST: height = 0.07
1.7569 	EXP 	subtract_number_TSST: height = 0.07
1.7569 	EXP 	subtract_number_TSST: text = 1039
1.7569 	EXP 	subtract_number_TSST: autoDraw = True
39.2457 	WARNING 	t of last frame was 23.57ms (=1/42)
41.7421 	EXP 	window1: mouseVisible = False
41.7422 	EXP 	Sound  started
41.7474 	EXP 	subtract_number_TSST: autoDraw = False
41.7474 	EXP 	subtract_pausing_TSST: height = 0.07
41.7474 	EXP 	subtract_pausing_TSST: height = 0.07
41.7474 	EXP 	subtract_pausing_TSST: height = 0.07
41.7474 	EXP 	subtract_pausing_TSST: text = 'PAUSE'
41.7474 	EXP 	subtract_pausing_TSST: autoDraw = True
61.7374 	EXP 	New trial (rep=0, index=1): {'Block': 2, 'StartingNumber': 828}
61.7419 	EXP 	window1: mouseVisible = False
61.7420 	EXP 	Sound  stopped
61.7420 	EXP 	Sound  started
61.7538 	EXP 	subtract_pausing_TSST: autoDraw = False
61.7538 	EXP 	subtract_number_TSST: height = 0.07
61.7538 	EXP 	subtract_number_TSST: height = 0.07
61.7538 	EXP 	subtract_number_TSST: height = 0.07
61.7538 	EXP 	subtract_number_TSST: text = 828
61.7538 	EXP 	subtract_number_TSST: autoDraw = True
62.9974 	EXP 	window1: mouseVisible = False
62.9976 	INFO 	Keyboard events cleared
62.9977 	EXP 	window1: mouseVisible = False
63.0148 	DATA 	Keypress: s
63.0195 	WARNING 	t of last frame was 23.61ms (=1/42)
63.0195 	EXP 	subtract_number_TSST: autoDraw = False
63.0195 	EXP 	subtract_pausing_TSST: text = 'PAUSE'
63.0195 	EXP 	subtract_pausing_TSST: autoDraw = False
63.0195 	EXP 	finished_text: autoDraw = True
64.0470 	INFO 	Keyboard events cleared
64.0490 	DATA 	Keypress: return
64.0528 	EXP 	finished_text: autoDraw = False
64.0528 	EXP 	TSST_fnirs_V4_ARITH: status = STOPPED
64.0559 	INFO 	saved data to '/Users/Isaac/Documents/fNIRS_TSST_PsychoPy/builder_files/data/894618_TSST_fnirs_V4_ARITH_2025-11-27_08h25.09.883.csv'
64.0585 	INFO 	saved data to /Users/Isaac/Documents/fNIRS_TSST_PsychoPy/builder_files/data/894618_TSST_fnirs_V4_ARITH_2025-11-27_08h25.09.883.psydat
64.0786 	WARNING 	Multiple dropped frames have occurred - I'll stop bothering you about them!
64.0933 	EXP 	window1: mouseVisible = True
64.3491 	WARNING 	Stopping key buffers but this could be dangerous ifother keyboards rely on the same.
64.3492 	WARNING 	Stopping key buffers but this could be dangerous ifother keyboards rely on the same.
