5.1934 	INFO 	Loaded monitor calibration from ['2024_08_14 14:13']
5.3662 	WARNING 	User requested fullscreen with size [1440  900], but screen is actually [2160, 3840]. Using actual size
5.6221 	INFO 	Using renderer 'NVIDIA GeForce GTX 1660/PCIe/SSE2' for graphics
5.6221 	INFO 	OpenGL version supported by driver is 4..
5.6552 	EXP 	Created window1 = Window(allowGUI=True, allowStencil=False, autoLog=True, backendConf=UNKNOWN, backgroundFit=<method-wrapper '__getattribute__' of attributeSetter object at 0x0000019402C5CB50>, backgroundImage=<method-wrapper '__getattribute__' of attributeSetter object at 0x0000019402C5CAF0>, bitsMode=UNKNOWN, blendMode='avg', bpc=(8, 8, 8), color=array([-1., -1., -1.]), colorSpace='rgb', depthBits=8, fullscr=True, gamma=None, gammaErrorPolicy='raise', infoMsg=UNKNOWN, lms=UNKNOWN, monitor=<psychopy.monitors.calibTools.Monitor object at 0x0000019402D41900>, multiSample=False, name='window1', numSamples=2, pos=[np.float64(0.0), np.float64(0.0)], screen=1, size=array([2160, 3840]), stencilBits=0, stereo=False, title='PsychoPy', units='height', useFBO=True, useRetina=False, viewOri=0.0, viewPos=None, viewScale=None, waitBlanking=True, winType='pyglet')
5.6553 	EXP 	window1: backgroundImage = ''
5.6553 	EXP 	window1: backgroundFit = 'none'
6.5670 	EXP 	window1: Attempting to measure frame rate of screen (1) ...
6.5670 	EXP 	window1: recordFrameIntervals = False
6.7223 	EXP 	window1: recordFrameIntervals = True
6.9056 	EXP 	Screen (1) actual frame rate measured at 60.06Hz
6.9057 	EXP 	window1: recordFrameIntervals = False
7.9715 	INFO 	keyboard.Keyboard is using ptb backend.
8.0330 	WARNING 	No default speaker specified in Preferences / Hardware, using first speaker found: BenQ LCD (NVIDIA High Definition Audio)
8.0527 	INFO 	Created stream for speaker device: BenQ LCD (NVIDIA High Definition Audio) (8.0)
8.0542 	WARNING 	No default speaker specified in Preferences / Hardware, using first speaker found: BenQ LCD (NVIDIA High Definition Audio)
8.0592 	INFO 	Created stream for speaker device: BenQ LCD (NVIDIA High Definition Audio) (8.0)
8.0605 	WARNING 	No default speaker specified in Preferences / Hardware, using first speaker found: BenQ LCD (NVIDIA High Definition Audio)
8.0653 	INFO 	Created stream for speaker device: BenQ LCD (NVIDIA High Definition Audio) (8.0)
8.0667 	WARNING 	No default speaker specified in Preferences / Hardware, using first speaker found: BenQ LCD (NVIDIA High Definition Audio)
8.0715 	INFO 	Created stream for speaker device: BenQ LCD (NVIDIA High Definition Audio) (8.0)
8.0727 	EXP 	TSST_fnirs_V4_CONTROL: status = STARTED
8.2187 	EXP 	Created ctl1_instruction_text = TextStim(__class__=<class 'psychopy.visual.text.TextStim'>, alignHoriz=method-wrapper(...), alignText='center', alignVert=method-wrapper(...), anchorHoriz='center', anchorVert='center', antialias=True, autoDraw=False, autoLog=True, bold=False, color=array([1., 1., 1.]), colorSpace='rgb', contrast=1.0, depth=0.0, draggable=False, flipHoriz=False, flipVert=False, font='Arial', fontFiles=[], height=np.float64(0.05), italic=False, languageStyle='LTR', name='ctl1_instruction_text', opacity=1, ori=0.0, pos=array([0., 0.]), rgb=UNKNOWN, text=str(...), units='height', win=Window(...), wrapWidth=1)
8.2188 	INFO 	keyboard.Keyboard is using ptb backend.
8.2189 	EXP 	start_tone: sampleRate = 48000
8.2189 	EXP 	start_tone: channels = None
8.2193 	EXP 	Sound start_tone set volume 1.000
8.2207 	EXP 	Created read_number = TextStim(__class__=<class 'psychopy.visual.text.TextStim'>, alignHoriz=method-wrapper(...), alignText='center', alignVert=method-wrapper(...), anchorHoriz='center', anchorVert='center', antialias=True, autoDraw=False, autoLog=True, bold=False, color=array([1., 1., 1.]), colorSpace='rgb', contrast=1.0, depth=-2.0, draggable=False, flipHoriz=False, flipVert=False, font='Arial', fontFiles=[], height=0.07, italic=False, languageStyle='LTR', name='read_number', opacity=1, ori=0.0, pos=array([0., 0.]), rgb=UNKNOWN, text='', units='height', win=Window(...), wrapWidth=1)
8.2208 	EXP 	start_pause_tone: sampleRate = 48000
8.2208 	EXP 	start_pause_tone: channels = None
8.2211 	EXP 	Sound start_pause_tone set volume 1.000
8.2221 	EXP 	Created read_pausing = TextStim(__class__=<class 'psychopy.visual.text.TextStim'>, alignHoriz=method-wrapper(...), alignText='center', alignVert=method-wrapper(...), anchorHoriz='center', anchorVert='center', antialias=True, autoDraw=False, autoLog=True, bold=False, color=array([1., 1., 1.]), colorSpace='rgb', contrast=1.0, depth=-1.0, draggable=False, flipHoriz=False, flipVert=False, font='Arial', fontFiles=[], height=0.07, italic=False, languageStyle='LTR', name='read_pausing', opacity=1, ori=0.0, pos=array([0., 0.]), rgb=UNKNOWN, text='', units='height', win=Window(...), wrapWidth=1)
8.3201 	EXP 	Created ctl2_instruction_text = TextStim(__class__=<class 'psychopy.visual.text.TextStim'>, alignHoriz=method-wrapper(...), alignText='center', alignVert=method-wrapper(...), anchorHoriz='center', anchorVert='center', antialias=True, autoDraw=False, autoLog=True, bold=False, color=array([1., 1., 1.]), colorSpace='rgb', contrast=1.0, depth=0.0, draggable=False, flipHoriz=False, flipVert=False, font='Arial', fontFiles=[], height=np.float64(0.05), italic=False, languageStyle='LTR', name='ctl2_instruction_text', opacity=1, ori=0.0, pos=array([0., 0.]), rgb=UNKNOWN, text=str(...), units='height', win=Window(...), wrapWidth=1)
8.3201 	EXP 	start_tone_2: sampleRate = 48000
8.3201 	EXP 	start_tone_2: channels = None
8.3205 	EXP 	Sound start_tone_2 set volume 1.000
8.3215 	EXP 	Created subtract_number = TextStim(__class__=<class 'psychopy.visual.text.TextStim'>, alignHoriz=method-wrapper(...), alignText='center', alignVert=method-wrapper(...), anchorHoriz='center', anchorVert='center', antialias=True, autoDraw=False, autoLog=True, bold=False, color=array([1., 1., 1.]), colorSpace='rgb', contrast=1.0, depth=-2.0, draggable=False, flipHoriz=False, flipVert=False, font='Arial', fontFiles=[], height=0.07, italic=False, languageStyle='LTR', name='subtract_number', opacity=1, ori=0.0, pos=array([0., 0.]), rgb=UNKNOWN, text='', units='height', win=Window(...), wrapWidth=1)
8.3215 	EXP 	start_pause_tone_2: sampleRate = 48000
8.3215 	EXP 	start_pause_tone_2: channels = None
8.3218 	EXP 	Sound start_pause_tone_2 set volume 1.000
8.3227 	EXP 	Created subtract_pausing = TextStim(__class__=<class 'psychopy.visual.text.TextStim'>, alignHoriz=method-wrapper(...), alignText='center', alignVert=method-wrapper(...), anchorHoriz='center', anchorVert='center', antialias=True, autoDraw=False, autoLog=True, bold=False, color=array([1., 1., 1.]), colorSpace='rgb', contrast=1.0, depth=-1.0, draggable=False, flipHoriz=False, flipVert=False, font='Arial', fontFiles=[], height=0.07, italic=False, languageStyle='LTR', name='subtract_pausing', opacity=1, ori=0.0, pos=array([0., 0.]), rgb=UNKNOWN, text='', units='height', win=Window(...), wrapWidth=1)
8.3327 	EXP 	Created task_end_text = TextStim(__class__=<class 'psychopy.visual.text.TextStim'>, alignHoriz=method-wrapper(...), alignText='center', alignVert=method-wrapper(...), anchorHoriz='center', anchorVert='center', antialias=True, autoDraw=False, autoLog=True, bold=False, color=array([1., 1., 1.]), colorSpace='rgb', contrast=1.0, depth=0.0, draggable=False, flipHoriz=False, flipVert=False, font='Arial', fontFiles=[], height=np.float64(0.05), italic=False, languageStyle='LTR', name='task_end_text', opacity=1, ori=0.0, pos=array([0., 0.]), rgb=UNKNOWN, text='Please wait for the next task to begin..', units='height', win=Window(...), wrapWidth=1)
0.0007 	DATA 	Keypress: escape
0.0764 	INFO 	Keyboard events cleared
0.0852 	EXP 	ctl1_instruction_text: autoDraw = True
0.1604 	EXP 	Device response: <KeyPress from None: t=0.1456314999999222, value=escape, duration=None>
0.1654 	DATA 	Keypress: escape
0.2563 	EXP 	Device response: <KeyPress from None: t=0.1456314999999222, value=escape, duration=0.09599170000001322>
0.2563 	EXP 	TSST_fnirs_V4_CONTROL: status = STOPPED
0.2727 	EXP 	ctl1_instruction_text: autoDraw = False
0.2728 	EXP 	TSST_fnirs_V4_CONTROL: status = STOPPED
0.2794 	INFO 	saved data to 'c:\\Users\\neuro\\GitHub\\fNIRS_TSST_PsychoPy\\builder_files\\data\\929538_TSST_fnirs_V4_CONTROL_2025-12-09_17h08.13.114.csv'
0.2800 	INFO 	saved data to c:\Users\neuro\GitHub\fNIRS_TSST_PsychoPy\builder_files\data\929538_TSST_fnirs_V4_CONTROL_2025-12-09_17h08.13.114.psydat
0.5784 	WARNING 	Stopping key buffers but this could be dangerous ifother keyboards rely on the same.
0.6446 	WARNING 	Stopping key buffers but this could be dangerous ifother keyboards rely on the same.
