1.6232 	ERROR 	Failed to load any of the audioLibs: ['pyo']. Falling back to PsychToolbox ('ptb') backend for sound. Be sure to add 'ptb' to preferences to avoid seeing this message again.
1.7927 	WARNING 	We strongly recommend you activate the PTB sound engine in PsychoPy prefs as the preferred audio engine. Its timing is vastly superior. Your prefs are currently set to use ['pyo'] (in that order).
9.8160 	INFO 	Loaded monitor calibration from ['2026_01_20 17:10']
10.2525 	INFO 	Using renderer 'NVIDIA GeForce GTX 1660/PCIe/SSE2' for graphics
10.2526 	INFO 	OpenGL version supported by driver is 4..
10.2870 	EXP 	Created window1 = Window(allowGUI=True, allowStencil=False, autoLog=True, backendConf=UNKNOWN, backgroundFit=<method-wrapper '__getattribute__' of attributeSetter object at 0x000001E2E6E00FA0>, backgroundImage=<method-wrapper '__getattribute__' of attributeSetter object at 0x000001E2E6E00F40>, bitsMode=UNKNOWN, blendMode='avg', bpc=(8, 8, 8), color=array([-1., -1., -1.]), colorSpace='rgb', depthBits=8, fullscr=False, gamma=None, gammaErrorPolicy='raise', infoMsg=UNKNOWN, lms=UNKNOWN, monitor=<psychopy.monitors.calibTools.Monitor object at 0x000001E2E6EDDD50>, multiSample=False, name='window1', numSamples=2, pos=[np.float64(240.0), np.float64(90.0)], screen=3, size=array([1440,  900]), stencilBits=0, stereo=False, title='PsychoPy', units='height', useFBO=True, useRetina=False, viewOri=0.0, viewPos=None, viewScale=None, waitBlanking=True, winType='pyglet')
10.2870 	EXP 	window1: backgroundImage = ''
10.2871 	EXP 	window1: backgroundFit = 'none'
10.6972 	EXP 	window1: Attempting to measure frame rate of screen (3) ...
10.6973 	EXP 	window1: recordFrameIntervals = False
10.8107 	EXP 	window1: recordFrameIntervals = True
11.3100 	EXP 	Screen (3) actual frame rate measured at 143.87Hz
11.3100 	EXP 	window1: recordFrameIntervals = False
12.3730 	INFO 	keyboard.Keyboard is using ptb backend.
12.3731 	EXP 	TSST_fnirs_V4_CONTROL: status = STARTED
12.4569 	EXP 	Created ctl1_instruction_text = TextStim(__class__=<class 'psychopy.visual.text.TextStim'>, alignHoriz=method-wrapper(...), alignText='center', alignVert=method-wrapper(...), anchorHoriz='center', anchorVert='center', antialias=True, autoDraw=False, autoLog=True, bold=False, color=array([1., 1., 1.]), colorSpace='rgb', contrast=1.0, depth=0.0, draggable=False, flipHoriz=False, flipVert=False, font='Arial', fontFiles=[], height=np.float64(0.05), italic=False, languageStyle='LTR', name='ctl1_instruction_text', opacity=1, ori=0.0, pos=array([0., 0.]), rgb=UNKNOWN, text=str(...), units='height', win=Window(...), wrapWidth=1)
12.4570 	INFO 	keyboard.Keyboard is using ptb backend.
12.4720 	INFO 	Created stream for speaker device: Headphones (X10) (11.0)
12.4733 	EXP 	: sampleRate = 44100
12.4733 	EXP 	: channels = None
12.4737 	EXP 	Sound  set volume 1.000
12.4785 	INFO 	Created stream for speaker device: Headphones (X10) (11.0)
12.4795 	EXP 	: sampleRate = 44100
12.4795 	EXP 	: channels = None
12.4799 	EXP 	Sound  set volume 1.000
12.4861 	EXP 	Created fixation_cross = TextStim(__class__=<class 'psychopy.visual.text.TextStim'>, alignHoriz=method-wrapper(...), alignText='center', alignVert=method-wrapper(...), anchorHoriz='center', anchorVert='center', antialias=True, autoDraw=False, autoLog=True, bold=False, color=array([1., 1., 1.]), colorSpace='rgb', contrast=1.0, depth=0.0, draggable=False, flipHoriz=False, flipVert=False, font='Arial', fontFiles=[], height=np.float64(0.08), italic=False, languageStyle='LTR', name='fixation_cross', opacity=1, ori=0.0, pos=array([0., 0.]), rgb=UNKNOWN, text='+', units='height', win=Window(...), wrapWidth=1)
12.4881 	EXP 	Created read_number = TextStim(__class__=<class 'psychopy.visual.text.TextStim'>, alignHoriz=method-wrapper(...), alignText='center', alignVert=method-wrapper(...), anchorHoriz='center', anchorVert='center', antialias=True, autoDraw=False, autoLog=True, bold=False, color=array([1., 1., 1.]), colorSpace='rgb', contrast=1.0, depth=-1.0, draggable=False, flipHoriz=False, flipVert=False, font='Arial', fontFiles=[], height=0.07, italic=False, languageStyle='LTR', name='read_number', opacity=1, ori=0.0, pos=array([0., 0.]), rgb=UNKNOWN, text='', units='height', win=Window(...), wrapWidth=1)
12.4890 	EXP 	Created read_pausing = TextStim(__class__=<class 'psychopy.visual.text.TextStim'>, alignHoriz=method-wrapper(...), alignText='center', alignVert=method-wrapper(...), anchorHoriz='center', anchorVert='center', antialias=True, autoDraw=False, autoLog=True, bold=False, color=array([1., 1., 1.]), colorSpace='rgb', contrast=1.0, depth=0.0, draggable=False, flipHoriz=False, flipVert=False, font='Arial', fontFiles=[], height=0.07, italic=False, languageStyle='LTR', name='read_pausing', opacity=1, ori=0.0, pos=array([0., 0.]), rgb=UNKNOWN, text='', units='height', win=Window(...), wrapWidth=1)
12.5034 	EXP 	Created task_end_text = TextStim(__class__=<class 'psychopy.visual.text.TextStim'>, alignHoriz=method-wrapper(...), alignText='center', alignVert=method-wrapper(...), anchorHoriz='center', anchorVert='center', antialias=True, autoDraw=False, autoLog=True, bold=False, color=array([1., 1., 1.]), colorSpace='rgb', contrast=1.0, depth=0.0, draggable=False, flipHoriz=False, flipVert=False, font='Arial', fontFiles=[], height=np.float64(0.05), italic=False, languageStyle='LTR', name='task_end_text', opacity=1, ori=0.0, pos=array([0., 0.]), rgb=UNKNOWN, text='Please wait for the next task to begin..', units='height', win=Window(...), wrapWidth=1)
12.5372 	EXP 	Created ctl2_instruction_text = TextStim(__class__=<class 'psychopy.visual.text.TextStim'>, alignHoriz=method-wrapper(...), alignText='center', alignVert=method-wrapper(...), anchorHoriz='center', anchorVert='center', antialias=True, autoDraw=False, autoLog=True, bold=False, color=array([1., 1., 1.]), colorSpace='rgb', contrast=1.0, depth=0.0, draggable=False, flipHoriz=False, flipVert=False, font='Arial', fontFiles=[], height=np.float64(0.05), italic=False, languageStyle='LTR', name='ctl2_instruction_text', opacity=1, ori=0.0, pos=array([0., 0.]), rgb=UNKNOWN, text=str(...), units='height', win=Window(...), wrapWidth=1)
12.5406 	EXP 	Created fixation_cross = TextStim(__class__=<class 'psychopy.visual.text.TextStim'>, alignHoriz=method-wrapper(...), alignText='center', alignVert=method-wrapper(...), anchorHoriz='center', anchorVert='center', antialias=True, autoDraw=False, autoLog=True, bold=False, color=array([1., 1., 1.]), colorSpace='rgb', contrast=1.0, depth=0.0, draggable=False, flipHoriz=False, flipVert=False, font='Arial', fontFiles=[], height=np.float64(0.08), italic=False, languageStyle='LTR', name='fixation_cross', opacity=1, ori=0.0, pos=array([0., 0.]), rgb=UNKNOWN, text='+', units='height', win=Window(...), wrapWidth=1)
12.5417 	EXP 	Created subtract_number = TextStim(__class__=<class 'psychopy.visual.text.TextStim'>, alignHoriz=method-wrapper(...), alignText='center', alignVert=method-wrapper(...), anchorHoriz='center', anchorVert='center', antialias=True, autoDraw=False, autoLog=True, bold=False, color=array([1., 1., 1.]), colorSpace='rgb', contrast=1.0, depth=-1.0, draggable=False, flipHoriz=False, flipVert=False, font='Arial', fontFiles=[], height=0.07, italic=False, languageStyle='LTR', name='subtract_number', opacity=1, ori=0.0, pos=array([0., 0.]), rgb=UNKNOWN, text='', units='height', win=Window(...), wrapWidth=1)
12.5427 	EXP 	Created subtract_pausing = TextStim(__class__=<class 'psychopy.visual.text.TextStim'>, alignHoriz=method-wrapper(...), alignText='center', alignVert=method-wrapper(...), anchorHoriz='center', anchorVert='center', antialias=True, autoDraw=False, autoLog=True, bold=False, color=array([1., 1., 1.]), colorSpace='rgb', contrast=1.0, depth=0.0, draggable=False, flipHoriz=False, flipVert=False, font='Arial', fontFiles=[], height=0.07, italic=False, languageStyle='LTR', name='subtract_pausing', opacity=1, ori=0.0, pos=array([0., 0.]), rgb=UNKNOWN, text='', units='height', win=Window(...), wrapWidth=1)
12.5467 	EXP 	Created task_end_text = TextStim(__class__=<class 'psychopy.visual.text.TextStim'>, alignHoriz=method-wrapper(...), alignText='center', alignVert=method-wrapper(...), anchorHoriz='center', anchorVert='center', antialias=True, autoDraw=False, autoLog=True, bold=False, color=array([1., 1., 1.]), colorSpace='rgb', contrast=1.0, depth=0.0, draggable=False, flipHoriz=False, flipVert=False, font='Arial', fontFiles=[], height=np.float64(0.05), italic=False, languageStyle='LTR', name='task_end_text', opacity=1, ori=0.0, pos=array([0., 0.]), rgb=UNKNOWN, text='Please wait for the next task to begin..', units='height', win=Window(...), wrapWidth=1)
0.1701 	INFO 	Keyboard events cleared
0.1743 	EXP 	ctl1_instruction_text: autoDraw = True
55.4024 	DATA 	Mouse:  Left button up, pos=(1435,19)
55.6802 	DATA 	Mouse: Left button down, pos=(1415,105)
55.7843 	DATA 	Mouse:  Left button up, pos=(1415,106)
56.0828 	DATA 	Mouse: Right button down, pos=(1300,231)
56.1314 	DATA 	Mouse:  Right button up, pos=(1300,231)
56.1456 	DATA 	Mouse: Right button down, pos=(1300,231)
56.1459 	DATA 	Mouse:  Right button up, pos=(1300,232)
56.1592 	DATA 	Mouse: Right button down, pos=(1300,232)
56.1870 	DATA 	Mouse:  Right button up, pos=(1300,232)
56.1938 	DATA 	Mouse: Right button down, pos=(1300,232)
56.2148 	DATA 	Mouse:  Right button up, pos=(1300,233)
254.8718 	EXP 	Device response: <KeyPress from None: t=254.86809680005535, value=escape, duration=None>
254.8724 	DATA 	Keypress: escape
255.0107 	EXP 	Device response: <KeyPress from None: t=254.86809680005535, value=escape, duration=0.13601330004166812>
255.0108 	EXP 	TSST_fnirs_V4_CONTROL: status = STOPPED
255.0175 	EXP 	ctl1_instruction_text: autoDraw = False
255.0176 	EXP 	TSST_fnirs_V4_CONTROL: status = STOPPED
255.0238 	INFO 	saved data to 'c:\\Users\\MSVU\\Documents\\GitHub\\fNIRS_TSST_PsychoPy\\data\\000001_TSST_fnirs_V4_CONTROL_2026-01-22_18h02.52.214.csv'
255.0246 	INFO 	saved data to c:\Users\MSVU\Documents\GitHub\fNIRS_TSST_PsychoPy\data\000001_TSST_fnirs_V4_CONTROL_2026-01-22_18h02.52.214.psydat
255.2433 	WARNING 	Stopping key buffers but this could be dangerous ifother keyboards rely on the same.
255.3055 	WARNING 	Stopping key buffers but this could be dangerous ifother keyboards rely on the same.
