1.4935 	ERROR 	Failed to load any of the audioLibs: ['pyo']. Falling back to PsychToolbox ('ptb') backend for sound. Be sure to add 'ptb' to preferences to avoid seeing this message again.
1.6592 	WARNING 	We strongly recommend you activate the PTB sound engine in PsychoPy prefs as the preferred audio engine. Its timing is vastly superior. Your prefs are currently set to use ['pyo'] (in that order).
6.6335 	INFO 	Loaded monitor calibration from ['2024_08_14 14:13']
6.7979 	WARNING 	User requested fullscreen with size [1440  900], but screen is actually [2160, 3840]. Using actual size
7.0408 	INFO 	Using renderer 'NVIDIA GeForce GTX 1660/PCIe/SSE2' for graphics
7.0408 	INFO 	OpenGL version supported by driver is 4..
7.0730 	EXP 	Created window1 = Window(allowGUI=True, allowStencil=False, autoLog=True, backendConf=UNKNOWN, backgroundFit=<method-wrapper '__getattribute__' of attributeSetter object at 0x000001926AA49DE0>, backgroundImage=<method-wrapper '__getattribute__' of attributeSetter object at 0x000001926AA49D80>, bitsMode=UNKNOWN, blendMode='avg', bpc=(8, 8, 8), color=array([-1., -1., -1.]), colorSpace='rgb', depthBits=8, fullscr=True, gamma=None, gammaErrorPolicy='raise', infoMsg=UNKNOWN, lms=UNKNOWN, monitor=<psychopy.monitors.calibTools.Monitor object at 0x000001926A90AB90>, multiSample=False, name='window1', numSamples=2, pos=[np.float64(0.0), np.float64(0.0)], screen=0, size=array([2160, 3840]), stencilBits=0, stereo=False, title='PsychoPy', units='height', useFBO=True, useRetina=False, viewOri=0.0, viewPos=None, viewScale=None, waitBlanking=True, winType='pyglet')
7.0730 	EXP 	window1: backgroundImage = ''
7.0731 	EXP 	window1: backgroundFit = 'none'
7.9775 	EXP 	window1: Attempting to measure frame rate of screen (0) ...
7.9775 	EXP 	window1: recordFrameIntervals = False
8.2609 	EXP 	window1: recordFrameIntervals = True
8.3275 	WARNING 	t of last frame was 33.28ms (=1/30)
8.3609 	WARNING 	t of last frame was 33.35ms (=1/29)
8.3942 	WARNING 	t of last frame was 33.32ms (=1/30)
8.4276 	WARNING 	t of last frame was 33.36ms (=1/29)
8.4609 	WARNING 	Multiple dropped frames have occurred - I'll stop bothering you about them!
8.6277 	EXP 	Screen (0) actual frame rate measured at 30.00Hz
8.6277 	EXP 	window1: recordFrameIntervals = False
9.6939 	INFO 	keyboard.Keyboard is using ptb backend.
9.6940 	EXP 	TSST_fnirs_V4_FULL: status = STARTED
9.8314 	EXP 	Created ctl1_instruction_text = TextStim(__class__=<class 'psychopy.visual.text.TextStim'>, alignHoriz=method-wrapper(...), alignText='center', alignVert=method-wrapper(...), anchorHoriz='center', anchorVert='center', antialias=True, autoDraw=False, autoLog=True, bold=False, color=array([1., 1., 1.]), colorSpace='rgb', contrast=1.0, depth=0.0, draggable=False, flipHoriz=False, flipVert=False, font='Arial', fontFiles=[], height=np.float64(0.05), italic=False, languageStyle='LTR', name='ctl1_instruction_text', opacity=1, ori=0.0, pos=array([0., 0.]), rgb=UNKNOWN, text=str(...), units='height', win=Window(...), wrapWidth=1)
9.8315 	INFO 	keyboard.Keyboard is using ptb backend.
9.8455 	INFO 	Created stream for speaker device: Headphones (X10) (11.0)
9.8469 	EXP 	: sampleRate = 44100
9.8469 	EXP 	: channels = None
9.8473 	EXP 	Sound  set volume 1.000
9.8518 	INFO 	Created stream for speaker device: Headphones (X10) (11.0)
9.8528 	EXP 	: sampleRate = 44100
9.8529 	EXP 	: channels = None
9.8532 	EXP 	Sound  set volume 1.000
9.8669 	EXP 	Created fixation_cross = TextStim(__class__=<class 'psychopy.visual.text.TextStim'>, alignHoriz=method-wrapper(...), alignText='center', alignVert=method-wrapper(...), anchorHoriz='center', anchorVert='center', antialias=True, autoDraw=False, autoLog=True, bold=False, color=array([1., 1., 1.]), colorSpace='rgb', contrast=1.0, depth=0.0, draggable=False, flipHoriz=False, flipVert=False, font='Arial', fontFiles=[], height=np.float64(0.08), italic=False, languageStyle='LTR', name='fixation_cross', opacity=1, ori=0.0, pos=array([0., 0.]), rgb=UNKNOWN, text='+', units='height', win=Window(...), wrapWidth=1)
9.8682 	EXP 	Created read_number = TextStim(__class__=<class 'psychopy.visual.text.TextStim'>, alignHoriz=method-wrapper(...), alignText='center', alignVert=method-wrapper(...), anchorHoriz='center', anchorVert='center', antialias=True, autoDraw=False, autoLog=True, bold=False, color=array([1., 1., 1.]), colorSpace='rgb', contrast=1.0, depth=-1.0, draggable=False, flipHoriz=False, flipVert=False, font='Arial', fontFiles=[], height=0.07, italic=False, languageStyle='LTR', name='read_number', opacity=1, ori=0.0, pos=array([0., 0.]), rgb=UNKNOWN, text='', units='height', win=Window(...), wrapWidth=1)
9.8691 	EXP 	Created read_pausing = TextStim(__class__=<class 'psychopy.visual.text.TextStim'>, alignHoriz=method-wrapper(...), alignText='center', alignVert=method-wrapper(...), anchorHoriz='center', anchorVert='center', antialias=True, autoDraw=False, autoLog=True, bold=False, color=array([1., 1., 1.]), colorSpace='rgb', contrast=1.0, depth=0.0, draggable=False, flipHoriz=False, flipVert=False, font='Arial', fontFiles=[], height=0.07, italic=False, languageStyle='LTR', name='read_pausing', opacity=1, ori=0.0, pos=array([0., 0.]), rgb=UNKNOWN, text='', units='height', win=Window(...), wrapWidth=1)
9.9929 	EXP 	Created ctl2_instruction_text = TextStim(__class__=<class 'psychopy.visual.text.TextStim'>, alignHoriz=method-wrapper(...), alignText='center', alignVert=method-wrapper(...), anchorHoriz='center', anchorVert='center', antialias=True, autoDraw=False, autoLog=True, bold=False, color=array([1., 1., 1.]), colorSpace='rgb', contrast=1.0, depth=0.0, draggable=False, flipHoriz=False, flipVert=False, font='Arial', fontFiles=[], height=np.float64(0.05), italic=False, languageStyle='LTR', name='ctl2_instruction_text', opacity=1, ori=0.0, pos=array([0., 0.]), rgb=UNKNOWN, text=str(...), units='height', win=Window(...), wrapWidth=1)
9.9961 	EXP 	Created fixation_cross = TextStim(__class__=<class 'psychopy.visual.text.TextStim'>, alignHoriz=method-wrapper(...), alignText='center', alignVert=method-wrapper(...), anchorHoriz='center', anchorVert='center', antialias=True, autoDraw=False, autoLog=True, bold=False, color=array([1., 1., 1.]), colorSpace='rgb', contrast=1.0, depth=0.0, draggable=False, flipHoriz=False, flipVert=False, font='Arial', fontFiles=[], height=np.float64(0.08), italic=False, languageStyle='LTR', name='fixation_cross', opacity=1, ori=0.0, pos=array([0., 0.]), rgb=UNKNOWN, text='+', units='height', win=Window(...), wrapWidth=1)
9.9971 	EXP 	Created subtract_number = TextStim(__class__=<class 'psychopy.visual.text.TextStim'>, alignHoriz=method-wrapper(...), alignText='center', alignVert=method-wrapper(...), anchorHoriz='center', anchorVert='center', antialias=True, autoDraw=False, autoLog=True, bold=False, color=array([1., 1., 1.]), colorSpace='rgb', contrast=1.0, depth=-1.0, draggable=False, flipHoriz=False, flipVert=False, font='Arial', fontFiles=[], height=0.07, italic=False, languageStyle='LTR', name='subtract_number', opacity=1, ori=0.0, pos=array([0., 0.]), rgb=UNKNOWN, text='', units='height', win=Window(...), wrapWidth=1)
9.9980 	EXP 	Created subtract_pausing = TextStim(__class__=<class 'psychopy.visual.text.TextStim'>, alignHoriz=method-wrapper(...), alignText='center', alignVert=method-wrapper(...), anchorHoriz='center', anchorVert='center', antialias=True, autoDraw=False, autoLog=True, bold=False, color=array([1., 1., 1.]), colorSpace='rgb', contrast=1.0, depth=0.0, draggable=False, flipHoriz=False, flipVert=False, font='Arial', fontFiles=[], height=0.07, italic=False, languageStyle='LTR', name='subtract_pausing', opacity=1, ori=0.0, pos=array([0., 0.]), rgb=UNKNOWN, text='', units='height', win=Window(...), wrapWidth=1)
10.0076 	EXP 	Created task_end_text = TextStim(__class__=<class 'psychopy.visual.text.TextStim'>, alignHoriz=method-wrapper(...), alignText='center', alignVert=method-wrapper(...), anchorHoriz='center', anchorVert='center', antialias=True, autoDraw=False, autoLog=True, bold=False, color=array([1., 1., 1.]), colorSpace='rgb', contrast=1.0, depth=0.0, draggable=False, flipHoriz=False, flipVert=False, font='Arial', fontFiles=[], height=np.float64(0.05), italic=False, languageStyle='LTR', name='task_end_text', opacity=1, ori=0.0, pos=array([0., 0.]), rgb=UNKNOWN, text='Please wait for the next task to begin..', units='height', win=Window(...), wrapWidth=1)
10.0099 	EXP 	Created fixation_cross = TextStim(__class__=<class 'psychopy.visual.text.TextStim'>, alignHoriz=method-wrapper(...), alignText='center', alignVert=method-wrapper(...), anchorHoriz='center', anchorVert='center', antialias=True, autoDraw=False, autoLog=True, bold=False, color=array([1., 1., 1.]), colorSpace='rgb', contrast=1.0, depth=0.0, draggable=False, flipHoriz=False, flipVert=False, font='Arial', fontFiles=[], height=np.float64(0.08), italic=False, languageStyle='LTR', name='fixation_cross', opacity=1, ori=0.0, pos=array([0., 0.]), rgb=UNKNOWN, text='+', units='height', win=Window(...), wrapWidth=1)
10.0250 	EXP 	Created tsst_instruction_text = TextStim(__class__=<class 'psychopy.visual.text.TextStim'>, alignHoriz=method-wrapper(...), alignText='center', alignVert=method-wrapper(...), anchorHoriz='center', anchorVert='center', antialias=True, autoDraw=False, autoLog=True, bold=False, color=array([1., 1., 1.]), colorSpace='rgb', contrast=1.0, depth=0.0, draggable=False, flipHoriz=False, flipVert=False, font='Arial', fontFiles=[], height=np.float64(0.05), italic=False, languageStyle='LTR', name='tsst_instruction_text', opacity=1, ori=0.0, pos=array([0., 0.]), rgb=UNKNOWN, text=str(...), units='height', win=Window(...), wrapWidth=1)
10.0259 	EXP 	Created subtract_number_TSST = TextStim(__class__=<class 'psychopy.visual.text.TextStim'>, alignHoriz=method-wrapper(...), alignText='center', alignVert=method-wrapper(...), anchorHoriz='center', anchorVert='center', antialias=True, autoDraw=False, autoLog=True, bold=False, color=array([1., 1., 1.]), colorSpace='rgb', contrast=1.0, depth=0.0, draggable=False, flipHoriz=False, flipVert=False, font='Arial', fontFiles=[], height=0.07, italic=False, languageStyle='LTR', name='subtract_number_TSST', opacity=1, ori=0.0, pos=array([0., 0.]), rgb=UNKNOWN, text='', units='height', win=Window(...), wrapWidth=1)
10.0268 	EXP 	Created subtract_pausing_TSST = TextStim(__class__=<class 'psychopy.visual.text.TextStim'>, alignHoriz=method-wrapper(...), alignText='center', alignVert=method-wrapper(...), anchorHoriz='center', anchorVert='center', antialias=True, autoDraw=False, autoLog=True, bold=False, color=array([1., 1., 1.]), colorSpace='rgb', contrast=1.0, depth=0.0, draggable=False, flipHoriz=False, flipVert=False, font='Arial', fontFiles=[], height=0.07, italic=False, languageStyle='LTR', name='subtract_pausing_TSST', opacity=1, ori=0.0, pos=array([0., 0.]), rgb=UNKNOWN, text='', units='height', win=Window(...), wrapWidth=1)
10.0409 	EXP 	Created finished_text = TextStim(__class__=<class 'psychopy.visual.text.TextStim'>, alignHoriz=method-wrapper(...), alignText='center', alignVert=method-wrapper(...), anchorHoriz='center', anchorVert='center', antialias=True, autoDraw=False, autoLog=True, bold=False, color=array([1., 1., 1.]), colorSpace='rgb', contrast=1.0, depth=0.0, draggable=False, flipHoriz=False, flipVert=False, font='Arial', fontFiles=[], height=np.float64(0.05), italic=False, languageStyle='LTR', name='finished_text', opacity=1, ori=0.0, pos=array([0., 0.]), rgb=UNKNOWN, text=str(...), units='height', win=Window(...), wrapWidth=1)
0.0991 	INFO 	Keyboard events cleared
0.1075 	EXP 	ctl1_instruction_text: autoDraw = True
1.5907 	EXP 	Device response: <KeyPress from None: t=1.5620487999999568, value=return, duration=None>
1.5908 	INFO 	Keyboard events cleared
1.5909 	INFO 	Keyboard events cleared
1.5928 	DATA 	Keypress: return
1.6200 	EXP 	ctl1_instruction_text: autoDraw = False
1.6200 	EXP 	fixation_cross: autoDraw = True
1.6535 	EXP 	Device response: <KeyPress from None: t=1.5620487999999568, value=return, duration=0.08000899999979083>
31.6204 	EXP 	Created sequence: sequential, trialTypes=1, nReps=6, seed=None
31.6206 	EXP 	New trial (rep=0, index=0): None
31.6207 	INFO 	Keyboard events cleared
31.6208 	EXP 	Sound  reached end of file
31.6208 	EXP 	Playing sound  on speaker Headphones (X10)
31.6533 	EXP 	fixation_cross: autoDraw = False
31.6533 	EXP 	read_number: height = np.float64(0.07)
31.6533 	EXP 	read_number: height = np.float64(0.07)
31.6533 	EXP 	read_number: height = np.float64(0.07)
31.6533 	EXP 	read_number: text = 1022
31.8200 	EXP 	read_number: autoDraw = True
44.7534 	EXP 	Device response: <KeyPress from None: t=44.743743200000154, value=space, duration=None>
44.7591 	DATA 	Keypress: space
44.7866 	EXP 	read_number: height = np.float64(0.07)
44.7866 	EXP 	read_number: height = np.float64(0.07)
44.7866 	EXP 	read_number: height = np.float64(0.07)
44.7866 	EXP 	read_number: text = '1009'
44.8535 	EXP 	Device response: <KeyPress from None: t=44.743743200000154, value=space, duration=0.09601279999969847>
46.2201 	EXP 	Device response: <KeyPress from None: t=46.207918099999915, value=space, duration=None>
46.2254 	DATA 	Keypress: space
46.2533 	EXP 	read_number: height = np.float64(0.07)
46.2533 	EXP 	read_number: height = np.float64(0.07)
46.2533 	EXP 	read_number: height = np.float64(0.07)
46.2533 	EXP 	read_number: text = '996'
46.3201 	EXP 	Device response: <KeyPress from None: t=46.207918099999915, value=space, duration=0.09604059999992387>
46.9867 	EXP 	Device response: <KeyPress from None: t=46.96004630000016, value=space, duration=None>
46.9929 	DATA 	Keypress: space
47.0200 	EXP 	read_number: height = np.float64(0.07)
47.0200 	EXP 	read_number: height = np.float64(0.07)
47.0200 	EXP 	read_number: height = np.float64(0.07)
47.0200 	EXP 	read_number: text = '983'
47.0534 	EXP 	Device response: <KeyPress from None: t=46.96004630000016, value=space, duration=0.08000889999993888>
47.5534 	EXP 	Device response: <KeyPress from None: t=47.54412379999985, value=space, duration=None>
47.5580 	DATA 	Keypress: space
47.5866 	EXP 	read_number: height = np.float64(0.07)
47.5866 	EXP 	read_number: height = np.float64(0.07)
47.5866 	EXP 	read_number: height = np.float64(0.07)
47.5866 	EXP 	read_number: text = '970'
47.6534 	EXP 	Device response: <KeyPress from None: t=47.54412379999985, value=space, duration=0.09599370000023555>
48.1201 	EXP 	Device response: <KeyPress from None: t=48.10420699999986, value=space, duration=None>
48.1249 	DATA 	Keypress: space
48.1533 	EXP 	read_number: height = np.float64(0.07)
48.1533 	EXP 	read_number: height = np.float64(0.07)
48.1533 	EXP 	read_number: height = np.float64(0.07)
48.1533 	EXP 	read_number: text = '957'
48.2201 	EXP 	Device response: <KeyPress from None: t=48.10420699999986, value=space, duration=0.09599040000011883>
48.6203 	EXP 	Device response: <KeyPress from None: t=48.60023890000002, value=space, duration=None>
48.6250 	DATA 	Keypress: space
48.6532 	EXP 	read_number: height = np.float64(0.07)
48.6532 	EXP 	read_number: height = np.float64(0.07)
48.6532 	EXP 	read_number: height = np.float64(0.07)
48.6532 	EXP 	read_number: text = '944'
48.7201 	EXP 	Device response: <KeyPress from None: t=48.60023890000002, value=space, duration=0.11202649999995629>
49.1201 	EXP 	Device response: <KeyPress from None: t=49.09641520000014, value=space, duration=None>
49.1230 	DATA 	Keypress: space
49.1533 	EXP 	read_number: height = np.float64(0.07)
49.1533 	EXP 	read_number: height = np.float64(0.07)
49.1533 	EXP 	read_number: height = np.float64(0.07)
49.1533 	EXP 	read_number: text = '931'
49.2201 	EXP 	Device response: <KeyPress from None: t=49.09641520000014, value=space, duration=0.09590459999981249>
49.6202 	EXP 	Device response: <KeyPress from None: t=49.616389100000106, value=space, duration=None>
49.6231 	DATA 	Keypress: space
49.6533 	EXP 	read_number: height = np.float64(0.07)
49.6533 	EXP 	read_number: height = np.float64(0.07)
49.6533 	EXP 	read_number: height = np.float64(0.07)
49.6533 	EXP 	read_number: text = '918'
49.7201 	EXP 	Device response: <KeyPress from None: t=49.616389100000106, value=space, duration=0.08801149999999325>
71.6280 	EXP 	Sound  reached end of file
71.6280 	EXP 	Playing sound  on speaker Headphones (X10)
71.6532 	EXP 	read_number: autoDraw = False
71.6532 	EXP 	read_number: autoDraw = False
71.6532 	EXP 	read_pausing: height = np.float64(0.07)
71.6532 	EXP 	read_pausing: height = np.float64(0.07)
71.6532 	EXP 	read_pausing: height = np.float64(0.07)
71.6532 	EXP 	read_pausing: text = 'PAUSE'
71.6532 	EXP 	read_pausing: autoDraw = True
91.6204 	EXP 	New trial (rep=1, index=0): None
91.6205 	INFO 	Keyboard events cleared
91.6206 	EXP 	Sound  reached end of file
91.6206 	EXP 	Playing sound  on speaker Headphones (X10)
91.6532 	EXP 	read_pausing: autoDraw = False
91.6532 	EXP 	read_pausing: autoDraw = False
91.6532 	EXP 	read_number: height = np.float64(0.07)
91.6532 	EXP 	read_number: height = np.float64(0.07)
91.6532 	EXP 	read_number: height = np.float64(0.07)
91.6532 	EXP 	read_number: text = 918
91.8532 	EXP 	read_number: autoDraw = True
131.6202 	EXP 	Sound  reached end of file
131.6202 	EXP 	Playing sound  on speaker Headphones (X10)
131.6530 	EXP 	read_number: autoDraw = False
131.6530 	EXP 	read_number: autoDraw = False
131.6530 	EXP 	read_pausing: text = 'PAUSE'
131.6530 	EXP 	read_pausing: autoDraw = True
151.6204 	EXP 	New trial (rep=2, index=0): None
151.6206 	INFO 	Keyboard events cleared
151.6207 	EXP 	Sound  reached end of file
151.6207 	EXP 	Playing sound  on speaker Headphones (X10)
151.6530 	EXP 	read_pausing: autoDraw = False
151.6530 	EXP 	read_pausing: autoDraw = False
151.6530 	EXP 	read_number: height = np.float64(0.07)
151.6530 	EXP 	read_number: height = np.float64(0.07)
151.6530 	EXP 	read_number: height = np.float64(0.07)
151.6530 	EXP 	read_number: text = 918
151.8532 	EXP 	read_number: autoDraw = True
174.8864 	EXP 	Device response: <KeyPress from None: t=174.85692089999975, value=space, duration=None>
174.8894 	DATA 	Keypress: space
174.9197 	EXP 	read_number: height = np.float64(0.07)
174.9197 	EXP 	read_number: height = np.float64(0.07)
174.9197 	EXP 	read_number: height = np.float64(0.07)
174.9197 	EXP 	read_number: text = '905'
174.9531 	EXP 	Device response: <KeyPress from None: t=174.85692089999975, value=space, duration=0.07196700000031342>
175.9865 	EXP 	Device response: <KeyPress from None: t=175.96906380000019, value=space, duration=None>
175.9893 	DATA 	Keypress: space
176.0196 	EXP 	read_number: height = np.float64(0.07)
176.0196 	EXP 	read_number: height = np.float64(0.07)
176.0196 	EXP 	read_number: height = np.float64(0.07)
176.0196 	EXP 	read_number: text = '892'
176.0864 	EXP 	Device response: <KeyPress from None: t=175.96906380000019, value=space, duration=0.11197939999965456>
177.2198 	EXP 	Device response: <KeyPress from None: t=177.1932093999999, value=space, duration=None>
177.2226 	DATA 	Keypress: space
177.2530 	EXP 	read_number: height = np.float64(0.07)
177.2530 	EXP 	read_number: height = np.float64(0.07)
177.2530 	EXP 	read_number: height = np.float64(0.07)
177.2530 	EXP 	read_number: text = '879'
177.2865 	EXP 	Device response: <KeyPress from None: t=177.1932093999999, value=space, duration=0.07199769999988348>
178.1531 	EXP 	Device response: <KeyPress from None: t=178.12932339999998, value=space, duration=None>
178.1560 	DATA 	Keypress: space
178.1863 	EXP 	read_number: height = np.float64(0.07)
178.1863 	EXP 	read_number: height = np.float64(0.07)
178.1863 	EXP 	read_number: height = np.float64(0.07)
178.1863 	EXP 	read_number: text = '866'
178.2197 	EXP 	Device response: <KeyPress from None: t=178.12932339999998, value=space, duration=0.06402449999995952>
178.3531 	EXP 	Device response: <KeyPress from None: t=178.32935289999978, value=space, duration=None>
178.3559 	DATA 	Keypress: space
178.3863 	EXP 	read_number: height = np.float64(0.07)
178.3863 	EXP 	read_number: height = np.float64(0.07)
178.3863 	EXP 	read_number: height = np.float64(0.07)
178.3863 	EXP 	read_number: text = '853'
178.4198 	EXP 	Device response: <KeyPress from None: t=178.32935289999978, value=space, duration=0.06401390000019092>
179.1865 	EXP 	Device response: <KeyPress from None: t=179.1694567999998, value=space, duration=None>
179.1893 	DATA 	Keypress: space
179.2196 	EXP 	read_number: height = np.float64(0.07)
179.2196 	EXP 	read_number: height = np.float64(0.07)
179.2196 	EXP 	read_number: height = np.float64(0.07)
179.2196 	EXP 	read_number: text = '840'
179.2531 	EXP 	Device response: <KeyPress from None: t=179.1694567999998, value=space, duration=0.05601599999999962>
179.3532 	EXP 	Device response: <KeyPress from None: t=179.32947409999997, value=space, duration=None>
179.3563 	DATA 	Keypress: space
179.3863 	EXP 	read_number: height = np.float64(0.07)
179.3863 	EXP 	read_number: height = np.float64(0.07)
179.3863 	EXP 	read_number: height = np.float64(0.07)
179.3863 	EXP 	read_number: text = '827'
179.4198 	EXP 	Device response: <KeyPress from None: t=179.32947409999997, value=space, duration=0.0800149000001511>
180.6531 	EXP 	Device response: <KeyPress from None: t=180.64965840000013, value=space, duration=None>
180.6560 	DATA 	Keypress: space
180.6863 	EXP 	read_number: height = np.float64(0.07)
180.6863 	EXP 	read_number: height = np.float64(0.07)
180.6863 	EXP 	read_number: height = np.float64(0.07)
180.6863 	EXP 	read_number: text = '814'
180.7198 	EXP 	Device response: <KeyPress from None: t=180.64965840000013, value=space, duration=0.06401379999988421>
180.8198 	EXP 	Device response: <KeyPress from None: t=180.79371679999986, value=space, duration=None>
180.8225 	DATA 	Keypress: space
180.8531 	EXP 	read_number: height = np.float64(0.07)
180.8531 	EXP 	read_number: height = np.float64(0.07)
180.8531 	EXP 	read_number: height = np.float64(0.07)
180.8531 	EXP 	read_number: text = '801'
180.8864 	EXP 	Device response: <KeyPress from None: t=180.79371679999986, value=space, duration=0.07196550000026036>
191.6201 	EXP 	Sound  reached end of file
191.6201 	EXP 	Playing sound  on speaker Headphones (X10)
191.6529 	EXP 	read_number: autoDraw = False
191.6529 	EXP 	read_number: autoDraw = False
191.6529 	EXP 	read_pausing: text = 'PAUSE'
191.6529 	EXP 	read_pausing: autoDraw = True
211.6201 	EXP 	New trial (rep=3, index=0): None
211.6202 	INFO 	Keyboard events cleared
211.6202 	EXP 	Sound  reached end of file
211.6202 	EXP 	Playing sound  on speaker Headphones (X10)
211.6529 	EXP 	read_pausing: autoDraw = False
211.6529 	EXP 	read_pausing: autoDraw = False
211.6529 	EXP 	read_number: height = np.float64(0.07)
211.6529 	EXP 	read_number: height = np.float64(0.07)
211.6529 	EXP 	read_number: height = np.float64(0.07)
211.6529 	EXP 	read_number: text = 801
211.8529 	EXP 	read_number: autoDraw = True
251.6200 	EXP 	Sound  reached end of file
251.6200 	EXP 	Playing sound  on speaker Headphones (X10)
251.6528 	EXP 	read_number: autoDraw = False
251.6528 	EXP 	read_number: autoDraw = False
251.6528 	EXP 	read_pausing: text = 'PAUSE'
251.6528 	EXP 	read_pausing: autoDraw = True
271.6200 	EXP 	New trial (rep=4, index=0): None
271.6200 	INFO 	Keyboard events cleared
271.6201 	EXP 	Sound  reached end of file
271.6201 	EXP 	Playing sound  on speaker Headphones (X10)
271.6528 	EXP 	read_pausing: autoDraw = False
271.6528 	EXP 	read_pausing: autoDraw = False
271.6528 	EXP 	read_number: height = np.float64(0.07)
271.6528 	EXP 	read_number: height = np.float64(0.07)
271.6528 	EXP 	read_number: height = np.float64(0.07)
271.6528 	EXP 	read_number: text = 801
271.8529 	EXP 	read_number: autoDraw = True
299.9529 	EXP 	Device response: <KeyPress from None: t=299.94538809999995, value=space, duration=None>
299.9558 	DATA 	Keypress: space
299.9860 	EXP 	read_number: height = np.float64(0.07)
299.9860 	EXP 	read_number: height = np.float64(0.07)
299.9860 	EXP 	read_number: height = np.float64(0.07)
299.9860 	EXP 	read_number: text = '788'
300.0195 	EXP 	Device response: <KeyPress from None: t=299.94538809999995, value=space, duration=0.072007400000075>
300.0862 	EXP 	Device response: <KeyPress from None: t=300.0813868, value=space, duration=None>
300.0890 	DATA 	Keypress: space
300.1195 	EXP 	read_number: height = np.float64(0.07)
300.1195 	EXP 	read_number: height = np.float64(0.07)
300.1195 	EXP 	read_number: height = np.float64(0.07)
300.1195 	EXP 	read_number: text = '775'
300.1862 	EXP 	Device response: <KeyPress from None: t=300.0813868, value=space, duration=0.07199679999985165>
300.2195 	EXP 	Device response: <KeyPress from None: t=300.2174264, value=space, duration=None>
300.2223 	DATA 	Keypress: space
300.2527 	EXP 	read_number: height = np.float64(0.07)
300.2527 	EXP 	read_number: height = np.float64(0.07)
300.2527 	EXP 	read_number: height = np.float64(0.07)
300.2527 	EXP 	read_number: text = '762'
300.2862 	EXP 	Device response: <KeyPress from None: t=300.2174264, value=space, duration=0.05602259999977832>
300.3531 	EXP 	Device response: <KeyPress from None: t=300.3454572999999, value=space, duration=None>
300.3562 	DATA 	Keypress: space
300.3861 	EXP 	read_number: height = np.float64(0.07)
300.3861 	EXP 	read_number: height = np.float64(0.07)
300.3861 	EXP 	read_number: height = np.float64(0.07)
300.3861 	EXP 	read_number: text = '749'
300.4195 	EXP 	Device response: <KeyPress from None: t=300.3454572999999, value=space, duration=0.07200079999984155>
300.5195 	EXP 	Device response: <KeyPress from None: t=300.4974550000002, value=space, duration=None>
300.5223 	DATA 	Keypress: space
300.5527 	EXP 	read_number: height = np.float64(0.07)
300.5527 	EXP 	read_number: height = np.float64(0.07)
300.5527 	EXP 	read_number: height = np.float64(0.07)
300.5527 	EXP 	read_number: text = '736'
300.5862 	EXP 	Device response: <KeyPress from None: t=300.4974550000002, value=space, duration=0.055987399999594345>
300.6529 	EXP 	Device response: <KeyPress from None: t=300.6414743, value=space, duration=None>
300.6557 	DATA 	Keypress: space
300.6861 	EXP 	read_number: height = np.float64(0.07)
300.6861 	EXP 	read_number: height = np.float64(0.07)
300.6861 	EXP 	read_number: height = np.float64(0.07)
300.6861 	EXP 	read_number: text = '723'
300.7196 	EXP 	Device response: <KeyPress from None: t=300.6414743, value=space, duration=0.06402639999987514>
300.7862 	EXP 	Device response: <KeyPress from None: t=300.78551960000004, value=space, duration=None>
300.7890 	DATA 	Keypress: space
300.8194 	EXP 	read_number: height = np.float64(0.07)
300.8194 	EXP 	read_number: height = np.float64(0.07)
300.8194 	EXP 	read_number: height = np.float64(0.07)
300.8194 	EXP 	read_number: text = '710'
300.8862 	EXP 	Device response: <KeyPress from None: t=300.78551960000004, value=space, duration=0.07999179999978878>
300.9538 	DATA 	Keypress: space
300.9862 	EXP 	Device response: <KeyPress from None: t=300.9534844, value=space, duration=None>
301.0193 	EXP 	read_number: height = np.float64(0.07)
301.0193 	EXP 	read_number: height = np.float64(0.07)
301.0193 	EXP 	read_number: height = np.float64(0.07)
301.0193 	EXP 	read_number: text = '697'
301.0529 	EXP 	Device response: <KeyPress from None: t=300.9534844, value=space, duration=0.08004230000005919>
301.1196 	EXP 	Device response: <KeyPress from None: t=301.10555969999996, value=space, duration=None>
301.1223 	DATA 	Keypress: space
301.1527 	EXP 	read_number: height = np.float64(0.07)
301.1527 	EXP 	read_number: height = np.float64(0.07)
301.1527 	EXP 	read_number: height = np.float64(0.07)
301.1527 	EXP 	read_number: text = '684'
301.2195 	EXP 	Device response: <KeyPress from None: t=301.10555969999996, value=space, duration=0.08796709999978702>
301.2862 	EXP 	Device response: <KeyPress from None: t=301.28157569999985, value=space, duration=None>
301.2890 	DATA 	Keypress: space
301.3194 	EXP 	read_number: height = np.float64(0.07)
301.3194 	EXP 	read_number: height = np.float64(0.07)
301.3194 	EXP 	read_number: height = np.float64(0.07)
301.3194 	EXP 	read_number: text = '671'
301.3862 	EXP 	Device response: <KeyPress from None: t=301.28157569999985, value=space, duration=0.07197550000000774>
301.6195 	EXP 	Device response: <KeyPress from None: t=301.6176111, value=space, duration=None>
301.6223 	DATA 	Keypress: space
301.6527 	EXP 	read_number: height = np.float64(0.07)
301.6527 	EXP 	read_number: height = np.float64(0.07)
301.6527 	EXP 	read_number: height = np.float64(0.07)
301.6527 	EXP 	read_number: text = '658'
301.6862 	EXP 	Device response: <KeyPress from None: t=301.6176111, value=space, duration=0.05602369999996881>
301.7539 	DATA 	Keypress: space
301.7862 	EXP 	Device response: <KeyPress from None: t=301.7535837999999, value=space, duration=None>
301.8195 	EXP 	read_number: height = np.float64(0.07)
301.8195 	EXP 	read_number: height = np.float64(0.07)
301.8195 	EXP 	read_number: height = np.float64(0.07)
301.8195 	EXP 	read_number: text = '645'
301.8529 	EXP 	Device response: <KeyPress from None: t=301.7535837999999, value=space, duration=0.08805860000029497>
301.9529 	EXP 	Device response: <KeyPress from None: t=301.94564450000007, value=space, duration=None>
301.9560 	DATA 	Keypress: space
301.9861 	EXP 	read_number: height = np.float64(0.07)
301.9861 	EXP 	read_number: height = np.float64(0.07)
301.9861 	EXP 	read_number: height = np.float64(0.07)
301.9861 	EXP 	read_number: text = '632'
302.0195 	EXP 	Device response: <KeyPress from None: t=301.94564450000007, value=space, duration=0.07200429999966218>
302.1529 	EXP 	Device response: <KeyPress from None: t=302.1216552000001, value=space, duration=None>
302.1557 	DATA 	Keypress: space
302.1860 	EXP 	read_number: height = np.float64(0.07)
302.1860 	EXP 	read_number: height = np.float64(0.07)
302.1860 	EXP 	read_number: height = np.float64(0.07)
302.1860 	EXP 	read_number: text = '619'
302.2196 	EXP 	Device response: <KeyPress from None: t=302.1216552000001, value=space, duration=0.08006139999997686>
302.3195 	EXP 	Device response: <KeyPress from None: t=302.30571599999985, value=space, duration=None>
302.3223 	DATA 	Keypress: space
302.3527 	EXP 	read_number: height = np.float64(0.07)
302.3527 	EXP 	read_number: height = np.float64(0.07)
302.3527 	EXP 	read_number: height = np.float64(0.07)
302.3527 	EXP 	read_number: text = '606'
302.4195 	EXP 	Device response: <KeyPress from None: t=302.30571599999985, value=space, duration=0.08813110000028246>
302.5195 	EXP 	Device response: <KeyPress from None: t=302.48971870000014, value=space, duration=None>
302.5223 	DATA 	Keypress: space
302.5527 	EXP 	read_number: height = np.float64(0.07)
302.5527 	EXP 	read_number: height = np.float64(0.07)
302.5527 	EXP 	read_number: height = np.float64(0.07)
302.5527 	EXP 	read_number: text = '593'
302.5862 	EXP 	Device response: <KeyPress from None: t=302.48971870000014, value=space, duration=0.0960253999996894>
302.6862 	EXP 	Device response: <KeyPress from None: t=302.6657602, value=space, duration=None>
302.6890 	DATA 	Keypress: space
302.7194 	EXP 	read_number: height = np.float64(0.07)
302.7194 	EXP 	read_number: height = np.float64(0.07)
302.7194 	EXP 	read_number: height = np.float64(0.07)
302.7194 	EXP 	read_number: text = '580'
302.7529 	EXP 	Device response: <KeyPress from None: t=302.6657602, value=space, duration=0.08000300000003335>
302.8863 	EXP 	Device response: <KeyPress from None: t=302.86577639999996, value=space, duration=None>
302.8891 	DATA 	Keypress: space
302.9194 	EXP 	read_number: height = np.float64(0.07)
302.9194 	EXP 	read_number: height = np.float64(0.07)
302.9194 	EXP 	read_number: height = np.float64(0.07)
302.9194 	EXP 	read_number: text = '567'
302.9529 	EXP 	Device response: <KeyPress from None: t=302.86577639999996, value=space, duration=0.0800094999999601>
303.0529 	EXP 	Device response: <KeyPress from None: t=303.03378669999984, value=space, duration=None>
303.0556 	DATA 	Keypress: space
303.0861 	EXP 	read_number: height = np.float64(0.07)
303.0861 	EXP 	read_number: height = np.float64(0.07)
303.0861 	EXP 	read_number: height = np.float64(0.07)
303.0861 	EXP 	read_number: text = '554'
303.1529 	EXP 	Device response: <KeyPress from None: t=303.03378669999984, value=space, duration=0.10400780000009036>
311.6197 	EXP 	Sound  reached end of file
311.6197 	EXP 	Playing sound  on speaker Headphones (X10)
311.6527 	EXP 	read_number: autoDraw = False
311.6527 	EXP 	read_number: autoDraw = False
311.6527 	EXP 	read_pausing: text = 'PAUSE'
311.6527 	EXP 	read_pausing: autoDraw = True
328.3559 	DATA 	Mouse: Left button down, pos=(499,1925)
328.4214 	DATA 	Mouse:  Left button up, pos=(499,1925)
328.6198 	EXP 	Device response: <KeyPress from None: t=328.5891259, value=escape, duration=None>
328.6209 	DATA 	Keypress: escape
328.7861 	EXP 	Device response: <KeyPress from None: t=328.5891259, value=escape, duration=0.16802659999984826>
328.7862 	EXP 	TSST_fnirs_V4_FULL: status = STOPPED
328.8193 	EXP 	read_pausing: autoDraw = False
328.8194 	EXP 	TSST_fnirs_V4_FULL: status = STOPPED
328.8543 	INFO 	saved data to 'c:\\Users\\neuro\\GitHub\\fNIRS_TSST_PsychoPy\\data\\022225_TSST_fnirs_V4_FULL_2025-12-09_17h55.12.743.csv'
328.8551 	INFO 	saved data to c:\Users\neuro\GitHub\fNIRS_TSST_PsychoPy\data\022225_TSST_fnirs_V4_FULL_2025-12-09_17h55.12.743.psydat
329.0418 	WARNING 	Stopping key buffers but this could be dangerous ifother keyboards rely on the same.
329.0596 	WARNING 	Stopping key buffers but this could be dangerous ifother keyboards rely on the same.
