10.1917 	WARNING 	Font Manager failed to load file /System/Library/PrivateFrameworks/FontServices.framework/Resources/Reserved/PingFangUI.ttc
10.2384 	WARNING 	Font Manager failed to load file /System/Library/PrivateFrameworks/FontServices.framework/Resources/Reserved/PingFangUI.ttc
10.2472 	WARNING 	Import Error: dlopen(/Users/Isaac/miniforge3/envs/psychopy-2025/lib/python3.10/site-packages/psychtoolbox/PsychHID.cpython-310-darwin.so, 0x0002): symbol not found in flat namespace '_libusb_bulk_transfer'. Using event module for keyboard component.
13.6464 	INFO 	Loaded monitor calibration from ['2025_10_16 07:47']
13.6492 	WARNING 	Requested an unavailable screen number - using first available.
13.6512 	WARNING 	User requested fullscreen with size [1000  980], but screen is actually [1440, 900]. Using actual size
13.7621 	INFO 	Using renderer 'Apple M1' for graphics
13.7621 	INFO 	OpenGL version supported by driver is 2..
13.7706 	EXP 	Created window1 = Window(allowGUI=True, allowStencil=False, autoLog=True, backendConf=UNKNOWN, backgroundFit=<method-wrapper '__getattribute__' of attributeSetter object at 0x15311e470>, backgroundImage=<method-wrapper '__getattribute__' of attributeSetter object at 0x15311e410>, bitsMode=UNKNOWN, blendMode='avg', bpc=(8, 8, 8), color=array([-1., -1., -1.]), colorSpace='rgb', depthBits=8, fullscr=True, gamma=None, gammaErrorPolicy='raise', infoMsg=UNKNOWN, lms=UNKNOWN, monitor=<psychopy.monitors.calibTools.Monitor object at 0x15319caf0>, multiSample=False, name='window1', numSamples=2, pos=[np.float64(0.0), np.float64(0.0)], screen=3, size=array([2880, 1800]), stencilBits=0, stereo=False, title='PsychoPy', units='height', useFBO=True, useRetina=True, viewOri=0.0, viewPos=None, viewScale=None, waitBlanking=True, winType='pyglet')
13.7706 	EXP 	window1: backgroundImage = ''
13.7706 	EXP 	window1: backgroundFit = 'none'
13.9790 	EXP 	window1: Attempting to measure frame rate of screen (3) ...
13.9791 	EXP 	window1: recordFrameIntervals = False
14.2080 	EXP 	window1: recordFrameIntervals = True
14.5283 	WARNING 	t of last frame was 20.16ms (=1/49)
15.0582 	WARNING 	Couldn't measure a consistent frame rate!
  - Is your graphics card set to sync to vertical blank?
  - Are you running other processes on your computer?

15.0600 	INFO 	keyboard.Keyboard is using ptb backend.
15.0602 	EXP 	TSST_fnirs_V6_FULL: status = STARTED
15.1133 	EXP 	Created ctl1_instruction_text = TextStim(__class__=<class 'psychopy.visual.text.TextStim'>, alignHoriz=method-wrapper(...), alignText='center', alignVert=method-wrapper(...), anchorHoriz='center', anchorVert='center', antialias=True, autoDraw=False, autoLog=True, bold=False, color=array([1., 1., 1.]), colorSpace='rgb', contrast=1.0, depth=0.0, draggable=False, flipHoriz=False, flipVert=False, font='Arial', fontFiles=[], height=np.float64(0.05), italic=False, languageStyle='LTR', name='ctl1_instruction_text', opacity=1, ori=0.0, pos=array([0., 0.]), rgb=UNKNOWN, text=str(...), units='height', win=Window(...), wrapWidth=1)
15.1133 	INFO 	keyboard.Keyboard is using ptb backend.
15.1347 	INFO 	saved data to /Users/Isaac/Documents/fNIRS_TSST_PsychoPy/data/026926_TSST_fnirs_V6_FULL_2026-01-28_07h58.29.905.psydat
15.1349 	INFO 	saved data to '/Users/Isaac/Documents/fNIRS_TSST_PsychoPy/data/026926_TSST_fnirs_V6_FULL_2026-01-28_07h58.29.905.csv'
15.1376 	WARNING 	Stopping key buffers but this could be dangerous ifother keyboards rely on the same.
