1.6744 	ERROR 	Support for the `pyo` audio backend is not available this session. Please install `psychopy-pyo` and restart the session to enable support.
1.6745 	ERROR 	Failed to load any of the audioLibs: ['pyo']. Falling back to PsychToolbox ('ptb') backend for sound. Be sure to add 'ptb' to preferences to avoid seeing this message again.
1.8001 	WARNING 	We strongly recommend you activate the PTB sound engine in PsychoPy prefs as the preferred audio engine. Its timing is vastly superior. Your prefs are currently set to use ['pyo'] (in that order).
5.6718 	INFO 	Loaded monitor calibration from ['2024_08_14 14:13']
5.8545 	WARNING 	User requested fullscreen with size [1440  900], but screen is actually [1920, 1080]. Using actual size
6.1677 	EXP 	Created window1 = Window(allowGUI=True, allowStencil=False, autoLog=True, backendConf=UNKNOWN, backgroundFit=<method-wrapper '__getattribute__' of attributeSetter object at 0x0000018A35804520>, backgroundImage=<method-wrapper '__getattribute__' of attributeSetter object at 0x0000018A358044C0>, bitsMode=UNKNOWN, blendMode='avg', bpc=(8, 8, 8), color=array([-1., -1., -1.]), colorSpace='rgb', depthBits=8, fullscr=<method-wrapper '__getattribute__' of attributeSetter object at 0x0000018A35804310>, gamma=None, gammaErrorPolicy='raise', infoMsg=UNKNOWN, lms=UNKNOWN, monitor=<psychopy.monitors.calibTools.Monitor object at 0x0000018A3592DB50>, multiSample=False, name='window1', numSamples=2, pos=[0.0, 0.0], screen=0, size=array([1920, 1080]), stencilBits=0, stereo=False, title='PsychoPy', units='height', useFBO=True, useRetina=False, viewOri=0.0, viewPos=None, viewScale=None, waitBlanking=True, winType='pyglet')
6.1677 	EXP 	window1: backgroundImage = ''
6.1678 	EXP 	window1: backgroundFit = 'none'
6.1680 	EXP 	window1: mouseVisible = <method-wrapper '__getattribute__' of attributeSetter object at 0x0000018A35804640>
6.1681 	EXP 	window1: mouseVisible = <method-wrapper '__getattribute__' of attributeSetter object at 0x0000018A35804640>
6.1709 	EXP 	window1: mouseVisible = <method-wrapper '__getattribute__' of attributeSetter object at 0x0000018A35804640>
6.1718 	EXP 	window1: mouseVisible = <method-wrapper '__getattribute__' of attributeSetter object at 0x0000018A35804640>
6.2577 	EXP 	window1: mouseVisible = <method-wrapper '__getattribute__' of attributeSetter object at 0x0000018A35804640>
6.2578 	EXP 	window1: mouseVisible = <method-wrapper '__getattribute__' of attributeSetter object at 0x0000018A35804640>
6.2587 	EXP 	window1: mouseVisible = <method-wrapper '__getattribute__' of attributeSetter object at 0x0000018A35804640>
6.2597 	EXP 	window1: mouseVisible = <method-wrapper '__getattribute__' of attributeSetter object at 0x0000018A35804640>
6.2826 	EXP 	window1: Attempting to measure frame rate of screen (0) ...
6.2826 	EXP 	window1: recordFrameIntervals = False
6.3522 	EXP 	window1: recordFrameIntervals = True
6.4286 	EXP 	Screen (0) actual frame rate measured at 144.09Hz
6.4287 	EXP 	window1: recordFrameIntervals = False
6.4288 	EXP 	window1: mouseVisible = False
7.4004 	INFO 	keyboard.Keyboard is using ptb backend.
7.4605 	EXP 	TSST_fnirs_V4_FULL: status = STARTED
7.4609 	EXP 	window1: mouseVisible = False
7.5439 	EXP 	Created ctl1_instruction_text = TextStim(__class__=<class 'psychopy.visual.text.TextStim'>, alignHoriz=method-wrapper(...), alignText='center', alignVert=method-wrapper(...), anchorHoriz='center', anchorVert='center', antialias=True, autoDraw=False, autoLog=True, bold=False, color=array([1., 1., 1.]), colorSpace='rgb', contrast=1.0, depth=0.0, draggable=False, flipHoriz=False, flipVert=False, font='Arial', fontFiles=[], height=0.05, italic=False, languageStyle='LTR', name='ctl1_instruction_text', opacity=1, ori=0.0, pos=array([0., 0.]), rgb=UNKNOWN, text=str(...), units='height', win=Window(...), wrapWidth=1)
7.5440 	INFO 	keyboard.Keyboard is using ptb backend.
7.5441 	EXP 	window1: mouseVisible = False
7.5679 	EXP 	Sound start_tone set volume 1.000
7.5681 	EXP 	window1: mouseVisible = False
7.5698 	EXP 	Created read_number = TextStim(__class__=<class 'psychopy.visual.text.TextStim'>, alignHoriz=method-wrapper(...), alignText='center', alignVert=method-wrapper(...), anchorHoriz='center', anchorVert='center', antialias=True, autoDraw=False, autoLog=True, bold=False, color=array([1., 1., 1.]), colorSpace='rgb', contrast=1.0, depth=-2.0, draggable=False, flipHoriz=False, flipVert=False, font='Arial', fontFiles=[], height=0.07, italic=False, languageStyle='LTR', name='read_number', opacity=1, ori=0.0, pos=array([0., 0.]), rgb=UNKNOWN, text='', units='height', win=Window(...), wrapWidth=1)
7.5702 	EXP 	Sound start_pause_tone set volume 1.000
7.5703 	EXP 	window1: mouseVisible = False
7.5712 	EXP 	Created read_pausing = TextStim(__class__=<class 'psychopy.visual.text.TextStim'>, alignHoriz=method-wrapper(...), alignText='center', alignVert=method-wrapper(...), anchorHoriz='center', anchorVert='center', antialias=True, autoDraw=False, autoLog=True, bold=False, color=array([1., 1., 1.]), colorSpace='rgb', contrast=1.0, depth=-1.0, draggable=False, flipHoriz=False, flipVert=False, font='Arial', fontFiles=[], height=0.07, italic=False, languageStyle='LTR', name='read_pausing', opacity=1, ori=0.0, pos=array([0., 0.]), rgb=UNKNOWN, text='', units='height', win=Window(...), wrapWidth=1)
7.5713 	EXP 	window1: mouseVisible = False
7.5987 	EXP 	Created ctl2_instruction_text = TextStim(__class__=<class 'psychopy.visual.text.TextStim'>, alignHoriz=method-wrapper(...), alignText='center', alignVert=method-wrapper(...), anchorHoriz='center', anchorVert='center', antialias=True, autoDraw=False, autoLog=True, bold=False, color=array([1., 1., 1.]), colorSpace='rgb', contrast=1.0, depth=0.0, draggable=False, flipHoriz=False, flipVert=False, font='Arial', fontFiles=[], height=0.05, italic=False, languageStyle='LTR', name='ctl2_instruction_text', opacity=1, ori=0.0, pos=array([0., 0.]), rgb=UNKNOWN, text=str(...), units='height', win=Window(...), wrapWidth=1)
7.5991 	EXP 	Sound start_tone_2 set volume 1.000
7.5993 	EXP 	window1: mouseVisible = False
7.6002 	EXP 	Created subtract_number = TextStim(__class__=<class 'psychopy.visual.text.TextStim'>, alignHoriz=method-wrapper(...), alignText='center', alignVert=method-wrapper(...), anchorHoriz='center', anchorVert='center', antialias=True, autoDraw=False, autoLog=True, bold=False, color=array([1., 1., 1.]), colorSpace='rgb', contrast=1.0, depth=-2.0, draggable=False, flipHoriz=False, flipVert=False, font='Arial', fontFiles=[], height=0.07, italic=False, languageStyle='LTR', name='subtract_number', opacity=1, ori=0.0, pos=array([0., 0.]), rgb=UNKNOWN, text='', units='height', win=Window(...), wrapWidth=1)
7.6006 	EXP 	Sound start_pause_tone_2 set volume 1.000
7.6007 	EXP 	window1: mouseVisible = False
7.6016 	EXP 	Created subtract_pausing = TextStim(__class__=<class 'psychopy.visual.text.TextStim'>, alignHoriz=method-wrapper(...), alignText='center', alignVert=method-wrapper(...), anchorHoriz='center', anchorVert='center', antialias=True, autoDraw=False, autoLog=True, bold=False, color=array([1., 1., 1.]), colorSpace='rgb', contrast=1.0, depth=-1.0, draggable=False, flipHoriz=False, flipVert=False, font='Arial', fontFiles=[], height=0.07, italic=False, languageStyle='LTR', name='subtract_pausing', opacity=1, ori=0.0, pos=array([0., 0.]), rgb=UNKNOWN, text='', units='height', win=Window(...), wrapWidth=1)
7.6017 	EXP 	window1: mouseVisible = False
7.6063 	EXP 	Created task_end_text = TextStim(__class__=<class 'psychopy.visual.text.TextStim'>, alignHoriz=method-wrapper(...), alignText='center', alignVert=method-wrapper(...), anchorHoriz='center', anchorVert='center', antialias=True, autoDraw=False, autoLog=True, bold=False, color=array([1., 1., 1.]), colorSpace='rgb', contrast=1.0, depth=0.0, draggable=False, flipHoriz=False, flipVert=False, font='Arial', fontFiles=[], height=0.05, italic=False, languageStyle='LTR', name='task_end_text', opacity=1, ori=0.0, pos=array([0., 0.]), rgb=UNKNOWN, text='Please wait for the next task to begin..', units='height', win=Window(...), wrapWidth=1)
7.6064 	EXP 	window1: mouseVisible = False
7.6125 	EXP 	Created tsst_instruction_text = TextStim(__class__=<class 'psychopy.visual.text.TextStim'>, alignHoriz=method-wrapper(...), alignText='center', alignVert=method-wrapper(...), anchorHoriz='center', anchorVert='center', antialias=True, autoDraw=False, autoLog=True, bold=False, color=array([1., 1., 1.]), colorSpace='rgb', contrast=1.0, depth=0.0, draggable=False, flipHoriz=False, flipVert=False, font='Arial', fontFiles=[], height=0.05, italic=False, languageStyle='LTR', name='tsst_instruction_text', opacity=1, ori=0.0, pos=array([0., 0.]), rgb=UNKNOWN, text=str(...), units='height', win=Window(...), wrapWidth=1)
7.6129 	EXP 	Sound start_tone_3 set volume 1.000
7.6130 	EXP 	window1: mouseVisible = False
7.6139 	EXP 	Created subtract_number_TSST = TextStim(__class__=<class 'psychopy.visual.text.TextStim'>, alignHoriz=method-wrapper(...), alignText='center', alignVert=method-wrapper(...), anchorHoriz='center', anchorVert='center', antialias=True, autoDraw=False, autoLog=True, bold=False, color=array([1., 1., 1.]), colorSpace='rgb', contrast=1.0, depth=-1.0, draggable=False, flipHoriz=False, flipVert=False, font='Arial', fontFiles=[], height=0.07, italic=False, languageStyle='LTR', name='subtract_number_TSST', opacity=1, ori=0.0, pos=array([0., 0.]), rgb=UNKNOWN, text='', units='height', win=Window(...), wrapWidth=1)
7.6143 	EXP 	Sound tsst_start_pause_tone set volume 1.000
7.6143 	EXP 	window1: mouseVisible = False
7.6152 	EXP 	Created subtract_pausing_TSST = TextStim(__class__=<class 'psychopy.visual.text.TextStim'>, alignHoriz=method-wrapper(...), alignText='center', alignVert=method-wrapper(...), anchorHoriz='center', anchorVert='center', antialias=True, autoDraw=False, autoLog=True, bold=False, color=array([1., 1., 1.]), colorSpace='rgb', contrast=1.0, depth=-1.0, draggable=False, flipHoriz=False, flipVert=False, font='Arial', fontFiles=[], height=0.07, italic=False, languageStyle='LTR', name='subtract_pausing_TSST', opacity=1, ori=0.0, pos=array([0., 0.]), rgb=UNKNOWN, text='', units='height', win=Window(...), wrapWidth=1)
7.6153 	EXP 	window1: mouseVisible = False
7.6216 	EXP 	Created finished_text = TextStim(__class__=<class 'psychopy.visual.text.TextStim'>, alignHoriz=method-wrapper(...), alignText='center', alignVert=method-wrapper(...), anchorHoriz='center', anchorVert='center', antialias=True, autoDraw=False, autoLog=True, bold=False, color=array([1., 1., 1.]), colorSpace='rgb', contrast=1.0, depth=0.0, draggable=False, flipHoriz=False, flipVert=False, font='Arial', fontFiles=[], height=0.05, italic=False, languageStyle='LTR', name='finished_text', opacity=1, ori=0.0, pos=array([0., 0.]), rgb=UNKNOWN, text=str(...), units='height', win=Window(...), wrapWidth=1)
0.0959 	INFO 	Keyboard events cleared
0.0960 	EXP 	window1: mouseVisible = False
0.0991 	EXP 	ctl1_instruction_text: autoDraw = True
10.7474 	INFO 	Keyboard events cleared
10.7478 	EXP 	Created sequence: sequential, trialTypes=1, nReps=6, seed=None
10.7480 	EXP 	New trial (rep=0, index=0): None
10.7482 	EXP 	window1: mouseVisible = False
10.7482 	INFO 	Keyboard events cleared
10.7534 	EXP 	Sound start_tone reached end of file
10.7610 	EXP 	Sound start_tone started
10.7545 	DATA 	Keypress: return
10.7554 	EXP 	ctl1_instruction_text: autoDraw = False
10.7554 	EXP 	read_number: height = 0.07
10.7554 	EXP 	read_number: height = 0.07
10.7554 	EXP 	read_number: height = 0.07
10.7554 	EXP 	read_number: text = 1022
10.9387 	EXP 	read_number: autoDraw = True
10.9655 	EXP 	Sound start_tone stopped
10.9656 	EXP 	Sound start_tone reached end of file
50.7574 	EXP 	window1: mouseVisible = False
50.7576 	EXP 	Sound start_pause_tone reached end of file
50.7679 	EXP 	Sound start_pause_tone started
50.7602 	EXP 	read_number: autoDraw = False
50.7602 	EXP 	read_number: autoDraw = False
50.7602 	EXP 	read_pausing: height = 0.07
50.7602 	EXP 	read_pausing: height = 0.07
50.7602 	EXP 	read_pausing: height = 0.07
50.7602 	EXP 	read_pausing: text = 'PAUSE'
50.7602 	EXP 	read_pausing: autoDraw = True
50.9653 	EXP 	Sound start_pause_tone stopped
50.9654 	EXP 	Sound start_pause_tone reached end of file
70.7448 	EXP 	New trial (rep=1, index=0): None
70.7449 	EXP 	window1: mouseVisible = False
70.7450 	INFO 	Keyboard events cleared
70.7477 	EXP 	Sound start_tone reached end of file
70.7608 	EXP 	Sound start_tone started
70.7508 	EXP 	read_pausing: autoDraw = False
70.7508 	EXP 	read_pausing: autoDraw = False
70.7508 	EXP 	read_number: height = 0.07
70.7508 	EXP 	read_number: height = 0.07
70.7508 	EXP 	read_number: height = 0.07
70.7508 	EXP 	read_number: text = 1022
70.9450 	EXP 	read_number: autoDraw = True
70.9553 	EXP 	Sound start_tone stopped
70.9554 	EXP 	Sound start_tone reached end of file
74.4458 	DATA 	Keypress: escape
74.5354 	EXP 	TSST_fnirs_V4_FULL: status = STOPPED
74.5422 	EXP 	read_number: autoDraw = False
74.5423 	EXP 	TSST_fnirs_V4_FULL: status = STOPPED
74.5529 	INFO 	saved data to 'c:\\Users\\neuro\\GitHub\\fNIRS_TSST_PsychoPy\\data/068328_TSST_fnirs_V4_FULL_2025-10-22_15h39.16.090.csv'
74.5536 	INFO 	saved data to c:\Users\neuro\GitHub\fNIRS_TSST_PsychoPy\data/068328_TSST_fnirs_V4_FULL_2025-10-22_15h39.16.090.psydat
74.6056 	EXP 	window1: mouseVisible = True
74.6393 	WARNING 	Stopping key buffers but this could be dangerous ifother keyboards rely on the same.
74.7301 	WARNING 	Stopping key buffers but this could be dangerous ifother keyboards rely on the same.
