4.7017 	INFO 	Loaded monitor calibration from ['2024_08_14 14:13']
5.0051 	WARNING 	User requested fullscreen with size [1440  900], but screen is actually [3840, 2160]. Using actual size
5.4474 	EXP 	Created window1 = Window(allowGUI=True, allowStencil=False, autoLog=True, backendConf=UNKNOWN, backgroundFit=<method-wrapper '__getattribute__' of attributeSetter object at 0x0000025CC5AA4370>, backgroundImage=<method-wrapper '__getattribute__' of attributeSetter object at 0x0000025CC5AA4310>, bitsMode=UNKNOWN, blendMode='avg', bpc=(8, 8, 8), color=array([-1., -1., -1.]), colorSpace='rgb', depthBits=8, fullscr=<method-wrapper '__getattribute__' of attributeSetter object at 0x0000025CC5AA4160>, gamma=None, gammaErrorPolicy='raise', infoMsg=UNKNOWN, lms=UNKNOWN, monitor=<psychopy.monitors.calibTools.Monitor object at 0x0000025CC5BCC9A0>, multiSample=False, name='window1', numSamples=2, pos=[0.0, 0.0], screen=2, size=array([3840, 2160]), stencilBits=0, stereo=False, title='PsychoPy', units='height', useFBO=True, useRetina=False, viewOri=0.0, viewPos=None, viewScale=None, waitBlanking=True, winType='pyglet')
5.4475 	EXP 	window1: backgroundImage = ''
5.4475 	EXP 	window1: backgroundFit = 'none'
5.4477 	EXP 	window1: mouseVisible = <method-wrapper '__getattribute__' of attributeSetter object at 0x0000025CC5AA4490>
5.4478 	EXP 	window1: mouseVisible = <method-wrapper '__getattribute__' of attributeSetter object at 0x0000025CC5AA4490>
5.4508 	EXP 	window1: mouseVisible = <method-wrapper '__getattribute__' of attributeSetter object at 0x0000025CC5AA4490>
5.4518 	EXP 	window1: mouseVisible = <method-wrapper '__getattribute__' of attributeSetter object at 0x0000025CC5AA4490>
5.6422 	EXP 	window1: mouseVisible = <method-wrapper '__getattribute__' of attributeSetter object at 0x0000025CC5AA4490>
5.6424 	EXP 	window1: mouseVisible = <method-wrapper '__getattribute__' of attributeSetter object at 0x0000025CC5AA4490>
5.6438 	EXP 	window1: mouseVisible = <method-wrapper '__getattribute__' of attributeSetter object at 0x0000025CC5AA4490>
5.6447 	EXP 	window1: mouseVisible = <method-wrapper '__getattribute__' of attributeSetter object at 0x0000025CC5AA4490>
5.6929 	EXP 	window1: Attempting to measure frame rate of screen (2) ...
5.6930 	EXP 	window1: recordFrameIntervals = False
5.8549 	EXP 	window1: recordFrameIntervals = True
6.0383 	EXP 	Screen (2) actual frame rate measured at 59.99Hz
6.0384 	EXP 	window1: recordFrameIntervals = False
6.0385 	EXP 	window1: mouseVisible = False
7.0047 	INFO 	keyboard.Keyboard is using ptb backend.
7.0640 	EXP 	TSST_fnirs_V4_CONTROL: status = STARTED
7.0644 	EXP 	window1: mouseVisible = False
7.1666 	EXP 	Created ctl1_instruction_text = TextStim(__class__=<class 'psychopy.visual.text.TextStim'>, alignHoriz=method-wrapper(...), alignText='center', alignVert=method-wrapper(...), anchorHoriz='center', anchorVert='center', antialias=True, autoDraw=False, autoLog=True, bold=False, color=array([1., 1., 1.]), colorSpace='rgb', contrast=1.0, depth=0.0, draggable=False, flipHoriz=False, flipVert=False, font='Arial', fontFiles=[], height=0.05, italic=False, languageStyle='LTR', name='ctl1_instruction_text', opacity=1, ori=0.0, pos=array([0., 0.]), rgb=UNKNOWN, text=str(...), units='height', win=Window(...), wrapWidth=1)
7.1667 	INFO 	keyboard.Keyboard is using ptb backend.
7.1667 	EXP 	window1: mouseVisible = False
7.2131 	EXP 	Sound start_tone set volume 1.000
7.2132 	EXP 	window1: mouseVisible = False
7.2148 	EXP 	Created read_number = TextStim(__class__=<class 'psychopy.visual.text.TextStim'>, alignHoriz=method-wrapper(...), alignText='center', alignVert=method-wrapper(...), anchorHoriz='center', anchorVert='center', antialias=True, autoDraw=False, autoLog=True, bold=False, color=array([1., 1., 1.]), colorSpace='rgb', contrast=1.0, depth=-2.0, draggable=False, flipHoriz=False, flipVert=False, font='Arial', fontFiles=[], height=0.07, italic=False, languageStyle='LTR', name='read_number', opacity=1, ori=0.0, pos=array([0., 0.]), rgb=UNKNOWN, text='', units='height', win=Window(...), wrapWidth=1)
7.2151 	EXP 	Sound start_pause_tone set volume 1.000
7.2152 	EXP 	window1: mouseVisible = False
7.2161 	EXP 	Created read_pausing = TextStim(__class__=<class 'psychopy.visual.text.TextStim'>, alignHoriz=method-wrapper(...), alignText='center', alignVert=method-wrapper(...), anchorHoriz='center', anchorVert='center', antialias=True, autoDraw=False, autoLog=True, bold=False, color=array([1., 1., 1.]), colorSpace='rgb', contrast=1.0, depth=-1.0, draggable=False, flipHoriz=False, flipVert=False, font='Arial', fontFiles=[], height=0.07, italic=False, languageStyle='LTR', name='read_pausing', opacity=1, ori=0.0, pos=array([0., 0.]), rgb=UNKNOWN, text='', units='height', win=Window(...), wrapWidth=1)
7.2162 	EXP 	window1: mouseVisible = False
7.2707 	EXP 	Created ctl2_instruction_text = TextStim(__class__=<class 'psychopy.visual.text.TextStim'>, alignHoriz=method-wrapper(...), alignText='center', alignVert=method-wrapper(...), anchorHoriz='center', anchorVert='center', antialias=True, autoDraw=False, autoLog=True, bold=False, color=array([1., 1., 1.]), colorSpace='rgb', contrast=1.0, depth=0.0, draggable=False, flipHoriz=False, flipVert=False, font='Arial', fontFiles=[], height=0.05, italic=False, languageStyle='LTR', name='ctl2_instruction_text', opacity=1, ori=0.0, pos=array([0., 0.]), rgb=UNKNOWN, text=str(...), units='height', win=Window(...), wrapWidth=1)
7.2710 	EXP 	Sound start_tone_2 set volume 1.000
7.2711 	EXP 	window1: mouseVisible = False
7.2721 	EXP 	Created subtract_number = TextStim(__class__=<class 'psychopy.visual.text.TextStim'>, alignHoriz=method-wrapper(...), alignText='center', alignVert=method-wrapper(...), anchorHoriz='center', anchorVert='center', antialias=True, autoDraw=False, autoLog=True, bold=False, color=array([1., 1., 1.]), colorSpace='rgb', contrast=1.0, depth=-2.0, draggable=False, flipHoriz=False, flipVert=False, font='Arial', fontFiles=[], height=0.07, italic=False, languageStyle='LTR', name='subtract_number', opacity=1, ori=0.0, pos=array([0., 0.]), rgb=UNKNOWN, text='', units='height', win=Window(...), wrapWidth=1)
7.2724 	EXP 	Sound start_pause_tone_2 set volume 1.000
7.2724 	EXP 	window1: mouseVisible = False
7.2733 	EXP 	Created subtract_pausing = TextStim(__class__=<class 'psychopy.visual.text.TextStim'>, alignHoriz=method-wrapper(...), alignText='center', alignVert=method-wrapper(...), anchorHoriz='center', anchorVert='center', antialias=True, autoDraw=False, autoLog=True, bold=False, color=array([1., 1., 1.]), colorSpace='rgb', contrast=1.0, depth=-1.0, draggable=False, flipHoriz=False, flipVert=False, font='Arial', fontFiles=[], height=0.07, italic=False, languageStyle='LTR', name='subtract_pausing', opacity=1, ori=0.0, pos=array([0., 0.]), rgb=UNKNOWN, text='', units='height', win=Window(...), wrapWidth=1)
7.2734 	EXP 	window1: mouseVisible = False
7.2806 	EXP 	Created task_end_text = TextStim(__class__=<class 'psychopy.visual.text.TextStim'>, alignHoriz=method-wrapper(...), alignText='center', alignVert=method-wrapper(...), anchorHoriz='center', anchorVert='center', antialias=True, autoDraw=False, autoLog=True, bold=False, color=array([1., 1., 1.]), colorSpace='rgb', contrast=1.0, depth=0.0, draggable=False, flipHoriz=False, flipVert=False, font='Arial', fontFiles=[], height=0.05, italic=False, languageStyle='LTR', name='task_end_text', opacity=1, ori=0.0, pos=array([0., 0.]), rgb=UNKNOWN, text='Please wait for the next task to begin..', units='height', win=Window(...), wrapWidth=1)
0.0912 	INFO 	Keyboard events cleared
0.0913 	EXP 	window1: mouseVisible = False
0.0958 	EXP 	ctl1_instruction_text: autoDraw = True
0.9794 	INFO 	Keyboard events cleared
0.9798 	EXP 	Created sequence: sequential, trialTypes=1, nReps=6, seed=None
0.9800 	EXP 	New trial (rep=0, index=0): None
0.9801 	EXP 	window1: mouseVisible = False
0.9801 	INFO 	Keyboard events cleared
0.9859 	EXP 	Sound start_tone reached end of file
0.9930 	EXP 	Sound start_tone started
0.9866 	DATA 	Keypress: return
0.9930 	EXP 	ctl1_instruction_text: autoDraw = False
0.9930 	EXP 	read_number: height = 0.07
0.9930 	EXP 	read_number: height = 0.07
0.9930 	EXP 	read_number: height = 0.07
0.9930 	EXP 	read_number: text = 1022
1.1917 	EXP 	Sound start_tone stopped
1.1917 	EXP 	Sound start_tone reached end of file
1.1949 	EXP 	read_number: autoDraw = True
5.0649 	DATA 	Keypress: escape
5.1639 	EXP 	TSST_fnirs_V4_CONTROL: status = STOPPED
5.1803 	EXP 	read_number: autoDraw = False
5.1804 	EXP 	TSST_fnirs_V4_CONTROL: status = STOPPED
5.1877 	INFO 	saved data to 'c:\\Users\\neuro\\GitHub\\fNIRS_TSST_PsychoPy\\data/106903_TSST_fnirs_V4_CONTROL_2025-11-27_10h24.03.233.csv'
5.1886 	INFO 	saved data to c:\Users\neuro\GitHub\fNIRS_TSST_PsychoPy\data/106903_TSST_fnirs_V4_CONTROL_2025-11-27_10h24.03.233.psydat
5.2623 	EXP 	window1: mouseVisible = True
5.2876 	WARNING 	Stopping key buffers but this could be dangerous ifother keyboards rely on the same.
5.3565 	WARNING 	Stopping key buffers but this could be dangerous ifother keyboards rely on the same.
