1.7328 	ERROR 	Failed to load any of the audioLibs: ['pyo']. Falling back to PsychToolbox ('ptb') backend for sound. Be sure to add 'ptb' to preferences to avoid seeing this message again.
1.9087 	WARNING 	We strongly recommend you activate the PTB sound engine in PsychoPy prefs as the preferred audio engine. Its timing is vastly superior. Your prefs are currently set to use ['pyo'] (in that order).
4.7064 	INFO 	Loaded monitor calibration from ['2026_01_20 17:10']
5.1790 	INFO 	Using renderer 'NVIDIA GeForce GTX 1660/PCIe/SSE2' for graphics
5.1791 	INFO 	OpenGL version supported by driver is 4..
5.1956 	EXP 	Created window1 = Window(allowGUI=True, allowStencil=False, autoLog=True, backendConf=UNKNOWN, backgroundFit=<method-wrapper '__getattribute__' of attributeSetter object at 0x000001E162761060>, backgroundImage=<method-wrapper '__getattribute__' of attributeSetter object at 0x000001E162761000>, bitsMode=UNKNOWN, blendMode='avg', bpc=(8, 8, 8), color=array([-1., -1., -1.]), colorSpace='rgb', depthBits=8, fullscr=False, gamma=None, gammaErrorPolicy='raise', infoMsg=UNKNOWN, lms=UNKNOWN, monitor=<psychopy.monitors.calibTools.Monitor object at 0x000001E16283DE10>, multiSample=False, name='window1', numSamples=2, pos=[np.float64(480.0), np.float64(60.0)], screen=3, size=array([960, 960]), stencilBits=0, stereo=False, title='PsychoPy', units='height', useFBO=True, useRetina=False, viewOri=0.0, viewPos=None, viewScale=None, waitBlanking=True, winType='pyglet')
5.1957 	EXP 	window1: backgroundImage = ''
5.1957 	EXP 	window1: backgroundFit = 'none'
5.6135 	EXP 	window1: Attempting to measure frame rate of screen (3) ...
5.6135 	EXP 	window1: recordFrameIntervals = False
5.7333 	EXP 	window1: recordFrameIntervals = True
6.7253 	WARNING 	Couldn't measure a consistent frame rate!
  - Is your graphics card set to sync to vertical blank?
  - Are you running other processes on your computer?

7.7972 	INFO 	keyboard.Keyboard is using ptb backend.
7.7973 	EXP 	TSST_fnirs_V4_CONTROL: status = STARTED
7.8776 	EXP 	Created ctl1_instruction_text = TextStim(__class__=<class 'psychopy.visual.text.TextStim'>, alignHoriz=method-wrapper(...), alignText='center', alignVert=method-wrapper(...), anchorHoriz='center', anchorVert='center', antialias=True, autoDraw=False, autoLog=True, bold=False, color=array([1., 1., 1.]), colorSpace='rgb', contrast=1.0, depth=0.0, draggable=False, flipHoriz=False, flipVert=False, font='Arial', fontFiles=[], height=np.float64(0.05), italic=False, languageStyle='LTR', name='ctl1_instruction_text', opacity=1, ori=0.0, pos=array([0., 0.]), rgb=UNKNOWN, text=str(...), units='height', win=Window(...), wrapWidth=1)
7.8777 	INFO 	keyboard.Keyboard is using ptb backend.
7.8882 	INFO 	Created stream for speaker device: Headphones (X10) (11.0)
7.8905 	EXP 	: sampleRate = 44100
7.8905 	EXP 	: channels = None
7.8909 	EXP 	Sound  set volume 1.000
7.8959 	INFO 	Created stream for speaker device: Headphones (X10) (11.0)
7.8972 	EXP 	: sampleRate = 44100
7.8973 	EXP 	: channels = None
7.8976 	EXP 	Sound  set volume 1.000
7.9031 	EXP 	Created fixation_cross = TextStim(__class__=<class 'psychopy.visual.text.TextStim'>, alignHoriz=method-wrapper(...), alignText='center', alignVert=method-wrapper(...), anchorHoriz='center', anchorVert='center', antialias=True, autoDraw=False, autoLog=True, bold=False, color=array([1., 1., 1.]), colorSpace='rgb', contrast=1.0, depth=0.0, draggable=False, flipHoriz=False, flipVert=False, font='Arial', fontFiles=[], height=np.float64(0.08), italic=False, languageStyle='LTR', name='fixation_cross', opacity=1, ori=0.0, pos=array([0., 0.]), rgb=UNKNOWN, text='+', units='height', win=Window(...), wrapWidth=1)
7.9048 	EXP 	Created read_number = TextStim(__class__=<class 'psychopy.visual.text.TextStim'>, alignHoriz=method-wrapper(...), alignText='center', alignVert=method-wrapper(...), anchorHoriz='center', anchorVert='center', antialias=True, autoDraw=False, autoLog=True, bold=False, color=array([1., 1., 1.]), colorSpace='rgb', contrast=1.0, depth=-1.0, draggable=False, flipHoriz=False, flipVert=False, font='Arial', fontFiles=[], height=0.07, italic=False, languageStyle='LTR', name='read_number', opacity=1, ori=0.0, pos=array([0., 0.]), rgb=UNKNOWN, text='', units='height', win=Window(...), wrapWidth=1)
7.9058 	EXP 	Created read_pausing = TextStim(__class__=<class 'psychopy.visual.text.TextStim'>, alignHoriz=method-wrapper(...), alignText='center', alignVert=method-wrapper(...), anchorHoriz='center', anchorVert='center', antialias=True, autoDraw=False, autoLog=True, bold=False, color=array([1., 1., 1.]), colorSpace='rgb', contrast=1.0, depth=0.0, draggable=False, flipHoriz=False, flipVert=False, font='Arial', fontFiles=[], height=0.07, italic=False, languageStyle='LTR', name='read_pausing', opacity=1, ori=0.0, pos=array([0., 0.]), rgb=UNKNOWN, text='', units='height', win=Window(...), wrapWidth=1)
7.9225 	EXP 	Created task_end_text = TextStim(__class__=<class 'psychopy.visual.text.TextStim'>, alignHoriz=method-wrapper(...), alignText='center', alignVert=method-wrapper(...), anchorHoriz='center', anchorVert='center', antialias=True, autoDraw=False, autoLog=True, bold=False, color=array([1., 1., 1.]), colorSpace='rgb', contrast=1.0, depth=0.0, draggable=False, flipHoriz=False, flipVert=False, font='Arial', fontFiles=[], height=np.float64(0.05), italic=False, languageStyle='LTR', name='task_end_text', opacity=1, ori=0.0, pos=array([0., 0.]), rgb=UNKNOWN, text='Please wait for the next task to begin..', units='height', win=Window(...), wrapWidth=1)
7.9546 	EXP 	Created ctl2_instruction_text = TextStim(__class__=<class 'psychopy.visual.text.TextStim'>, alignHoriz=method-wrapper(...), alignText='center', alignVert=method-wrapper(...), anchorHoriz='center', anchorVert='center', antialias=True, autoDraw=False, autoLog=True, bold=False, color=array([1., 1., 1.]), colorSpace='rgb', contrast=1.0, depth=0.0, draggable=False, flipHoriz=False, flipVert=False, font='Arial', fontFiles=[], height=np.float64(0.05), italic=False, languageStyle='LTR', name='ctl2_instruction_text', opacity=1, ori=0.0, pos=array([0., 0.]), rgb=UNKNOWN, text=str(...), units='height', win=Window(...), wrapWidth=1)
7.9583 	EXP 	Created fixation_cross = TextStim(__class__=<class 'psychopy.visual.text.TextStim'>, alignHoriz=method-wrapper(...), alignText='center', alignVert=method-wrapper(...), anchorHoriz='center', anchorVert='center', antialias=True, autoDraw=False, autoLog=True, bold=False, color=array([1., 1., 1.]), colorSpace='rgb', contrast=1.0, depth=0.0, draggable=False, flipHoriz=False, flipVert=False, font='Arial', fontFiles=[], height=np.float64(0.08), italic=False, languageStyle='LTR', name='fixation_cross', opacity=1, ori=0.0, pos=array([0., 0.]), rgb=UNKNOWN, text='+', units='height', win=Window(...), wrapWidth=1)
7.9593 	EXP 	Created subtract_number = TextStim(__class__=<class 'psychopy.visual.text.TextStim'>, alignHoriz=method-wrapper(...), alignText='center', alignVert=method-wrapper(...), anchorHoriz='center', anchorVert='center', antialias=True, autoDraw=False, autoLog=True, bold=False, color=array([1., 1., 1.]), colorSpace='rgb', contrast=1.0, depth=-1.0, draggable=False, flipHoriz=False, flipVert=False, font='Arial', fontFiles=[], height=0.07, italic=False, languageStyle='LTR', name='subtract_number', opacity=1, ori=0.0, pos=array([0., 0.]), rgb=UNKNOWN, text='', units='height', win=Window(...), wrapWidth=1)
7.9602 	EXP 	Created subtract_pausing = TextStim(__class__=<class 'psychopy.visual.text.TextStim'>, alignHoriz=method-wrapper(...), alignText='center', alignVert=method-wrapper(...), anchorHoriz='center', anchorVert='center', antialias=True, autoDraw=False, autoLog=True, bold=False, color=array([1., 1., 1.]), colorSpace='rgb', contrast=1.0, depth=0.0, draggable=False, flipHoriz=False, flipVert=False, font='Arial', fontFiles=[], height=0.07, italic=False, languageStyle='LTR', name='subtract_pausing', opacity=1, ori=0.0, pos=array([0., 0.]), rgb=UNKNOWN, text='', units='height', win=Window(...), wrapWidth=1)
7.9645 	EXP 	Created task_end_text = TextStim(__class__=<class 'psychopy.visual.text.TextStim'>, alignHoriz=method-wrapper(...), alignText='center', alignVert=method-wrapper(...), anchorHoriz='center', anchorVert='center', antialias=True, autoDraw=False, autoLog=True, bold=False, color=array([1., 1., 1.]), colorSpace='rgb', contrast=1.0, depth=0.0, draggable=False, flipHoriz=False, flipVert=False, font='Arial', fontFiles=[], height=np.float64(0.05), italic=False, languageStyle='LTR', name='task_end_text', opacity=1, ori=0.0, pos=array([0., 0.]), rgb=UNKNOWN, text='Please wait for the next task to begin..', units='height', win=Window(...), wrapWidth=1)
0.1734 	INFO 	Keyboard events cleared
0.1821 	EXP 	ctl1_instruction_text: autoDraw = True
6.5639 	WARNING 	t of last frame was 23.95ms (=1/41)
9.4058 	WARNING 	t of last frame was 1680.25ms (=1/0)
12.0797 	WARNING 	t of last frame was 410.65ms (=1/2)
19.3593 	WARNING 	t of last frame was 20.03ms (=1/49)
26.5819 	DATA 	Mouse: Left button down, pos=(947,554)
26.5983 	WARNING 	Multiple dropped frames have occurred - I'll stop bothering you about them!
26.6996 	DATA 	Mouse:  Left button up, pos=(947,554)
42.7918 	EXP 	Device response: <KeyPress from None: t=42.78501079999842, value=escape, duration=None>
42.7931 	DATA 	Keypress: escape
43.0159 	EXP 	Device response: <KeyPress from None: t=42.78501079999842, value=escape, duration=0.2240447000367567>
43.0159 	EXP 	TSST_fnirs_V4_CONTROL: status = STOPPED
43.0227 	EXP 	ctl1_instruction_text: autoDraw = False
43.0228 	EXP 	TSST_fnirs_V4_CONTROL: status = STOPPED
43.0290 	INFO 	saved data to 'c:\\Users\\MSVU\\Documents\\GitHub\\fNIRS_TSST_PsychoPy\\data\\110058_TSST_fnirs_V4_CONTROL_2026-01-22_18h29.54.304.csv'
43.0298 	INFO 	saved data to c:\Users\MSVU\Documents\GitHub\fNIRS_TSST_PsychoPy\data\110058_TSST_fnirs_V4_CONTROL_2026-01-22_18h29.54.304.psydat
43.2563 	WARNING 	Stopping key buffers but this could be dangerous ifother keyboards rely on the same.
43.3107 	WARNING 	Stopping key buffers but this could be dangerous ifother keyboards rely on the same.
