1.4990 	ERROR 	Failed to load any of the audioLibs: ['pyo']. Falling back to PsychToolbox ('ptb') backend for sound. Be sure to add 'ptb' to preferences to avoid seeing this message again.
1.6658 	WARNING 	We strongly recommend you activate the PTB sound engine in PsychoPy prefs as the preferred audio engine. Its timing is vastly superior. Your prefs are currently set to use ['pyo'] (in that order).
5.4197 	INFO 	Loaded monitor calibration from ['2024_08_14 14:13']
5.5909 	WARNING 	User requested fullscreen with size [1440  900], but screen is actually [2160, 3840]. Using actual size
5.8404 	INFO 	Using renderer 'NVIDIA GeForce GTX 1660/PCIe/SSE2' for graphics
5.8405 	INFO 	OpenGL version supported by driver is 4..
5.8729 	EXP 	Created window1 = Window(allowGUI=True, allowStencil=False, autoLog=True, backendConf=UNKNOWN, backgroundFit=<method-wrapper '__getattribute__' of attributeSetter object at 0x000002873A6E7850>, backgroundImage=<method-wrapper '__getattribute__' of attributeSetter object at 0x000002873A6E77F0>, bitsMode=UNKNOWN, blendMode='avg', bpc=(8, 8, 8), color=array([-1., -1., -1.]), colorSpace='rgb', depthBits=8, fullscr=True, gamma=None, gammaErrorPolicy='raise', infoMsg=UNKNOWN, lms=UNKNOWN, monitor=<psychopy.monitors.calibTools.Monitor object at 0x000002873A7E4640>, multiSample=False, name='window1', numSamples=2, pos=[np.float64(0.0), np.float64(0.0)], screen=0, size=array([2160, 3840]), stencilBits=0, stereo=False, title='PsychoPy', units='height', useFBO=True, useRetina=False, viewOri=0.0, viewPos=None, viewScale=None, waitBlanking=True, winType='pyglet')
5.8730 	EXP 	window1: backgroundImage = ''
5.8730 	EXP 	window1: backgroundFit = 'none'
6.7757 	EXP 	window1: Attempting to measure frame rate of screen (0) ...
6.7757 	EXP 	window1: recordFrameIntervals = False
7.0565 	EXP 	window1: recordFrameIntervals = True
7.1230 	WARNING 	t of last frame was 33.35ms (=1/29)
7.1564 	WARNING 	t of last frame was 33.44ms (=1/29)
7.1897 	WARNING 	t of last frame was 33.31ms (=1/30)
7.2230 	WARNING 	t of last frame was 33.30ms (=1/30)
7.2564 	WARNING 	Multiple dropped frames have occurred - I'll stop bothering you about them!
7.4232 	EXP 	Screen (0) actual frame rate measured at 29.99Hz
7.4232 	EXP 	window1: recordFrameIntervals = False
8.4840 	INFO 	keyboard.Keyboard is using ptb backend.
8.4841 	EXP 	TSST_fnirs_V4_CONTROL: status = STARTED
8.6193 	EXP 	Created ctl1_instruction_text = TextStim(__class__=<class 'psychopy.visual.text.TextStim'>, alignHoriz=method-wrapper(...), alignText='center', alignVert=method-wrapper(...), anchorHoriz='center', anchorVert='center', antialias=True, autoDraw=False, autoLog=True, bold=False, color=array([1., 1., 1.]), colorSpace='rgb', contrast=1.0, depth=0.0, draggable=False, flipHoriz=False, flipVert=False, font='Arial', fontFiles=[], height=np.float64(0.05), italic=False, languageStyle='LTR', name='ctl1_instruction_text', opacity=1, ori=0.0, pos=array([0., 0.]), rgb=UNKNOWN, text=str(...), units='height', win=Window(...), wrapWidth=1)
8.6194 	INFO 	keyboard.Keyboard is using ptb backend.
8.6196 	WARNING 	No default speaker specified in Preferences / Hardware, using first speaker found: BenQ LCD (NVIDIA High Definition Audio)
8.6725 	INFO 	Created stream for speaker device: BenQ LCD (NVIDIA High Definition Audio) (10.0)
8.6738 	EXP 	: sampleRate = 48000
8.6738 	EXP 	: channels = None
8.6742 	EXP 	Sound  set volume 1.000
8.6744 	WARNING 	No default speaker specified in Preferences / Hardware, using first speaker found: BenQ LCD (NVIDIA High Definition Audio)
8.6794 	INFO 	Created stream for speaker device: BenQ LCD (NVIDIA High Definition Audio) (10.0)
8.6804 	EXP 	: sampleRate = 48000
8.6804 	EXP 	: channels = None
8.6807 	EXP 	Sound  set volume 1.000
8.6943 	EXP 	Created fixation_cross = TextStim(__class__=<class 'psychopy.visual.text.TextStim'>, alignHoriz=method-wrapper(...), alignText='center', alignVert=method-wrapper(...), anchorHoriz='center', anchorVert='center', antialias=True, autoDraw=False, autoLog=True, bold=False, color=array([1., 1., 1.]), colorSpace='rgb', contrast=1.0, depth=0.0, draggable=False, flipHoriz=False, flipVert=False, font='Arial', fontFiles=[], height=np.float64(0.08), italic=False, languageStyle='LTR', name='fixation_cross', opacity=1, ori=0.0, pos=array([0., 0.]), rgb=UNKNOWN, text='+', units='height', win=Window(...), wrapWidth=1)
8.6956 	EXP 	Created read_number = TextStim(__class__=<class 'psychopy.visual.text.TextStim'>, alignHoriz=method-wrapper(...), alignText='center', alignVert=method-wrapper(...), anchorHoriz='center', anchorVert='center', antialias=True, autoDraw=False, autoLog=True, bold=False, color=array([1., 1., 1.]), colorSpace='rgb', contrast=1.0, depth=-1.0, draggable=False, flipHoriz=False, flipVert=False, font='Arial', fontFiles=[], height=0.07, italic=False, languageStyle='LTR', name='read_number', opacity=1, ori=0.0, pos=array([0., 0.]), rgb=UNKNOWN, text='', units='height', win=Window(...), wrapWidth=1)
8.6965 	EXP 	Created read_pausing = TextStim(__class__=<class 'psychopy.visual.text.TextStim'>, alignHoriz=method-wrapper(...), alignText='center', alignVert=method-wrapper(...), anchorHoriz='center', anchorVert='center', antialias=True, autoDraw=False, autoLog=True, bold=False, color=array([1., 1., 1.]), colorSpace='rgb', contrast=1.0, depth=0.0, draggable=False, flipHoriz=False, flipVert=False, font='Arial', fontFiles=[], height=0.07, italic=False, languageStyle='LTR', name='read_pausing', opacity=1, ori=0.0, pos=array([0., 0.]), rgb=UNKNOWN, text='', units='height', win=Window(...), wrapWidth=1)
8.8191 	EXP 	Created ctl2_instruction_text = TextStim(__class__=<class 'psychopy.visual.text.TextStim'>, alignHoriz=method-wrapper(...), alignText='center', alignVert=method-wrapper(...), anchorHoriz='center', anchorVert='center', antialias=True, autoDraw=False, autoLog=True, bold=False, color=array([1., 1., 1.]), colorSpace='rgb', contrast=1.0, depth=0.0, draggable=False, flipHoriz=False, flipVert=False, font='Arial', fontFiles=[], height=np.float64(0.05), italic=False, languageStyle='LTR', name='ctl2_instruction_text', opacity=1, ori=0.0, pos=array([0., 0.]), rgb=UNKNOWN, text=str(...), units='height', win=Window(...), wrapWidth=1)
8.8222 	EXP 	Created fixation_cross = TextStim(__class__=<class 'psychopy.visual.text.TextStim'>, alignHoriz=method-wrapper(...), alignText='center', alignVert=method-wrapper(...), anchorHoriz='center', anchorVert='center', antialias=True, autoDraw=False, autoLog=True, bold=False, color=array([1., 1., 1.]), colorSpace='rgb', contrast=1.0, depth=0.0, draggable=False, flipHoriz=False, flipVert=False, font='Arial', fontFiles=[], height=np.float64(0.08), italic=False, languageStyle='LTR', name='fixation_cross', opacity=1, ori=0.0, pos=array([0., 0.]), rgb=UNKNOWN, text='+', units='height', win=Window(...), wrapWidth=1)
8.8232 	EXP 	Created subtract_number = TextStim(__class__=<class 'psychopy.visual.text.TextStim'>, alignHoriz=method-wrapper(...), alignText='center', alignVert=method-wrapper(...), anchorHoriz='center', anchorVert='center', antialias=True, autoDraw=False, autoLog=True, bold=False, color=array([1., 1., 1.]), colorSpace='rgb', contrast=1.0, depth=-1.0, draggable=False, flipHoriz=False, flipVert=False, font='Arial', fontFiles=[], height=0.07, italic=False, languageStyle='LTR', name='subtract_number', opacity=1, ori=0.0, pos=array([0., 0.]), rgb=UNKNOWN, text='', units='height', win=Window(...), wrapWidth=1)
8.8240 	EXP 	Created subtract_pausing = TextStim(__class__=<class 'psychopy.visual.text.TextStim'>, alignHoriz=method-wrapper(...), alignText='center', alignVert=method-wrapper(...), anchorHoriz='center', anchorVert='center', antialias=True, autoDraw=False, autoLog=True, bold=False, color=array([1., 1., 1.]), colorSpace='rgb', contrast=1.0, depth=0.0, draggable=False, flipHoriz=False, flipVert=False, font='Arial', fontFiles=[], height=0.07, italic=False, languageStyle='LTR', name='subtract_pausing', opacity=1, ori=0.0, pos=array([0., 0.]), rgb=UNKNOWN, text='', units='height', win=Window(...), wrapWidth=1)
8.8335 	EXP 	Created task_end_text = TextStim(__class__=<class 'psychopy.visual.text.TextStim'>, alignHoriz=method-wrapper(...), alignText='center', alignVert=method-wrapper(...), anchorHoriz='center', anchorVert='center', antialias=True, autoDraw=False, autoLog=True, bold=False, color=array([1., 1., 1.]), colorSpace='rgb', contrast=1.0, depth=0.0, draggable=False, flipHoriz=False, flipVert=False, font='Arial', fontFiles=[], height=np.float64(0.05), italic=False, languageStyle='LTR', name='task_end_text', opacity=1, ori=0.0, pos=array([0., 0.]), rgb=UNKNOWN, text='Please wait for the next task to begin..', units='height', win=Window(...), wrapWidth=1)
0.0685 	INFO 	Keyboard events cleared
0.0768 	EXP 	ctl1_instruction_text: autoDraw = True
0.5615 	DATA 	Keypress: escape
0.5937 	EXP 	Device response: <KeyPress from None: t=0.5578316999999515, value=escape, duration=None>
0.6899 	EXP 	Device response: <KeyPress from None: t=0.5578316999999515, value=escape, duration=0.10396600000012768>
0.6900 	EXP 	TSST_fnirs_V4_CONTROL: status = STOPPED
0.7228 	EXP 	ctl1_instruction_text: autoDraw = False
0.7229 	EXP 	TSST_fnirs_V4_CONTROL: status = STOPPED
0.7296 	INFO 	saved data to 'c:\\Users\\neuro\\GitHub\\fNIRS_TSST_PsychoPy\\data\\145620_TSST_fnirs_V4_CONTROL_2025-12-09_17h35.37.995.csv'
0.7302 	INFO 	saved data to c:\Users\neuro\GitHub\fNIRS_TSST_PsychoPy\data\145620_TSST_fnirs_V4_CONTROL_2025-12-09_17h35.37.995.psydat
1.0134 	WARNING 	Stopping key buffers but this could be dangerous ifother keyboards rely on the same.
1.0647 	WARNING 	Stopping key buffers but this could be dangerous ifother keyboards rely on the same.
