16.2089 	WARNING 	Font Manager failed to load file /System/Library/PrivateFrameworks/FontServices.framework/Resources/Reserved/PingFangUI.ttc
18.7847 	INFO 	Loaded monitor calibration from ['2025_10_16 07:47']
19.1105 	EXP 	Created window1 = Window(allowGUI=True, allowStencil=False, autoLog=True, backendConf=UNKNOWN, backgroundFit=<method-wrapper '__getattribute__' of attributeSetter object at 0x160885660>, backgroundImage=<method-wrapper '__getattribute__' of attributeSetter object at 0x160885720>, bitsMode=UNKNOWN, blendMode='avg', bpc=(8, 8, 8), color=array([-1., -1., -1.]), colorSpace='rgb', depthBits=8, fullscr=<method-wrapper '__getattribute__' of attributeSetter object at 0x160885900>, gamma=None, gammaErrorPolicy='raise', infoMsg=UNKNOWN, lms=UNKNOWN, monitor=<psychopy.monitors.calibTools.Monitor object at 0x1608bda20>, multiSample=False, name='window1', numSamples=2, pos=[360.0, 225.0], screen=0, size=array([2880, 1800]), stencilBits=0, stereo=False, title='PsychoPy', units='height', useFBO=True, useRetina=True, viewOri=0.0, viewPos=None, viewScale=None, waitBlanking=True, winType='pyglet')
19.1106 	EXP 	window1: mouseVisible = True
19.1106 	EXP 	window1: backgroundImage = ''
19.1106 	EXP 	window1: backgroundFit = 'none'
19.1108 	EXP 	window1: mouseVisible = True
19.1110 	EXP 	window1: mouseVisible = True
19.1137 	EXP 	window1: mouseVisible = True
19.1141 	EXP 	window1: mouseVisible = True
19.1521 	EXP 	window1: mouseVisible = True
19.1522 	EXP 	window1: mouseVisible = True
19.1527 	EXP 	window1: mouseVisible = True
19.1532 	EXP 	window1: mouseVisible = True
19.1660 	EXP 	window1: Attempting to measure frame rate of screen (0) ...
19.1660 	EXP 	window1: recordFrameIntervals = False
19.5605 	EXP 	window1: recordFrameIntervals = True
19.8209 	WARNING 	t of last frame was 42.27ms (=1/23)
20.4397 	EXP 	Screen (0) actual frame rate measured at 120.25Hz
20.4398 	EXP 	window1: recordFrameIntervals = False
20.4414 	EXP 	window1: mouseVisible = False
22.8213 	INFO 	keyboard.Keyboard is using ptb backend.
22.9947 	EXP 	TSST_fnirs_V3_FULL: status = STARTED
22.9957 	EXP 	window1: mouseVisible = True
23.0480 	EXP 	Created ctl1_instruction_text = TextStim(__class__=<class 'psychopy.visual.text.TextStim'>, alignHoriz=method-wrapper(...), alignText='center', alignVert=method-wrapper(...), anchorHoriz='center', anchorVert='center', antialias=True, autoDraw=False, autoLog=True, bold=False, color=array([1., 1., 1.]), colorSpace='rgb', contrast=1.0, depth=0.0, draggable=False, flipHoriz=False, flipVert=False, font='Arial', fontFiles=[], height=0.05, italic=False, languageStyle='LTR', name='ctl1_instruction_text', opacity=1.0, ori=0.0, pos=array([0., 0.]), rgb=UNKNOWN, text=str(...), units='height', win=Window(...), wrapWidth=1)
23.5035 	INFO 	keyboard.Keyboard is using ptb backend.
23.5048 	EXP 	window1: mouseVisible = False
25.0133 	EXP 	Sound start_tone set volume 1.000
25.0135 	EXP 	window1: mouseVisible = True
25.0148 	EXP 	Created read_number = TextStim(__class__=<class 'psychopy.visual.text.TextStim'>, alignHoriz=method-wrapper(...), alignText='center', alignVert=method-wrapper(...), anchorHoriz='center', anchorVert='center', antialias=True, autoDraw=False, autoLog=True, bold=False, color=array([1., 1., 1.]), colorSpace='rgb', contrast=1.0, depth=-2.0, draggable=False, flipHoriz=False, flipVert=False, font='Arial', fontFiles=[], height=0.07, italic=False, languageStyle='LTR', name='read_number', opacity=1.0, ori=0.0, pos=array([0., 0.]), rgb=UNKNOWN, text='', units='height', win=Window(...), wrapWidth=1)
25.0150 	EXP 	Sound start_pause_tone set volume 1.000
25.0151 	EXP 	window1: mouseVisible = True
25.0158 	EXP 	Created read_pausing = TextStim(__class__=<class 'psychopy.visual.text.TextStim'>, alignHoriz=method-wrapper(...), alignText='center', alignVert=method-wrapper(...), anchorHoriz='center', anchorVert='center', antialias=True, autoDraw=False, autoLog=True, bold=False, color=array([1., 1., 1.]), colorSpace='rgb', contrast=1.0, depth=-1.0, draggable=False, flipHoriz=False, flipVert=False, font='Arial', fontFiles=[], height=0.07, italic=False, languageStyle='LTR', name='read_pausing', opacity=1.0, ori=0.0, pos=array([0., 0.]), rgb=UNKNOWN, text='', units='height', win=Window(...), wrapWidth=1)
25.0159 	EXP 	window1: mouseVisible = True
25.0283 	EXP 	Created ctl2_instruction_text = TextStim(__class__=<class 'psychopy.visual.text.TextStim'>, alignHoriz=method-wrapper(...), alignText='center', alignVert=method-wrapper(...), anchorHoriz='center', anchorVert='center', antialias=True, autoDraw=False, autoLog=True, bold=False, color=array([1., 1., 1.]), colorSpace='rgb', contrast=1.0, depth=0.0, draggable=False, flipHoriz=False, flipVert=False, font='Arial', fontFiles=[], height=0.05, italic=False, languageStyle='LTR', name='ctl2_instruction_text', opacity=1.0, ori=0.0, pos=array([0., 0.]), rgb=UNKNOWN, text=str(...), units='height', win=Window(...), wrapWidth=1)
25.0285 	EXP 	Sound start_tone_2 set volume 1.000
25.0286 	EXP 	window1: mouseVisible = True
25.0293 	EXP 	Created subtract_number = TextStim(__class__=<class 'psychopy.visual.text.TextStim'>, alignHoriz=method-wrapper(...), alignText='center', alignVert=method-wrapper(...), anchorHoriz='center', anchorVert='center', antialias=True, autoDraw=False, autoLog=True, bold=False, color=array([1., 1., 1.]), colorSpace='rgb', contrast=1.0, depth=-2.0, draggable=False, flipHoriz=False, flipVert=False, font='Arial', fontFiles=[], height=0.07, italic=False, languageStyle='LTR', name='subtract_number', opacity=1.0, ori=0.0, pos=array([0., 0.]), rgb=UNKNOWN, text='', units='height', win=Window(...), wrapWidth=1)
25.0295 	EXP 	Sound start_pause_tone_2 set volume 1.000
25.0296 	EXP 	window1: mouseVisible = True
25.0303 	EXP 	Created subtract_pausing = TextStim(__class__=<class 'psychopy.visual.text.TextStim'>, alignHoriz=method-wrapper(...), alignText='center', alignVert=method-wrapper(...), anchorHoriz='center', anchorVert='center', antialias=True, autoDraw=False, autoLog=True, bold=False, color=array([1., 1., 1.]), colorSpace='rgb', contrast=1.0, depth=-1.0, draggable=False, flipHoriz=False, flipVert=False, font='Arial', fontFiles=[], height=0.07, italic=False, languageStyle='LTR', name='subtract_pausing', opacity=1.0, ori=0.0, pos=array([0., 0.]), rgb=UNKNOWN, text='', units='height', win=Window(...), wrapWidth=1)
25.0304 	EXP 	window1: mouseVisible = True
25.0328 	EXP 	Created task_end_text = TextStim(__class__=<class 'psychopy.visual.text.TextStim'>, alignHoriz=method-wrapper(...), alignText='center', alignVert=method-wrapper(...), anchorHoriz='center', anchorVert='center', antialias=True, autoDraw=False, autoLog=True, bold=False, color=array([1., 1., 1.]), colorSpace='rgb', contrast=1.0, depth=0.0, draggable=False, flipHoriz=False, flipVert=False, font='Arial', fontFiles=[], height=0.05, italic=False, languageStyle='LTR', name='task_end_text', opacity=1.0, ori=0.0, pos=array([0., 0.]), rgb=UNKNOWN, text='Please wait for the next task to begin..', units='height', win=Window(...), wrapWidth=1)
25.0329 	EXP 	window1: mouseVisible = True
25.0360 	EXP 	Created tsst_instruction_text = TextStim(__class__=<class 'psychopy.visual.text.TextStim'>, alignHoriz=method-wrapper(...), alignText='center', alignVert=method-wrapper(...), anchorHoriz='center', anchorVert='center', antialias=True, autoDraw=False, autoLog=True, bold=False, color=array([1., 1., 1.]), colorSpace='rgb', contrast=1.0, depth=0.0, draggable=False, flipHoriz=False, flipVert=False, font='Arial', fontFiles=[], height=0.05, italic=False, languageStyle='LTR', name='tsst_instruction_text', opacity=1.0, ori=0.0, pos=array([0., 0.]), rgb=UNKNOWN, text=str(...), units='height', win=Window(...), wrapWidth=1)
25.0363 	EXP 	Sound start_tone_3 set volume 1.000
25.0364 	EXP 	window1: mouseVisible = True
25.0371 	EXP 	Created subtract_number_TSST = TextStim(__class__=<class 'psychopy.visual.text.TextStim'>, alignHoriz=method-wrapper(...), alignText='center', alignVert=method-wrapper(...), anchorHoriz='center', anchorVert='center', antialias=True, autoDraw=False, autoLog=True, bold=False, color=array([1., 1., 1.]), colorSpace='rgb', contrast=1.0, depth=-1.0, draggable=False, flipHoriz=False, flipVert=False, font='Arial', fontFiles=[], height=0.07, italic=False, languageStyle='LTR', name='subtract_number_TSST', opacity=1.0, ori=0.0, pos=array([0., 0.]), rgb=UNKNOWN, text='', units='height', win=Window(...), wrapWidth=1)
25.0373 	EXP 	Sound tsst_start_pause_tone set volume 1.000
25.0374 	EXP 	window1: mouseVisible = True
25.0381 	EXP 	Created subtract_pausing_TSST = TextStim(__class__=<class 'psychopy.visual.text.TextStim'>, alignHoriz=method-wrapper(...), alignText='center', alignVert=method-wrapper(...), anchorHoriz='center', anchorVert='center', antialias=True, autoDraw=False, autoLog=True, bold=False, color=array([1., 1., 1.]), colorSpace='rgb', contrast=1.0, depth=-1.0, draggable=False, flipHoriz=False, flipVert=False, font='Arial', fontFiles=[], height=0.07, italic=False, languageStyle='LTR', name='subtract_pausing_TSST', opacity=1.0, ori=0.0, pos=array([0., 0.]), rgb=UNKNOWN, text='', units='height', win=Window(...), wrapWidth=1)
25.0382 	EXP 	window1: mouseVisible = True
25.0416 	EXP 	Created finished_text = TextStim(__class__=<class 'psychopy.visual.text.TextStim'>, alignHoriz=method-wrapper(...), alignText='center', alignVert=method-wrapper(...), anchorHoriz='center', anchorVert='center', antialias=True, autoDraw=False, autoLog=True, bold=False, color=array([1., 1., 1.]), colorSpace='rgb', contrast=1.0, depth=0.0, draggable=False, flipHoriz=False, flipVert=False, font='Arial', fontFiles=[], height=0.05, italic=False, languageStyle='LTR', name='finished_text', opacity=1.0, ori=0.0, pos=array([0., 0.]), rgb=UNKNOWN, text=str(...), units='height', win=Window(...), wrapWidth=1)
0.0178 	INFO 	Keyboard events cleared
0.0188 	EXP 	window1: mouseVisible = False
0.0329 	EXP 	ctl1_instruction_text: autoDraw = True
2.7640 	DATA 	Keypress: space
3.7556 	INFO 	Keyboard events cleared
3.7590 	EXP 	Created sequence: sequential, trialTypes=1, nReps=6, seed=None
3.7592 	EXP 	New trial (rep=0, index=0): None
3.7593 	EXP 	window1: mouseVisible = False
3.7594 	INFO 	Keyboard events cleared
3.7715 	EXP 	Sound start_tone started
3.7642 	DATA 	Keypress: return
3.7677 	EXP 	ctl1_instruction_text: autoDraw = False
3.7677 	EXP 	read_number: height = 0.07
3.7677 	EXP 	read_number: height = 0.07
3.7677 	EXP 	read_number: height = 0.07
3.7677 	EXP 	read_number: text = 1022
3.9575 	EXP 	read_number: autoDraw = True
3.9628 	EXP 	Sound start_tone stopped
4.9044 	DATA 	Keypress: space
4.9092 	EXP 	read_number: height = 0.07
4.9092 	EXP 	read_number: height = 0.07
4.9092 	EXP 	read_number: height = 0.07
4.9092 	EXP 	read_number: text = '1009'
5.0735 	DATA 	Keypress: space
5.0781 	EXP 	read_number: height = 0.07
5.0781 	EXP 	read_number: height = 0.07
5.0781 	EXP 	read_number: height = 0.07
5.0781 	EXP 	read_number: text = '996'
5.2095 	DATA 	Keypress: space
5.2140 	EXP 	read_number: height = 0.07
5.2140 	EXP 	read_number: height = 0.07
5.2140 	EXP 	read_number: height = 0.07
5.2140 	EXP 	read_number: text = '983'
5.3548 	DATA 	Keypress: space
5.3591 	EXP 	read_number: height = 0.07
5.3591 	EXP 	read_number: height = 0.07
5.3591 	EXP 	read_number: height = 0.07
5.3591 	EXP 	read_number: text = '970'
5.9229 	DATA 	Keypress: escape
5.9333 	EXP 	TSST_fnirs_V3_FULL: status = STOPPED
5.9465 	EXP 	read_number: autoDraw = False
5.9465 	EXP 	TSST_fnirs_V3_FULL: status = STOPPED
5.9483 	INFO 	saved data to '/Users/Isaac/Documents/TSST/TSST_V4/data/175627_TSST_fnirs_V3_FULL_2025-10-16_07h52.17.431.csv'
5.9500 	INFO 	saved data to /Users/Isaac/Documents/TSST/TSST_V4/data/175627_TSST_fnirs_V3_FULL_2025-10-16_07h52.17.431.psydat
5.9990 	EXP 	window1: mouseVisible = True
6.2901 	WARNING 	Stopping key buffers but this could be dangerous ifother keyboards rely on the same.
6.2903 	WARNING 	Stopping key buffers but this could be dangerous ifother keyboards rely on the same.
