1.6811 	ERROR 	Failed to load any of the audioLibs: ['pyo']. Falling back to PsychToolbox ('ptb') backend for sound. Be sure to add 'ptb' to preferences to avoid seeing this message again.
1.8485 	WARNING 	We strongly recommend you activate the PTB sound engine in PsychoPy prefs as the preferred audio engine. Its timing is vastly superior. Your prefs are currently set to use ['pyo'] (in that order).
9.1234 	INFO 	Loaded monitor calibration from ['2024_08_14 14:13']
9.2926 	WARNING 	User requested fullscreen with size [1440  900], but screen is actually [2160, 3840]. Using actual size
9.5393 	INFO 	Using renderer 'NVIDIA GeForce GTX 1660/PCIe/SSE2' for graphics
9.5393 	INFO 	OpenGL version supported by driver is 4..
9.5710 	EXP 	Created window1 = Window(allowGUI=True, allowStencil=False, autoLog=True, backendConf=UNKNOWN, backgroundFit=<method-wrapper '__getattribute__' of attributeSetter object at 0x000001E19C881DE0>, backgroundImage=<method-wrapper '__getattribute__' of attributeSetter object at 0x000001E19C881D80>, bitsMode=UNKNOWN, blendMode='avg', bpc=(8, 8, 8), color=array([-1., -1., -1.]), colorSpace='rgb', depthBits=8, fullscr=True, gamma=None, gammaErrorPolicy='raise', infoMsg=UNKNOWN, lms=UNKNOWN, monitor=<psychopy.monitors.calibTools.Monitor object at 0x000001E19C96AB90>, multiSample=False, name='window1', numSamples=2, pos=[np.float64(0.0), np.float64(0.0)], screen=0, size=array([2160, 3840]), stencilBits=0, stereo=False, title='PsychoPy', units='height', useFBO=True, useRetina=False, viewOri=0.0, viewPos=None, viewScale=None, waitBlanking=True, winType='pyglet')
9.5710 	EXP 	window1: backgroundImage = ''
9.5711 	EXP 	window1: backgroundFit = 'none'
10.4968 	EXP 	window1: Attempting to measure frame rate of screen (0) ...
10.4968 	EXP 	window1: recordFrameIntervals = False
10.7729 	EXP 	window1: recordFrameIntervals = True
10.8394 	WARNING 	t of last frame was 33.29ms (=1/30)
10.8727 	WARNING 	t of last frame was 33.35ms (=1/29)
10.9061 	WARNING 	t of last frame was 33.43ms (=1/29)
10.9395 	WARNING 	t of last frame was 33.32ms (=1/30)
10.9728 	WARNING 	Multiple dropped frames have occurred - I'll stop bothering you about them!
11.1397 	EXP 	Screen (0) actual frame rate measured at 30.00Hz
11.1397 	EXP 	window1: recordFrameIntervals = False
12.2026 	INFO 	keyboard.Keyboard is using ptb backend.
12.2026 	EXP 	TSST_fnirs_V4_FULL: status = STARTED
12.3373 	EXP 	Created ctl1_instruction_text = TextStim(__class__=<class 'psychopy.visual.text.TextStim'>, alignHoriz=method-wrapper(...), alignText='center', alignVert=method-wrapper(...), anchorHoriz='center', anchorVert='center', antialias=True, autoDraw=False, autoLog=True, bold=False, color=array([1., 1., 1.]), colorSpace='rgb', contrast=1.0, depth=0.0, draggable=False, flipHoriz=False, flipVert=False, font='Arial', fontFiles=[], height=np.float64(0.05), italic=False, languageStyle='LTR', name='ctl1_instruction_text', opacity=1, ori=0.0, pos=array([0., 0.]), rgb=UNKNOWN, text=str(...), units='height', win=Window(...), wrapWidth=1)
12.3374 	INFO 	keyboard.Keyboard is using ptb backend.
12.3522 	INFO 	Created stream for speaker device: Headphones (X10) (11.0)
12.3536 	EXP 	: sampleRate = 44100
12.3536 	EXP 	: channels = None
12.3540 	EXP 	Sound  set volume 1.000
12.3586 	INFO 	Created stream for speaker device: Headphones (X10) (11.0)
12.3595 	EXP 	: sampleRate = 44100
12.3595 	EXP 	: channels = None
12.3599 	EXP 	Sound  set volume 1.000
12.3743 	EXP 	Created fixation_cross = TextStim(__class__=<class 'psychopy.visual.text.TextStim'>, alignHoriz=method-wrapper(...), alignText='center', alignVert=method-wrapper(...), anchorHoriz='center', anchorVert='center', antialias=True, autoDraw=False, autoLog=True, bold=False, color=array([1., 1., 1.]), colorSpace='rgb', contrast=1.0, depth=0.0, draggable=False, flipHoriz=False, flipVert=False, font='Arial', fontFiles=[], height=np.float64(0.08), italic=False, languageStyle='LTR', name='fixation_cross', opacity=1, ori=0.0, pos=array([0., 0.]), rgb=UNKNOWN, text='+', units='height', win=Window(...), wrapWidth=1)
12.3756 	EXP 	Created read_number = TextStim(__class__=<class 'psychopy.visual.text.TextStim'>, alignHoriz=method-wrapper(...), alignText='center', alignVert=method-wrapper(...), anchorHoriz='center', anchorVert='center', antialias=True, autoDraw=False, autoLog=True, bold=False, color=array([1., 1., 1.]), colorSpace='rgb', contrast=1.0, depth=-1.0, draggable=False, flipHoriz=False, flipVert=False, font='Arial', fontFiles=[], height=0.07, italic=False, languageStyle='LTR', name='read_number', opacity=1, ori=0.0, pos=array([0., 0.]), rgb=UNKNOWN, text='', units='height', win=Window(...), wrapWidth=1)
12.3765 	EXP 	Created read_pausing = TextStim(__class__=<class 'psychopy.visual.text.TextStim'>, alignHoriz=method-wrapper(...), alignText='center', alignVert=method-wrapper(...), anchorHoriz='center', anchorVert='center', antialias=True, autoDraw=False, autoLog=True, bold=False, color=array([1., 1., 1.]), colorSpace='rgb', contrast=1.0, depth=0.0, draggable=False, flipHoriz=False, flipVert=False, font='Arial', fontFiles=[], height=0.07, italic=False, languageStyle='LTR', name='read_pausing', opacity=1, ori=0.0, pos=array([0., 0.]), rgb=UNKNOWN, text='', units='height', win=Window(...), wrapWidth=1)
12.4980 	EXP 	Created ctl2_instruction_text = TextStim(__class__=<class 'psychopy.visual.text.TextStim'>, alignHoriz=method-wrapper(...), alignText='center', alignVert=method-wrapper(...), anchorHoriz='center', anchorVert='center', antialias=True, autoDraw=False, autoLog=True, bold=False, color=array([1., 1., 1.]), colorSpace='rgb', contrast=1.0, depth=0.0, draggable=False, flipHoriz=False, flipVert=False, font='Arial', fontFiles=[], height=np.float64(0.05), italic=False, languageStyle='LTR', name='ctl2_instruction_text', opacity=1, ori=0.0, pos=array([0., 0.]), rgb=UNKNOWN, text=str(...), units='height', win=Window(...), wrapWidth=1)
12.5011 	EXP 	Created fixation_cross = TextStim(__class__=<class 'psychopy.visual.text.TextStim'>, alignHoriz=method-wrapper(...), alignText='center', alignVert=method-wrapper(...), anchorHoriz='center', anchorVert='center', antialias=True, autoDraw=False, autoLog=True, bold=False, color=array([1., 1., 1.]), colorSpace='rgb', contrast=1.0, depth=0.0, draggable=False, flipHoriz=False, flipVert=False, font='Arial', fontFiles=[], height=np.float64(0.08), italic=False, languageStyle='LTR', name='fixation_cross', opacity=1, ori=0.0, pos=array([0., 0.]), rgb=UNKNOWN, text='+', units='height', win=Window(...), wrapWidth=1)
12.5021 	EXP 	Created subtract_number = TextStim(__class__=<class 'psychopy.visual.text.TextStim'>, alignHoriz=method-wrapper(...), alignText='center', alignVert=method-wrapper(...), anchorHoriz='center', anchorVert='center', antialias=True, autoDraw=False, autoLog=True, bold=False, color=array([1., 1., 1.]), colorSpace='rgb', contrast=1.0, depth=-1.0, draggable=False, flipHoriz=False, flipVert=False, font='Arial', fontFiles=[], height=0.07, italic=False, languageStyle='LTR', name='subtract_number', opacity=1, ori=0.0, pos=array([0., 0.]), rgb=UNKNOWN, text='', units='height', win=Window(...), wrapWidth=1)
12.5030 	EXP 	Created subtract_pausing = TextStim(__class__=<class 'psychopy.visual.text.TextStim'>, alignHoriz=method-wrapper(...), alignText='center', alignVert=method-wrapper(...), anchorHoriz='center', anchorVert='center', antialias=True, autoDraw=False, autoLog=True, bold=False, color=array([1., 1., 1.]), colorSpace='rgb', contrast=1.0, depth=0.0, draggable=False, flipHoriz=False, flipVert=False, font='Arial', fontFiles=[], height=0.07, italic=False, languageStyle='LTR', name='subtract_pausing', opacity=1, ori=0.0, pos=array([0., 0.]), rgb=UNKNOWN, text='', units='height', win=Window(...), wrapWidth=1)
12.5120 	EXP 	Created task_end_text = TextStim(__class__=<class 'psychopy.visual.text.TextStim'>, alignHoriz=method-wrapper(...), alignText='center', alignVert=method-wrapper(...), anchorHoriz='center', anchorVert='center', antialias=True, autoDraw=False, autoLog=True, bold=False, color=array([1., 1., 1.]), colorSpace='rgb', contrast=1.0, depth=0.0, draggable=False, flipHoriz=False, flipVert=False, font='Arial', fontFiles=[], height=np.float64(0.05), italic=False, languageStyle='LTR', name='task_end_text', opacity=1, ori=0.0, pos=array([0., 0.]), rgb=UNKNOWN, text='Please wait for the next task to begin..', units='height', win=Window(...), wrapWidth=1)
12.5142 	EXP 	Created fixation_cross = TextStim(__class__=<class 'psychopy.visual.text.TextStim'>, alignHoriz=method-wrapper(...), alignText='center', alignVert=method-wrapper(...), anchorHoriz='center', anchorVert='center', antialias=True, autoDraw=False, autoLog=True, bold=False, color=array([1., 1., 1.]), colorSpace='rgb', contrast=1.0, depth=0.0, draggable=False, flipHoriz=False, flipVert=False, font='Arial', fontFiles=[], height=np.float64(0.08), italic=False, languageStyle='LTR', name='fixation_cross', opacity=1, ori=0.0, pos=array([0., 0.]), rgb=UNKNOWN, text='+', units='height', win=Window(...), wrapWidth=1)
12.5285 	EXP 	Created tsst_instruction_text = TextStim(__class__=<class 'psychopy.visual.text.TextStim'>, alignHoriz=method-wrapper(...), alignText='center', alignVert=method-wrapper(...), anchorHoriz='center', anchorVert='center', antialias=True, autoDraw=False, autoLog=True, bold=False, color=array([1., 1., 1.]), colorSpace='rgb', contrast=1.0, depth=0.0, draggable=False, flipHoriz=False, flipVert=False, font='Arial', fontFiles=[], height=np.float64(0.05), italic=False, languageStyle='LTR', name='tsst_instruction_text', opacity=1, ori=0.0, pos=array([0., 0.]), rgb=UNKNOWN, text=str(...), units='height', win=Window(...), wrapWidth=1)
12.5294 	EXP 	Created subtract_number_TSST = TextStim(__class__=<class 'psychopy.visual.text.TextStim'>, alignHoriz=method-wrapper(...), alignText='center', alignVert=method-wrapper(...), anchorHoriz='center', anchorVert='center', antialias=True, autoDraw=False, autoLog=True, bold=False, color=array([1., 1., 1.]), colorSpace='rgb', contrast=1.0, depth=0.0, draggable=False, flipHoriz=False, flipVert=False, font='Arial', fontFiles=[], height=0.07, italic=False, languageStyle='LTR', name='subtract_number_TSST', opacity=1, ori=0.0, pos=array([0., 0.]), rgb=UNKNOWN, text='', units='height', win=Window(...), wrapWidth=1)
12.5303 	EXP 	Created subtract_pausing_TSST = TextStim(__class__=<class 'psychopy.visual.text.TextStim'>, alignHoriz=method-wrapper(...), alignText='center', alignVert=method-wrapper(...), anchorHoriz='center', anchorVert='center', antialias=True, autoDraw=False, autoLog=True, bold=False, color=array([1., 1., 1.]), colorSpace='rgb', contrast=1.0, depth=0.0, draggable=False, flipHoriz=False, flipVert=False, font='Arial', fontFiles=[], height=0.07, italic=False, languageStyle='LTR', name='subtract_pausing_TSST', opacity=1, ori=0.0, pos=array([0., 0.]), rgb=UNKNOWN, text='', units='height', win=Window(...), wrapWidth=1)
12.5437 	EXP 	Created finished_text = TextStim(__class__=<class 'psychopy.visual.text.TextStim'>, alignHoriz=method-wrapper(...), alignText='center', alignVert=method-wrapper(...), anchorHoriz='center', anchorVert='center', antialias=True, autoDraw=False, autoLog=True, bold=False, color=array([1., 1., 1.]), colorSpace='rgb', contrast=1.0, depth=0.0, draggable=False, flipHoriz=False, flipVert=False, font='Arial', fontFiles=[], height=np.float64(0.05), italic=False, languageStyle='LTR', name='finished_text', opacity=1, ori=0.0, pos=array([0., 0.]), rgb=UNKNOWN, text=str(...), units='height', win=Window(...), wrapWidth=1)
0.0710 	INFO 	Keyboard events cleared
0.0790 	EXP 	ctl1_instruction_text: autoDraw = True
1.1997 	EXP 	Device response: <KeyPress from None: t=1.1838399000002937, value=return, duration=None>
1.1998 	INFO 	Keyboard events cleared
1.1999 	INFO 	Keyboard events cleared
1.2018 	DATA 	Keypress: return
1.2291 	EXP 	ctl1_instruction_text: autoDraw = False
1.2291 	EXP 	fixation_cross: autoDraw = True
1.3292 	EXP 	Device response: <KeyPress from None: t=1.1838399000002937, value=return, duration=0.12000050000006013>
31.2294 	EXP 	Created sequence: sequential, trialTypes=1, nReps=6, seed=None
31.2296 	EXP 	New trial (rep=0, index=0): None
31.2296 	INFO 	Keyboard events cleared
31.2297 	EXP 	Sound  reached end of file
31.2297 	EXP 	Playing sound  on speaker Headphones (X10)
31.2623 	EXP 	fixation_cross: autoDraw = False
31.2623 	EXP 	read_number: height = np.float64(0.07)
31.2623 	EXP 	read_number: height = np.float64(0.07)
31.2623 	EXP 	read_number: height = np.float64(0.07)
31.2623 	EXP 	read_number: text = 1022
31.4290 	EXP 	read_number: autoDraw = True
71.2380 	EXP 	Sound  reached end of file
71.2380 	EXP 	Playing sound  on speaker Headphones (X10)
71.2623 	EXP 	read_number: autoDraw = False
71.2623 	EXP 	read_number: autoDraw = False
71.2623 	EXP 	read_pausing: height = np.float64(0.07)
71.2623 	EXP 	read_pausing: height = np.float64(0.07)
71.2623 	EXP 	read_pausing: height = np.float64(0.07)
71.2623 	EXP 	read_pausing: text = 'PAUSE'
71.2623 	EXP 	read_pausing: autoDraw = True
91.2293 	EXP 	New trial (rep=1, index=0): None
91.2294 	INFO 	Keyboard events cleared
91.2295 	EXP 	Sound  reached end of file
91.2295 	EXP 	Playing sound  on speaker Headphones (X10)
91.2622 	EXP 	read_pausing: autoDraw = False
91.2622 	EXP 	read_pausing: autoDraw = False
91.2622 	EXP 	read_number: height = np.float64(0.07)
91.2622 	EXP 	read_number: height = np.float64(0.07)
91.2622 	EXP 	read_number: height = np.float64(0.07)
91.2622 	EXP 	read_number: text = 1022
91.4622 	EXP 	read_number: autoDraw = True
109.2623 	EXP 	Device response: <KeyPress from None: t=109.25409570000011, value=space, duration=None>
109.2678 	DATA 	Keypress: space
109.2954 	EXP 	read_number: height = np.float64(0.07)
109.2954 	EXP 	read_number: height = np.float64(0.07)
109.2954 	EXP 	read_number: height = np.float64(0.07)
109.2954 	EXP 	read_number: text = '1009'
109.3957 	EXP 	Device response: <KeyPress from None: t=109.25409570000011, value=space, duration=0.1280021000002307>
109.5290 	EXP 	Device response: <KeyPress from None: t=109.50211590000026, value=space, duration=None>
109.5341 	DATA 	Keypress: space
109.5622 	EXP 	read_number: height = np.float64(0.07)
109.5622 	EXP 	read_number: height = np.float64(0.07)
109.5622 	EXP 	read_number: height = np.float64(0.07)
109.5622 	EXP 	read_number: text = '996'
109.6623 	EXP 	Device response: <KeyPress from None: t=109.50211590000026, value=space, duration=0.14399779999985185>
109.7290 	EXP 	Device response: <KeyPress from None: t=109.72611130000041, value=space, duration=None>
109.7354 	DATA 	Keypress: space
109.7621 	EXP 	read_number: height = np.float64(0.07)
109.7621 	EXP 	read_number: height = np.float64(0.07)
109.7621 	EXP 	read_number: height = np.float64(0.07)
109.7621 	EXP 	read_number: text = '983'
109.8957 	EXP 	Device response: <KeyPress from None: t=109.72611130000041, value=space, duration=0.13605539999980465>
109.9623 	EXP 	Device response: <KeyPress from None: t=109.94215620000023, value=space, duration=None>
109.9675 	DATA 	Keypress: space
109.9955 	EXP 	read_number: height = np.float64(0.07)
109.9955 	EXP 	read_number: height = np.float64(0.07)
109.9955 	EXP 	read_number: height = np.float64(0.07)
109.9955 	EXP 	read_number: text = '970'
110.0625 	EXP 	Device response: <KeyPress from None: t=109.94215620000023, value=space, duration=0.1200407000001178>
110.1623 	EXP 	Device response: <KeyPress from None: t=110.1502015000001, value=space, duration=None>
110.1673 	DATA 	Keypress: space
110.1955 	EXP 	read_number: height = np.float64(0.07)
110.1955 	EXP 	read_number: height = np.float64(0.07)
110.1955 	EXP 	read_number: height = np.float64(0.07)
110.1955 	EXP 	read_number: text = '957'
110.2623 	EXP 	Device response: <KeyPress from None: t=110.1502015000001, value=space, duration=0.10399520000009943>
110.3623 	EXP 	Device response: <KeyPress from None: t=110.34223010000005, value=space, duration=None>
110.3676 	DATA 	Keypress: space
110.3955 	EXP 	read_number: height = np.float64(0.07)
110.3955 	EXP 	read_number: height = np.float64(0.07)
110.3955 	EXP 	read_number: height = np.float64(0.07)
110.3955 	EXP 	read_number: text = '944'
110.4623 	EXP 	Device response: <KeyPress from None: t=110.34223010000005, value=space, duration=0.09597080000003189>
110.5290 	EXP 	Device response: <KeyPress from None: t=110.52624790000027, value=space, duration=None>
110.5321 	DATA 	Keypress: space
110.5621 	EXP 	read_number: height = np.float64(0.07)
110.5621 	EXP 	read_number: height = np.float64(0.07)
110.5621 	EXP 	read_number: height = np.float64(0.07)
110.5621 	EXP 	read_number: text = '931'
110.6290 	EXP 	Device response: <KeyPress from None: t=110.52624790000027, value=space, duration=0.08799139999973704>
110.7290 	EXP 	Device response: <KeyPress from None: t=110.70225980000032, value=space, duration=None>
110.7318 	DATA 	Keypress: space
110.7621 	EXP 	read_number: height = np.float64(0.07)
110.7621 	EXP 	read_number: height = np.float64(0.07)
110.7621 	EXP 	read_number: height = np.float64(0.07)
110.7621 	EXP 	read_number: text = '918'
110.8291 	EXP 	Device response: <KeyPress from None: t=110.70225980000032, value=space, duration=0.09600289999980305>
110.8957 	EXP 	Device response: <KeyPress from None: t=110.88628130000006, value=space, duration=None>
110.8985 	DATA 	Keypress: space
110.9288 	EXP 	read_number: height = np.float64(0.07)
110.9288 	EXP 	read_number: height = np.float64(0.07)
110.9288 	EXP 	read_number: height = np.float64(0.07)
110.9288 	EXP 	read_number: text = '905'
110.9957 	EXP 	Device response: <KeyPress from None: t=110.88628130000006, value=space, duration=0.09603590000006079>
111.0957 	EXP 	Device response: <KeyPress from None: t=111.0863016000003, value=space, duration=None>
111.0986 	DATA 	Keypress: space
111.1288 	EXP 	read_number: height = np.float64(0.07)
111.1288 	EXP 	read_number: height = np.float64(0.07)
111.1288 	EXP 	read_number: height = np.float64(0.07)
111.1288 	EXP 	read_number: text = '892'
111.4290 	EXP 	Device response: <KeyPress from None: t=111.0863016000003, value=space, duration=0.3280475000001388>
111.5290 	EXP 	Device response: <KeyPress from None: t=111.51836850000018, value=space, duration=None>
111.5318 	DATA 	Keypress: space
111.5623 	EXP 	read_number: height = np.float64(0.07)
111.5623 	EXP 	read_number: height = np.float64(0.07)
111.5623 	EXP 	read_number: height = np.float64(0.07)
111.5623 	EXP 	read_number: text = '879'
111.6957 	EXP 	Device response: <KeyPress from None: t=111.51836850000018, value=space, duration=0.14407930000015767>
111.7956 	EXP 	Device response: <KeyPress from None: t=111.79040630000009, value=space, duration=None>
111.7985 	DATA 	Keypress: space
111.8289 	EXP 	read_number: height = np.float64(0.07)
111.8289 	EXP 	read_number: height = np.float64(0.07)
111.8289 	EXP 	read_number: height = np.float64(0.07)
111.8289 	EXP 	read_number: text = '866'
111.9623 	EXP 	Device response: <KeyPress from None: t=111.79040630000009, value=space, duration=0.14402160000008735>
112.0623 	EXP 	Device response: <KeyPress from None: t=112.03041750000011, value=space, duration=None>
112.0652 	DATA 	Keypress: space
112.0954 	EXP 	read_number: height = np.float64(0.07)
112.0954 	EXP 	read_number: height = np.float64(0.07)
112.0954 	EXP 	read_number: height = np.float64(0.07)
112.0954 	EXP 	read_number: text = '853'
112.1957 	EXP 	Device response: <KeyPress from None: t=112.03041750000011, value=space, duration=0.14403519999996206>
112.3290 	EXP 	Device response: <KeyPress from None: t=112.31047410000019, value=space, duration=None>
112.3319 	DATA 	Keypress: space
112.3621 	EXP 	read_number: height = np.float64(0.07)
112.3621 	EXP 	read_number: height = np.float64(0.07)
112.3621 	EXP 	read_number: height = np.float64(0.07)
112.3621 	EXP 	read_number: text = '840'
112.4622 	EXP 	Device response: <KeyPress from None: t=112.31047410000019, value=space, duration=0.12000440000019807>
112.5957 	EXP 	Device response: <KeyPress from None: t=112.5665253000002, value=space, duration=None>
112.5986 	DATA 	Keypress: space
112.6288 	EXP 	read_number: height = np.float64(0.07)
112.6288 	EXP 	read_number: height = np.float64(0.07)
112.6288 	EXP 	read_number: height = np.float64(0.07)
112.6288 	EXP 	read_number: text = '827'
112.7290 	EXP 	Device response: <KeyPress from None: t=112.5665253000002, value=space, duration=0.15200229999982184>
112.8290 	EXP 	Device response: <KeyPress from None: t=112.80655330000036, value=space, duration=None>
112.8320 	DATA 	Keypress: space
112.8622 	EXP 	read_number: height = np.float64(0.07)
112.8622 	EXP 	read_number: height = np.float64(0.07)
112.8622 	EXP 	read_number: height = np.float64(0.07)
112.8622 	EXP 	read_number: text = '814'
112.9623 	EXP 	Device response: <KeyPress from None: t=112.80655330000036, value=space, duration=0.14400919999980033>
113.0623 	EXP 	Device response: <KeyPress from None: t=113.04657260000022, value=space, duration=None>
113.0652 	DATA 	Keypress: space
113.0955 	EXP 	read_number: height = np.float64(0.07)
113.0955 	EXP 	read_number: height = np.float64(0.07)
113.0955 	EXP 	read_number: height = np.float64(0.07)
113.0955 	EXP 	read_number: text = '801'
113.2290 	EXP 	Device response: <KeyPress from None: t=113.04657260000022, value=space, duration=0.1600165999998353>
113.3290 	EXP 	Device response: <KeyPress from None: t=113.31058710000025, value=space, duration=None>
113.3319 	DATA 	Keypress: space
113.3621 	EXP 	read_number: height = np.float64(0.07)
113.3621 	EXP 	read_number: height = np.float64(0.07)
113.3621 	EXP 	read_number: height = np.float64(0.07)
113.3621 	EXP 	read_number: text = '788'
113.4623 	EXP 	Device response: <KeyPress from None: t=113.31058710000025, value=space, duration=0.1440268000001197>
113.5625 	EXP 	Device response: <KeyPress from None: t=113.53462900000022, value=space, duration=None>
113.5654 	DATA 	Keypress: space
113.5955 	EXP 	read_number: height = np.float64(0.07)
113.5955 	EXP 	read_number: height = np.float64(0.07)
113.5955 	EXP 	read_number: height = np.float64(0.07)
113.5955 	EXP 	read_number: text = '775'
113.6956 	EXP 	Device response: <KeyPress from None: t=113.53462900000022, value=space, duration=0.1279948000001241>
113.7958 	EXP 	Device response: <KeyPress from None: t=113.77466570000024, value=space, duration=None>
113.7987 	DATA 	Keypress: space
113.8288 	EXP 	read_number: height = np.float64(0.07)
113.8288 	EXP 	read_number: height = np.float64(0.07)
113.8288 	EXP 	read_number: height = np.float64(0.07)
113.8288 	EXP 	read_number: text = '762'
113.8956 	EXP 	Device response: <KeyPress from None: t=113.77466570000024, value=space, duration=0.12001670000017839>
114.0289 	EXP 	Device response: <KeyPress from None: t=113.99870740000006, value=space, duration=None>
114.0318 	DATA 	Keypress: space
114.0622 	EXP 	read_number: height = np.float64(0.07)
114.0622 	EXP 	read_number: height = np.float64(0.07)
114.0622 	EXP 	read_number: height = np.float64(0.07)
114.0622 	EXP 	read_number: text = '749'
114.1289 	EXP 	Device response: <KeyPress from None: t=113.99870740000006, value=space, duration=0.12001390000023093>
114.2290 	EXP 	Device response: <KeyPress from None: t=114.22271280000041, value=space, duration=None>
114.2318 	DATA 	Keypress: space
114.2623 	EXP 	read_number: height = np.float64(0.07)
114.2623 	EXP 	read_number: height = np.float64(0.07)
114.2623 	EXP 	read_number: height = np.float64(0.07)
114.2623 	EXP 	read_number: text = '736'
114.3290 	EXP 	Device response: <KeyPress from None: t=114.22271280000041, value=space, duration=0.10403839999980846>
114.4289 	EXP 	Device response: <KeyPress from None: t=114.41474780000044, value=space, duration=None>
114.4317 	DATA 	Keypress: space
114.4621 	EXP 	read_number: height = np.float64(0.07)
114.4621 	EXP 	read_number: height = np.float64(0.07)
114.4621 	EXP 	read_number: height = np.float64(0.07)
114.4621 	EXP 	read_number: text = '723'
114.5290 	EXP 	Device response: <KeyPress from None: t=114.41474780000044, value=space, duration=0.11202119999961724>
114.7956 	EXP 	Device response: <KeyPress from None: t=114.78278150000006, value=space, duration=None>
114.7985 	DATA 	Keypress: space
114.8287 	EXP 	read_number: height = np.float64(0.07)
114.8287 	EXP 	read_number: height = np.float64(0.07)
114.8287 	EXP 	read_number: height = np.float64(0.07)
114.8287 	EXP 	read_number: text = '710'
114.8623 	EXP 	Device response: <KeyPress from None: t=114.78278150000006, value=space, duration=0.07203479999998308>
114.8957 	EXP 	Device response: <KeyPress from None: t=114.89481120000028, value=space, duration=None>
114.8988 	DATA 	Keypress: space
114.9288 	EXP 	read_number: height = np.float64(0.07)
114.9288 	EXP 	read_number: height = np.float64(0.07)
114.9288 	EXP 	read_number: height = np.float64(0.07)
114.9288 	EXP 	read_number: text = '697'
115.8957 	EXP 	Device response: <KeyPress from None: t=114.89481120000028, value=space, duration=0.9921060000001489>
115.9956 	EXP 	Device response: <KeyPress from None: t=115.99096100000042, value=space, duration=None>
115.9984 	DATA 	Keypress: space
116.0288 	EXP 	read_number: height = np.float64(0.07)
116.0288 	EXP 	read_number: height = np.float64(0.07)
116.0288 	EXP 	read_number: height = np.float64(0.07)
116.0288 	EXP 	read_number: text = '684'
116.1623 	EXP 	Device response: <KeyPress from None: t=115.99096100000042, value=space, duration=0.15201619999970717>
116.2290 	EXP 	Device response: <KeyPress from None: t=116.21497050000016, value=space, duration=None>
116.2318 	DATA 	Keypress: space
116.2622 	EXP 	read_number: height = np.float64(0.07)
116.2622 	EXP 	read_number: height = np.float64(0.07)
116.2622 	EXP 	read_number: height = np.float64(0.07)
116.2622 	EXP 	read_number: text = '671'
116.3957 	EXP 	Device response: <KeyPress from None: t=116.21497050000016, value=space, duration=0.15204769999991186>
116.4623 	EXP 	Device response: <KeyPress from None: t=116.44703310000023, value=space, duration=None>
116.4652 	DATA 	Keypress: space
116.4957 	EXP 	read_number: height = np.float64(0.07)
116.4957 	EXP 	read_number: height = np.float64(0.07)
116.4957 	EXP 	read_number: height = np.float64(0.07)
116.4957 	EXP 	read_number: text = '658'
116.5956 	EXP 	Device response: <KeyPress from None: t=116.44703310000023, value=space, duration=0.1359969000000092>
116.6623 	EXP 	Device response: <KeyPress from None: t=116.6470519000004, value=space, duration=None>
116.6651 	DATA 	Keypress: space
116.6955 	EXP 	read_number: height = np.float64(0.07)
116.6955 	EXP 	read_number: height = np.float64(0.07)
116.6955 	EXP 	read_number: height = np.float64(0.07)
116.6955 	EXP 	read_number: text = '645'
116.8290 	EXP 	Device response: <KeyPress from None: t=116.6470519000004, value=space, duration=0.16800739999962389>
116.9290 	EXP 	Device response: <KeyPress from None: t=116.91907600000013, value=space, duration=None>
116.9318 	DATA 	Keypress: space
116.9621 	EXP 	read_number: height = np.float64(0.07)
116.9621 	EXP 	read_number: height = np.float64(0.07)
116.9621 	EXP 	read_number: height = np.float64(0.07)
116.9621 	EXP 	read_number: text = '632'
117.0290 	EXP 	Device response: <KeyPress from None: t=116.91907600000013, value=space, duration=0.1040195999999014>
117.1623 	EXP 	Device response: <KeyPress from None: t=117.1591214, value=space, duration=None>
117.1651 	DATA 	Keypress: space
117.1955 	EXP 	read_number: height = np.float64(0.07)
117.1955 	EXP 	read_number: height = np.float64(0.07)
117.1955 	EXP 	read_number: height = np.float64(0.07)
117.1955 	EXP 	read_number: text = '619'
117.2957 	EXP 	Device response: <KeyPress from None: t=117.1591214, value=space, duration=0.11999580000019705>
117.3957 	EXP 	Device response: <KeyPress from None: t=117.36714400000028, value=space, duration=None>
117.3985 	DATA 	Keypress: space
117.4289 	EXP 	read_number: height = np.float64(0.07)
117.4289 	EXP 	read_number: height = np.float64(0.07)
117.4289 	EXP 	read_number: height = np.float64(0.07)
117.4289 	EXP 	read_number: text = '606'
117.4957 	EXP 	Device response: <KeyPress from None: t=117.36714400000028, value=space, duration=0.1200248999998621>
117.5957 	EXP 	Device response: <KeyPress from None: t=117.59114830000044, value=space, duration=None>
117.5988 	DATA 	Keypress: space
117.6287 	EXP 	read_number: height = np.float64(0.07)
117.6287 	EXP 	read_number: height = np.float64(0.07)
117.6287 	EXP 	read_number: height = np.float64(0.07)
117.6287 	EXP 	read_number: text = '593'
117.7623 	EXP 	Device response: <KeyPress from None: t=117.59114830000044, value=space, duration=0.16801639999994222>
117.8623 	EXP 	Device response: <KeyPress from None: t=117.85517700000037, value=space, duration=None>
117.8653 	DATA 	Keypress: space
117.8954 	EXP 	read_number: height = np.float64(0.07)
117.8954 	EXP 	read_number: height = np.float64(0.07)
117.8954 	EXP 	read_number: height = np.float64(0.07)
117.8954 	EXP 	read_number: text = '580'
117.9956 	EXP 	Device response: <KeyPress from None: t=117.85517700000037, value=space, duration=0.13604129999976067>
118.0957 	EXP 	Device response: <KeyPress from None: t=118.08723320000036, value=space, duration=None>
118.0987 	DATA 	Keypress: space
118.1288 	EXP 	read_number: height = np.float64(0.07)
118.1288 	EXP 	read_number: height = np.float64(0.07)
118.1288 	EXP 	read_number: height = np.float64(0.07)
118.1288 	EXP 	read_number: text = '567'
118.2290 	EXP 	Device response: <KeyPress from None: t=118.08723320000036, value=space, duration=0.12001589999999851>
118.2958 	EXP 	Device response: <KeyPress from None: t=118.27126610000005, value=space, duration=None>
118.2987 	DATA 	Keypress: space
118.3288 	EXP 	read_number: height = np.float64(0.07)
118.3288 	EXP 	read_number: height = np.float64(0.07)
118.3288 	EXP 	read_number: height = np.float64(0.07)
118.3288 	EXP 	read_number: text = '554'
118.4290 	EXP 	Device response: <KeyPress from None: t=118.27126610000005, value=space, duration=0.1520116000001508>
118.5290 	EXP 	Device response: <KeyPress from None: t=118.50326640000003, value=space, duration=None>
118.5318 	DATA 	Keypress: space
118.5622 	EXP 	read_number: height = np.float64(0.07)
118.5622 	EXP 	read_number: height = np.float64(0.07)
118.5622 	EXP 	read_number: height = np.float64(0.07)
118.5622 	EXP 	read_number: text = '541'
118.6622 	EXP 	Device response: <KeyPress from None: t=118.50326640000003, value=space, duration=0.13605330000018512>
118.7290 	EXP 	Device response: <KeyPress from None: t=118.71931730000006, value=space, duration=None>
118.7318 	DATA 	Keypress: space
118.7621 	EXP 	read_number: height = np.float64(0.07)
118.7621 	EXP 	read_number: height = np.float64(0.07)
118.7621 	EXP 	read_number: height = np.float64(0.07)
118.7621 	EXP 	read_number: text = '528'
118.8623 	EXP 	Device response: <KeyPress from None: t=118.71931730000006, value=space, duration=0.1360090000002856>
118.9956 	EXP 	Device response: <KeyPress from None: t=118.96736050000027, value=space, duration=None>
118.9984 	DATA 	Keypress: space
119.0288 	EXP 	read_number: height = np.float64(0.07)
119.0288 	EXP 	read_number: height = np.float64(0.07)
119.0288 	EXP 	read_number: height = np.float64(0.07)
119.0288 	EXP 	read_number: text = '515'
119.1290 	EXP 	Device response: <KeyPress from None: t=118.96736050000027, value=space, duration=0.15200240000012855>
119.2290 	EXP 	Device response: <KeyPress from None: t=119.19937190000019, value=space, duration=None>
119.2318 	DATA 	Keypress: space
119.2621 	EXP 	read_number: height = np.float64(0.07)
119.2621 	EXP 	read_number: height = np.float64(0.07)
119.2621 	EXP 	read_number: height = np.float64(0.07)
119.2621 	EXP 	read_number: text = '502'
119.3290 	EXP 	Device response: <KeyPress from None: t=119.19937190000019, value=space, duration=0.12003039999990506>
119.4290 	EXP 	Device response: <KeyPress from None: t=119.4074128000002, value=space, duration=None>
119.4318 	DATA 	Keypress: space
119.4621 	EXP 	read_number: height = np.float64(0.07)
119.4621 	EXP 	read_number: height = np.float64(0.07)
119.4621 	EXP 	read_number: height = np.float64(0.07)
119.4621 	EXP 	read_number: text = '489'
119.5624 	EXP 	Device response: <KeyPress from None: t=119.4074128000002, value=space, duration=0.1280108000000837>
119.6623 	EXP 	Device response: <KeyPress from None: t=119.63142650000009, value=space, duration=None>
119.6652 	DATA 	Keypress: space
119.6955 	EXP 	read_number: height = np.float64(0.07)
119.6955 	EXP 	read_number: height = np.float64(0.07)
119.6955 	EXP 	read_number: height = np.float64(0.07)
119.6955 	EXP 	read_number: text = '476'
119.7623 	EXP 	Device response: <KeyPress from None: t=119.63142650000009, value=space, duration=0.1200341000003391>
119.8622 	EXP 	Device response: <KeyPress from None: t=119.85545570000022, value=space, duration=None>
119.8653 	DATA 	Keypress: space
119.8955 	EXP 	read_number: height = np.float64(0.07)
119.8955 	EXP 	read_number: height = np.float64(0.07)
119.8955 	EXP 	read_number: height = np.float64(0.07)
119.8955 	EXP 	read_number: text = '463'
119.9956 	EXP 	Device response: <KeyPress from None: t=119.85545570000022, value=space, duration=0.12002829999983078>
120.0956 	EXP 	Device response: <KeyPress from None: t=120.07948680000027, value=space, duration=None>
120.0985 	DATA 	Keypress: space
120.1288 	EXP 	read_number: height = np.float64(0.07)
120.1288 	EXP 	read_number: height = np.float64(0.07)
120.1288 	EXP 	read_number: height = np.float64(0.07)
120.1288 	EXP 	read_number: text = '450'
120.2290 	EXP 	Device response: <KeyPress from None: t=120.07948680000027, value=space, duration=0.12003109999977823>
120.3291 	EXP 	Device response: <KeyPress from None: t=120.30352080000011, value=space, duration=None>
120.3321 	DATA 	Keypress: space
120.3621 	EXP 	read_number: height = np.float64(0.07)
120.3621 	EXP 	read_number: height = np.float64(0.07)
120.3621 	EXP 	read_number: height = np.float64(0.07)
120.3621 	EXP 	read_number: text = '437'
120.4622 	EXP 	Device response: <KeyPress from None: t=120.30352080000011, value=space, duration=0.12802220000003217>
120.5625 	EXP 	Device response: <KeyPress from None: t=120.53555620000043, value=space, duration=None>
120.5657 	DATA 	Keypress: space
120.5954 	EXP 	read_number: height = np.float64(0.07)
120.5954 	EXP 	read_number: height = np.float64(0.07)
120.5954 	EXP 	read_number: height = np.float64(0.07)
120.5954 	EXP 	read_number: text = '424'
120.6957 	EXP 	Device response: <KeyPress from None: t=120.53555620000043, value=space, duration=0.1440199999997276>
120.7957 	EXP 	Device response: <KeyPress from None: t=120.76758100000006, value=space, duration=None>
120.7986 	DATA 	Keypress: space
120.8288 	EXP 	read_number: height = np.float64(0.07)
120.8288 	EXP 	read_number: height = np.float64(0.07)
120.8288 	EXP 	read_number: height = np.float64(0.07)
120.8288 	EXP 	read_number: text = '411'
120.9289 	EXP 	Device response: <KeyPress from None: t=120.76758100000006, value=space, duration=0.14402110000037283>
121.0289 	EXP 	Device response: <KeyPress from None: t=121.0076240000003, value=space, duration=None>
121.0317 	DATA 	Keypress: space
121.0623 	EXP 	read_number: height = np.float64(0.07)
121.0623 	EXP 	read_number: height = np.float64(0.07)
121.0623 	EXP 	read_number: height = np.float64(0.07)
121.0623 	EXP 	read_number: text = '398'
121.1623 	EXP 	Device response: <KeyPress from None: t=121.0076240000003, value=space, duration=0.15199819999998>
121.2622 	EXP 	Device response: <KeyPress from None: t=121.23164020000013, value=space, duration=None>
121.2651 	DATA 	Keypress: space
121.2955 	EXP 	read_number: height = np.float64(0.07)
121.2955 	EXP 	read_number: height = np.float64(0.07)
121.2955 	EXP 	read_number: height = np.float64(0.07)
121.2955 	EXP 	read_number: text = '385'
121.3956 	EXP 	Device response: <KeyPress from None: t=121.23164020000013, value=space, duration=0.14400479999994786>
121.4957 	EXP 	Device response: <KeyPress from None: t=121.47165440000026, value=space, duration=None>
121.4985 	DATA 	Keypress: space
121.5288 	EXP 	read_number: height = np.float64(0.07)
121.5288 	EXP 	read_number: height = np.float64(0.07)
121.5288 	EXP 	read_number: height = np.float64(0.07)
121.5288 	EXP 	read_number: text = '372'
121.5624 	EXP 	Device response: <KeyPress from None: t=121.47165440000026, value=space, duration=0.0880646999999044>
121.6965 	DATA 	Keypress: space
121.7289 	EXP 	Device response: <KeyPress from None: t=121.69570030000023, value=space, duration=None>
121.7621 	EXP 	read_number: height = np.float64(0.07)
121.7621 	EXP 	read_number: height = np.float64(0.07)
121.7621 	EXP 	read_number: height = np.float64(0.07)
121.7621 	EXP 	read_number: text = '359'
121.8289 	EXP 	Device response: <KeyPress from None: t=121.69570030000023, value=space, duration=0.1280120999999781>
121.9289 	EXP 	Device response: <KeyPress from None: t=121.91171790000044, value=space, duration=None>
121.9320 	DATA 	Keypress: space
121.9621 	EXP 	read_number: height = np.float64(0.07)
121.9621 	EXP 	read_number: height = np.float64(0.07)
121.9621 	EXP 	read_number: height = np.float64(0.07)
121.9621 	EXP 	read_number: text = '346'
122.0622 	EXP 	Device response: <KeyPress from None: t=121.91171790000044, value=space, duration=0.12803359999998065>
122.1623 	EXP 	Device response: <KeyPress from None: t=122.13576580000017, value=space, duration=None>
122.1652 	DATA 	Keypress: space
122.1954 	EXP 	read_number: height = np.float64(0.07)
122.1954 	EXP 	read_number: height = np.float64(0.07)
122.1954 	EXP 	read_number: height = np.float64(0.07)
122.1954 	EXP 	read_number: text = '333'
122.2622 	EXP 	Device response: <KeyPress from None: t=122.13576580000017, value=space, duration=0.10402890000023035>
122.3623 	EXP 	Device response: <KeyPress from None: t=122.35977570000023, value=space, duration=None>
122.3652 	DATA 	Keypress: space
122.3955 	EXP 	read_number: height = np.float64(0.07)
122.3955 	EXP 	read_number: height = np.float64(0.07)
122.3955 	EXP 	read_number: height = np.float64(0.07)
122.3955 	EXP 	read_number: text = '320'
122.4957 	EXP 	Device response: <KeyPress from None: t=122.35977570000023, value=space, duration=0.10401850000016566>
122.6290 	EXP 	Device response: <KeyPress from None: t=122.60782720000043, value=space, duration=None>
122.6318 	DATA 	Keypress: space
122.6621 	EXP 	read_number: height = np.float64(0.07)
122.6621 	EXP 	read_number: height = np.float64(0.07)
122.6621 	EXP 	read_number: height = np.float64(0.07)
122.6621 	EXP 	read_number: text = '307'
122.6956 	EXP 	Device response: <KeyPress from None: t=122.60782720000043, value=space, duration=0.07201469999972687>
122.7290 	EXP 	Device response: <KeyPress from None: t=122.70383330000004, value=space, duration=None>
122.7318 	DATA 	Keypress: space
122.7621 	EXP 	read_number: height = np.float64(0.07)
122.7621 	EXP 	read_number: height = np.float64(0.07)
122.7621 	EXP 	read_number: height = np.float64(0.07)
122.7621 	EXP 	read_number: text = '294'
122.7956 	EXP 	Device response: <KeyPress from None: t=122.70383330000004, value=space, duration=0.06400660000008429>
122.9289 	EXP 	Device response: <KeyPress from None: t=122.91985170000044, value=space, duration=None>
122.9319 	DATA 	Keypress: space
122.9621 	EXP 	read_number: height = np.float64(0.07)
122.9621 	EXP 	read_number: height = np.float64(0.07)
122.9621 	EXP 	read_number: height = np.float64(0.07)
122.9621 	EXP 	read_number: text = '281'
123.0624 	EXP 	Device response: <KeyPress from None: t=122.91985170000044, value=space, duration=0.13602039999977933>
123.1957 	EXP 	Device response: <KeyPress from None: t=123.19192470000007, value=space, duration=None>
123.1985 	DATA 	Keypress: space
123.2288 	EXP 	read_number: height = np.float64(0.07)
123.2288 	EXP 	read_number: height = np.float64(0.07)
123.2288 	EXP 	read_number: height = np.float64(0.07)
123.2288 	EXP 	read_number: text = '268'
123.3289 	EXP 	Device response: <KeyPress from None: t=123.19192470000007, value=space, duration=0.10397130000001198>
123.4289 	EXP 	Device response: <KeyPress from None: t=123.40792080000028, value=space, duration=None>
123.4317 	DATA 	Keypress: space
123.4621 	EXP 	read_number: height = np.float64(0.07)
123.4621 	EXP 	read_number: height = np.float64(0.07)
123.4621 	EXP 	read_number: height = np.float64(0.07)
123.4621 	EXP 	read_number: text = '255'
123.5289 	EXP 	Device response: <KeyPress from None: t=123.40792080000028, value=space, duration=0.11201600000003964>
123.6956 	EXP 	Device response: <KeyPress from None: t=123.66392950000045, value=space, duration=None>
123.6983 	DATA 	Keypress: space
123.7288 	EXP 	read_number: height = np.float64(0.07)
123.7288 	EXP 	read_number: height = np.float64(0.07)
123.7288 	EXP 	read_number: height = np.float64(0.07)
123.7288 	EXP 	read_number: text = '242'
123.7290 	EXP 	Device response: <KeyPress from None: t=123.66392950000045, value=space, duration=0.06402099999968414>
123.8623 	EXP 	Device response: <KeyPress from None: t=123.84799760000033, value=space, duration=None>
123.8654 	DATA 	Keypress: space
123.8955 	EXP 	read_number: height = np.float64(0.07)
123.8955 	EXP 	read_number: height = np.float64(0.07)
123.8955 	EXP 	read_number: height = np.float64(0.07)
123.8955 	EXP 	read_number: text = '229'
124.2289 	EXP 	Device response: <KeyPress from None: t=123.84799760000033, value=space, duration=0.36004240000011123>
124.3623 	EXP 	Device response: <KeyPress from None: t=124.33605660000012, value=space, duration=None>
124.3653 	DATA 	Keypress: space
124.3955 	EXP 	read_number: height = np.float64(0.07)
124.3955 	EXP 	read_number: height = np.float64(0.07)
124.3955 	EXP 	read_number: height = np.float64(0.07)
124.3955 	EXP 	read_number: text = '216'
124.4622 	EXP 	Device response: <KeyPress from None: t=124.33605660000012, value=space, duration=0.10401069999988977>
124.5957 	EXP 	Device response: <KeyPress from None: t=124.58410430000004, value=space, duration=None>
124.5986 	DATA 	Keypress: space
124.6288 	EXP 	read_number: height = np.float64(0.07)
124.6288 	EXP 	read_number: height = np.float64(0.07)
124.6288 	EXP 	read_number: height = np.float64(0.07)
124.6288 	EXP 	read_number: text = '203'
124.7289 	EXP 	Device response: <KeyPress from None: t=124.58410430000004, value=space, duration=0.11197790000005625>
124.8289 	EXP 	Device response: <KeyPress from None: t=124.82411320000028, value=space, duration=None>
124.8319 	DATA 	Keypress: space
124.8621 	EXP 	read_number: height = np.float64(0.07)
124.8621 	EXP 	read_number: height = np.float64(0.07)
124.8621 	EXP 	read_number: height = np.float64(0.07)
124.8621 	EXP 	read_number: text = '190'
124.9290 	EXP 	Device response: <KeyPress from None: t=124.82411320000028, value=space, duration=0.10400699999991048>
125.0624 	EXP 	Device response: <KeyPress from None: t=125.05613490000042, value=space, duration=None>
125.0652 	DATA 	Keypress: space
125.0954 	EXP 	read_number: height = np.float64(0.07)
125.0954 	EXP 	read_number: height = np.float64(0.07)
125.0954 	EXP 	read_number: height = np.float64(0.07)
125.0954 	EXP 	read_number: text = '177'
125.1956 	EXP 	Device response: <KeyPress from None: t=125.05613490000042, value=space, duration=0.1200088999999025>
125.2958 	EXP 	Device response: <KeyPress from None: t=125.26415180000004, value=space, duration=None>
125.2986 	DATA 	Keypress: space
125.3288 	EXP 	read_number: height = np.float64(0.07)
125.3288 	EXP 	read_number: height = np.float64(0.07)
125.3288 	EXP 	read_number: height = np.float64(0.07)
125.3288 	EXP 	read_number: text = '164'
125.4290 	EXP 	Device response: <KeyPress from None: t=125.26415180000004, value=space, duration=0.13602670000000217>
125.4967 	DATA 	Keypress: space
125.5290 	EXP 	Device response: <KeyPress from None: t=125.49620010000035, value=space, duration=None>
125.5622 	EXP 	read_number: height = np.float64(0.07)
125.5622 	EXP 	read_number: height = np.float64(0.07)
125.5622 	EXP 	read_number: height = np.float64(0.07)
125.5622 	EXP 	read_number: text = '151'
125.6290 	EXP 	Device response: <KeyPress from None: t=125.49620010000035, value=space, duration=0.12003269999968325>
125.7290 	EXP 	Device response: <KeyPress from None: t=125.7202497000003, value=space, duration=None>
125.7318 	DATA 	Keypress: space
125.7622 	EXP 	read_number: height = np.float64(0.07)
125.7622 	EXP 	read_number: height = np.float64(0.07)
125.7622 	EXP 	read_number: height = np.float64(0.07)
125.7622 	EXP 	read_number: text = '138'
125.8622 	EXP 	Device response: <KeyPress from None: t=125.7202497000003, value=space, duration=0.12800379999998768>
125.9623 	EXP 	Device response: <KeyPress from None: t=125.94426730000032, value=space, duration=None>
125.9652 	DATA 	Keypress: space
125.9957 	EXP 	read_number: height = np.float64(0.07)
125.9957 	EXP 	read_number: height = np.float64(0.07)
125.9957 	EXP 	read_number: height = np.float64(0.07)
125.9957 	EXP 	read_number: text = '125'
126.0956 	EXP 	Device response: <KeyPress from None: t=125.94426730000032, value=space, duration=0.12800379999998768>
126.1622 	EXP 	Device response: <KeyPress from None: t=126.15232950000018, value=space, duration=None>
126.1655 	DATA 	Keypress: space
126.1955 	EXP 	read_number: height = np.float64(0.07)
126.1955 	EXP 	read_number: height = np.float64(0.07)
126.1955 	EXP 	read_number: height = np.float64(0.07)
126.1955 	EXP 	read_number: text = '112'
126.2956 	EXP 	Device response: <KeyPress from None: t=126.15232950000018, value=space, duration=0.1279992999998285>
126.3623 	EXP 	Device response: <KeyPress from None: t=126.36032780000005, value=space, duration=None>
126.3652 	DATA 	Keypress: space
126.3954 	EXP 	read_number: height = np.float64(0.07)
126.3954 	EXP 	read_number: height = np.float64(0.07)
126.3954 	EXP 	read_number: height = np.float64(0.07)
126.3954 	EXP 	read_number: text = '99'
126.4956 	EXP 	Device response: <KeyPress from None: t=126.36032780000005, value=space, duration=0.12801330000002054>
126.5956 	EXP 	Device response: <KeyPress from None: t=126.57636330000014, value=space, duration=None>
126.5985 	DATA 	Keypress: space
126.6288 	EXP 	read_number: height = np.float64(0.07)
126.6288 	EXP 	read_number: height = np.float64(0.07)
126.6288 	EXP 	read_number: height = np.float64(0.07)
126.6288 	EXP 	read_number: text = '86'
126.6957 	EXP 	Device response: <KeyPress from None: t=126.57636330000014, value=space, duration=0.1120082000002185>
126.7956 	EXP 	Device response: <KeyPress from None: t=126.79235980000021, value=space, duration=None>
126.7984 	DATA 	Keypress: space
126.8287 	EXP 	read_number: height = np.float64(0.07)
126.8287 	EXP 	read_number: height = np.float64(0.07)
126.8287 	EXP 	read_number: height = np.float64(0.07)
126.8287 	EXP 	read_number: text = '73'
126.9290 	EXP 	Device response: <KeyPress from None: t=126.79235980000021, value=space, duration=0.11203440000008413>
127.0289 	EXP 	Device response: <KeyPress from None: t=127.0084154000001, value=space, duration=None>
127.0318 	DATA 	Keypress: space
127.0621 	EXP 	read_number: height = np.float64(0.07)
127.0621 	EXP 	read_number: height = np.float64(0.07)
127.0621 	EXP 	read_number: height = np.float64(0.07)
127.0621 	EXP 	read_number: text = '60'
127.1290 	EXP 	Device response: <KeyPress from None: t=127.0084154000001, value=space, duration=0.11199100000021645>
127.2623 	EXP 	Device response: <KeyPress from None: t=127.24046460000045, value=space, duration=None>
127.2652 	DATA 	Keypress: space
127.2954 	EXP 	read_number: height = np.float64(0.07)
127.2954 	EXP 	read_number: height = np.float64(0.07)
127.2954 	EXP 	read_number: height = np.float64(0.07)
127.2954 	EXP 	read_number: text = '47'
127.3623 	EXP 	Device response: <KeyPress from None: t=127.24046460000045, value=space, duration=0.10399369999959163>
127.4623 	EXP 	Device response: <KeyPress from None: t=127.4564679, value=space, duration=None>
127.4651 	DATA 	Keypress: space
127.4954 	EXP 	read_number: height = np.float64(0.07)
127.4954 	EXP 	read_number: height = np.float64(0.07)
127.4954 	EXP 	read_number: height = np.float64(0.07)
127.4954 	EXP 	read_number: text = '34'
127.5957 	EXP 	Device response: <KeyPress from None: t=127.4564679, value=space, duration=0.12003950000007535>
127.7289 	EXP 	Device response: <KeyPress from None: t=127.70448940000006, value=space, duration=None>
127.7318 	DATA 	Keypress: space
127.7622 	EXP 	read_number: height = np.float64(0.07)
127.7622 	EXP 	read_number: height = np.float64(0.07)
127.7622 	EXP 	read_number: height = np.float64(0.07)
127.7622 	EXP 	read_number: text = '21'
127.8289 	EXP 	Device response: <KeyPress from None: t=127.70448940000006, value=space, duration=0.10403489999998783>
127.9290 	EXP 	Device response: <KeyPress from None: t=127.90452520000008, value=space, duration=None>
127.9319 	DATA 	Keypress: space
127.9621 	EXP 	read_number: height = np.float64(0.07)
127.9621 	EXP 	read_number: height = np.float64(0.07)
127.9621 	EXP 	read_number: height = np.float64(0.07)
127.9621 	EXP 	read_number: text = '8'
128.0625 	EXP 	Device response: <KeyPress from None: t=127.90452520000008, value=space, duration=0.12802099999998973>
128.1957 	EXP 	Device response: <KeyPress from None: t=128.1685625, value=space, duration=None>
128.1988 	DATA 	Keypress: space
128.2288 	EXP 	read_number: height = np.float64(0.07)
128.2288 	EXP 	read_number: height = np.float64(0.07)
128.2288 	EXP 	read_number: height = np.float64(0.07)
128.2288 	EXP 	read_number: text = '1022'
128.2958 	EXP 	Device response: <KeyPress from None: t=128.1685625, value=space, duration=0.09599000000025626>
128.3956 	EXP 	Device response: <KeyPress from None: t=128.38457870000002, value=space, duration=None>
128.3986 	DATA 	Keypress: space
128.4287 	EXP 	read_number: height = np.float64(0.07)
128.4287 	EXP 	read_number: height = np.float64(0.07)
128.4287 	EXP 	read_number: height = np.float64(0.07)
128.4287 	EXP 	read_number: text = '1009'
128.4956 	EXP 	Device response: <KeyPress from None: t=128.38457870000002, value=space, duration=0.09602100000029168>
128.6289 	EXP 	Device response: <KeyPress from None: t=128.6245974000003, value=space, duration=None>
128.6318 	DATA 	Keypress: space
128.6620 	EXP 	read_number: height = np.float64(0.07)
128.6620 	EXP 	read_number: height = np.float64(0.07)
128.6620 	EXP 	read_number: height = np.float64(0.07)
128.6620 	EXP 	read_number: text = '996'
128.7289 	EXP 	Device response: <KeyPress from None: t=128.6245974000003, value=space, duration=0.07204460000002655>
128.8623 	EXP 	Device response: <KeyPress from None: t=128.8406605, value=space, duration=None>
128.8652 	DATA 	Keypress: space
128.8955 	EXP 	read_number: height = np.float64(0.07)
128.8955 	EXP 	read_number: height = np.float64(0.07)
128.8955 	EXP 	read_number: height = np.float64(0.07)
128.8955 	EXP 	read_number: text = '983'
128.9956 	EXP 	Device response: <KeyPress from None: t=128.8406605, value=space, duration=0.1280346000003192>
129.0956 	EXP 	Device response: <KeyPress from None: t=129.07266690000006, value=space, duration=None>
129.0985 	DATA 	Keypress: space
129.1288 	EXP 	read_number: height = np.float64(0.07)
129.1288 	EXP 	read_number: height = np.float64(0.07)
129.1288 	EXP 	read_number: height = np.float64(0.07)
129.1288 	EXP 	read_number: text = '970'
129.2289 	EXP 	Device response: <KeyPress from None: t=129.07266690000006, value=space, duration=0.1280325000002449>
129.2956 	EXP 	Device response: <KeyPress from None: t=129.2887300000002, value=space, duration=None>
129.2986 	DATA 	Keypress: space
129.3287 	EXP 	read_number: height = np.float64(0.07)
129.3287 	EXP 	read_number: height = np.float64(0.07)
129.3287 	EXP 	read_number: height = np.float64(0.07)
129.3287 	EXP 	read_number: text = '957'
129.4290 	EXP 	Device response: <KeyPress from None: t=129.2887300000002, value=space, duration=0.1280013999999028>
129.5290 	EXP 	Device response: <KeyPress from None: t=129.50473710000006, value=space, duration=None>
129.5320 	DATA 	Keypress: space
129.5622 	EXP 	read_number: height = np.float64(0.07)
129.5622 	EXP 	read_number: height = np.float64(0.07)
129.5622 	EXP 	read_number: height = np.float64(0.07)
129.5622 	EXP 	read_number: text = '944'
129.6289 	EXP 	Device response: <KeyPress from None: t=129.50473710000006, value=space, duration=0.12000250000028245>
129.7289 	EXP 	Device response: <KeyPress from None: t=129.7207386, value=space, duration=None>
129.7319 	DATA 	Keypress: space
129.7621 	EXP 	read_number: height = np.float64(0.07)
129.7621 	EXP 	read_number: height = np.float64(0.07)
129.7621 	EXP 	read_number: height = np.float64(0.07)
129.7621 	EXP 	read_number: text = '931'
129.8956 	EXP 	Device response: <KeyPress from None: t=129.7207386, value=space, duration=0.16005020000011427>
129.9622 	EXP 	Device response: <KeyPress from None: t=129.96080980000033, value=space, duration=None>
129.9652 	DATA 	Keypress: space
129.9956 	EXP 	read_number: height = np.float64(0.07)
129.9956 	EXP 	read_number: height = np.float64(0.07)
129.9956 	EXP 	read_number: height = np.float64(0.07)
129.9956 	EXP 	read_number: text = '918'
130.1290 	EXP 	Device response: <KeyPress from None: t=129.96080980000033, value=space, duration=0.13600069999984044>
130.1956 	EXP 	Device response: <KeyPress from None: t=130.18481060000022, value=space, duration=None>
130.1991 	DATA 	Keypress: space
130.2288 	EXP 	read_number: height = np.float64(0.07)
130.2288 	EXP 	read_number: height = np.float64(0.07)
130.2288 	EXP 	read_number: height = np.float64(0.07)
130.2288 	EXP 	read_number: text = '905'
130.3289 	EXP 	Device response: <KeyPress from None: t=130.18481060000022, value=space, duration=0.12002010000014707>
130.4289 	EXP 	Device response: <KeyPress from None: t=130.41686130000016, value=space, duration=None>
130.4318 	DATA 	Keypress: space
130.4620 	EXP 	read_number: height = np.float64(0.07)
130.4620 	EXP 	read_number: height = np.float64(0.07)
130.4620 	EXP 	read_number: height = np.float64(0.07)
130.4620 	EXP 	read_number: text = '892'
130.5289 	EXP 	Device response: <KeyPress from None: t=130.41686130000016, value=space, duration=0.1040197000002081>
130.6288 	EXP 	Device response: <KeyPress from None: t=130.62488910000002, value=space, duration=None>
130.6317 	DATA 	Keypress: space
130.6621 	EXP 	read_number: height = np.float64(0.07)
130.6621 	EXP 	read_number: height = np.float64(0.07)
130.6621 	EXP 	read_number: height = np.float64(0.07)
130.6621 	EXP 	read_number: text = '879'
130.7622 	EXP 	Device response: <KeyPress from None: t=130.62488910000002, value=space, duration=0.12001250000002983>
130.8623 	EXP 	Device response: <KeyPress from None: t=130.84095430000025, value=space, duration=None>
130.8652 	DATA 	Keypress: space
130.8954 	EXP 	read_number: height = np.float64(0.07)
130.8954 	EXP 	read_number: height = np.float64(0.07)
130.8954 	EXP 	read_number: height = np.float64(0.07)
130.8954 	EXP 	read_number: text = '866'
130.9956 	EXP 	Device response: <KeyPress from None: t=130.84095430000025, value=space, duration=0.12797890000001644>
131.0624 	EXP 	Device response: <KeyPress from None: t=131.04895820000002, value=space, duration=None>
131.0653 	DATA 	Keypress: space
131.0954 	EXP 	read_number: height = np.float64(0.07)
131.0954 	EXP 	read_number: height = np.float64(0.07)
131.0954 	EXP 	read_number: height = np.float64(0.07)
131.0954 	EXP 	read_number: text = '853'
131.2289 	EXP 	Device response: <KeyPress from None: t=131.04895820000002, value=space, duration=0.15201210000032006>
131.2292 	EXP 	Sound  reached end of file
131.2292 	EXP 	Playing sound  on speaker Headphones (X10)
131.2621 	EXP 	read_number: autoDraw = False
131.2621 	EXP 	read_number: autoDraw = False
131.2621 	EXP 	read_pausing: text = 'PAUSE'
131.2621 	EXP 	read_pausing: autoDraw = True
131.2958 	EXP 	Device response: <KeyPress from None: t=131.28897060000008, value=space, duration=None>
131.2968 	DATA 	Keypress: space
131.4622 	EXP 	Device response: <KeyPress from None: t=131.28897060000008, value=space, duration=0.14402560000007725>
131.5303 	DATA 	Keypress: space
131.5624 	EXP 	Device response: <KeyPress from None: t=131.5290712000001, value=space, duration=None>
131.6623 	EXP 	Device response: <KeyPress from None: t=131.5290712000001, value=space, duration=0.11995960000012929>
151.2292 	EXP 	New trial (rep=2, index=0): None
151.2293 	INFO 	Keyboard events cleared
151.2294 	EXP 	Sound  reached end of file
151.2294 	EXP 	Playing sound  on speaker Headphones (X10)
151.2621 	EXP 	read_pausing: autoDraw = False
151.2621 	EXP 	read_pausing: autoDraw = False
151.2621 	EXP 	read_number: height = np.float64(0.07)
151.2621 	EXP 	read_number: height = np.float64(0.07)
151.2621 	EXP 	read_number: height = np.float64(0.07)
151.2621 	EXP 	read_number: text = 853
151.4621 	EXP 	read_number: autoDraw = True
154.5956 	EXP 	Device response: <KeyPress from None: t=154.57207530000005, value=space, duration=None>
154.5986 	DATA 	Keypress: space
154.6287 	EXP 	read_number: height = np.float64(0.07)
154.6287 	EXP 	read_number: height = np.float64(0.07)
154.6287 	EXP 	read_number: height = np.float64(0.07)
154.6287 	EXP 	read_number: text = '840'
154.6956 	EXP 	Device response: <KeyPress from None: t=154.57207530000005, value=space, duration=0.11198770000009972>
154.7621 	EXP 	Device response: <KeyPress from None: t=154.75605320000022, value=space, duration=None>
154.7649 	DATA 	Keypress: space
154.7953 	EXP 	read_number: height = np.float64(0.07)
154.7953 	EXP 	read_number: height = np.float64(0.07)
154.7953 	EXP 	read_number: height = np.float64(0.07)
154.7953 	EXP 	read_number: text = '827'
154.8622 	EXP 	Device response: <KeyPress from None: t=154.75605320000022, value=space, duration=0.08801510000012058>
154.9289 	EXP 	Device response: <KeyPress from None: t=154.90808210000023, value=space, duration=None>
154.9317 	DATA 	Keypress: space
154.9620 	EXP 	read_number: height = np.float64(0.07)
154.9620 	EXP 	read_number: height = np.float64(0.07)
154.9620 	EXP 	read_number: height = np.float64(0.07)
154.9620 	EXP 	read_number: text = '814'
155.0290 	EXP 	Device response: <KeyPress from None: t=154.90808210000023, value=space, duration=0.08798690000003262>
155.0955 	EXP 	Device response: <KeyPress from None: t=155.06810900000028, value=space, duration=None>
155.0987 	DATA 	Keypress: space
155.1287 	EXP 	read_number: height = np.float64(0.07)
155.1287 	EXP 	read_number: height = np.float64(0.07)
155.1287 	EXP 	read_number: height = np.float64(0.07)
155.1287 	EXP 	read_number: text = '801'
155.3288 	EXP 	Device response: <KeyPress from None: t=155.06810900000028, value=space, duration=0.24804979999998977>
155.3956 	EXP 	Device response: <KeyPress from None: t=155.3641343000004, value=space, duration=None>
155.3983 	DATA 	Keypress: space
155.4287 	EXP 	read_number: height = np.float64(0.07)
155.4287 	EXP 	read_number: height = np.float64(0.07)
155.4287 	EXP 	read_number: height = np.float64(0.07)
155.4287 	EXP 	read_number: text = '788'
155.4622 	EXP 	Device response: <KeyPress from None: t=155.3641343000004, value=space, duration=0.09602270000004864>
155.5623 	EXP 	Device response: <KeyPress from None: t=155.5481781000003, value=space, duration=None>
155.5652 	DATA 	Keypress: space
155.5954 	EXP 	read_number: height = np.float64(0.07)
155.5954 	EXP 	read_number: height = np.float64(0.07)
155.5954 	EXP 	read_number: height = np.float64(0.07)
155.5954 	EXP 	read_number: text = '775'
155.6289 	EXP 	Device response: <KeyPress from None: t=155.5481781000003, value=space, duration=0.07201189999977942>
155.7290 	EXP 	Device response: <KeyPress from None: t=155.72419320000017, value=space, duration=None>
155.7319 	DATA 	Keypress: space
155.7620 	EXP 	read_number: height = np.float64(0.07)
155.7620 	EXP 	read_number: height = np.float64(0.07)
155.7620 	EXP 	read_number: height = np.float64(0.07)
155.7620 	EXP 	read_number: text = '762'
155.8288 	EXP 	Device response: <KeyPress from None: t=155.72419320000017, value=space, duration=0.07199330000003101>
155.8956 	EXP 	Device response: <KeyPress from None: t=155.87621040000022, value=space, duration=None>
155.8984 	DATA 	Keypress: space
155.9287 	EXP 	read_number: height = np.float64(0.07)
155.9287 	EXP 	read_number: height = np.float64(0.07)
155.9287 	EXP 	read_number: height = np.float64(0.07)
155.9287 	EXP 	read_number: text = '749'
155.9622 	EXP 	Device response: <KeyPress from None: t=155.87621040000022, value=space, duration=0.07202349999988655>
156.0622 	EXP 	Device response: <KeyPress from None: t=156.0442167000001, value=space, duration=None>
156.0650 	DATA 	Keypress: space
156.0953 	EXP 	read_number: height = np.float64(0.07)
156.0953 	EXP 	read_number: height = np.float64(0.07)
156.0953 	EXP 	read_number: height = np.float64(0.07)
156.0953 	EXP 	read_number: text = '736'
156.1288 	EXP 	Device response: <KeyPress from None: t=156.0442167000001, value=space, duration=0.056023800000275514>
156.2289 	EXP 	Device response: <KeyPress from None: t=156.2042419000004, value=space, duration=None>
156.2317 	DATA 	Keypress: space
156.2622 	EXP 	read_number: height = np.float64(0.07)
156.2622 	EXP 	read_number: height = np.float64(0.07)
156.2622 	EXP 	read_number: height = np.float64(0.07)
156.2622 	EXP 	read_number: text = '723'
156.2957 	EXP 	Device response: <KeyPress from None: t=156.2042419000004, value=space, duration=0.06404959999963467>
156.3622 	EXP 	Device response: <KeyPress from None: t=156.34827520000044, value=space, duration=None>
156.3650 	DATA 	Keypress: space
156.3953 	EXP 	read_number: height = np.float64(0.07)
156.3953 	EXP 	read_number: height = np.float64(0.07)
156.3953 	EXP 	read_number: height = np.float64(0.07)
156.3953 	EXP 	read_number: text = '710'
156.4289 	EXP 	Device response: <KeyPress from None: t=156.34827520000044, value=space, duration=0.08003009999993083>
156.5289 	EXP 	Device response: <KeyPress from None: t=156.50830580000002, value=space, duration=None>
156.5317 	DATA 	Keypress: space
156.5622 	EXP 	read_number: height = np.float64(0.07)
156.5622 	EXP 	read_number: height = np.float64(0.07)
156.5622 	EXP 	read_number: height = np.float64(0.07)
156.5622 	EXP 	read_number: text = '697'
156.6289 	EXP 	Device response: <KeyPress from None: t=156.50830580000002, value=space, duration=0.08799330000010741>
156.6622 	EXP 	Device response: <KeyPress from None: t=156.64430040000025, value=space, duration=None>
156.6653 	DATA 	Keypress: space
156.6953 	EXP 	read_number: height = np.float64(0.07)
156.6953 	EXP 	read_number: height = np.float64(0.07)
156.6953 	EXP 	read_number: height = np.float64(0.07)
156.6953 	EXP 	read_number: text = '684'
156.7621 	EXP 	Device response: <KeyPress from None: t=156.64430040000025, value=space, duration=0.10402819999990243>
156.8289 	EXP 	Device response: <KeyPress from None: t=156.80432540000038, value=space, duration=None>
156.8317 	DATA 	Keypress: space
156.8620 	EXP 	read_number: height = np.float64(0.07)
156.8620 	EXP 	read_number: height = np.float64(0.07)
156.8620 	EXP 	read_number: height = np.float64(0.07)
156.8620 	EXP 	read_number: text = '671'
156.9289 	EXP 	Device response: <KeyPress from None: t=156.80432540000038, value=space, duration=0.11203329999989364>
156.9622 	EXP 	Device response: <KeyPress from None: t=156.9563406000002, value=space, duration=None>
156.9650 	DATA 	Keypress: space
156.9953 	EXP 	read_number: height = np.float64(0.07)
156.9953 	EXP 	read_number: height = np.float64(0.07)
156.9953 	EXP 	read_number: height = np.float64(0.07)
156.9953 	EXP 	read_number: text = '658'
157.2623 	EXP 	Device response: <KeyPress from None: t=156.9563406000002, value=space, duration=0.2800501000001532>
157.3288 	EXP 	Device response: <KeyPress from None: t=157.3164138000002, value=space, duration=None>
157.3318 	DATA 	Keypress: space
157.3621 	EXP 	read_number: height = np.float64(0.07)
157.3621 	EXP 	read_number: height = np.float64(0.07)
157.3621 	EXP 	read_number: height = np.float64(0.07)
157.3621 	EXP 	read_number: text = '645'
157.3956 	EXP 	Device response: <KeyPress from None: t=157.3164138000002, value=space, duration=0.07201190000023416>
157.4957 	EXP 	Device response: <KeyPress from None: t=157.4684269000004, value=space, duration=None>
157.4986 	DATA 	Keypress: space
157.5287 	EXP 	read_number: height = np.float64(0.07)
157.5287 	EXP 	read_number: height = np.float64(0.07)
157.5287 	EXP 	read_number: height = np.float64(0.07)
157.5287 	EXP 	read_number: text = '632'
157.5622 	EXP 	Device response: <KeyPress from None: t=157.4684269000004, value=space, duration=0.07200069999998959>
157.6289 	EXP 	Device response: <KeyPress from None: t=157.6204447, value=space, duration=None>
157.6317 	DATA 	Keypress: space
157.6620 	EXP 	read_number: height = np.float64(0.07)
157.6620 	EXP 	read_number: height = np.float64(0.07)
157.6620 	EXP 	read_number: height = np.float64(0.07)
157.6620 	EXP 	read_number: text = '619'
157.6955 	EXP 	Device response: <KeyPress from None: t=157.6204447, value=space, duration=0.07201730000042517>
157.9622 	EXP 	Device response: <KeyPress from None: t=157.94049060000043, value=space, duration=None>
157.9650 	DATA 	Keypress: space
157.9954 	EXP 	read_number: height = np.float64(0.07)
157.9954 	EXP 	read_number: height = np.float64(0.07)
157.9954 	EXP 	read_number: height = np.float64(0.07)
157.9954 	EXP 	read_number: text = '606'
158.0289 	EXP 	Device response: <KeyPress from None: t=157.94049060000043, value=space, duration=0.071980899999744>
158.0956 	EXP 	Device response: <KeyPress from None: t=158.09251040000026, value=space, duration=None>
158.0985 	DATA 	Keypress: space
158.1287 	EXP 	read_number: height = np.float64(0.07)
158.1287 	EXP 	read_number: height = np.float64(0.07)
158.1287 	EXP 	read_number: height = np.float64(0.07)
158.1287 	EXP 	read_number: text = '593'
158.1956 	EXP 	Device response: <KeyPress from None: t=158.09251040000026, value=space, duration=0.08799240000007558>
158.2622 	EXP 	Device response: <KeyPress from None: t=158.2525074, value=space, duration=None>
158.2651 	DATA 	Keypress: space
158.2955 	EXP 	read_number: height = np.float64(0.07)
158.2955 	EXP 	read_number: height = np.float64(0.07)
158.2955 	EXP 	read_number: height = np.float64(0.07)
158.2955 	EXP 	read_number: text = '580'
158.3289 	EXP 	Device response: <KeyPress from None: t=158.2525074, value=space, duration=0.07209100000000035>
158.4288 	EXP 	Device response: <KeyPress from None: t=158.39653950000002, value=space, duration=None>
158.4319 	DATA 	Keypress: space
158.4620 	EXP 	read_number: height = np.float64(0.07)
158.4620 	EXP 	read_number: height = np.float64(0.07)
158.4620 	EXP 	read_number: height = np.float64(0.07)
158.4620 	EXP 	read_number: text = '567'
158.4956 	EXP 	Device response: <KeyPress from None: t=158.39653950000002, value=space, duration=0.0960069000002477>
158.5622 	EXP 	Device response: <KeyPress from None: t=158.53255750000017, value=space, duration=None>
158.5650 	DATA 	Keypress: space
158.5954 	EXP 	read_number: height = np.float64(0.07)
158.5954 	EXP 	read_number: height = np.float64(0.07)
158.5954 	EXP 	read_number: height = np.float64(0.07)
158.5954 	EXP 	read_number: text = '554'
158.6621 	EXP 	Device response: <KeyPress from None: t=158.53255750000017, value=space, duration=0.11200030000009065>
158.7288 	EXP 	Device response: <KeyPress from None: t=158.71655770000007, value=space, duration=None>
158.7317 	DATA 	Keypress: space
158.7622 	EXP 	read_number: height = np.float64(0.07)
158.7622 	EXP 	read_number: height = np.float64(0.07)
158.7622 	EXP 	read_number: height = np.float64(0.07)
158.7622 	EXP 	read_number: text = '541'
158.8289 	EXP 	Device response: <KeyPress from None: t=158.71655770000007, value=space, duration=0.08801560000028985>
158.8956 	EXP 	Device response: <KeyPress from None: t=158.88458050000008, value=space, duration=None>
158.8983 	DATA 	Keypress: space
158.9287 	EXP 	read_number: height = np.float64(0.07)
158.9287 	EXP 	read_number: height = np.float64(0.07)
158.9287 	EXP 	read_number: height = np.float64(0.07)
158.9287 	EXP 	read_number: text = '528'
158.9956 	EXP 	Device response: <KeyPress from None: t=158.88458050000008, value=space, duration=0.08004980000032447>
159.0623 	EXP 	Device response: <KeyPress from None: t=159.03662470000017, value=space, duration=None>
159.0652 	DATA 	Keypress: space
159.0954 	EXP 	read_number: height = np.float64(0.07)
159.0954 	EXP 	read_number: height = np.float64(0.07)
159.0954 	EXP 	read_number: height = np.float64(0.07)
159.0954 	EXP 	read_number: text = '515'
159.1288 	EXP 	Device response: <KeyPress from None: t=159.03662470000017, value=space, duration=0.0879957000001923>
159.2289 	EXP 	Device response: <KeyPress from None: t=159.20465630000035, value=space, duration=None>
159.2318 	DATA 	Keypress: space
159.2620 	EXP 	read_number: height = np.float64(0.07)
159.2620 	EXP 	read_number: height = np.float64(0.07)
159.2620 	EXP 	read_number: height = np.float64(0.07)
159.2620 	EXP 	read_number: text = '502'
159.2956 	EXP 	Device response: <KeyPress from None: t=159.20465630000035, value=space, duration=0.08797709999998915>
159.3621 	EXP 	Device response: <KeyPress from None: t=159.3406457000001, value=space, duration=None>
159.3650 	DATA 	Keypress: space
159.3954 	EXP 	read_number: height = np.float64(0.07)
159.3954 	EXP 	read_number: height = np.float64(0.07)
159.3954 	EXP 	read_number: height = np.float64(0.07)
159.3954 	EXP 	read_number: text = '489'
159.4621 	EXP 	Device response: <KeyPress from None: t=159.3406457000001, value=space, duration=0.10403339999993477>
159.5289 	EXP 	Device response: <KeyPress from None: t=159.5246956000001, value=space, duration=None>
159.5317 	DATA 	Keypress: space
159.5620 	EXP 	read_number: height = np.float64(0.07)
159.5620 	EXP 	read_number: height = np.float64(0.07)
159.5620 	EXP 	read_number: height = np.float64(0.07)
159.5620 	EXP 	read_number: text = '476'
159.6289 	EXP 	Device response: <KeyPress from None: t=159.5246956000001, value=space, duration=0.07212140000001455>
159.6955 	EXP 	Device response: <KeyPress from None: t=159.6767031000004, value=space, duration=None>
159.6984 	DATA 	Keypress: space
159.7287 	EXP 	read_number: height = np.float64(0.07)
159.7287 	EXP 	read_number: height = np.float64(0.07)
159.7287 	EXP 	read_number: height = np.float64(0.07)
159.7287 	EXP 	read_number: text = '463'
159.7622 	EXP 	Device response: <KeyPress from None: t=159.6767031000004, value=space, duration=0.08001729999978124>
159.8622 	EXP 	Device response: <KeyPress from None: t=159.86074350000035, value=space, duration=None>
159.8653 	DATA 	Keypress: space
159.8953 	EXP 	read_number: height = np.float64(0.07)
159.8953 	EXP 	read_number: height = np.float64(0.07)
159.8953 	EXP 	read_number: height = np.float64(0.07)
159.8953 	EXP 	read_number: text = '450'
159.9288 	EXP 	Device response: <KeyPress from None: t=159.86074350000035, value=space, duration=0.06399809999993522>
160.0622 	EXP 	Device response: <KeyPress from None: t=160.04475720000028, value=space, duration=None>
160.0650 	DATA 	Keypress: space
160.0954 	EXP 	read_number: height = np.float64(0.07)
160.0954 	EXP 	read_number: height = np.float64(0.07)
160.0954 	EXP 	read_number: height = np.float64(0.07)
160.0954 	EXP 	read_number: text = '437'
160.1289 	EXP 	Device response: <KeyPress from None: t=160.04475720000028, value=space, duration=0.05600909999975556>
160.2289 	EXP 	Device response: <KeyPress from None: t=160.20477410000012, value=space, duration=None>
160.2317 	DATA 	Keypress: space
160.2621 	EXP 	read_number: height = np.float64(0.07)
160.2621 	EXP 	read_number: height = np.float64(0.07)
160.2621 	EXP 	read_number: height = np.float64(0.07)
160.2621 	EXP 	read_number: text = '424'
160.2958 	EXP 	Device response: <KeyPress from None: t=160.20477410000012, value=space, duration=0.06402669999988575>
160.3955 	EXP 	Device response: <KeyPress from None: t=160.3647976000002, value=space, duration=None>
160.3983 	DATA 	Keypress: space
160.4287 	EXP 	read_number: height = np.float64(0.07)
160.4287 	EXP 	read_number: height = np.float64(0.07)
160.4287 	EXP 	read_number: height = np.float64(0.07)
160.4287 	EXP 	read_number: text = '411'
160.4622 	EXP 	Device response: <KeyPress from None: t=160.3647976000002, value=space, duration=0.0800082000000657>
160.7289 	EXP 	Device response: <KeyPress from None: t=160.7168746000002, value=space, duration=None>
160.7317 	DATA 	Keypress: space
160.7620 	EXP 	read_number: height = np.float64(0.07)
160.7620 	EXP 	read_number: height = np.float64(0.07)
160.7620 	EXP 	read_number: height = np.float64(0.07)
160.7620 	EXP 	read_number: text = '398'
160.7956 	EXP 	Device response: <KeyPress from None: t=160.7168746000002, value=space, duration=0.0719997000001058>
160.8955 	EXP 	Device response: <KeyPress from None: t=160.8768613000002, value=space, duration=None>
160.8982 	DATA 	Keypress: space
160.9287 	EXP 	read_number: height = np.float64(0.07)
160.9287 	EXP 	read_number: height = np.float64(0.07)
160.9287 	EXP 	read_number: height = np.float64(0.07)
160.9287 	EXP 	read_number: text = '385'
160.9956 	EXP 	Device response: <KeyPress from None: t=160.8768613000002, value=space, duration=0.08801129999983459>
161.0622 	EXP 	Device response: <KeyPress from None: t=161.0528833000003, value=space, duration=None>
161.0651 	DATA 	Keypress: space
161.0954 	EXP 	read_number: height = np.float64(0.07)
161.0954 	EXP 	read_number: height = np.float64(0.07)
161.0954 	EXP 	read_number: height = np.float64(0.07)
161.0954 	EXP 	read_number: text = '372'
161.1622 	EXP 	Device response: <KeyPress from None: t=161.0528833000003, value=space, duration=0.08801409999978205>
161.2622 	EXP 	Device response: <KeyPress from None: t=161.23692200000005, value=space, duration=None>
161.2650 	DATA 	Keypress: space
161.2953 	EXP 	read_number: height = np.float64(0.07)
161.2953 	EXP 	read_number: height = np.float64(0.07)
161.2953 	EXP 	read_number: height = np.float64(0.07)
161.2953 	EXP 	read_number: text = '359'
161.3288 	EXP 	Device response: <KeyPress from None: t=161.23692200000005, value=space, duration=0.07999730000028649>
161.4289 	EXP 	Device response: <KeyPress from None: t=161.42092430000002, value=space, duration=None>
161.4318 	DATA 	Keypress: space
161.4620 	EXP 	read_number: height = np.float64(0.07)
161.4620 	EXP 	read_number: height = np.float64(0.07)
161.4620 	EXP 	read_number: height = np.float64(0.07)
161.4620 	EXP 	read_number: text = '346'
161.5290 	EXP 	Device response: <KeyPress from None: t=161.42092430000002, value=space, duration=0.08004980000032447>
161.6289 	EXP 	Device response: <KeyPress from None: t=161.6049691000003, value=space, duration=None>
161.6319 	DATA 	Keypress: space
161.6621 	EXP 	read_number: height = np.float64(0.07)
161.6621 	EXP 	read_number: height = np.float64(0.07)
161.6621 	EXP 	read_number: height = np.float64(0.07)
161.6621 	EXP 	read_number: text = '333'
161.6956 	EXP 	Device response: <KeyPress from None: t=161.6049691000003, value=space, duration=0.07200060000013764>
161.7622 	EXP 	Device response: <KeyPress from None: t=161.74098240000012, value=space, duration=None>
161.7651 	DATA 	Keypress: space
161.7955 	EXP 	read_number: height = np.float64(0.07)
161.7955 	EXP 	read_number: height = np.float64(0.07)
161.7955 	EXP 	read_number: height = np.float64(0.07)
161.7955 	EXP 	read_number: text = '320'
161.8622 	EXP 	Device response: <KeyPress from None: t=161.74098240000012, value=space, duration=0.10400509999999485>
161.9622 	EXP 	Device response: <KeyPress from None: t=161.9490119000002, value=space, duration=None>
161.9651 	DATA 	Keypress: space
161.9953 	EXP 	read_number: height = np.float64(0.07)
161.9953 	EXP 	read_number: height = np.float64(0.07)
161.9953 	EXP 	read_number: height = np.float64(0.07)
161.9953 	EXP 	read_number: text = '307'
162.0290 	EXP 	Device response: <KeyPress from None: t=161.9490119000002, value=space, duration=0.056069799999932>
162.1288 	EXP 	Device response: <KeyPress from None: t=162.10903420000022, value=space, duration=None>
162.1316 	DATA 	Keypress: space
162.1620 	EXP 	read_number: height = np.float64(0.07)
162.1620 	EXP 	read_number: height = np.float64(0.07)
162.1620 	EXP 	read_number: height = np.float64(0.07)
162.1620 	EXP 	read_number: text = '294'
162.1956 	EXP 	Device response: <KeyPress from None: t=162.10903420000022, value=space, duration=0.08002380000016274>
162.2956 	EXP 	Device response: <KeyPress from None: t=162.27706450000005, value=space, duration=None>
162.2983 	DATA 	Keypress: space
162.3287 	EXP 	read_number: height = np.float64(0.07)
162.3287 	EXP 	read_number: height = np.float64(0.07)
162.3287 	EXP 	read_number: height = np.float64(0.07)
162.3287 	EXP 	read_number: text = '281'
162.3622 	EXP 	Device response: <KeyPress from None: t=162.27706450000005, value=space, duration=0.0799882000001162>
162.4622 	EXP 	Device response: <KeyPress from None: t=162.44507920000024, value=space, duration=None>
162.4652 	DATA 	Keypress: space
162.4955 	EXP 	read_number: height = np.float64(0.07)
162.4955 	EXP 	read_number: height = np.float64(0.07)
162.4955 	EXP 	read_number: height = np.float64(0.07)
162.4955 	EXP 	read_number: text = '268'
162.5290 	EXP 	Device response: <KeyPress from None: t=162.44507920000024, value=space, duration=0.07999939999990602>
162.6288 	EXP 	Device response: <KeyPress from None: t=162.59709120000025, value=space, duration=None>
162.6316 	DATA 	Keypress: space
162.6620 	EXP 	read_number: height = np.float64(0.07)
162.6620 	EXP 	read_number: height = np.float64(0.07)
162.6620 	EXP 	read_number: height = np.float64(0.07)
162.6620 	EXP 	read_number: text = '255'
163.0289 	EXP 	Device response: <KeyPress from None: t=162.59709120000025, value=space, duration=0.4160668999998052>
163.1288 	EXP 	Device response: <KeyPress from None: t=163.10917080000036, value=space, duration=None>
163.1315 	DATA 	Keypress: space
163.1621 	EXP 	read_number: height = np.float64(0.07)
163.1621 	EXP 	read_number: height = np.float64(0.07)
163.1621 	EXP 	read_number: height = np.float64(0.07)
163.1621 	EXP 	read_number: text = '242'
163.1956 	EXP 	Device response: <KeyPress from None: t=163.10917080000036, value=space, duration=0.07204009999986738>
163.2622 	EXP 	Device response: <KeyPress from None: t=163.26119190000009, value=space, duration=None>
163.2650 	DATA 	Keypress: space
163.2954 	EXP 	read_number: height = np.float64(0.07)
163.2954 	EXP 	read_number: height = np.float64(0.07)
163.2954 	EXP 	read_number: height = np.float64(0.07)
163.2954 	EXP 	read_number: text = '229'
163.3622 	EXP 	Device response: <KeyPress from None: t=163.26119190000009, value=space, duration=0.09600390000014158>
163.4623 	EXP 	Device response: <KeyPress from None: t=163.43722430000025, value=space, duration=None>
163.4654 	DATA 	Keypress: space
163.4955 	EXP 	read_number: height = np.float64(0.07)
163.4955 	EXP 	read_number: height = np.float64(0.07)
163.4955 	EXP 	read_number: height = np.float64(0.07)
163.4955 	EXP 	read_number: text = '216'
163.5622 	EXP 	Device response: <KeyPress from None: t=163.43722430000025, value=space, duration=0.10398609999992914>
163.6622 	EXP 	Device response: <KeyPress from None: t=163.63724660000025, value=space, duration=None>
163.6652 	DATA 	Keypress: space
163.6954 	EXP 	read_number: height = np.float64(0.07)
163.6954 	EXP 	read_number: height = np.float64(0.07)
163.6954 	EXP 	read_number: height = np.float64(0.07)
163.6954 	EXP 	read_number: text = '203'
163.7289 	EXP 	Device response: <KeyPress from None: t=163.63724660000025, value=space, duration=0.06398940000008224>
163.8288 	EXP 	Device response: <KeyPress from None: t=163.8052501000002, value=space, duration=None>
163.8317 	DATA 	Keypress: space
163.8620 	EXP 	read_number: height = np.float64(0.07)
163.8620 	EXP 	read_number: height = np.float64(0.07)
163.8620 	EXP 	read_number: height = np.float64(0.07)
163.8620 	EXP 	read_number: text = '190'
163.8955 	EXP 	Device response: <KeyPress from None: t=163.8052501000002, value=space, duration=0.08000230000016018>
163.9955 	EXP 	Device response: <KeyPress from None: t=163.96528270000044, value=space, duration=None>
163.9983 	DATA 	Keypress: space
164.0286 	EXP 	read_number: height = np.float64(0.07)
164.0286 	EXP 	read_number: height = np.float64(0.07)
164.0286 	EXP 	read_number: height = np.float64(0.07)
164.0286 	EXP 	read_number: text = '177'
164.0624 	EXP 	Device response: <KeyPress from None: t=163.96528270000044, value=space, duration=0.0960213999996995>
164.1622 	EXP 	Device response: <KeyPress from None: t=164.13331180000023, value=space, duration=None>
164.1651 	DATA 	Keypress: space
164.1953 	EXP 	read_number: height = np.float64(0.07)
164.1953 	EXP 	read_number: height = np.float64(0.07)
164.1953 	EXP 	read_number: height = np.float64(0.07)
164.1953 	EXP 	read_number: text = '164'
164.2289 	EXP 	Device response: <KeyPress from None: t=164.13331180000023, value=space, duration=0.08000579999998081>
164.3288 	EXP 	Device response: <KeyPress from None: t=164.32532400000036, value=space, duration=None>
164.3317 	DATA 	Keypress: space
164.3620 	EXP 	read_number: height = np.float64(0.07)
164.3620 	EXP 	read_number: height = np.float64(0.07)
164.3620 	EXP 	read_number: height = np.float64(0.07)
164.3620 	EXP 	read_number: text = '151'
164.3956 	EXP 	Device response: <KeyPress from None: t=164.32532400000036, value=space, duration=0.06401129999994737>
164.4956 	EXP 	Device response: <KeyPress from None: t=164.48535000000038, value=space, duration=None>
164.4985 	DATA 	Keypress: space
164.5287 	EXP 	read_number: height = np.float64(0.07)
164.5287 	EXP 	read_number: height = np.float64(0.07)
164.5287 	EXP 	read_number: height = np.float64(0.07)
164.5287 	EXP 	read_number: text = '138'
164.5624 	EXP 	Device response: <KeyPress from None: t=164.48535000000038, value=space, duration=0.07202169999982289>
164.6623 	EXP 	Device response: <KeyPress from None: t=164.6533387000004, value=space, duration=None>
164.6652 	DATA 	Keypress: space
164.6954 	EXP 	read_number: height = np.float64(0.07)
164.6954 	EXP 	read_number: height = np.float64(0.07)
164.6954 	EXP 	read_number: height = np.float64(0.07)
164.6954 	EXP 	read_number: text = '125'
164.7622 	EXP 	Device response: <KeyPress from None: t=164.6533387000004, value=space, duration=0.08003819999976258>
164.8288 	EXP 	Device response: <KeyPress from None: t=164.81337280000025, value=space, duration=None>
164.8318 	DATA 	Keypress: space
164.8620 	EXP 	read_number: height = np.float64(0.07)
164.8620 	EXP 	read_number: height = np.float64(0.07)
164.8620 	EXP 	read_number: height = np.float64(0.07)
164.8620 	EXP 	read_number: text = '112'
164.8956 	EXP 	Device response: <KeyPress from None: t=164.81337280000025, value=space, duration=0.0800546000000395>
164.9955 	EXP 	Device response: <KeyPress from None: t=164.98941360000026, value=space, duration=None>
164.9986 	DATA 	Keypress: space
165.0287 	EXP 	read_number: height = np.float64(0.07)
165.0287 	EXP 	read_number: height = np.float64(0.07)
165.0287 	EXP 	read_number: height = np.float64(0.07)
165.0287 	EXP 	read_number: text = '99'
165.0955 	EXP 	Device response: <KeyPress from None: t=164.98941360000026, value=space, duration=0.08800909999990836>
165.1288 	EXP 	Device response: <KeyPress from None: t=165.1094191000002, value=space, duration=None>
165.1316 	DATA 	Keypress: space
165.1620 	EXP 	read_number: height = np.float64(0.07)
165.1620 	EXP 	read_number: height = np.float64(0.07)
165.1620 	EXP 	read_number: height = np.float64(0.07)
165.1620 	EXP 	read_number: text = '86'
165.2622 	EXP 	Device response: <KeyPress from None: t=165.1094191000002, value=space, duration=0.11999939999986964>
165.2955 	EXP 	Device response: <KeyPress from None: t=165.29345320000039, value=space, duration=None>
165.2984 	DATA 	Keypress: space
165.3287 	EXP 	read_number: height = np.float64(0.07)
165.3287 	EXP 	read_number: height = np.float64(0.07)
165.3287 	EXP 	read_number: height = np.float64(0.07)
165.3287 	EXP 	read_number: text = '73'
165.3956 	EXP 	Device response: <KeyPress from None: t=165.29345320000039, value=space, duration=0.09601269999984652>
165.5288 	EXP 	Device response: <KeyPress from None: t=165.5014903000001, value=space, duration=None>
165.5316 	DATA 	Keypress: space
165.5621 	EXP 	read_number: height = np.float64(0.07)
165.5621 	EXP 	read_number: height = np.float64(0.07)
165.5621 	EXP 	read_number: height = np.float64(0.07)
165.5621 	EXP 	read_number: text = '60'
165.5955 	EXP 	Device response: <KeyPress from None: t=165.5014903000001, value=space, duration=0.07198610000023109>
165.6956 	EXP 	Device response: <KeyPress from None: t=165.66951020000033, value=space, duration=None>
165.6985 	DATA 	Keypress: space
165.7287 	EXP 	read_number: height = np.float64(0.07)
165.7287 	EXP 	read_number: height = np.float64(0.07)
165.7287 	EXP 	read_number: height = np.float64(0.07)
165.7287 	EXP 	read_number: text = '47'
165.7622 	EXP 	Device response: <KeyPress from None: t=165.66951020000033, value=space, duration=0.08800029999974868>
191.2291 	EXP 	Sound  reached end of file
191.2291 	EXP 	Playing sound  on speaker Headphones (X10)
191.2620 	EXP 	read_number: autoDraw = False
191.2620 	EXP 	read_number: autoDraw = False
191.2620 	EXP 	read_pausing: text = 'PAUSE'
191.2620 	EXP 	read_pausing: autoDraw = True
211.2291 	EXP 	New trial (rep=3, index=0): None
211.2292 	INFO 	Keyboard events cleared
211.2293 	EXP 	Sound  reached end of file
211.2293 	EXP 	Playing sound  on speaker Headphones (X10)
211.2620 	EXP 	read_pausing: autoDraw = False
211.2620 	EXP 	read_pausing: autoDraw = False
211.2620 	EXP 	read_number: height = np.float64(0.07)
211.2620 	EXP 	read_number: height = np.float64(0.07)
211.2620 	EXP 	read_number: height = np.float64(0.07)
211.2620 	EXP 	read_number: text = 47
211.4619 	EXP 	read_number: autoDraw = True
251.2288 	EXP 	Sound  reached end of file
251.2288 	EXP 	Playing sound  on speaker Headphones (X10)
251.2618 	EXP 	read_number: autoDraw = False
251.2618 	EXP 	read_number: autoDraw = False
251.2618 	EXP 	read_pausing: text = 'PAUSE'
251.2618 	EXP 	read_pausing: autoDraw = True
271.2288 	EXP 	New trial (rep=4, index=0): None
271.2289 	INFO 	Keyboard events cleared
271.2290 	EXP 	Sound  reached end of file
271.2290 	EXP 	Playing sound  on speaker Headphones (X10)
271.2620 	EXP 	read_pausing: autoDraw = False
271.2620 	EXP 	read_pausing: autoDraw = False
271.2620 	EXP 	read_number: height = np.float64(0.07)
271.2620 	EXP 	read_number: height = np.float64(0.07)
271.2620 	EXP 	read_number: height = np.float64(0.07)
271.2620 	EXP 	read_number: text = 47
271.4618 	EXP 	read_number: autoDraw = True
311.2288 	EXP 	Sound  reached end of file
311.2289 	EXP 	Playing sound  on speaker Headphones (X10)
311.2617 	EXP 	read_number: autoDraw = False
311.2617 	EXP 	read_number: autoDraw = False
311.2617 	EXP 	read_pausing: text = 'PAUSE'
311.2617 	EXP 	read_pausing: autoDraw = True
331.2287 	EXP 	New trial (rep=5, index=0): None
331.2288 	INFO 	Keyboard events cleared
331.2289 	EXP 	Sound  reached end of file
331.2289 	EXP 	Playing sound  on speaker Headphones (X10)
331.2616 	EXP 	read_pausing: autoDraw = False
331.2616 	EXP 	read_pausing: autoDraw = False
331.2616 	EXP 	read_number: height = np.float64(0.07)
331.2616 	EXP 	read_number: height = np.float64(0.07)
331.2616 	EXP 	read_number: height = np.float64(0.07)
331.2616 	EXP 	read_number: text = 47
331.4616 	EXP 	read_number: autoDraw = True
364.4618 	EXP 	Device response: <KeyPress from None: t=364.45568730000014, value=escape, duration=None>
364.4627 	DATA 	Keypress: escape
364.6617 	EXP 	Device response: <KeyPress from None: t=364.45568730000014, value=escape, duration=0.19203460000017003>
364.6618 	EXP 	TSST_fnirs_V4_FULL: status = STOPPED
364.6949 	EXP 	read_number: autoDraw = False
364.6950 	EXP 	TSST_fnirs_V4_FULL: status = STOPPED
364.8012 	INFO 	saved data to 'c:\\Users\\neuro\\GitHub\\fNIRS_TSST_PsychoPy\\data\\238991_TSST_fnirs_V4_FULL_2025-12-09_17h46.49.218.csv'
364.8020 	INFO 	saved data to c:\Users\neuro\GitHub\fNIRS_TSST_PsychoPy\data\238991_TSST_fnirs_V4_FULL_2025-12-09_17h46.49.218.psydat
364.9866 	WARNING 	Stopping key buffers but this could be dangerous ifother keyboards rely on the same.
365.0499 	WARNING 	Stopping key buffers but this could be dangerous ifother keyboards rely on the same.
