11.0945 	WARNING 	Font Manager failed to load file /System/Library/PrivateFrameworks/FontServices.framework/Resources/Reserved/PingFangUI.ttc
11.1790 	WARNING 	Font Manager failed to load file /System/Library/PrivateFrameworks/FontServices.framework/Resources/Reserved/PingFangUI.ttc
11.3054 	WARNING 	Import Error: dlopen(/Users/Isaac/miniforge3/envs/psychopy-2025/lib/python3.10/site-packages/psychtoolbox/PsychHID.cpython-310-darwin.so, 0x0002): symbol not found in flat namespace '_libusb_bulk_transfer'. Using event module for keyboard component.
20.9328 	INFO 	Loaded monitor calibration from ['2025_10_16 07:47']
20.9348 	WARNING 	Requested an unavailable screen number - using first available.
21.0266 	INFO 	Using renderer 'Apple M1' for graphics
21.0266 	INFO 	OpenGL version supported by driver is 2..
21.0372 	EXP 	Created window1 = Window(allowGUI=True, allowStencil=False, autoLog=True, backendConf=UNKNOWN, backgroundFit=<method-wrapper '__getattribute__' of attributeSetter object at 0x14fdf58d0>, backgroundImage=<method-wrapper '__getattribute__' of attributeSetter object at 0x14fdf5870>, bitsMode=UNKNOWN, blendMode='avg', bpc=(8, 8, 8), color=array([-1., -1., -1.]), colorSpace='rgb', depthBits=8, fullscr=False, gamma=None, gammaErrorPolicy='raise', infoMsg=UNKNOWN, lms=UNKNOWN, monitor=<psychopy.monitors.calibTools.Monitor object at 0x14fc84f40>, multiSample=False, name='window1', numSamples=2, pos=[np.float64(220.0), np.float64(-40.0)], screen=3, size=array([2000, 1960]), stencilBits=0, stereo=False, title='PsychoPy', units='height', useFBO=True, useRetina=True, viewOri=0.0, viewPos=None, viewScale=None, waitBlanking=True, winType='pyglet')
21.0373 	EXP 	window1: backgroundImage = ''
21.0373 	EXP 	window1: backgroundFit = 'none'
21.2492 	EXP 	window1: Attempting to measure frame rate of screen (3) ...
21.2492 	EXP 	window1: recordFrameIntervals = False
21.4509 	EXP 	window1: recordFrameIntervals = True
22.2971 	WARNING 	Couldn't measure a consistent frame rate!
  - Is your graphics card set to sync to vertical blank?
  - Are you running other processes on your computer?

23.9619 	INFO 	keyboard.Keyboard is using iohub backend.
23.9620 	INFO 	keyboard.Keyboard is using iohub backend.
23.9620 	EXP 	TSST_fnirs_V6_FULL: status = STARTED
23.9899 	EXP 	Created ctl1_instruction_text = TextStim(__class__=<class 'psychopy.visual.text.TextStim'>, alignHoriz=method-wrapper(...), alignText='center', alignVert=method-wrapper(...), anchorHoriz='center', anchorVert='center', antialias=True, autoDraw=False, autoLog=True, bold=False, color=array([1., 1., 1.]), colorSpace='rgb', contrast=1.0, depth=0.0, draggable=False, flipHoriz=False, flipVert=False, font='Arial', fontFiles=[], height=np.float64(0.05), italic=False, languageStyle='LTR', name='ctl1_instruction_text', opacity=1, ori=0.0, pos=array([0., 0.]), rgb=UNKNOWN, text=str(...), units='height', win=Window(...), wrapWidth=1)
23.9900 	INFO 	keyboard.Keyboard is using iohub backend.
23.9989 	EXP 	: sampleRate = 44100
23.9989 	EXP 	: channels = 2
23.9989 	EXP 	: stereo = 1
23.9989 	EXP 	: isStereo = 1
23.9990 	WARNING 	Hamming was requested using the 'pygame' sound library but hamming is not supported there.
24.1667 	INFO 	saved data to /Users/Isaac/Documents/fNIRS_TSST_PsychoPy/data/247931_TSST_fnirs_V6_FULL_2026-01-28_22h21.14.650.psydat
24.1669 	INFO 	saved data to '/Users/Isaac/Documents/fNIRS_TSST_PsychoPy/data/247931_TSST_fnirs_V6_FULL_2026-01-28_22h21.14.650.csv'
