17.7521 	WARNING 	Font Manager failed to load file /System/Library/PrivateFrameworks/FontServices.framework/Resources/Reserved/PingFangUI.ttc
17.9070 	WARNING 	Font Manager failed to load file /System/Library/PrivateFrameworks/FontServices.framework/Resources/Reserved/PingFangUI.ttc
35.8351 	INFO 	Loaded monitor calibration from ['2025_10_16 07:47']
35.8385 	WARNING 	Requested an unavailable screen number - using first available.
36.1096 	INFO 	Using renderer 'Apple M1' for graphics
36.1097 	INFO 	OpenGL version supported by driver is 2..
36.1815 	EXP 	Created window1 = Window(allowGUI=True, allowStencil=False, autoLog=True, backendConf=UNKNOWN, backgroundFit=<method-wrapper '__getattribute__' of attributeSetter object at 0x14393e9e0>, backgroundImage=<method-wrapper '__getattribute__' of attributeSetter object at 0x14393e980>, bitsMode=UNKNOWN, blendMode='avg', bpc=(8, 8, 8), color=array([-1., -1., -1.]), colorSpace='rgb', depthBits=8, fullscr=False, gamma=None, gammaErrorPolicy='raise', infoMsg=UNKNOWN, lms=UNKNOWN, monitor=<psychopy.monitors.calibTools.Monitor object at 0x1438774c0>, multiSample=False, name='window1', numSamples=2, pos=[np.float64(220.0), np.float64(-40.0)], screen=3, size=array([2000, 1960]), stencilBits=0, stereo=False, title='PsychoPy', units='height', useFBO=True, useRetina=True, viewOri=0.0, viewPos=None, viewScale=None, waitBlanking=True, winType='pyglet')
36.1815 	EXP 	window1: backgroundImage = ''
36.1815 	EXP 	window1: backgroundFit = 'none'
36.5417 	EXP 	window1: Attempting to measure frame rate of screen (3) ...
36.5417 	EXP 	window1: recordFrameIntervals = False
36.9519 	EXP 	window1: recordFrameIntervals = True
37.2444 	WARNING 	t of last frame was 41.93ms (=1/23)
37.3185 	WARNING 	t of last frame was 20.40ms (=1/49)
37.8358 	WARNING 	Couldn't measure a consistent frame rate!
  - Is your graphics card set to sync to vertical blank?
  - Are you running other processes on your computer?

41.5359 	INFO 	keyboard.Keyboard is using iohub backend.
41.5360 	EXP 	TSST_fnirs_V6_FULL: status = STARTED
41.5830 	EXP 	Created ctl1_instruction_text = TextStim(__class__=<class 'psychopy.visual.text.TextStim'>, alignHoriz=method-wrapper(...), alignText='center', alignVert=method-wrapper(...), anchorHoriz='center', anchorVert='center', antialias=True, autoDraw=False, autoLog=True, bold=False, color=array([1., 1., 1.]), colorSpace='rgb', contrast=1.0, depth=0.0, draggable=False, flipHoriz=False, flipVert=False, font='Arial', fontFiles=[], height=np.float64(0.05), italic=False, languageStyle='LTR', name='ctl1_instruction_text', opacity=1, ori=0.0, pos=array([0., 0.]), rgb=UNKNOWN, text=str(...), units='height', win=Window(...), wrapWidth=1)
41.7001 	INFO 	Loaded psychtoolbox audio version 3.0.19.696976787
41.7989 	INFO 	New audio device 1 with handle 0 opened as PortAudio stream:
41.7989 	INFO 	For 2 channels Playback: Audio subsystem is Core Audio, Audio device name is MacBook Pro Speakers
41.7989 	INFO 	Real samplerate 48000.000000 Hz. Input latency 0.000000 msecs, Output latency 10.000000 msecs.
41.7989 	INFO 	Created stream for speaker device: MacBook Pro Speakers (1.0)
41.8656 	EXP 	: sampleRate = 48000
41.8657 	EXP 	: channels = None
41.8666 	EXP 	Sound  set volume 1.000
41.8784 	INFO 	New audio device 1 with handle 2 opened as PortAudio stream:
41.8784 	INFO 	For 2 channels Playback: Audio subsystem is Core Audio, Audio device name is MacBook Pro Speakers
41.8784 	INFO 	Real samplerate 48000.000000 Hz. Input latency 0.000000 msecs, Output latency 10.000000 msecs.
41.8784 	INFO 	Created stream for speaker device: MacBook Pro Speakers (1.0)
41.8861 	EXP 	: sampleRate = 48000
41.8862 	EXP 	: channels = None
41.8867 	EXP 	Sound  set volume 1.000
41.8905 	EXP 	Created fixation_cross = TextStim(__class__=<class 'psychopy.visual.text.TextStim'>, alignHoriz=method-wrapper(...), alignText='center', alignVert=method-wrapper(...), anchorHoriz='center', anchorVert='center', antialias=True, autoDraw=False, autoLog=True, bold=False, color=array([1., 1., 1.]), colorSpace='rgb', contrast=1.0, depth=0.0, draggable=False, flipHoriz=False, flipVert=False, font='Arial', fontFiles=[], height=np.float64(0.08), italic=False, languageStyle='LTR', name='fixation_cross', opacity=1, ori=0.0, pos=array([0., 0.]), rgb=UNKNOWN, text='+', units='height', win=Window(...), wrapWidth=1)
41.8913 	EXP 	Created read_number = TextStim(__class__=<class 'psychopy.visual.text.TextStim'>, alignHoriz=method-wrapper(...), alignText='center', alignVert=method-wrapper(...), anchorHoriz='center', anchorVert='center', antialias=True, autoDraw=False, autoLog=True, bold=False, color=array([1., 1., 1.]), colorSpace='rgb', contrast=1.0, depth=-1.0, draggable=False, flipHoriz=False, flipVert=False, font='Arial', fontFiles=[], height=0.07, italic=False, languageStyle='LTR', name='read_number', opacity=1, ori=0.0, pos=array([0., 0.]), rgb=UNKNOWN, text='', units='height', win=Window(...), wrapWidth=1)
41.8919 	EXP 	Created read_pausing = TextStim(__class__=<class 'psychopy.visual.text.TextStim'>, alignHoriz=method-wrapper(...), alignText='center', alignVert=method-wrapper(...), anchorHoriz='center', anchorVert='center', antialias=True, autoDraw=False, autoLog=True, bold=False, color=array([1., 1., 1.]), colorSpace='rgb', contrast=1.0, depth=0.0, draggable=False, flipHoriz=False, flipVert=False, font='Arial', fontFiles=[], height=0.07, italic=False, languageStyle='LTR', name='read_pausing', opacity=1, ori=0.0, pos=array([0., 0.]), rgb=UNKNOWN, text='', units='height', win=Window(...), wrapWidth=1)
41.9005 	EXP 	Created task_end_text = TextStim(__class__=<class 'psychopy.visual.text.TextStim'>, alignHoriz=method-wrapper(...), alignText='center', alignVert=method-wrapper(...), anchorHoriz='center', anchorVert='center', antialias=True, autoDraw=False, autoLog=True, bold=False, color=array([1., 1., 1.]), colorSpace='rgb', contrast=1.0, depth=0.0, draggable=False, flipHoriz=False, flipVert=False, font='Arial', fontFiles=[], height=np.float64(0.05), italic=False, languageStyle='LTR', name='task_end_text', opacity=1, ori=0.0, pos=array([0., 0.]), rgb=UNKNOWN, text='Please wait for the next task to begin..', units='height', win=Window(...), wrapWidth=1)
41.9187 	EXP 	Created ctl2_instruction_text = TextStim(__class__=<class 'psychopy.visual.text.TextStim'>, alignHoriz=method-wrapper(...), alignText='center', alignVert=method-wrapper(...), anchorHoriz='center', anchorVert='center', antialias=True, autoDraw=False, autoLog=True, bold=False, color=array([1., 1., 1.]), colorSpace='rgb', contrast=1.0, depth=0.0, draggable=False, flipHoriz=False, flipVert=False, font='Arial', fontFiles=[], height=np.float64(0.05), italic=False, languageStyle='LTR', name='ctl2_instruction_text', opacity=1, ori=0.0, pos=array([0., 0.]), rgb=UNKNOWN, text=str(...), units='height', win=Window(...), wrapWidth=1)
41.9205 	EXP 	Created fixation_cross = TextStim(__class__=<class 'psychopy.visual.text.TextStim'>, alignHoriz=method-wrapper(...), alignText='center', alignVert=method-wrapper(...), anchorHoriz='center', anchorVert='center', antialias=True, autoDraw=False, autoLog=True, bold=False, color=array([1., 1., 1.]), colorSpace='rgb', contrast=1.0, depth=0.0, draggable=False, flipHoriz=False, flipVert=False, font='Arial', fontFiles=[], height=np.float64(0.08), italic=False, languageStyle='LTR', name='fixation_cross', opacity=1, ori=0.0, pos=array([0., 0.]), rgb=UNKNOWN, text='+', units='height', win=Window(...), wrapWidth=1)
41.9213 	EXP 	Created subtract_number = TextStim(__class__=<class 'psychopy.visual.text.TextStim'>, alignHoriz=method-wrapper(...), alignText='center', alignVert=method-wrapper(...), anchorHoriz='center', anchorVert='center', antialias=True, autoDraw=False, autoLog=True, bold=False, color=array([1., 1., 1.]), colorSpace='rgb', contrast=1.0, depth=-1.0, draggable=False, flipHoriz=False, flipVert=False, font='Arial', fontFiles=[], height=0.07, italic=False, languageStyle='LTR', name='subtract_number', opacity=1, ori=0.0, pos=array([0., 0.]), rgb=UNKNOWN, text='', units='height', win=Window(...), wrapWidth=1)
41.9218 	EXP 	Created subtract_pausing = TextStim(__class__=<class 'psychopy.visual.text.TextStim'>, alignHoriz=method-wrapper(...), alignText='center', alignVert=method-wrapper(...), anchorHoriz='center', anchorVert='center', antialias=True, autoDraw=False, autoLog=True, bold=False, color=array([1., 1., 1.]), colorSpace='rgb', contrast=1.0, depth=0.0, draggable=False, flipHoriz=False, flipVert=False, font='Arial', fontFiles=[], height=0.07, italic=False, languageStyle='LTR', name='subtract_pausing', opacity=1, ori=0.0, pos=array([0., 0.]), rgb=UNKNOWN, text='', units='height', win=Window(...), wrapWidth=1)
41.9239 	EXP 	Created task_end_text = TextStim(__class__=<class 'psychopy.visual.text.TextStim'>, alignHoriz=method-wrapper(...), alignText='center', alignVert=method-wrapper(...), anchorHoriz='center', anchorVert='center', antialias=True, autoDraw=False, autoLog=True, bold=False, color=array([1., 1., 1.]), colorSpace='rgb', contrast=1.0, depth=0.0, draggable=False, flipHoriz=False, flipVert=False, font='Arial', fontFiles=[], height=np.float64(0.05), italic=False, languageStyle='LTR', name='task_end_text', opacity=1, ori=0.0, pos=array([0., 0.]), rgb=UNKNOWN, text='Please wait for the next task to begin..', units='height', win=Window(...), wrapWidth=1)
41.9268 	EXP 	Created TSST_SPEECH_instructions_text = TextStim(__class__=<class 'psychopy.visual.text.TextStim'>, alignHoriz=method-wrapper(...), alignText='center', alignVert=method-wrapper(...), anchorHoriz='center', anchorVert='center', antialias=True, autoDraw=False, autoLog=True, bold=False, color=array([1., 1., 1.]), colorSpace='rgb', contrast=1.0, depth=0.0, draggable=False, flipHoriz=False, flipVert=False, font='Arial', fontFiles=[], height=np.float64(0.05), italic=False, languageStyle='LTR', name='TSST_SPEECH_instructions_text', opacity=1, ori=0.0, pos=array([0., 0.]), rgb=UNKNOWN, text=str(...), units='height', win=Window(...), wrapWidth=1)
41.9295 	EXP 	Created TSST_SPEECH_text = TextStim(__class__=<class 'psychopy.visual.text.TextStim'>, alignHoriz=method-wrapper(...), alignText='center', alignVert=method-wrapper(...), anchorHoriz='center', anchorVert='center', antialias=True, autoDraw=False, autoLog=True, bold=False, color=array([1., 1., 1.]), colorSpace='rgb', contrast=1.0, depth=0.0, draggable=False, flipHoriz=False, flipVert=False, font='Arial', fontFiles=[], height=np.float64(0.12), italic=False, languageStyle='LTR', name='TSST_SPEECH_text', opacity=1, ori=0.0, pos=array([0., 0.]), rgb=UNKNOWN, text='...', units='height', win=Window(...), wrapWidth=1)
41.9318 	EXP 	Created fixation_cross = TextStim(__class__=<class 'psychopy.visual.text.TextStim'>, alignHoriz=method-wrapper(...), alignText='center', alignVert=method-wrapper(...), anchorHoriz='center', anchorVert='center', antialias=True, autoDraw=False, autoLog=True, bold=False, color=array([1., 1., 1.]), colorSpace='rgb', contrast=1.0, depth=0.0, draggable=False, flipHoriz=False, flipVert=False, font='Arial', fontFiles=[], height=np.float64(0.08), italic=False, languageStyle='LTR', name='fixation_cross', opacity=1, ori=0.0, pos=array([0., 0.]), rgb=UNKNOWN, text='+', units='height', win=Window(...), wrapWidth=1)
41.9418 	EXP 	Created tsst_instruction_text = TextStim(__class__=<class 'psychopy.visual.text.TextStim'>, alignHoriz=method-wrapper(...), alignText='center', alignVert=method-wrapper(...), anchorHoriz='center', anchorVert='center', antialias=True, autoDraw=False, autoLog=True, bold=False, color=array([1., 1., 1.]), colorSpace='rgb', contrast=1.0, depth=0.0, draggable=False, flipHoriz=False, flipVert=False, font='Arial', fontFiles=[], height=np.float64(0.05), italic=False, languageStyle='LTR', name='tsst_instruction_text', opacity=1, ori=0.0, pos=array([0., 0.]), rgb=UNKNOWN, text=str(...), units='height', win=Window(...), wrapWidth=1)
41.9424 	EXP 	Created subtract_number_TSST = TextStim(__class__=<class 'psychopy.visual.text.TextStim'>, alignHoriz=method-wrapper(...), alignText='center', alignVert=method-wrapper(...), anchorHoriz='center', anchorVert='center', antialias=True, autoDraw=False, autoLog=True, bold=False, color=array([1., 1., 1.]), colorSpace='rgb', contrast=1.0, depth=0.0, draggable=False, flipHoriz=False, flipVert=False, font='Arial', fontFiles=[], height=0.07, italic=False, languageStyle='LTR', name='subtract_number_TSST', opacity=1, ori=0.0, pos=array([0., 0.]), rgb=UNKNOWN, text='', units='height', win=Window(...), wrapWidth=1)
41.9429 	EXP 	Created subtract_pausing_TSST = TextStim(__class__=<class 'psychopy.visual.text.TextStim'>, alignHoriz=method-wrapper(...), alignText='center', alignVert=method-wrapper(...), anchorHoriz='center', anchorVert='center', antialias=True, autoDraw=False, autoLog=True, bold=False, color=array([1., 1., 1.]), colorSpace='rgb', contrast=1.0, depth=0.0, draggable=False, flipHoriz=False, flipVert=False, font='Arial', fontFiles=[], height=0.07, italic=False, languageStyle='LTR', name='subtract_pausing_TSST', opacity=1, ori=0.0, pos=array([0., 0.]), rgb=UNKNOWN, text='', units='height', win=Window(...), wrapWidth=1)
41.9466 	EXP 	Created finished_text = TextStim(__class__=<class 'psychopy.visual.text.TextStim'>, alignHoriz=method-wrapper(...), alignText='center', alignVert=method-wrapper(...), anchorHoriz='center', anchorVert='center', antialias=True, autoDraw=False, autoLog=True, bold=False, color=array([1., 1., 1.]), colorSpace='rgb', contrast=1.0, depth=0.0, draggable=False, flipHoriz=False, flipVert=False, font='Arial', fontFiles=[], height=np.float64(0.05), italic=False, languageStyle='LTR', name='finished_text', opacity=1, ori=0.0, pos=array([0., 0.]), rgb=UNKNOWN, text=str(...), units='height', win=Window(...), wrapWidth=1)
0.0301 	INFO 	Keyboard events cleared
0.0463 	EXP 	ctl1_instruction_text: autoDraw = True
27.2733 	WARNING 	t of last frame was 21.53ms (=1/46)
29.9330 	EXP 	Device response: <KeyPress from None: t=71.77665874999366, value=s, duration=None>
29.9331 	EXP 	Device response: <KeyPress from None: t=71.77665874999366, value=s, duration=0.09143712499644607>
29.9710 	DATA 	Keypress: s
29.9799 	WARNING 	t of last frame was 140.94ms (=1/7)
31.3565 	WARNING 	Multiple dropped frames have occurred - I'll stop bothering you about them!
32.0468 	DATA 	Mouse: Left button down, pos=(145,713)
32.1755 	DATA 	Mouse:  Left button up, pos=(145,713)
33.4291 	EXP 	Device response: <KeyPress from None: t=75.37192341699847, value=return, duration=None>
33.4300 	INFO 	Keyboard events cleared
33.4335 	INFO 	Keyboard events cleared
33.4450 	DATA 	Keypress: return
33.4499 	EXP 	ctl1_instruction_text: autoDraw = False
33.4499 	EXP 	fixation_cross: autoDraw = True
33.5271 	EXP 	Device response: <KeyPress from None: t=75.37192341699847, value=return, duration=0.09953362500527874>
34.6462 	EXP 	Device response: <KeyPress from None: t=76.59185566700762, value=s, duration=None>
34.6494 	EXP 	Created sequence: sequential, trialTypes=1, nReps=6, seed=None
34.6503 	EXP 	New trial (rep=0, index=0): None
34.6507 	INFO 	Keyboard events cleared
34.6596 	INFO 	Keyboard events cleared
34.6631 	DATA 	Keypress: s
34.6669 	EXP 	fixation_cross: autoDraw = False
34.6669 	EXP 	read_number: height = np.float64(0.07)
34.6669 	EXP 	read_number: height = np.float64(0.07)
34.6669 	EXP 	read_number: height = np.float64(0.07)
34.6669 	EXP 	read_number: text = 1022
34.6669 	EXP 	read_number: autoDraw = False
34.6669 	EXP 	read_pausing: height = np.float64(0.07)
34.6669 	EXP 	read_pausing: height = np.float64(0.07)
34.6669 	EXP 	read_pausing: height = np.float64(0.07)
34.6669 	EXP 	read_pausing: text = 'PAUSE'
34.6669 	EXP 	read_pausing: autoDraw = False
34.6669 	EXP 	task_end_text: autoDraw = True
34.7229 	EXP 	Device response: <KeyPress from None: t=76.59185566700762, value=s, duration=0.0759395829809364>
44.7079 	EXP 	Device response: <KeyPress from None: t=86.64945904200431, value=escape, duration=None>
44.7874 	DATA 	Keypress: escape
44.8066 	EXP 	Device response: <KeyPress from None: t=86.64945904200431, value=escape, duration=0.09248087499872781>
44.8070 	EXP 	TSST_fnirs_V6_FULL: status = STOPPED
44.8104 	EXP 	task_end_text: autoDraw = False
44.8104 	EXP 	TSST_fnirs_V6_FULL: status = STOPPED
44.8156 	INFO 	saved data to '/Users/Isaac/Documents/fNIRS_TSST_PsychoPy/data/251658_TSST_fnirs_V6_FULL_2026-02-09_09h50.59.012.csv'
44.8173 	INFO 	saved data to /Users/Isaac/Documents/fNIRS_TSST_PsychoPy/data/251658_TSST_fnirs_V6_FULL_2026-02-09_09h50.59.012.psydat
