1.4766 	ERROR 	Failed to load any of the audioLibs: ['pyo']. Falling back to PsychToolbox ('ptb') backend for sound. Be sure to add 'ptb' to preferences to avoid seeing this message again.
1.4774 	WARNING 	We strongly recommend you activate the PTB sound engine in PsychoPy prefs as the preferred audio engine. Its timing is vastly superior. Your prefs are currently set to use ['pyo'] (in that order).
11.8961 	WARNING 	Font Manager failed to load file /System/Library/PrivateFrameworks/FontServices.framework/Resources/Reserved/PingFangUI.ttc
17.3545 	WARNING 	Font Manager failed to load file /System/Library/PrivateFrameworks/FontServices.framework/Resources/Reserved/PingFangUI.ttc
17.3627 	WARNING 	Import Error: No module named 'psychtoolbox'. Using event module for keyboard component.
19.4241 	INFO 	Loaded monitor calibration from ['2025_10_16 07:47']
19.5642 	INFO 	Using renderer 'Apple M1' for graphics
19.5642 	INFO 	OpenGL version supported by driver is 2..
19.5868 	EXP 	Created window1 = Window(allowGUI=True, allowStencil=False, autoLog=True, backendConf=UNKNOWN, backgroundFit=<method-wrapper '__getattribute__' of attributeSetter object at 0x17200bac0>, backgroundImage=<method-wrapper '__getattribute__' of attributeSetter object at 0x17200ba60>, bitsMode=UNKNOWN, blendMode='avg', bpc=(8, 8, 8), color=array([-1., -1., -1.]), colorSpace='rgb', depthBits=8, fullscr=True, gamma=None, gammaErrorPolicy='raise', infoMsg=UNKNOWN, lms=UNKNOWN, monitor=<psychopy.monitors.calibTools.Monitor object at 0x1721bc640>, multiSample=False, name='window1', numSamples=2, pos=[np.float64(0.0), np.float64(0.0)], screen=0, size=array([2880, 1800]), stencilBits=0, stereo=False, title='PsychoPy', units='height', useFBO=True, useRetina=True, viewOri=0.0, viewPos=None, viewScale=None, waitBlanking=True, winType='pyglet')
19.5868 	EXP 	window1: backgroundImage = ''
19.5868 	EXP 	window1: backgroundFit = 'none'
19.7926 	EXP 	window1: Attempting to measure frame rate of screen (0) ...
19.7926 	EXP 	window1: recordFrameIntervals = False
20.0668 	EXP 	window1: recordFrameIntervals = True
20.3859 	WARNING 	t of last frame was 29.40ms (=1/34)
20.5615 	WARNING 	t of last frame was 28.74ms (=1/34)
20.5827 	WARNING 	t of last frame was 21.19ms (=1/47)
20.9742 	WARNING 	Couldn't measure a consistent frame rate!
  - Is your graphics card set to sync to vertical blank?
  - Are you running other processes on your computer?

20.9806 	INFO 	keyboard.Keyboard is using ptb backend.
20.9807 	EXP 	TSST_fnirs_V4_FULL: status = STARTED
21.0354 	EXP 	Created ctl1_instruction_text = TextStim(__class__=<class 'psychopy.visual.text.TextStim'>, alignHoriz=method-wrapper(...), alignText='center', alignVert=method-wrapper(...), anchorHoriz='center', anchorVert='center', antialias=True, autoDraw=False, autoLog=True, bold=False, color=array([1., 1., 1.]), colorSpace='rgb', contrast=1.0, depth=0.0, draggable=False, flipHoriz=False, flipVert=False, font='Arial', fontFiles=[], height=np.float64(0.05), italic=False, languageStyle='LTR', name='ctl1_instruction_text', opacity=1, ori=0.0, pos=array([0., 0.]), rgb=UNKNOWN, text=str(...), units='height', win=Window(...), wrapWidth=1)
21.0354 	INFO 	keyboard.Keyboard is using ptb backend.
21.0730 	INFO 	saved data to /Users/Isaac/Documents/TSST/TSST_V4/data/289158_TSST_fnirs_V4_FULL_2025-10-16_12h43.01.748.psydat
21.0733 	INFO 	saved data to '/Users/Isaac/Documents/TSST/TSST_V4/data/289158_TSST_fnirs_V4_FULL_2025-10-16_12h43.01.748.csv'
21.0768 	WARNING 	Stopping key buffers but this could be dangerous ifother keyboards rely on the same.
