1.3704 	WARNING 	We strongly recommend you activate the PTB sound engine in PsychoPy prefs as the preferred audio engine. Its timing is vastly superior. Your prefs are currently set to use ['pygame'] (in that order).
11.5211 	WARNING 	Font Manager failed to load file /System/Library/PrivateFrameworks/FontServices.framework/Resources/Reserved/PingFangUI.ttc
17.0227 	WARNING 	Font Manager failed to load file /System/Library/PrivateFrameworks/FontServices.framework/Resources/Reserved/PingFangUI.ttc
17.0305 	WARNING 	Import Error: No module named 'psychtoolbox'. Using event module for keyboard component.
19.1730 	INFO 	Loaded monitor calibration from ['2025_10_16 07:47']
19.3065 	INFO 	Using renderer 'Apple M1' for graphics
19.3065 	INFO 	OpenGL version supported by driver is 2..
19.3309 	EXP 	Created window1 = Window(allowGUI=True, allowStencil=False, autoLog=True, backendConf=UNKNOWN, backgroundFit=<method-wrapper '__getattribute__' of attributeSetter object at 0x140e5bdc0>, backgroundImage=<method-wrapper '__getattribute__' of attributeSetter object at 0x140e5bd60>, bitsMode=UNKNOWN, blendMode='avg', bpc=(8, 8, 8), color=array([-1., -1., -1.]), colorSpace='rgb', depthBits=8, fullscr=True, gamma=None, gammaErrorPolicy='raise', infoMsg=UNKNOWN, lms=UNKNOWN, monitor=<psychopy.monitors.calibTools.Monitor object at 0x140ed08e0>, multiSample=False, name='window1', numSamples=2, pos=[np.float64(0.0), np.float64(0.0)], screen=0, size=array([2880, 1800]), stencilBits=0, stereo=False, title='PsychoPy', units='height', useFBO=True, useRetina=True, viewOri=0.0, viewPos=None, viewScale=None, waitBlanking=True, winType='pyglet')
19.3309 	EXP 	window1: backgroundImage = ''
19.3309 	EXP 	window1: backgroundFit = 'none'
19.5396 	EXP 	window1: Attempting to measure frame rate of screen (0) ...
19.5396 	EXP 	window1: recordFrameIntervals = False
19.8198 	EXP 	window1: recordFrameIntervals = True
20.1231 	WARNING 	t of last frame was 20.48ms (=1/48)
20.6698 	WARNING 	Couldn't measure a consistent frame rate!
  - Is your graphics card set to sync to vertical blank?
  - Are you running other processes on your computer?

20.6729 	INFO 	keyboard.Keyboard is using ptb backend.
20.6731 	EXP 	TSST_fnirs_V4_FULL: status = STARTED
20.7347 	EXP 	Created ctl1_instruction_text = TextStim(__class__=<class 'psychopy.visual.text.TextStim'>, alignHoriz=method-wrapper(...), alignText='center', alignVert=method-wrapper(...), anchorHoriz='center', anchorVert='center', antialias=True, autoDraw=False, autoLog=True, bold=False, color=array([1., 1., 1.]), colorSpace='rgb', contrast=1.0, depth=0.0, draggable=False, flipHoriz=False, flipVert=False, font='Arial', fontFiles=[], height=np.float64(0.05), italic=False, languageStyle='LTR', name='ctl1_instruction_text', opacity=1, ori=0.0, pos=array([0., 0.]), rgb=UNKNOWN, text=str(...), units='height', win=Window(...), wrapWidth=1)
20.7347 	INFO 	keyboard.Keyboard is using ptb backend.
20.7349 	EXP 	start_tone: sampleRate = 44100
20.7349 	EXP 	start_tone: channels = 2
20.7349 	EXP 	start_tone: stereo = 1
20.7349 	EXP 	start_tone: isStereo = 1
20.7349 	WARNING 	Hamming was requested using the 'pygame' sound library but hamming is not supported there.
20.7612 	INFO 	saved data to /Users/Isaac/Documents/TSST/TSST_V4/data/350230_TSST_fnirs_V4_FULL_2025-10-16_12h46.02.165.psydat
20.7616 	INFO 	saved data to '/Users/Isaac/Documents/TSST/TSST_V4/data/350230_TSST_fnirs_V4_FULL_2025-10-16_12h46.02.165.csv'
20.8856 	WARNING 	Stopping key buffers but this could be dangerous ifother keyboards rely on the same.
