1.1202 	ERROR 	Failed to load any of the audioLibs: ['pyo']. Falling back to PsychToolbox ('ptb') backend for sound. Be sure to add 'ptb' to preferences to avoid seeing this message again.
1.1207 	WARNING 	We strongly recommend you activate the PTB sound engine in PsychoPy prefs as the preferred audio engine. Its timing is vastly superior. Your prefs are currently set to use ['pyo'] (in that order).
11.0205 	WARNING 	Font Manager failed to load file /System/Library/PrivateFrameworks/FontServices.framework/Resources/Reserved/PingFangUI.ttc
16.5559 	WARNING 	Font Manager failed to load file /System/Library/PrivateFrameworks/FontServices.framework/Resources/Reserved/PingFangUI.ttc
16.5732 	WARNING 	Import Error: No module named 'psychtoolbox'. Using event module for keyboard component.
18.7522 	INFO 	Loaded monitor calibration from ['2025_10_16 07:47']
18.9187 	INFO 	Using renderer 'Apple M1' for graphics
18.9187 	INFO 	OpenGL version supported by driver is 2..
18.9451 	EXP 	Created window1 = Window(allowGUI=True, allowStencil=False, autoLog=True, backendConf=UNKNOWN, backgroundFit=<method-wrapper '__getattribute__' of attributeSetter object at 0x1206d3ac0>, backgroundImage=<method-wrapper '__getattribute__' of attributeSetter object at 0x1206d3a60>, bitsMode=UNKNOWN, blendMode='avg', bpc=(8, 8, 8), color=array([-1., -1., -1.]), colorSpace='rgb', depthBits=8, fullscr=True, gamma=None, gammaErrorPolicy='raise', infoMsg=UNKNOWN, lms=UNKNOWN, monitor=<psychopy.monitors.calibTools.Monitor object at 0x1208945e0>, multiSample=False, name='window1', numSamples=2, pos=[np.float64(0.0), np.float64(0.0)], screen=0, size=array([2880, 1800]), stencilBits=0, stereo=False, title='PsychoPy', units='height', useFBO=True, useRetina=True, viewOri=0.0, viewPos=None, viewScale=None, waitBlanking=True, winType='pyglet')
18.9452 	EXP 	window1: backgroundImage = ''
18.9452 	EXP 	window1: backgroundFit = 'none'
19.1523 	EXP 	window1: Attempting to measure frame rate of screen (0) ...
19.1523 	EXP 	window1: recordFrameIntervals = False
19.4625 	EXP 	window1: recordFrameIntervals = True
19.7651 	WARNING 	t of last frame was 29.93ms (=1/33)
20.3181 	WARNING 	Couldn't measure a consistent frame rate!
  - Is your graphics card set to sync to vertical blank?
  - Are you running other processes on your computer?

20.3199 	INFO 	keyboard.Keyboard is using ptb backend.
20.3200 	EXP 	TSST_fnirs_V4_FULL: status = STARTED
20.3842 	EXP 	Created ctl1_instruction_text = TextStim(__class__=<class 'psychopy.visual.text.TextStim'>, alignHoriz=method-wrapper(...), alignText='center', alignVert=method-wrapper(...), anchorHoriz='center', anchorVert='center', antialias=True, autoDraw=False, autoLog=True, bold=False, color=array([1., 1., 1.]), colorSpace='rgb', contrast=1.0, depth=0.0, draggable=False, flipHoriz=False, flipVert=False, font='Arial', fontFiles=[], height=np.float64(0.05), italic=False, languageStyle='LTR', name='ctl1_instruction_text', opacity=1, ori=0.0, pos=array([0., 0.]), rgb=UNKNOWN, text=str(...), units='height', win=Window(...), wrapWidth=1)
20.3842 	INFO 	keyboard.Keyboard is using ptb backend.
20.4155 	INFO 	saved data to /Users/Isaac/Documents/TSST/TSST_V4/data/351004_TSST_fnirs_V4_FULL_2025-10-16_12h41.52.303.psydat
20.4158 	INFO 	saved data to '/Users/Isaac/Documents/TSST/TSST_V4/data/351004_TSST_fnirs_V4_FULL_2025-10-16_12h41.52.303.csv'
20.4214 	WARNING 	Stopping key buffers but this could be dangerous ifother keyboards rely on the same.
