1.5413 	ERROR 	Failed to load any of the audioLibs: ['pyo']. Falling back to PsychToolbox ('ptb') backend for sound. Be sure to add 'ptb' to preferences to avoid seeing this message again.
1.7071 	WARNING 	We strongly recommend you activate the PTB sound engine in PsychoPy prefs as the preferred audio engine. Its timing is vastly superior. Your prefs are currently set to use ['pyo'] (in that order).
6.2211 	INFO 	Loaded monitor calibration from ['2024_08_14 14:13']
6.3871 	WARNING 	User requested fullscreen with size [1440  900], but screen is actually [1920, 1080]. Using actual size
6.6361 	INFO 	Using renderer 'NVIDIA GeForce GTX 1660/PCIe/SSE2' for graphics
6.6362 	INFO 	OpenGL version supported by driver is 4..
6.6548 	EXP 	Created window1 = Window(allowGUI=True, allowStencil=False, autoLog=True, backendConf=UNKNOWN, backgroundFit=<method-wrapper '__getattribute__' of attributeSetter object at 0x0000019E894198D0>, backgroundImage=<method-wrapper '__getattribute__' of attributeSetter object at 0x0000019E89419870>, bitsMode=UNKNOWN, blendMode='avg', bpc=(8, 8, 8), color=array([-1., -1., -1.]), colorSpace='rgb', depthBits=8, fullscr=True, gamma=None, gammaErrorPolicy='raise', infoMsg=UNKNOWN, lms=UNKNOWN, monitor=<psychopy.monitors.calibTools.Monitor object at 0x0000019E894DB430>, multiSample=False, name='window1', numSamples=2, pos=[np.float64(0.0), np.float64(0.0)], screen=3, size=array([1920, 1080]), stencilBits=0, stereo=False, title='PsychoPy', units='height', useFBO=True, useRetina=False, viewOri=0.0, viewPos=None, viewScale=None, waitBlanking=True, winType='pyglet')
6.6548 	EXP 	window1: backgroundImage = ''
6.6548 	EXP 	window1: backgroundFit = 'none'
7.0631 	EXP 	window1: Attempting to measure frame rate of screen (3) ...
7.0632 	EXP 	window1: recordFrameIntervals = False
7.1289 	EXP 	window1: recordFrameIntervals = True
7.2055 	EXP 	Screen (3) actual frame rate measured at 143.96Hz
7.2055 	EXP 	window1: recordFrameIntervals = False
8.2667 	INFO 	keyboard.Keyboard is using ptb backend.
8.2667 	EXP 	TSST_fnirs_V4_ARITH: status = STARTED
8.3101 	EXP 	Created fixation_cross = TextStim(__class__=<class 'psychopy.visual.text.TextStim'>, alignHoriz=method-wrapper(...), alignText='center', alignVert=method-wrapper(...), anchorHoriz='center', anchorVert='center', antialias=True, autoDraw=False, autoLog=True, bold=False, color=array([1., 1., 1.]), colorSpace='rgb', contrast=1.0, depth=0.0, draggable=False, flipHoriz=False, flipVert=False, font='Arial', fontFiles=[], height=np.float64(0.08), italic=False, languageStyle='LTR', name='fixation_cross', opacity=1, ori=0.0, pos=array([0., 0.]), rgb=UNKNOWN, text='+', units='height', win=Window(...), wrapWidth=1)
8.3285 	EXP 	Created tsst_instruction_text = TextStim(__class__=<class 'psychopy.visual.text.TextStim'>, alignHoriz=method-wrapper(...), alignText='center', alignVert=method-wrapper(...), anchorHoriz='center', anchorVert='center', antialias=True, autoDraw=False, autoLog=True, bold=False, color=array([1., 1., 1.]), colorSpace='rgb', contrast=1.0, depth=0.0, draggable=False, flipHoriz=False, flipVert=False, font='Arial', fontFiles=[], height=np.float64(0.05), italic=False, languageStyle='LTR', name='tsst_instruction_text', opacity=1, ori=0.0, pos=array([0., 0.]), rgb=UNKNOWN, text=str(...), units='height', win=Window(...), wrapWidth=1)
8.3287 	INFO 	keyboard.Keyboard is using ptb backend.
8.3299 	EXP 	Created subtract_number_TSST = TextStim(__class__=<class 'psychopy.visual.text.TextStim'>, alignHoriz=method-wrapper(...), alignText='center', alignVert=method-wrapper(...), anchorHoriz='center', anchorVert='center', antialias=True, autoDraw=False, autoLog=True, bold=False, color=array([1., 1., 1.]), colorSpace='rgb', contrast=1.0, depth=0.0, draggable=False, flipHoriz=False, flipVert=False, font='Arial', fontFiles=[], height=0.07, italic=False, languageStyle='LTR', name='subtract_number_TSST', opacity=1, ori=0.0, pos=array([0., 0.]), rgb=UNKNOWN, text='', units='height', win=Window(...), wrapWidth=1)
8.3308 	EXP 	Created subtract_pausing_TSST = TextStim(__class__=<class 'psychopy.visual.text.TextStim'>, alignHoriz=method-wrapper(...), alignText='center', alignVert=method-wrapper(...), anchorHoriz='center', anchorVert='center', antialias=True, autoDraw=False, autoLog=True, bold=False, color=array([1., 1., 1.]), colorSpace='rgb', contrast=1.0, depth=0.0, draggable=False, flipHoriz=False, flipVert=False, font='Arial', fontFiles=[], height=0.07, italic=False, languageStyle='LTR', name='subtract_pausing_TSST', opacity=1, ori=0.0, pos=array([0., 0.]), rgb=UNKNOWN, text='', units='height', win=Window(...), wrapWidth=1)
8.3426 	EXP 	Created finished_text = TextStim(__class__=<class 'psychopy.visual.text.TextStim'>, alignHoriz=method-wrapper(...), alignText='center', alignVert=method-wrapper(...), anchorHoriz='center', anchorVert='center', antialias=True, autoDraw=False, autoLog=True, bold=False, color=array([1., 1., 1.]), colorSpace='rgb', contrast=1.0, depth=0.0, draggable=False, flipHoriz=False, flipVert=False, font='Arial', fontFiles=[], height=np.float64(0.05), italic=False, languageStyle='LTR', name='finished_text', opacity=1, ori=0.0, pos=array([0., 0.]), rgb=UNKNOWN, text=str(...), units='height', win=Window(...), wrapWidth=1)
0.1158 	INFO 	saved data to c:\Users\neuro\GitHub\fNIRS_TSST_PsychoPy\data\383867_TSST_fnirs_V4_ARITH_2025-12-09_18h11.41.693.psydat
0.1166 	INFO 	saved data to 'c:\\Users\\neuro\\GitHub\\fNIRS_TSST_PsychoPy\\data\\383867_TSST_fnirs_V4_ARITH_2025-12-09_18h11.41.693.csv'
0.1405 	WARNING 	Stopping key buffers but this could be dangerous ifother keyboards rely on the same.
0.2248 	WARNING 	Stopping key buffers but this could be dangerous ifother keyboards rely on the same.
