18.1522 	WARNING 	Font Manager failed to load file /System/Library/PrivateFrameworks/FontServices.framework/Resources/Reserved/PingFangUI.ttc
18.1976 	WARNING 	Font Manager failed to load file /System/Library/PrivateFrameworks/FontServices.framework/Resources/Reserved/PingFangUI.ttc
28.3977 	INFO 	Loaded monitor calibration from ['2025_10_16 07:47']
28.4004 	WARNING 	Requested an unavailable screen number - using first available.
28.6333 	INFO 	Using renderer 'Apple M1' for graphics
28.6333 	INFO 	OpenGL version supported by driver is 2..
28.7046 	EXP 	Created window1 = Window(allowGUI=True, allowStencil=False, autoLog=True, backendConf=UNKNOWN, backgroundFit=<method-wrapper '__getattribute__' of attributeSetter object at 0x1454cfd60>, backgroundImage=<method-wrapper '__getattribute__' of attributeSetter object at 0x1454cfd00>, bitsMode=UNKNOWN, blendMode='avg', bpc=(8, 8, 8), color=array([-1., -1., -1.]), colorSpace='rgb', depthBits=8, fullscr=False, gamma=None, gammaErrorPolicy='raise', infoMsg=UNKNOWN, lms=UNKNOWN, monitor=<psychopy.monitors.calibTools.Monitor object at 0x145208880>, multiSample=False, name='window1', numSamples=2, pos=[np.float64(220.0), np.float64(-40.0)], screen=3, size=array([2000, 1960]), stencilBits=0, stereo=False, title='PsychoPy', units='height', useFBO=True, useRetina=True, viewOri=0.0, viewPos=None, viewScale=None, waitBlanking=True, winType='pyglet')
28.7047 	EXP 	window1: backgroundImage = ''
28.7047 	EXP 	window1: backgroundFit = 'none'
29.0645 	EXP 	window1: Attempting to measure frame rate of screen (3) ...
29.0645 	EXP 	window1: recordFrameIntervals = False
29.4645 	EXP 	window1: recordFrameIntervals = True
29.7546 	WARNING 	t of last frame was 39.73ms (=1/25)
30.3315 	WARNING 	Couldn't measure a consistent frame rate!
  - Is your graphics card set to sync to vertical blank?
  - Are you running other processes on your computer?

34.0491 	INFO 	keyboard.Keyboard is using iohub backend.
34.0492 	EXP 	TSST_fnirs_V6_FULL: status = STARTED
34.0996 	EXP 	Created ctl1_instruction_text = TextStim(__class__=<class 'psychopy.visual.text.TextStim'>, alignHoriz=method-wrapper(...), alignText='center', alignVert=method-wrapper(...), anchorHoriz='center', anchorVert='center', antialias=True, autoDraw=False, autoLog=True, bold=False, color=array([1., 1., 1.]), colorSpace='rgb', contrast=1.0, depth=0.0, draggable=False, flipHoriz=False, flipVert=False, font='Arial', fontFiles=[], height=np.float64(0.05), italic=False, languageStyle='LTR', name='ctl1_instruction_text', opacity=1, ori=0.0, pos=array([0., 0.]), rgb=UNKNOWN, text=str(...), units='height', win=Window(...), wrapWidth=1)
34.2170 	INFO 	Loaded psychtoolbox audio version 3.0.19.696976787
34.3129 	INFO 	New audio device 1 with handle 0 opened as PortAudio stream:
34.3129 	INFO 	For 2 channels Playback: Audio subsystem is Core Audio, Audio device name is MacBook Pro Speakers
34.3129 	INFO 	Real samplerate 48000.000000 Hz. Input latency 0.000000 msecs, Output latency 10.000000 msecs.
34.3130 	INFO 	Created stream for speaker device: MacBook Pro Speakers (1.0)
34.3777 	EXP 	: sampleRate = 48000
34.3777 	EXP 	: channels = None
34.3785 	EXP 	Sound  set volume 1.000
34.3896 	INFO 	New audio device 1 with handle 2 opened as PortAudio stream:
34.3897 	INFO 	For 2 channels Playback: Audio subsystem is Core Audio, Audio device name is MacBook Pro Speakers
34.3897 	INFO 	Real samplerate 48000.000000 Hz. Input latency 0.000000 msecs, Output latency 10.000000 msecs.
34.3897 	INFO 	Created stream for speaker device: MacBook Pro Speakers (1.0)
34.3980 	EXP 	: sampleRate = 48000
34.3980 	EXP 	: channels = None
34.3985 	EXP 	Sound  set volume 1.000
34.4024 	EXP 	Created fixation_cross = TextStim(__class__=<class 'psychopy.visual.text.TextStim'>, alignHoriz=method-wrapper(...), alignText='center', alignVert=method-wrapper(...), anchorHoriz='center', anchorVert='center', antialias=True, autoDraw=False, autoLog=True, bold=False, color=array([1., 1., 1.]), colorSpace='rgb', contrast=1.0, depth=0.0, draggable=False, flipHoriz=False, flipVert=False, font='Arial', fontFiles=[], height=np.float64(0.08), italic=False, languageStyle='LTR', name='fixation_cross', opacity=1, ori=0.0, pos=array([0., 0.]), rgb=UNKNOWN, text='+', units='height', win=Window(...), wrapWidth=1)
34.4032 	EXP 	Created read_number = TextStim(__class__=<class 'psychopy.visual.text.TextStim'>, alignHoriz=method-wrapper(...), alignText='center', alignVert=method-wrapper(...), anchorHoriz='center', anchorVert='center', antialias=True, autoDraw=False, autoLog=True, bold=False, color=array([1., 1., 1.]), colorSpace='rgb', contrast=1.0, depth=-1.0, draggable=False, flipHoriz=False, flipVert=False, font='Arial', fontFiles=[], height=0.07, italic=False, languageStyle='LTR', name='read_number', opacity=1, ori=0.0, pos=array([0., 0.]), rgb=UNKNOWN, text='', units='height', win=Window(...), wrapWidth=1)
34.4037 	EXP 	Created read_pausing = TextStim(__class__=<class 'psychopy.visual.text.TextStim'>, alignHoriz=method-wrapper(...), alignText='center', alignVert=method-wrapper(...), anchorHoriz='center', anchorVert='center', antialias=True, autoDraw=False, autoLog=True, bold=False, color=array([1., 1., 1.]), colorSpace='rgb', contrast=1.0, depth=0.0, draggable=False, flipHoriz=False, flipVert=False, font='Arial', fontFiles=[], height=0.07, italic=False, languageStyle='LTR', name='read_pausing', opacity=1, ori=0.0, pos=array([0., 0.]), rgb=UNKNOWN, text='', units='height', win=Window(...), wrapWidth=1)
34.4142 	EXP 	Created task_end_text = TextStim(__class__=<class 'psychopy.visual.text.TextStim'>, alignHoriz=method-wrapper(...), alignText='center', alignVert=method-wrapper(...), anchorHoriz='center', anchorVert='center', antialias=True, autoDraw=False, autoLog=True, bold=False, color=array([1., 1., 1.]), colorSpace='rgb', contrast=1.0, depth=0.0, draggable=False, flipHoriz=False, flipVert=False, font='Arial', fontFiles=[], height=np.float64(0.05), italic=False, languageStyle='LTR', name='task_end_text', opacity=1, ori=0.0, pos=array([0., 0.]), rgb=UNKNOWN, text='Please wait for the next task to begin..', units='height', win=Window(...), wrapWidth=1)
34.4154 	EXP 	Created task_end_next_text = TextStim(__class__=<class 'psychopy.visual.text.TextStim'>, alignHoriz=method-wrapper(...), alignText='right', alignVert=method-wrapper(...), anchorHoriz='right', anchorVert='top', antialias=True, autoDraw=False, autoLog=True, bold=False, color=array([1., 1., 1.]), colorSpace='rgb', contrast=1.0, depth=0, draggable=False, flipHoriz=False, flipVert=False, font='Arial', fontFiles=[], height=0.03, italic=False, languageStyle='LTR', name='task_end_next_text', opacity=1.0, ori=0.0, pos=array([0.48020408, 0.47      ]), rgb=UNKNOWN, text='', units='height', win=Window(...), wrapWidth=1)
34.4325 	EXP 	Created ctl2_instruction_text = TextStim(__class__=<class 'psychopy.visual.text.TextStim'>, alignHoriz=method-wrapper(...), alignText='center', alignVert=method-wrapper(...), anchorHoriz='center', anchorVert='center', antialias=True, autoDraw=False, autoLog=True, bold=False, color=array([1., 1., 1.]), colorSpace='rgb', contrast=1.0, depth=0.0, draggable=False, flipHoriz=False, flipVert=False, font='Arial', fontFiles=[], height=np.float64(0.05), italic=False, languageStyle='LTR', name='ctl2_instruction_text', opacity=1, ori=0.0, pos=array([0., 0.]), rgb=UNKNOWN, text=str(...), units='height', win=Window(...), wrapWidth=1)
34.4351 	EXP 	Created fixation_cross = TextStim(__class__=<class 'psychopy.visual.text.TextStim'>, alignHoriz=method-wrapper(...), alignText='center', alignVert=method-wrapper(...), anchorHoriz='center', anchorVert='center', antialias=True, autoDraw=False, autoLog=True, bold=False, color=array([1., 1., 1.]), colorSpace='rgb', contrast=1.0, depth=0.0, draggable=False, flipHoriz=False, flipVert=False, font='Arial', fontFiles=[], height=np.float64(0.08), italic=False, languageStyle='LTR', name='fixation_cross', opacity=1, ori=0.0, pos=array([0., 0.]), rgb=UNKNOWN, text='+', units='height', win=Window(...), wrapWidth=1)
34.4360 	EXP 	Created subtract_number = TextStim(__class__=<class 'psychopy.visual.text.TextStim'>, alignHoriz=method-wrapper(...), alignText='center', alignVert=method-wrapper(...), anchorHoriz='center', anchorVert='center', antialias=True, autoDraw=False, autoLog=True, bold=False, color=array([1., 1., 1.]), colorSpace='rgb', contrast=1.0, depth=-1.0, draggable=False, flipHoriz=False, flipVert=False, font='Arial', fontFiles=[], height=0.07, italic=False, languageStyle='LTR', name='subtract_number', opacity=1, ori=0.0, pos=array([0., 0.]), rgb=UNKNOWN, text='', units='height', win=Window(...), wrapWidth=1)
34.4366 	EXP 	Created subtract_pausing = TextStim(__class__=<class 'psychopy.visual.text.TextStim'>, alignHoriz=method-wrapper(...), alignText='center', alignVert=method-wrapper(...), anchorHoriz='center', anchorVert='center', antialias=True, autoDraw=False, autoLog=True, bold=False, color=array([1., 1., 1.]), colorSpace='rgb', contrast=1.0, depth=0.0, draggable=False, flipHoriz=False, flipVert=False, font='Arial', fontFiles=[], height=0.07, italic=False, languageStyle='LTR', name='subtract_pausing', opacity=1, ori=0.0, pos=array([0., 0.]), rgb=UNKNOWN, text='', units='height', win=Window(...), wrapWidth=1)
34.4387 	EXP 	Created task_end_text = TextStim(__class__=<class 'psychopy.visual.text.TextStim'>, alignHoriz=method-wrapper(...), alignText='center', alignVert=method-wrapper(...), anchorHoriz='center', anchorVert='center', antialias=True, autoDraw=False, autoLog=True, bold=False, color=array([1., 1., 1.]), colorSpace='rgb', contrast=1.0, depth=0.0, draggable=False, flipHoriz=False, flipVert=False, font='Arial', fontFiles=[], height=np.float64(0.05), italic=False, languageStyle='LTR', name='task_end_text', opacity=1, ori=0.0, pos=array([0., 0.]), rgb=UNKNOWN, text='Please wait for the next task to begin..', units='height', win=Window(...), wrapWidth=1)
34.4417 	EXP 	Created TSST_SPEECH_instructions_text = TextStim(__class__=<class 'psychopy.visual.text.TextStim'>, alignHoriz=method-wrapper(...), alignText='center', alignVert=method-wrapper(...), anchorHoriz='center', anchorVert='center', antialias=True, autoDraw=False, autoLog=True, bold=False, color=array([1., 1., 1.]), colorSpace='rgb', contrast=1.0, depth=0.0, draggable=False, flipHoriz=False, flipVert=False, font='Arial', fontFiles=[], height=np.float64(0.05), italic=False, languageStyle='LTR', name='TSST_SPEECH_instructions_text', opacity=1, ori=0.0, pos=array([0., 0.]), rgb=UNKNOWN, text=str(...), units='height', win=Window(...), wrapWidth=1)
34.4445 	EXP 	Created TSST_SPEECH_text = TextStim(__class__=<class 'psychopy.visual.text.TextStim'>, alignHoriz=method-wrapper(...), alignText='center', alignVert=method-wrapper(...), anchorHoriz='center', anchorVert='center', antialias=True, autoDraw=False, autoLog=True, bold=False, color=array([1., 1., 1.]), colorSpace='rgb', contrast=1.0, depth=0.0, draggable=False, flipHoriz=False, flipVert=False, font='Arial', fontFiles=[], height=np.float64(0.12), italic=False, languageStyle='LTR', name='TSST_SPEECH_text', opacity=1, ori=0.0, pos=array([0., 0.]), rgb=UNKNOWN, text='...', units='height', win=Window(...), wrapWidth=1)
34.4459 	EXP 	Created fixation_cross = TextStim(__class__=<class 'psychopy.visual.text.TextStim'>, alignHoriz=method-wrapper(...), alignText='center', alignVert=method-wrapper(...), anchorHoriz='center', anchorVert='center', antialias=True, autoDraw=False, autoLog=True, bold=False, color=array([1., 1., 1.]), colorSpace='rgb', contrast=1.0, depth=0.0, draggable=False, flipHoriz=False, flipVert=False, font='Arial', fontFiles=[], height=np.float64(0.08), italic=False, languageStyle='LTR', name='fixation_cross', opacity=1, ori=0.0, pos=array([0., 0.]), rgb=UNKNOWN, text='+', units='height', win=Window(...), wrapWidth=1)
34.4549 	EXP 	Created tsst_instruction_text = TextStim(__class__=<class 'psychopy.visual.text.TextStim'>, alignHoriz=method-wrapper(...), alignText='center', alignVert=method-wrapper(...), anchorHoriz='center', anchorVert='center', antialias=True, autoDraw=False, autoLog=True, bold=False, color=array([1., 1., 1.]), colorSpace='rgb', contrast=1.0, depth=0.0, draggable=False, flipHoriz=False, flipVert=False, font='Arial', fontFiles=[], height=np.float64(0.05), italic=False, languageStyle='LTR', name='tsst_instruction_text', opacity=1, ori=0.0, pos=array([0., 0.]), rgb=UNKNOWN, text=str(...), units='height', win=Window(...), wrapWidth=1)
34.4555 	EXP 	Created subtract_number_TSST = TextStim(__class__=<class 'psychopy.visual.text.TextStim'>, alignHoriz=method-wrapper(...), alignText='center', alignVert=method-wrapper(...), anchorHoriz='center', anchorVert='center', antialias=True, autoDraw=False, autoLog=True, bold=False, color=array([1., 1., 1.]), colorSpace='rgb', contrast=1.0, depth=0.0, draggable=False, flipHoriz=False, flipVert=False, font='Arial', fontFiles=[], height=0.07, italic=False, languageStyle='LTR', name='subtract_number_TSST', opacity=1, ori=0.0, pos=array([0., 0.]), rgb=UNKNOWN, text='', units='height', win=Window(...), wrapWidth=1)
34.4560 	EXP 	Created subtract_pausing_TSST = TextStim(__class__=<class 'psychopy.visual.text.TextStim'>, alignHoriz=method-wrapper(...), alignText='center', alignVert=method-wrapper(...), anchorHoriz='center', anchorVert='center', antialias=True, autoDraw=False, autoLog=True, bold=False, color=array([1., 1., 1.]), colorSpace='rgb', contrast=1.0, depth=0.0, draggable=False, flipHoriz=False, flipVert=False, font='Arial', fontFiles=[], height=0.07, italic=False, languageStyle='LTR', name='subtract_pausing_TSST', opacity=1, ori=0.0, pos=array([0., 0.]), rgb=UNKNOWN, text='', units='height', win=Window(...), wrapWidth=1)
34.4604 	EXP 	Created finished_text = TextStim(__class__=<class 'psychopy.visual.text.TextStim'>, alignHoriz=method-wrapper(...), alignText='center', alignVert=method-wrapper(...), anchorHoriz='center', anchorVert='center', antialias=True, autoDraw=False, autoLog=True, bold=False, color=array([1., 1., 1.]), colorSpace='rgb', contrast=1.0, depth=0.0, draggable=False, flipHoriz=False, flipVert=False, font='Arial', fontFiles=[], height=np.float64(0.05), italic=False, languageStyle='LTR', name='finished_text', opacity=1, ori=0.0, pos=array([0., 0.]), rgb=UNKNOWN, text=str(...), units='height', win=Window(...), wrapWidth=1)
0.0198 	INFO 	Keyboard events cleared
0.0345 	EXP 	ctl1_instruction_text: autoDraw = True
0.0635 	WARNING 	t of last frame was 29.08ms (=1/34)
4.8717 	WARNING 	t of last frame was 23.84ms (=1/41)
6.0472 	EXP 	Device response: <KeyPress from None: t=40.40883512501023, value=s, duration=None>
6.0473 	EXP 	Device response: <KeyPress from None: t=40.40883512501023, value=s, duration=0.09378308401210234>
6.1107 	DATA 	Keypress: s
6.1254 	WARNING 	t of last frame was 171.27ms (=1/5)
6.1573 	WARNING 	Multiple dropped frames have occurred - I'll stop bothering you about them!
8.2982 	DATA 	Mouse: Left button down, pos=(206,851)
8.4437 	DATA 	Mouse:  Left button up, pos=(206,851)
8.9628 	EXP 	Device response: <KeyPress from None: t=43.41825087502366, value=s, duration=None>
8.9637 	INFO 	Keyboard events cleared
8.9667 	INFO 	Keyboard events cleared
8.9687 	EXP 	Created sequence: sequential, trialTypes=1, nReps=6, seed=None
8.9695 	EXP 	New trial (rep=0, index=0): None
8.9697 	INFO 	Keyboard events cleared
8.9790 	INFO 	Keyboard events cleared
8.9986 	DATA 	Keypress: s
9.0025 	EXP 	ctl1_instruction_text: autoDraw = False
9.0025 	EXP 	fixation_cross: autoDraw = False
9.0025 	EXP 	read_number: height = np.float64(0.07)
9.0025 	EXP 	read_number: height = np.float64(0.07)
9.0025 	EXP 	read_number: height = np.float64(0.07)
9.0025 	EXP 	read_number: text = 1022
9.0025 	EXP 	read_number: autoDraw = False
9.0025 	EXP 	read_pausing: height = np.float64(0.07)
9.0025 	EXP 	read_pausing: height = np.float64(0.07)
9.0025 	EXP 	read_pausing: height = np.float64(0.07)
9.0025 	EXP 	read_pausing: text = 'PAUSE'
9.0025 	EXP 	read_pausing: autoDraw = False
9.0025 	EXP 	task_end_next_text: height = np.float64(0.03)
9.0025 	EXP 	task_end_next_text: height = np.float64(0.03)
9.0025 	EXP 	task_end_next_text: height = np.float64(0.03)
9.0025 	EXP 	task_end_next_text: text = 'Next: CTL2'
9.0025 	EXP 	task_end_text: autoDraw = True
9.0025 	EXP 	task_end_next_text: autoDraw = True
9.0590 	EXP 	Device response: <KeyPress from None: t=43.41825087502366, value=s, duration=0.09867437498178333>
11.5943 	EXP 	Device response: <KeyPress from None: t=46.04996995901456, value=return, duration=None>
11.5949 	INFO 	Keyboard events cleared
11.5981 	DATA 	Keypress: return
11.5988 	INFO 	Keyboard events cleared
11.6051 	EXP 	task_end_text: autoDraw = False
11.6051 	EXP 	task_end_next_text: autoDraw = False
11.6051 	EXP 	ctl2_instruction_text: autoDraw = True
11.7226 	EXP 	Device response: <KeyPress from None: t=46.04996995901456, value=return, duration=0.1236118329979945>
13.6915 	DATA 	Mouse: Left button down, pos=(119,642)
13.8465 	DATA 	Mouse:  Left button up, pos=(119,642)
15.1779 	DATA 	Mouse: Left button down, pos=(260,681)
15.3090 	DATA 	Mouse:  Left button up, pos=(261,681)
15.6422 	DATA 	Keypress: return
15.6477 	EXP 	Device response: <KeyPress from None: t=50.10048866699799, value=return, duration=None>
15.6484 	INFO 	Keyboard events cleared
15.6486 	INFO 	Keyboard events cleared
15.6593 	EXP 	ctl2_instruction_text: autoDraw = False
15.6593 	EXP 	fixation_cross: autoDraw = True
15.7275 	EXP 	Device response: <KeyPress from None: t=50.10048866699799, value=return, duration=0.08595854201121256>
16.9930 	EXP 	Device response: <KeyPress from None: t=51.45097375000478, value=s, duration=None>
17.0104 	EXP 	Imported stims/CTL2.xlsx as conditions, 6 conditions, 2 params
17.0108 	EXP 	Created sequence: sequential, trialTypes=6, nReps=1, seed=None
17.0109 	EXP 	New trial (rep=0, index=0): {'Block': 1, 'StartingNumber': 1659}
17.0169 	INFO 	Keyboard events cleared
17.0243 	DATA 	Keypress: s
17.0283 	EXP 	fixation_cross: autoDraw = False
17.0283 	EXP 	subtract_number: height = np.float64(0.07)
17.0283 	EXP 	subtract_number: height = np.float64(0.07)
17.0283 	EXP 	subtract_number: height = np.float64(0.07)
17.0283 	EXP 	subtract_number: text = 1659
17.0283 	EXP 	subtract_number: autoDraw = False
17.0283 	EXP 	subtract_pausing: height = np.float64(0.07)
17.0283 	EXP 	subtract_pausing: height = np.float64(0.07)
17.0283 	EXP 	subtract_pausing: height = np.float64(0.07)
17.0283 	EXP 	subtract_pausing: text = 'PAUSE'
17.0283 	EXP 	subtract_pausing: autoDraw = False
17.0283 	EXP 	task_end_next_text: height = np.float64(0.03)
17.0283 	EXP 	task_end_next_text: height = np.float64(0.03)
17.0283 	EXP 	task_end_next_text: height = np.float64(0.03)
17.0283 	EXP 	task_end_next_text: text = 'Next: TSST-SPEECH'
17.0283 	EXP 	task_end_text: autoDraw = True
17.0283 	EXP 	task_end_next_text: autoDraw = True
17.0712 	EXP 	Device response: <KeyPress from None: t=51.45097375000478, value=s, duration=0.07103245900361799>
20.0789 	EXP 	Device response: <KeyPress from None: t=54.53520816701348, value=return, duration=None>
20.0795 	INFO 	Keyboard events cleared
20.0797 	INFO 	Keyboard events cleared
20.0834 	DATA 	Keypress: return
20.0876 	EXP 	task_end_text: autoDraw = False
20.0876 	EXP 	task_end_next_text: autoDraw = False
20.0876 	EXP 	TSST_SPEECH_instructions_text: autoDraw = True
20.1901 	EXP 	Device response: <KeyPress from None: t=54.53520816701348, value=return, duration=0.10381574998609722>
27.9911 	DATA 	Mouse: Left button down, pos=(286,694)
28.1437 	DATA 	Mouse:  Left button up, pos=(286,694)
28.6591 	EXP 	Device response: <KeyPress from None: t=63.11759150002035, value=return, duration=None>
28.6606 	DATA 	Keypress: return
28.6659 	INFO 	Keyboard events cleared
28.6661 	INFO 	Keyboard events cleared
28.6751 	EXP 	TSST_SPEECH_instructions_text: autoDraw = False
28.6751 	EXP 	TSST_SPEECH_text: autoDraw = True
28.7723 	EXP 	Device response: <KeyPress from None: t=63.11759150002035, value=return, duration=0.11221566700260155>
30.1462 	EXP 	Device response: <KeyPress from None: t=64.6057280000241, value=s, duration=None>
30.1469 	INFO 	Keyboard events cleared
30.1471 	INFO 	Keyboard events cleared
30.1558 	DATA 	Keypress: s
30.1600 	EXP 	TSST_SPEECH_text: autoDraw = False
30.1600 	EXP 	task_end_next_text: height = np.float64(0.03)
30.1600 	EXP 	task_end_next_text: height = np.float64(0.03)
30.1600 	EXP 	task_end_next_text: height = np.float64(0.03)
30.1600 	EXP 	task_end_next_text: text = 'Next: TSST-ARITH'
30.1600 	EXP 	task_end_text: autoDraw = True
30.1600 	EXP 	task_end_next_text: autoDraw = True
30.2217 	EXP 	Device response: <KeyPress from None: t=64.6057280000241, value=s, duration=0.06831083397264592>
31.6244 	DATA 	Mouse: Left button down, pos=(327,659)
31.7915 	DATA 	Mouse:  Left button up, pos=(327,658)
32.0791 	EXP 	Device response: <KeyPress from None: t=66.53527650001342, value=return, duration=None>
32.0797 	INFO 	Keyboard events cleared
32.0800 	INFO 	Keyboard events cleared
32.0802 	INFO 	Keyboard events cleared
32.0867 	EXP 	Imported stims/TSST_arith.xlsx as conditions, 6 conditions, 2 params
32.0876 	EXP 	Created sequence: sequential, trialTypes=6, nReps=1, seed=None
32.0879 	EXP 	New trial (rep=0, index=0): {'Block': 1, 'StartingNumber': 1039}
32.0916 	INFO 	Keyboard events cleared
32.0944 	DATA 	Keypress: return
32.0982 	EXP 	task_end_text: autoDraw = False
32.0982 	EXP 	task_end_next_text: autoDraw = False
32.0982 	EXP 	tsst_instruction_text: autoDraw = False
32.0982 	EXP 	subtract_number_TSST: height = np.float64(0.07)
32.0982 	EXP 	subtract_number_TSST: height = np.float64(0.07)
32.0982 	EXP 	subtract_number_TSST: height = np.float64(0.07)
32.0982 	EXP 	subtract_number_TSST: text = 1039
32.0982 	EXP 	subtract_number_TSST: autoDraw = False
32.0982 	EXP 	subtract_pausing_TSST: height = np.float64(0.07)
32.0982 	EXP 	subtract_pausing_TSST: height = np.float64(0.07)
32.0982 	EXP 	subtract_pausing_TSST: height = np.float64(0.07)
32.0982 	EXP 	subtract_pausing_TSST: text = 'PAUSE'
32.0982 	EXP 	subtract_pausing_TSST: autoDraw = False
32.0982 	EXP 	finished_text: autoDraw = True
32.2056 	EXP 	Device response: <KeyPress from None: t=66.53527650001342, value=return, duration=0.119987084006425>
34.9719 	EXP 	Device response: <KeyPress from None: t=69.4235425000079, value=return, duration=None>
34.9726 	INFO 	Keyboard events cleared
34.9739 	DATA 	Keypress: return
34.9778 	EXP 	finished_text: autoDraw = False
34.9778 	EXP 	TSST_fnirs_V6_FULL: status = STOPPED
34.9838 	INFO 	saved data to '/Users/Isaac/Documents/fNIRS_TSST_PsychoPy/data/409524_TSST_fnirs_V6_FULL_2026-02-09_10h50.00.997.csv'
34.9857 	INFO 	saved data to /Users/Isaac/Documents/fNIRS_TSST_PsychoPy/data/409524_TSST_fnirs_V6_FULL_2026-02-09_10h50.00.997.psydat
