1.2413 	ERROR 	Failed to load any of the audioLibs: ['pyo']. Falling back to PsychToolbox ('ptb') backend for sound. Be sure to add 'ptb' to preferences to avoid seeing this message again.
1.2427 	WARNING 	We strongly recommend you activate the PTB sound engine in PsychoPy prefs as the preferred audio engine. Its timing is vastly superior. Your prefs are currently set to use ['pyo'] (in that order).
10.8628 	WARNING 	Font Manager failed to load file /System/Library/PrivateFrameworks/FontServices.framework/Resources/Reserved/PingFangUI.ttc
11.0154 	WARNING 	Font Manager failed to load file /System/Library/PrivateFrameworks/FontServices.framework/Resources/Reserved/PingFangUI.ttc
11.1519 	WARNING 	Import Error: dlopen(/opt/miniconda3/envs/TSST_py311/lib/python3.11/site-packages/psychtoolbox/PsychHID.cpython-311-darwin.so, 0x0002): symbol not found in flat namespace '_libusb_bulk_transfer'. Using event module for keyboard component.
13.5098 	INFO 	Loaded monitor calibration from ['2025_10_16 07:47']
13.6171 	INFO 	Using renderer 'Apple M1' for graphics
13.6171 	INFO 	OpenGL version supported by driver is 2..
13.6381 	EXP 	Created window1 = Window(allowGUI=True, allowStencil=False, autoLog=True, backendConf=UNKNOWN, backgroundFit=<method-wrapper '__getattribute__' of attributeSetter object at 0x13eead090>, backgroundImage=<method-wrapper '__getattribute__' of attributeSetter object at 0x13eeae150>, bitsMode=UNKNOWN, blendMode='avg', bpc=(8, 8, 8), color=array([-1., -1., -1.]), colorSpace='rgb', depthBits=8, fullscr=True, gamma=None, gammaErrorPolicy='raise', infoMsg=UNKNOWN, lms=UNKNOWN, monitor=<psychopy.monitors.calibTools.Monitor object at 0x13f0064d0>, multiSample=False, name='window1', numSamples=2, pos=[np.float64(0.0), np.float64(0.0)], screen=0, size=array([2880, 1800]), stencilBits=0, stereo=False, title='PsychoPy', units='height', useFBO=True, useRetina=True, viewOri=0.0, viewPos=None, viewScale=None, waitBlanking=True, winType='pyglet')
13.6381 	EXP 	window1: backgroundImage = ''
13.6381 	EXP 	window1: backgroundFit = 'none'
13.8555 	EXP 	window1: Attempting to measure frame rate of screen (0) ...
13.8555 	EXP 	window1: recordFrameIntervals = False
14.1570 	EXP 	window1: recordFrameIntervals = True
14.5310 	WARNING 	t of last frame was 74.17ms (=1/13)
15.0604 	WARNING 	Couldn't measure a consistent frame rate!
  - Is your graphics card set to sync to vertical blank?
  - Are you running other processes on your computer?

15.0618 	INFO 	keyboard.Keyboard is using ptb backend.
15.1174 	INFO 	saved data to /Users/Isaac/Documents/TSST/TSST_V4/data/416276_TSST_fnirs_V4_FULL_2025-10-16_11h48.26.605.psydat
15.1177 	INFO 	saved data to '/Users/Isaac/Documents/TSST/TSST_V4/data/416276_TSST_fnirs_V4_FULL_2025-10-16_11h48.26.605.csv'
15.1221 	WARNING 	Stopping key buffers but this could be dangerous ifother keyboards rely on the same.
