2.7658 	ERROR 	Failed to load any of the audioLibs: ['pyo']. Falling back to PsychToolbox ('ptb') backend for sound. Be sure to add 'ptb' to preferences to avoid seeing this message again.
2.7665 	WARNING 	We strongly recommend you activate the PTB sound engine in PsychoPy prefs as the preferred audio engine. Its timing is vastly superior. Your prefs are currently set to use ['pyo'] (in that order).
11.9944 	WARNING 	Font Manager failed to load file /System/Library/PrivateFrameworks/FontServices.framework/Resources/Reserved/PingFangUI.ttc
12.0632 	WARNING 	Font Manager failed to load file /System/Library/PrivateFrameworks/FontServices.framework/Resources/Reserved/PingFangUI.ttc
12.0686 	WARNING 	Import Error: No module named 'psychtoolbox'. Using event module for keyboard component.
14.5126 	INFO 	Loaded monitor calibration from ['2025_10_16 07:47']
14.6092 	INFO 	Using renderer 'Apple M1' for graphics
14.6093 	INFO 	OpenGL version supported by driver is 2..
14.6211 	EXP 	Created window1 = Window(allowGUI=True, allowStencil=False, autoLog=True, backendConf=UNKNOWN, backgroundFit=<method-wrapper '__getattribute__' of attributeSetter object at 0x11fe82210>, backgroundImage=<method-wrapper '__getattribute__' of attributeSetter object at 0x11fe82b90>, bitsMode=UNKNOWN, blendMode='avg', bpc=(8, 8, 8), color=array([-1., -1., -1.]), colorSpace='rgb', depthBits=8, fullscr=True, gamma=None, gammaErrorPolicy='raise', infoMsg=UNKNOWN, lms=UNKNOWN, monitor=<psychopy.monitors.calibTools.Monitor object at 0x11ef74d90>, multiSample=False, name='window1', numSamples=2, pos=[np.float64(0.0), np.float64(0.0)], screen=0, size=array([2880, 1800]), stencilBits=0, stereo=False, title='PsychoPy', units='height', useFBO=True, useRetina=True, viewOri=0.0, viewPos=None, viewScale=None, waitBlanking=True, winType='pyglet')
14.6212 	EXP 	window1: backgroundImage = ''
14.6212 	EXP 	window1: backgroundFit = 'none'
14.8271 	EXP 	window1: Attempting to measure frame rate of screen (0) ...
14.8271 	EXP 	window1: recordFrameIntervals = False
15.0574 	EXP 	window1: recordFrameIntervals = True
15.3923 	WARNING 	t of last frame was 23.69ms (=1/42)
15.9253 	WARNING 	Couldn't measure a consistent frame rate!
  - Is your graphics card set to sync to vertical blank?
  - Are you running other processes on your computer?

15.9270 	INFO 	keyboard.Keyboard is using ptb backend.
15.9271 	EXP 	TSST_fnirs_V4_FULL: status = STARTED
15.9830 	EXP 	Created ctl1_instruction_text = TextStim(__class__=<class 'psychopy.visual.text.TextStim'>, alignHoriz=method-wrapper(...), alignText='center', alignVert=method-wrapper(...), anchorHoriz='center', anchorVert='center', antialias=True, autoDraw=False, autoLog=True, bold=False, color=array([1., 1., 1.]), colorSpace='rgb', contrast=1.0, depth=0.0, draggable=False, flipHoriz=False, flipVert=False, font='Arial', fontFiles=[], height=np.float64(0.05), italic=False, languageStyle='LTR', name='ctl1_instruction_text', opacity=1, ori=0.0, pos=array([0., 0.]), rgb=UNKNOWN, text=str(...), units='height', win=Window(...), wrapWidth=1)
15.9831 	INFO 	keyboard.Keyboard is using ptb backend.
16.0072 	INFO 	saved data to /Users/Isaac/Documents/TSST/TSST_V4/data/424275_TSST_fnirs_V4_FULL_2025-10-16_12h19.56.605.psydat
16.0074 	INFO 	saved data to '/Users/Isaac/Documents/TSST/TSST_V4/data/424275_TSST_fnirs_V4_FULL_2025-10-16_12h19.56.605.csv'
16.0114 	WARNING 	Stopping key buffers but this could be dangerous ifother keyboards rely on the same.
