14.0995 	INFO 	Loaded monitor calibration from ['2024_08_14 14:13']
14.2482 	WARNING 	User requested fullscreen with size [1440  900], but screen is actually [2160, 3840]. Using actual size
14.5828 	INFO 	Using renderer 'NVIDIA GeForce GTX 1660/PCIe/SSE2' for graphics
14.5829 	INFO 	OpenGL version supported by driver is 4..
14.6309 	EXP 	Created window1 = Window(allowGUI=True, allowStencil=False, autoLog=True, backendConf=UNKNOWN, backgroundFit=<method-wrapper '__getattribute__' of attributeSetter object at 0x000001E64E25CB20>, backgroundImage=<method-wrapper '__getattribute__' of attributeSetter object at 0x000001E64E25CAC0>, bitsMode=UNKNOWN, blendMode='avg', bpc=(8, 8, 8), color=array([-1., -1., -1.]), colorSpace='rgb', depthBits=8, fullscr=True, gamma=None, gammaErrorPolicy='raise', infoMsg=UNKNOWN, lms=UNKNOWN, monitor=<psychopy.monitors.calibTools.Monitor object at 0x000001E64E3418D0>, multiSample=False, name='window1', numSamples=2, pos=[np.float64(0.0), np.float64(0.0)], screen=0, size=array([2160, 3840]), stencilBits=0, stereo=False, title='PsychoPy', units='height', useFBO=True, useRetina=False, viewOri=0.0, viewPos=None, viewScale=None, waitBlanking=True, winType='pyglet')
14.6310 	EXP 	window1: backgroundImage = ''
14.6310 	EXP 	window1: backgroundFit = 'none'
15.5475 	EXP 	window1: Attempting to measure frame rate of screen (0) ...
15.5476 	EXP 	window1: recordFrameIntervals = False
15.8278 	EXP 	window1: recordFrameIntervals = True
15.8945 	WARNING 	t of last frame was 33.42ms (=1/29)
15.9278 	WARNING 	t of last frame was 33.29ms (=1/30)
15.9611 	WARNING 	t of last frame was 33.32ms (=1/30)
15.9944 	WARNING 	t of last frame was 33.34ms (=1/29)
16.0279 	WARNING 	Multiple dropped frames have occurred - I'll stop bothering you about them!
16.1944 	EXP 	Screen (0) actual frame rate measured at 30.02Hz
16.1944 	EXP 	window1: recordFrameIntervals = False
17.2952 	INFO 	keyboard.Keyboard is using ptb backend.
17.3598 	WARNING 	No default speaker specified in Preferences / Hardware, using first speaker found: BenQ LCD (NVIDIA High Definition Audio)
17.3770 	INFO 	Created stream for speaker device: BenQ LCD (NVIDIA High Definition Audio) (10.0)
17.3785 	WARNING 	No default speaker specified in Preferences / Hardware, using first speaker found: BenQ LCD (NVIDIA High Definition Audio)
17.3833 	INFO 	Created stream for speaker device: BenQ LCD (NVIDIA High Definition Audio) (10.0)
17.3844 	WARNING 	No default speaker specified in Preferences / Hardware, using first speaker found: BenQ LCD (NVIDIA High Definition Audio)
17.3890 	INFO 	Created stream for speaker device: BenQ LCD (NVIDIA High Definition Audio) (10.0)
17.3899 	WARNING 	No default speaker specified in Preferences / Hardware, using first speaker found: BenQ LCD (NVIDIA High Definition Audio)
17.3945 	INFO 	Created stream for speaker device: BenQ LCD (NVIDIA High Definition Audio) (10.0)
17.3954 	EXP 	TSST_fnirs_V4_CONTROL: status = STARTED
17.5544 	EXP 	Created ctl1_instruction_text = TextStim(__class__=<class 'psychopy.visual.text.TextStim'>, alignHoriz=method-wrapper(...), alignText='center', alignVert=method-wrapper(...), anchorHoriz='center', anchorVert='center', antialias=True, autoDraw=False, autoLog=True, bold=False, color=array([1., 1., 1.]), colorSpace='rgb', contrast=1.0, depth=0.0, draggable=False, flipHoriz=False, flipVert=False, font='Arial', fontFiles=[], height=np.float64(0.05), italic=False, languageStyle='LTR', name='ctl1_instruction_text', opacity=1, ori=0.0, pos=array([0., 0.]), rgb=UNKNOWN, text=str(...), units='height', win=Window(...), wrapWidth=1)
17.5545 	INFO 	keyboard.Keyboard is using ptb backend.
17.5546 	EXP 	start_tone: sampleRate = 48000
17.5546 	EXP 	start_tone: channels = None
17.5550 	EXP 	Sound start_tone set volume 1.000
17.5563 	EXP 	Created read_number = TextStim(__class__=<class 'psychopy.visual.text.TextStim'>, alignHoriz=method-wrapper(...), alignText='center', alignVert=method-wrapper(...), anchorHoriz='center', anchorVert='center', antialias=True, autoDraw=False, autoLog=True, bold=False, color=array([1., 1., 1.]), colorSpace='rgb', contrast=1.0, depth=-2.0, draggable=False, flipHoriz=False, flipVert=False, font='Arial', fontFiles=[], height=0.07, italic=False, languageStyle='LTR', name='read_number', opacity=1, ori=0.0, pos=array([0., 0.]), rgb=UNKNOWN, text='', units='height', win=Window(...), wrapWidth=1)
17.5563 	EXP 	start_pause_tone: sampleRate = 48000
17.5563 	EXP 	start_pause_tone: channels = None
17.5566 	EXP 	Sound start_pause_tone set volume 1.000
17.5575 	EXP 	Created read_pausing = TextStim(__class__=<class 'psychopy.visual.text.TextStim'>, alignHoriz=method-wrapper(...), alignText='center', alignVert=method-wrapper(...), anchorHoriz='center', anchorVert='center', antialias=True, autoDraw=False, autoLog=True, bold=False, color=array([1., 1., 1.]), colorSpace='rgb', contrast=1.0, depth=-1.0, draggable=False, flipHoriz=False, flipVert=False, font='Arial', fontFiles=[], height=0.07, italic=False, languageStyle='LTR', name='read_pausing', opacity=1, ori=0.0, pos=array([0., 0.]), rgb=UNKNOWN, text='', units='height', win=Window(...), wrapWidth=1)
17.6531 	EXP 	Created ctl2_instruction_text = TextStim(__class__=<class 'psychopy.visual.text.TextStim'>, alignHoriz=method-wrapper(...), alignText='center', alignVert=method-wrapper(...), anchorHoriz='center', anchorVert='center', antialias=True, autoDraw=False, autoLog=True, bold=False, color=array([1., 1., 1.]), colorSpace='rgb', contrast=1.0, depth=0.0, draggable=False, flipHoriz=False, flipVert=False, font='Arial', fontFiles=[], height=np.float64(0.05), italic=False, languageStyle='LTR', name='ctl2_instruction_text', opacity=1, ori=0.0, pos=array([0., 0.]), rgb=UNKNOWN, text=str(...), units='height', win=Window(...), wrapWidth=1)
17.6531 	EXP 	start_tone_2: sampleRate = 48000
17.6532 	EXP 	start_tone_2: channels = None
17.6535 	EXP 	Sound start_tone_2 set volume 1.000
17.6544 	EXP 	Created subtract_number = TextStim(__class__=<class 'psychopy.visual.text.TextStim'>, alignHoriz=method-wrapper(...), alignText='center', alignVert=method-wrapper(...), anchorHoriz='center', anchorVert='center', antialias=True, autoDraw=False, autoLog=True, bold=False, color=array([1., 1., 1.]), colorSpace='rgb', contrast=1.0, depth=-2.0, draggable=False, flipHoriz=False, flipVert=False, font='Arial', fontFiles=[], height=0.07, italic=False, languageStyle='LTR', name='subtract_number', opacity=1, ori=0.0, pos=array([0., 0.]), rgb=UNKNOWN, text='', units='height', win=Window(...), wrapWidth=1)
17.6544 	EXP 	start_pause_tone_2: sampleRate = 48000
17.6545 	EXP 	start_pause_tone_2: channels = None
17.6547 	EXP 	Sound start_pause_tone_2 set volume 1.000
17.6556 	EXP 	Created subtract_pausing = TextStim(__class__=<class 'psychopy.visual.text.TextStim'>, alignHoriz=method-wrapper(...), alignText='center', alignVert=method-wrapper(...), anchorHoriz='center', anchorVert='center', antialias=True, autoDraw=False, autoLog=True, bold=False, color=array([1., 1., 1.]), colorSpace='rgb', contrast=1.0, depth=-1.0, draggable=False, flipHoriz=False, flipVert=False, font='Arial', fontFiles=[], height=0.07, italic=False, languageStyle='LTR', name='subtract_pausing', opacity=1, ori=0.0, pos=array([0., 0.]), rgb=UNKNOWN, text='', units='height', win=Window(...), wrapWidth=1)
17.6654 	EXP 	Created task_end_text = TextStim(__class__=<class 'psychopy.visual.text.TextStim'>, alignHoriz=method-wrapper(...), alignText='center', alignVert=method-wrapper(...), anchorHoriz='center', anchorVert='center', antialias=True, autoDraw=False, autoLog=True, bold=False, color=array([1., 1., 1.]), colorSpace='rgb', contrast=1.0, depth=0.0, draggable=False, flipHoriz=False, flipVert=False, font='Arial', fontFiles=[], height=np.float64(0.05), italic=False, languageStyle='LTR', name='task_end_text', opacity=1, ori=0.0, pos=array([0., 0.]), rgb=UNKNOWN, text='Please wait for the next task to begin..', units='height', win=Window(...), wrapWidth=1)
0.0730 	INFO 	Keyboard events cleared
0.0817 	EXP 	ctl1_instruction_text: autoDraw = True
1.3532 	EXP 	Device response: <KeyPress from None: t=1.276103199999966, value=return, duration=None>
1.3534 	INFO 	Keyboard events cleared
1.3537 	EXP 	Created sequence: sequential, trialTypes=1, nReps=6, seed=None
1.3539 	EXP 	New trial (rep=0, index=0): None
1.3540 	INFO 	Keyboard events cleared
1.3680 	EXP 	Sound start_tone reached end of file
1.3790 	EXP 	Playing sound start_tone on speaker BenQ LCD (NVIDIA High Definition Audio)
1.3692 	DATA 	Keypress: return
1.3705 	EXP 	ctl1_instruction_text: autoDraw = False
1.3705 	EXP 	read_number: height = np.float64(0.07)
1.3705 	EXP 	read_number: height = np.float64(0.07)
1.3705 	EXP 	read_number: height = np.float64(0.07)
1.3705 	EXP 	read_number: text = 1022
1.3957 	EXP 	Device response: <KeyPress from None: t=1.276103199999966, value=return, duration=0.0959887000000208>
1.5758 	EXP 	Sound start_tone stopped
1.5759 	EXP 	Sound start_tone reached end of file
1.5954 	EXP 	read_number: autoDraw = True
12.6655 	DATA 	Mouse: Left button down, pos=(1790,1651)
12.7637 	DATA 	Mouse:  Left button up, pos=(1790,1651)
12.9290 	EXP 	Device response: <KeyPress from None: t=12.901595999999927, value=escape, duration=None>
12.9302 	DATA 	Keypress: escape
13.0290 	EXP 	Device response: <KeyPress from None: t=12.901595999999927, value=escape, duration=0.12001740000005157>
13.0291 	EXP 	TSST_fnirs_V4_CONTROL: status = STOPPED
13.0621 	EXP 	read_number: autoDraw = False
13.0622 	EXP 	TSST_fnirs_V4_CONTROL: status = STOPPED
13.0706 	INFO 	saved data to 'c:\\Users\\neuro\\GitHub\\fNIRS_TSST_PsychoPy\\data\\424440_TSST_fnirs_V4_CONTROL_2025-12-09_17h14.46.073.csv'
13.0718 	INFO 	saved data to c:\Users\neuro\GitHub\fNIRS_TSST_PsychoPy\data\424440_TSST_fnirs_V4_CONTROL_2025-12-09_17h14.46.073.psydat
13.7934 	WARNING 	Stopping key buffers but this could be dangerous ifother keyboards rely on the same.
13.8263 	WARNING 	Stopping key buffers but this could be dangerous ifother keyboards rely on the same.
