1.1319 	WARNING 	We strongly recommend you activate the PTB sound engine in PsychoPy prefs as the preferred audio engine. Its timing is vastly superior. Your prefs are currently set to use ['sounddevice', 'ptb', 'pyo'] (in that order).
11.1691 	WARNING 	Font Manager failed to load file /System/Library/PrivateFrameworks/FontServices.framework/Resources/Reserved/PingFangUI.ttc
16.5322 	WARNING 	Font Manager failed to load file /System/Library/PrivateFrameworks/FontServices.framework/Resources/Reserved/PingFangUI.ttc
16.5651 	WARNING 	Import Error: dlopen(/opt/miniconda3/envs/psychopy_py310/lib/python3.10/site-packages/psychtoolbox/PsychHID.cpython-310-darwin.so, 0x0002): symbol not found in flat namespace '_libusb_bulk_transfer'. Using event module for keyboard component.
19.4444 	INFO 	Loaded monitor calibration from ['2025_10_16 07:47']
19.5888 	INFO 	Using renderer 'Apple M1' for graphics
19.5888 	INFO 	OpenGL version supported by driver is 2..
19.6100 	EXP 	Created window1 = Window(allowGUI=True, allowStencil=False, autoLog=True, backendConf=UNKNOWN, backgroundFit=<method-wrapper '__getattribute__' of attributeSetter object at 0x137d7ef80>, backgroundImage=<method-wrapper '__getattribute__' of attributeSetter object at 0x137d7ef20>, bitsMode=UNKNOWN, blendMode='avg', bpc=(8, 8, 8), color=array([-1., -1., -1.]), colorSpace='rgb', depthBits=8, fullscr=True, gamma=None, gammaErrorPolicy='raise', infoMsg=UNKNOWN, lms=UNKNOWN, monitor=<psychopy.monitors.calibTools.Monitor object at 0x136437ac0>, multiSample=False, name='window1', numSamples=2, pos=[np.float64(0.0), np.float64(0.0)], screen=0, size=array([2880, 1800]), stencilBits=0, stereo=False, title='PsychoPy', units='height', useFBO=True, useRetina=True, viewOri=0.0, viewPos=None, viewScale=None, waitBlanking=True, winType='pyglet')
19.6100 	EXP 	window1: backgroundImage = ''
19.6100 	EXP 	window1: backgroundFit = 'none'
19.8147 	EXP 	window1: Attempting to measure frame rate of screen (0) ...
19.8147 	EXP 	window1: recordFrameIntervals = False
20.0966 	EXP 	window1: recordFrameIntervals = True
20.4118 	WARNING 	t of last frame was 31.80ms (=1/31)
20.9546 	WARNING 	Couldn't measure a consistent frame rate!
  - Is your graphics card set to sync to vertical blank?
  - Are you running other processes on your computer?

20.9560 	WARNING 	keyboard.Keyboard already using '' backend. Can not switch to 'defaultKeyboard'
23.2916 	INFO 	keyboard.Keyboard is using event backend.
23.3636 	INFO 	saved data to /Users/Isaac/Documents/TSST/TSST_V4/data/470381_TSST_fnirs_V4_CONTROL_2025-10-16_16h06.57.654.psydat
23.3639 	INFO 	saved data to '/Users/Isaac/Documents/TSST/TSST_V4/data/470381_TSST_fnirs_V4_CONTROL_2025-10-16_16h06.57.654.csv'
