1.6028 	ERROR 	Failed to load any of the audioLibs: ['pyo']. Falling back to PsychToolbox ('ptb') backend for sound. Be sure to add 'ptb' to preferences to avoid seeing this message again.
1.7725 	WARNING 	We strongly recommend you activate the PTB sound engine in PsychoPy prefs as the preferred audio engine. Its timing is vastly superior. Your prefs are currently set to use ['pyo'] (in that order).
5.2338 	INFO 	Loaded monitor calibration from ['2026_01_20 17:10']
5.6563 	INFO 	Using renderer 'NVIDIA GeForce GTX 1660/PCIe/SSE2' for graphics
5.6563 	INFO 	OpenGL version supported by driver is 4..
5.6728 	EXP 	Created window1 = Window(allowGUI=True, allowStencil=False, autoLog=True, backendConf=UNKNOWN, backgroundFit=<method-wrapper '__getattribute__' of attributeSetter object at 0x000002828625D060>, backgroundImage=<method-wrapper '__getattribute__' of attributeSetter object at 0x000002828625D000>, bitsMode=UNKNOWN, blendMode='avg', bpc=(8, 8, 8), color=array([-1., -1., -1.]), colorSpace='rgb', depthBits=8, fullscr=False, gamma=None, gammaErrorPolicy='raise', infoMsg=UNKNOWN, lms=UNKNOWN, monitor=<psychopy.monitors.calibTools.Monitor object at 0x000002828633DE10>, multiSample=False, name='window1', numSamples=2, pos=[np.float64(480.0), np.float64(60.0)], screen=3, size=array([960, 960]), stencilBits=0, stereo=False, title='PsychoPy', units='height', useFBO=True, useRetina=False, viewOri=0.0, viewPos=None, viewScale=None, waitBlanking=True, winType='pyglet')
5.6728 	EXP 	window1: backgroundImage = ''
5.6728 	EXP 	window1: backgroundFit = 'none'
6.0840 	EXP 	window1: Attempting to measure frame rate of screen (3) ...
6.0841 	EXP 	window1: recordFrameIntervals = False
6.1985 	EXP 	window1: recordFrameIntervals = True
6.6836 	EXP 	Screen (3) actual frame rate measured at 141.97Hz
6.6837 	EXP 	window1: recordFrameIntervals = False
7.7492 	INFO 	keyboard.Keyboard is using ptb backend.
7.7492 	EXP 	TSST_fnirs_V4_CONTROL: status = STARTED
7.8220 	EXP 	Created ctl1_instruction_text = TextStim(__class__=<class 'psychopy.visual.text.TextStim'>, alignHoriz=method-wrapper(...), alignText='center', alignVert=method-wrapper(...), anchorHoriz='center', anchorVert='center', antialias=True, autoDraw=False, autoLog=True, bold=False, color=array([1., 1., 1.]), colorSpace='rgb', contrast=1.0, depth=0.0, draggable=False, flipHoriz=False, flipVert=False, font='Arial', fontFiles=[], height=np.float64(0.05), italic=False, languageStyle='LTR', name='ctl1_instruction_text', opacity=1, ori=0.0, pos=array([0., 0.]), rgb=UNKNOWN, text=str(...), units='height', win=Window(...), wrapWidth=1)
7.8221 	INFO 	keyboard.Keyboard is using ptb backend.
7.8371 	INFO 	Created stream for speaker device: Headphones (X10) (11.0)
7.8384 	EXP 	: sampleRate = 44100
7.8384 	EXP 	: channels = None
7.8388 	EXP 	Sound  set volume 1.000
7.8439 	INFO 	Created stream for speaker device: Headphones (X10) (11.0)
7.8451 	EXP 	: sampleRate = 44100
7.8451 	EXP 	: channels = None
7.8455 	EXP 	Sound  set volume 1.000
7.8506 	EXP 	Created fixation_cross = TextStim(__class__=<class 'psychopy.visual.text.TextStim'>, alignHoriz=method-wrapper(...), alignText='center', alignVert=method-wrapper(...), anchorHoriz='center', anchorVert='center', antialias=True, autoDraw=False, autoLog=True, bold=False, color=array([1., 1., 1.]), colorSpace='rgb', contrast=1.0, depth=0.0, draggable=False, flipHoriz=False, flipVert=False, font='Arial', fontFiles=[], height=np.float64(0.08), italic=False, languageStyle='LTR', name='fixation_cross', opacity=1, ori=0.0, pos=array([0., 0.]), rgb=UNKNOWN, text='+', units='height', win=Window(...), wrapWidth=1)
7.8521 	EXP 	Created read_number = TextStim(__class__=<class 'psychopy.visual.text.TextStim'>, alignHoriz=method-wrapper(...), alignText='center', alignVert=method-wrapper(...), anchorHoriz='center', anchorVert='center', antialias=True, autoDraw=False, autoLog=True, bold=False, color=array([1., 1., 1.]), colorSpace='rgb', contrast=1.0, depth=-1.0, draggable=False, flipHoriz=False, flipVert=False, font='Arial', fontFiles=[], height=0.07, italic=False, languageStyle='LTR', name='read_number', opacity=1, ori=0.0, pos=array([0., 0.]), rgb=UNKNOWN, text='', units='height', win=Window(...), wrapWidth=1)
7.8530 	EXP 	Created read_pausing = TextStim(__class__=<class 'psychopy.visual.text.TextStim'>, alignHoriz=method-wrapper(...), alignText='center', alignVert=method-wrapper(...), anchorHoriz='center', anchorVert='center', antialias=True, autoDraw=False, autoLog=True, bold=False, color=array([1., 1., 1.]), colorSpace='rgb', contrast=1.0, depth=0.0, draggable=False, flipHoriz=False, flipVert=False, font='Arial', fontFiles=[], height=0.07, italic=False, languageStyle='LTR', name='read_pausing', opacity=1, ori=0.0, pos=array([0., 0.]), rgb=UNKNOWN, text='', units='height', win=Window(...), wrapWidth=1)
7.8679 	EXP 	Created task_end_text = TextStim(__class__=<class 'psychopy.visual.text.TextStim'>, alignHoriz=method-wrapper(...), alignText='center', alignVert=method-wrapper(...), anchorHoriz='center', anchorVert='center', antialias=True, autoDraw=False, autoLog=True, bold=False, color=array([1., 1., 1.]), colorSpace='rgb', contrast=1.0, depth=0.0, draggable=False, flipHoriz=False, flipVert=False, font='Arial', fontFiles=[], height=np.float64(0.05), italic=False, languageStyle='LTR', name='task_end_text', opacity=1, ori=0.0, pos=array([0., 0.]), rgb=UNKNOWN, text='Please wait for the next task to begin..', units='height', win=Window(...), wrapWidth=1)
7.8994 	EXP 	Created ctl2_instruction_text = TextStim(__class__=<class 'psychopy.visual.text.TextStim'>, alignHoriz=method-wrapper(...), alignText='center', alignVert=method-wrapper(...), anchorHoriz='center', anchorVert='center', antialias=True, autoDraw=False, autoLog=True, bold=False, color=array([1., 1., 1.]), colorSpace='rgb', contrast=1.0, depth=0.0, draggable=False, flipHoriz=False, flipVert=False, font='Arial', fontFiles=[], height=np.float64(0.05), italic=False, languageStyle='LTR', name='ctl2_instruction_text', opacity=1, ori=0.0, pos=array([0., 0.]), rgb=UNKNOWN, text=str(...), units='height', win=Window(...), wrapWidth=1)
7.9030 	EXP 	Created fixation_cross = TextStim(__class__=<class 'psychopy.visual.text.TextStim'>, alignHoriz=method-wrapper(...), alignText='center', alignVert=method-wrapper(...), anchorHoriz='center', anchorVert='center', antialias=True, autoDraw=False, autoLog=True, bold=False, color=array([1., 1., 1.]), colorSpace='rgb', contrast=1.0, depth=0.0, draggable=False, flipHoriz=False, flipVert=False, font='Arial', fontFiles=[], height=np.float64(0.08), italic=False, languageStyle='LTR', name='fixation_cross', opacity=1, ori=0.0, pos=array([0., 0.]), rgb=UNKNOWN, text='+', units='height', win=Window(...), wrapWidth=1)
7.9040 	EXP 	Created subtract_number = TextStim(__class__=<class 'psychopy.visual.text.TextStim'>, alignHoriz=method-wrapper(...), alignText='center', alignVert=method-wrapper(...), anchorHoriz='center', anchorVert='center', antialias=True, autoDraw=False, autoLog=True, bold=False, color=array([1., 1., 1.]), colorSpace='rgb', contrast=1.0, depth=-1.0, draggable=False, flipHoriz=False, flipVert=False, font='Arial', fontFiles=[], height=0.07, italic=False, languageStyle='LTR', name='subtract_number', opacity=1, ori=0.0, pos=array([0., 0.]), rgb=UNKNOWN, text='', units='height', win=Window(...), wrapWidth=1)
7.9049 	EXP 	Created subtract_pausing = TextStim(__class__=<class 'psychopy.visual.text.TextStim'>, alignHoriz=method-wrapper(...), alignText='center', alignVert=method-wrapper(...), anchorHoriz='center', anchorVert='center', antialias=True, autoDraw=False, autoLog=True, bold=False, color=array([1., 1., 1.]), colorSpace='rgb', contrast=1.0, depth=0.0, draggable=False, flipHoriz=False, flipVert=False, font='Arial', fontFiles=[], height=0.07, italic=False, languageStyle='LTR', name='subtract_pausing', opacity=1, ori=0.0, pos=array([0., 0.]), rgb=UNKNOWN, text='', units='height', win=Window(...), wrapWidth=1)
7.9090 	EXP 	Created task_end_text = TextStim(__class__=<class 'psychopy.visual.text.TextStim'>, alignHoriz=method-wrapper(...), alignText='center', alignVert=method-wrapper(...), anchorHoriz='center', anchorVert='center', antialias=True, autoDraw=False, autoLog=True, bold=False, color=array([1., 1., 1.]), colorSpace='rgb', contrast=1.0, depth=0.0, draggable=False, flipHoriz=False, flipVert=False, font='Arial', fontFiles=[], height=np.float64(0.05), italic=False, languageStyle='LTR', name='task_end_text', opacity=1, ori=0.0, pos=array([0., 0.]), rgb=UNKNOWN, text='Please wait for the next task to begin..', units='height', win=Window(...), wrapWidth=1)
0.1406 	INFO 	Keyboard events cleared
0.1454 	EXP 	ctl1_instruction_text: autoDraw = True
23.9004 	DATA 	Mouse: Left button down, pos=(964,575)
24.2618 	DATA 	Mouse:  Left button up, pos=(1042,567)
208.2321 	DATA 	Mouse: Left button down, pos=(955,8)
208.4267 	DATA 	Mouse:  Left button up, pos=(953,8)
230.5169 	DATA 	Mouse: Left button down, pos=(795,896)
230.5847 	DATA 	Mouse:  Left button up, pos=(795,896)
233.4125 	EXP 	Device response: <KeyPress from None: t=233.40980189992115, value=return, duration=None>
233.4126 	INFO 	Keyboard events cleared
233.4127 	INFO 	Keyboard events cleared
233.4149 	DATA 	Keypress: return
233.4184 	EXP 	ctl1_instruction_text: autoDraw = False
233.4184 	EXP 	fixation_cross: autoDraw = True
233.5159 	EXP 	Device response: <KeyPress from None: t=233.40980189992115, value=return, duration=0.10481510008685291>
234.3281 	EXP 	Device response: <KeyPress from None: t=234.32368839997798, value=space, duration=None>
234.3290 	DATA 	Keypress: space
234.4466 	EXP 	Device response: <KeyPress from None: t=234.32368839997798, value=space, duration=0.12001760001294315>
236.1409 	EXP 	Device response: <KeyPress from None: t=236.13898019993212, value=s, duration=None>
236.1413 	EXP 	Created sequence: sequential, trialTypes=1, nReps=6, seed=None
236.1415 	EXP 	New trial (rep=0, index=0): None
236.1416 	INFO 	Keyboard events cleared
236.1537 	INFO 	Keyboard events cleared
236.1551 	DATA 	Keypress: s
236.1570 	EXP 	fixation_cross: autoDraw = False
236.1570 	EXP 	read_number: height = np.float64(0.07)
236.1570 	EXP 	read_number: height = np.float64(0.07)
236.1570 	EXP 	read_number: height = np.float64(0.07)
236.1570 	EXP 	read_number: text = 1022
236.1570 	EXP 	read_number: autoDraw = False
236.1570 	EXP 	read_pausing: height = np.float64(0.07)
236.1570 	EXP 	read_pausing: height = np.float64(0.07)
236.1570 	EXP 	read_pausing: height = np.float64(0.07)
236.1570 	EXP 	read_pausing: text = 'PAUSE'
236.1570 	EXP 	read_pausing: autoDraw = False
236.1570 	EXP 	task_end_text: autoDraw = True
236.2450 	EXP 	Device response: <KeyPress from None: t=236.13898019993212, value=s, duration=0.10497220000252128>
237.3630 	EXP 	Device response: <KeyPress from None: t=237.35908510000445, value=space, duration=None>
237.3636 	DATA 	Keypress: space
237.4608 	EXP 	Device response: <KeyPress from None: t=237.35908510000445, value=space, duration=0.10008589993230999>
238.1899 	DATA 	Keypress: return
238.1969 	EXP 	Device response: <KeyPress from None: t=238.1893767999718, value=return, duration=None>
238.1970 	INFO 	Keyboard events cleared
238.2033 	EXP 	task_end_text: autoDraw = False
238.2034 	EXP 	TSST_fnirs_V4_CONTROL: status = STOPPED
238.2109 	INFO 	Keyboard events cleared
238.2163 	EXP 	ctl2_instruction_text: autoDraw = True
238.2163 	EXP 	ctl2_instruction_text: autoDraw = False
238.2164 	EXP 	TSST_fnirs_V4_CONTROL: status = STOPPED
238.2187 	INFO 	saved data to 'c:\\Users\\MSVU\\Documents\\GitHub\\fNIRS_TSST_PsychoPy\\data\\471500_TSST_fnirs_V4_CONTROL_2026-01-22_18h25.24.709.csv'
238.2200 	INFO 	saved data to c:\Users\MSVU\Documents\GitHub\fNIRS_TSST_PsychoPy\data\471500_TSST_fnirs_V4_CONTROL_2026-01-22_18h25.24.709.psydat
238.4546 	WARNING 	Stopping key buffers but this could be dangerous ifother keyboards rely on the same.
238.5161 	WARNING 	Stopping key buffers but this could be dangerous ifother keyboards rely on the same.
