15.6290 	WARNING 	Font Manager failed to load file /System/Library/PrivateFrameworks/FontServices.framework/Resources/Reserved/PingFangUI.ttc
19.6958 	INFO 	Loaded monitor calibration from ['2025_10_16 07:47']
20.0303 	EXP 	Created window1 = Window(allowGUI=True, allowStencil=False, autoLog=True, backendConf=UNKNOWN, backgroundFit=<method-wrapper '__getattribute__' of attributeSetter object at 0x162d2e890>, backgroundImage=<method-wrapper '__getattribute__' of attributeSetter object at 0x162d2e8f0>, bitsMode=UNKNOWN, blendMode='avg', bpc=(8, 8, 8), color=array([-1., -1., -1.]), colorSpace='rgb', depthBits=8, fullscr=<method-wrapper '__getattribute__' of attributeSetter object at 0x162d2eaa0>, gamma=None, gammaErrorPolicy='raise', infoMsg=UNKNOWN, lms=UNKNOWN, monitor=<psychopy.monitors.calibTools.Monitor object at 0x162be1bd0>, multiSample=False, name='window1', numSamples=2, pos=[360.0, 225.0], screen=0, size=array([2880, 1800]), stencilBits=0, stereo=False, title='PsychoPy', units='height', useFBO=True, useRetina=True, viewOri=0.0, viewPos=None, viewScale=None, waitBlanking=True, winType='pyglet')
20.0304 	EXP 	window1: mouseVisible = True
20.0304 	EXP 	window1: backgroundImage = ''
20.0304 	EXP 	window1: backgroundFit = 'none'
20.0306 	EXP 	window1: mouseVisible = True
20.0314 	EXP 	window1: mouseVisible = True
20.0343 	EXP 	window1: mouseVisible = True
20.0347 	EXP 	window1: mouseVisible = True
20.0737 	EXP 	window1: mouseVisible = True
20.0738 	EXP 	window1: mouseVisible = True
20.0743 	EXP 	window1: mouseVisible = True
20.0747 	EXP 	window1: mouseVisible = True
20.0860 	EXP 	window1: Attempting to measure frame rate of screen (0) ...
20.0860 	EXP 	window1: recordFrameIntervals = False
20.4259 	EXP 	window1: recordFrameIntervals = True
20.7349 	WARNING 	t of last frame was 41.09ms (=1/24)
21.3007 	WARNING 	Couldn't measure a consistent frame rate!
  - Is your graphics card set to sync to vertical blank?
  - Are you running other processes on your computer?

21.3022 	EXP 	window1: mouseVisible = False
23.4649 	INFO 	keyboard.Keyboard is using ptb backend.
23.5919 	EXP 	TSST_fnirs_V4_FULL: status = STARTED
23.5933 	EXP 	window1: mouseVisible = True
23.6448 	EXP 	Created ctl1_instruction_text = TextStim(__class__=<class 'psychopy.visual.text.TextStim'>, alignHoriz=method-wrapper(...), alignText='center', alignVert=method-wrapper(...), anchorHoriz='center', anchorVert='center', antialias=True, autoDraw=False, autoLog=True, bold=False, color=array([1., 1., 1.]), colorSpace='rgb', contrast=1.0, depth=0.0, draggable=False, flipHoriz=False, flipVert=False, font='Arial', fontFiles=[], height=0.05, italic=False, languageStyle='LTR', name='ctl1_instruction_text', opacity=1.0, ori=0.0, pos=array([0., 0.]), rgb=UNKNOWN, text=str(...), units='height', win=Window(...), wrapWidth=1)
24.0985 	INFO 	keyboard.Keyboard is using ptb backend.
24.0997 	EXP 	window1: mouseVisible = False
24.2247 	EXP 	Sound start_tone set volume 1.000
24.2249 	EXP 	window1: mouseVisible = True
24.2261 	EXP 	Created read_number = TextStim(__class__=<class 'psychopy.visual.text.TextStim'>, alignHoriz=method-wrapper(...), alignText='center', alignVert=method-wrapper(...), anchorHoriz='center', anchorVert='center', antialias=True, autoDraw=False, autoLog=True, bold=False, color=array([1., 1., 1.]), colorSpace='rgb', contrast=1.0, depth=-2.0, draggable=False, flipHoriz=False, flipVert=False, font='Arial', fontFiles=[], height=0.07, italic=False, languageStyle='LTR', name='read_number', opacity=1.0, ori=0.0, pos=array([0., 0.]), rgb=UNKNOWN, text='', units='height', win=Window(...), wrapWidth=1)
24.2264 	EXP 	Sound start_pause_tone set volume 1.000
24.2264 	EXP 	window1: mouseVisible = True
24.2272 	EXP 	Created read_pausing = TextStim(__class__=<class 'psychopy.visual.text.TextStim'>, alignHoriz=method-wrapper(...), alignText='center', alignVert=method-wrapper(...), anchorHoriz='center', anchorVert='center', antialias=True, autoDraw=False, autoLog=True, bold=False, color=array([1., 1., 1.]), colorSpace='rgb', contrast=1.0, depth=-1.0, draggable=False, flipHoriz=False, flipVert=False, font='Arial', fontFiles=[], height=0.07, italic=False, languageStyle='LTR', name='read_pausing', opacity=1.0, ori=0.0, pos=array([0., 0.]), rgb=UNKNOWN, text='', units='height', win=Window(...), wrapWidth=1)
24.2273 	EXP 	window1: mouseVisible = True
24.2396 	EXP 	Created ctl2_instruction_text = TextStim(__class__=<class 'psychopy.visual.text.TextStim'>, alignHoriz=method-wrapper(...), alignText='center', alignVert=method-wrapper(...), anchorHoriz='center', anchorVert='center', antialias=True, autoDraw=False, autoLog=True, bold=False, color=array([1., 1., 1.]), colorSpace='rgb', contrast=1.0, depth=0.0, draggable=False, flipHoriz=False, flipVert=False, font='Arial', fontFiles=[], height=0.05, italic=False, languageStyle='LTR', name='ctl2_instruction_text', opacity=1.0, ori=0.0, pos=array([0., 0.]), rgb=UNKNOWN, text=str(...), units='height', win=Window(...), wrapWidth=1)
24.2398 	EXP 	Sound start_tone_2 set volume 1.000
24.2399 	EXP 	window1: mouseVisible = True
24.2407 	EXP 	Created subtract_number = TextStim(__class__=<class 'psychopy.visual.text.TextStim'>, alignHoriz=method-wrapper(...), alignText='center', alignVert=method-wrapper(...), anchorHoriz='center', anchorVert='center', antialias=True, autoDraw=False, autoLog=True, bold=False, color=array([1., 1., 1.]), colorSpace='rgb', contrast=1.0, depth=-2.0, draggable=False, flipHoriz=False, flipVert=False, font='Arial', fontFiles=[], height=0.07, italic=False, languageStyle='LTR', name='subtract_number', opacity=1.0, ori=0.0, pos=array([0., 0.]), rgb=UNKNOWN, text='', units='height', win=Window(...), wrapWidth=1)
24.2409 	EXP 	Sound start_pause_tone_2 set volume 1.000
24.2410 	EXP 	window1: mouseVisible = True
24.2417 	EXP 	Created subtract_pausing = TextStim(__class__=<class 'psychopy.visual.text.TextStim'>, alignHoriz=method-wrapper(...), alignText='center', alignVert=method-wrapper(...), anchorHoriz='center', anchorVert='center', antialias=True, autoDraw=False, autoLog=True, bold=False, color=array([1., 1., 1.]), colorSpace='rgb', contrast=1.0, depth=-1.0, draggable=False, flipHoriz=False, flipVert=False, font='Arial', fontFiles=[], height=0.07, italic=False, languageStyle='LTR', name='subtract_pausing', opacity=1.0, ori=0.0, pos=array([0., 0.]), rgb=UNKNOWN, text='', units='height', win=Window(...), wrapWidth=1)
24.2418 	EXP 	window1: mouseVisible = True
24.2441 	EXP 	Created task_end_text = TextStim(__class__=<class 'psychopy.visual.text.TextStim'>, alignHoriz=method-wrapper(...), alignText='center', alignVert=method-wrapper(...), anchorHoriz='center', anchorVert='center', antialias=True, autoDraw=False, autoLog=True, bold=False, color=array([1., 1., 1.]), colorSpace='rgb', contrast=1.0, depth=0.0, draggable=False, flipHoriz=False, flipVert=False, font='Arial', fontFiles=[], height=0.05, italic=False, languageStyle='LTR', name='task_end_text', opacity=1.0, ori=0.0, pos=array([0., 0.]), rgb=UNKNOWN, text='Please wait for the next task to begin..', units='height', win=Window(...), wrapWidth=1)
24.2442 	EXP 	window1: mouseVisible = True
24.2470 	EXP 	Created tsst_instruction_text = TextStim(__class__=<class 'psychopy.visual.text.TextStim'>, alignHoriz=method-wrapper(...), alignText='center', alignVert=method-wrapper(...), anchorHoriz='center', anchorVert='center', antialias=True, autoDraw=False, autoLog=True, bold=False, color=array([1., 1., 1.]), colorSpace='rgb', contrast=1.0, depth=0.0, draggable=False, flipHoriz=False, flipVert=False, font='Arial', fontFiles=[], height=0.05, italic=False, languageStyle='LTR', name='tsst_instruction_text', opacity=1.0, ori=0.0, pos=array([0., 0.]), rgb=UNKNOWN, text=str(...), units='height', win=Window(...), wrapWidth=1)
24.2472 	EXP 	Sound start_tone_3 set volume 1.000
24.2473 	EXP 	window1: mouseVisible = True
24.2480 	EXP 	Created subtract_number_TSST = TextStim(__class__=<class 'psychopy.visual.text.TextStim'>, alignHoriz=method-wrapper(...), alignText='center', alignVert=method-wrapper(...), anchorHoriz='center', anchorVert='center', antialias=True, autoDraw=False, autoLog=True, bold=False, color=array([1., 1., 1.]), colorSpace='rgb', contrast=1.0, depth=-1.0, draggable=False, flipHoriz=False, flipVert=False, font='Arial', fontFiles=[], height=0.07, italic=False, languageStyle='LTR', name='subtract_number_TSST', opacity=1.0, ori=0.0, pos=array([0., 0.]), rgb=UNKNOWN, text='', units='height', win=Window(...), wrapWidth=1)
24.2482 	EXP 	Sound tsst_start_pause_tone set volume 1.000
24.2483 	EXP 	window1: mouseVisible = True
24.2489 	EXP 	Created subtract_pausing_TSST = TextStim(__class__=<class 'psychopy.visual.text.TextStim'>, alignHoriz=method-wrapper(...), alignText='center', alignVert=method-wrapper(...), anchorHoriz='center', anchorVert='center', antialias=True, autoDraw=False, autoLog=True, bold=False, color=array([1., 1., 1.]), colorSpace='rgb', contrast=1.0, depth=-1.0, draggable=False, flipHoriz=False, flipVert=False, font='Arial', fontFiles=[], height=0.07, italic=False, languageStyle='LTR', name='subtract_pausing_TSST', opacity=1.0, ori=0.0, pos=array([0., 0.]), rgb=UNKNOWN, text='', units='height', win=Window(...), wrapWidth=1)
24.2490 	EXP 	window1: mouseVisible = True
24.2520 	EXP 	Created finished_text = TextStim(__class__=<class 'psychopy.visual.text.TextStim'>, alignHoriz=method-wrapper(...), alignText='center', alignVert=method-wrapper(...), anchorHoriz='center', anchorVert='center', antialias=True, autoDraw=False, autoLog=True, bold=False, color=array([1., 1., 1.]), colorSpace='rgb', contrast=1.0, depth=0.0, draggable=False, flipHoriz=False, flipVert=False, font='Arial', fontFiles=[], height=0.05, italic=False, languageStyle='LTR', name='finished_text', opacity=1.0, ori=0.0, pos=array([0., 0.]), rgb=UNKNOWN, text=str(...), units='height', win=Window(...), wrapWidth=1)
0.0121 	INFO 	Keyboard events cleared
0.0128 	EXP 	window1: mouseVisible = False
0.0225 	EXP 	ctl1_instruction_text: autoDraw = True
1.6176 	INFO 	Keyboard events cleared
1.6203 	EXP 	Created sequence: sequential, trialTypes=1, nReps=6, seed=None
1.6205 	EXP 	New trial (rep=0, index=0): None
1.6208 	EXP 	window1: mouseVisible = False
1.6208 	INFO 	Keyboard events cleared
1.6327 	EXP 	Sound start_tone started
1.6356 	DATA 	Keypress: return
1.6402 	WARNING 	t of last frame was 324.22ms (=1/3)
1.6402 	EXP 	ctl1_instruction_text: autoDraw = False
1.6402 	EXP 	read_number: height = 0.07
1.6402 	EXP 	read_number: height = 0.07
1.6402 	EXP 	read_number: height = 0.07
1.6402 	EXP 	read_number: text = 1022
1.8138 	EXP 	read_number: autoDraw = True
1.8292 	EXP 	Sound start_tone stopped
2.4232 	DATA 	Keypress: space
2.4279 	EXP 	read_number: height = 0.07
2.4279 	EXP 	read_number: height = 0.07
2.4279 	EXP 	read_number: height = 0.07
2.4279 	EXP 	read_number: text = '1009'
2.5565 	DATA 	Keypress: space
2.5628 	EXP 	read_number: height = 0.07
2.5628 	EXP 	read_number: height = 0.07
2.5628 	EXP 	read_number: height = 0.07
2.5628 	EXP 	read_number: text = '996'
2.7170 	EXP 	read_number: height = 0.07
2.7170 	EXP 	read_number: height = 0.07
2.7170 	EXP 	read_number: height = 0.07
2.7170 	EXP 	read_number: text = '983'
2.7192 	DATA 	Keypress: space
2.8526 	DATA 	Keypress: space
2.8582 	EXP 	read_number: height = 0.07
2.8582 	EXP 	read_number: height = 0.07
2.8582 	EXP 	read_number: height = 0.07
2.8582 	EXP 	read_number: text = '970'
2.9998 	DATA 	Keypress: space
3.0077 	EXP 	read_number: height = 0.07
3.0077 	EXP 	read_number: height = 0.07
3.0077 	EXP 	read_number: height = 0.07
3.0077 	EXP 	read_number: text = '957'
3.1526 	DATA 	Keypress: space
3.1577 	EXP 	read_number: height = 0.07
3.1577 	EXP 	read_number: height = 0.07
3.1577 	EXP 	read_number: height = 0.07
3.1577 	EXP 	read_number: text = '944'
3.3145 	EXP 	read_number: height = 0.07
3.3145 	EXP 	read_number: height = 0.07
3.3145 	EXP 	read_number: height = 0.07
3.3145 	EXP 	read_number: text = '931'
3.3167 	DATA 	Keypress: space
3.4666 	DATA 	Keypress: space
3.4745 	EXP 	read_number: height = 0.07
3.4745 	EXP 	read_number: height = 0.07
3.4745 	EXP 	read_number: height = 0.07
3.4745 	EXP 	read_number: text = '918'
3.6168 	DATA 	Keypress: space
3.6209 	EXP 	read_number: height = 0.07
3.6209 	EXP 	read_number: height = 0.07
3.6209 	EXP 	read_number: height = 0.07
3.6209 	EXP 	read_number: text = '905'
3.7622 	DATA 	Keypress: space
3.7663 	EXP 	read_number: height = 0.07
3.7663 	EXP 	read_number: height = 0.07
3.7663 	EXP 	read_number: height = 0.07
3.7663 	EXP 	read_number: text = '892'
4.0784 	DATA 	Keypress: space
4.0825 	EXP 	read_number: height = 0.07
4.0825 	EXP 	read_number: height = 0.07
4.0825 	EXP 	read_number: height = 0.07
4.0825 	EXP 	read_number: text = '879'
4.2297 	DATA 	Keypress: space
4.2340 	EXP 	read_number: height = 0.07
4.2340 	EXP 	read_number: height = 0.07
4.2340 	EXP 	read_number: height = 0.07
4.2340 	EXP 	read_number: text = '866'
4.3960 	DATA 	Keypress: space
4.4001 	EXP 	read_number: height = 0.07
4.4001 	EXP 	read_number: height = 0.07
4.4001 	EXP 	read_number: height = 0.07
4.4001 	EXP 	read_number: text = '853'
4.5683 	DATA 	Keypress: space
4.5742 	EXP 	read_number: height = 0.07
4.5742 	EXP 	read_number: height = 0.07
4.5742 	EXP 	read_number: height = 0.07
4.5742 	EXP 	read_number: text = '840'
4.7484 	DATA 	Keypress: space
4.7531 	EXP 	read_number: height = 0.07
4.7531 	EXP 	read_number: height = 0.07
4.7531 	EXP 	read_number: height = 0.07
4.7531 	EXP 	read_number: text = '827'
4.9000 	DATA 	Keypress: space
4.9077 	EXP 	read_number: height = 0.07
4.9077 	EXP 	read_number: height = 0.07
4.9077 	EXP 	read_number: height = 0.07
4.9077 	EXP 	read_number: text = '814'
5.0638 	DATA 	Keypress: space
5.0677 	EXP 	read_number: height = 0.07
5.0677 	EXP 	read_number: height = 0.07
5.0677 	EXP 	read_number: height = 0.07
5.0677 	EXP 	read_number: text = '801'
5.2337 	DATA 	Keypress: space
5.2404 	EXP 	read_number: height = 0.07
5.2404 	EXP 	read_number: height = 0.07
5.2404 	EXP 	read_number: height = 0.07
5.2404 	EXP 	read_number: text = '788'
5.3960 	DATA 	Keypress: space
5.4000 	EXP 	read_number: height = 0.07
5.4000 	EXP 	read_number: height = 0.07
5.4000 	EXP 	read_number: height = 0.07
5.4000 	EXP 	read_number: text = '775'
5.5819 	DATA 	Keypress: space
5.5860 	EXP 	read_number: height = 0.07
5.5860 	EXP 	read_number: height = 0.07
5.5860 	EXP 	read_number: height = 0.07
5.5860 	EXP 	read_number: text = '762'
5.7302 	DATA 	Keypress: space
5.7343 	EXP 	read_number: height = 0.07
5.7343 	EXP 	read_number: height = 0.07
5.7343 	EXP 	read_number: height = 0.07
5.7343 	EXP 	read_number: text = '749'
5.8796 	DATA 	Keypress: space
5.8837 	EXP 	read_number: height = 0.07
5.8837 	EXP 	read_number: height = 0.07
5.8837 	EXP 	read_number: height = 0.07
5.8837 	EXP 	read_number: text = '736'
6.4373 	DATA 	Keypress: escape
6.4415 	WARNING 	t of last frame was 49.98ms (=1/20)
6.4665 	EXP 	TSST_fnirs_V4_FULL: status = STOPPED
6.4743 	EXP 	read_number: autoDraw = False
6.4743 	EXP 	TSST_fnirs_V4_FULL: status = STOPPED
6.4765 	INFO 	saved data to '/Users/Isaac/Documents/TSST/TSST_V4/data/490516_TSST_fnirs_V4_FULL_2025-10-16_08h38.03.274.csv'
6.4782 	INFO 	saved data to /Users/Isaac/Documents/TSST/TSST_V4/data/490516_TSST_fnirs_V4_FULL_2025-10-16_08h38.03.274.psydat
6.5136 	EXP 	window1: mouseVisible = True
6.7930 	WARNING 	Stopping key buffers but this could be dangerous ifother keyboards rely on the same.
6.7932 	WARNING 	Stopping key buffers but this could be dangerous ifother keyboards rely on the same.
