1.5940 	ERROR 	Failed to load any of the audioLibs: ['pyo']. Falling back to PsychToolbox ('ptb') backend for sound. Be sure to add 'ptb' to preferences to avoid seeing this message again.
1.7615 	WARNING 	We strongly recommend you activate the PTB sound engine in PsychoPy prefs as the preferred audio engine. Its timing is vastly superior. Your prefs are currently set to use ['pyo'] (in that order).
83.0701 	INFO 	Loaded monitor calibration from ['2024_08_14 14:13']
83.2350 	WARNING 	User requested fullscreen with size [1440  900], but screen is actually [1920, 1080]. Using actual size
83.4862 	INFO 	Using renderer 'NVIDIA GeForce GTX 1660/PCIe/SSE2' for graphics
83.4863 	INFO 	OpenGL version supported by driver is 4..
83.5049 	EXP 	Created window1 = Window(allowGUI=True, allowStencil=False, autoLog=True, backendConf=UNKNOWN, backgroundFit=<method-wrapper '__getattribute__' of attributeSetter object at 0x0000028C58AEDC00>, backgroundImage=<method-wrapper '__getattribute__' of attributeSetter object at 0x0000028C58AEDBA0>, bitsMode=UNKNOWN, blendMode='avg', bpc=(8, 8, 8), color=array([-1., -1., -1.]), colorSpace='rgb', depthBits=8, fullscr=True, gamma=None, gammaErrorPolicy='raise', infoMsg=UNKNOWN, lms=UNKNOWN, monitor=<psychopy.monitors.calibTools.Monitor object at 0x0000028C58BD29B0>, multiSample=False, name='window1', numSamples=2, pos=[np.float64(0.0), np.float64(0.0)], screen=3, size=array([1920, 1080]), stencilBits=0, stereo=False, title='PsychoPy', units='height', useFBO=True, useRetina=False, viewOri=0.0, viewPos=None, viewScale=None, waitBlanking=True, winType='pyglet')
83.5049 	EXP 	window1: backgroundImage = ''
83.5049 	EXP 	window1: backgroundFit = 'none'
83.9126 	EXP 	window1: Attempting to measure frame rate of screen (3) ...
83.9127 	EXP 	window1: recordFrameIntervals = False
83.9805 	EXP 	window1: recordFrameIntervals = True
84.0570 	EXP 	Screen (3) actual frame rate measured at 143.93Hz
84.0571 	EXP 	window1: recordFrameIntervals = False
85.1219 	INFO 	keyboard.Keyboard is using ptb backend.
85.1220 	EXP 	TSST_fnirs_V4_ARITH: status = STARTED
85.1700 	EXP 	Created fixation_cross = TextStim(__class__=<class 'psychopy.visual.text.TextStim'>, alignHoriz=method-wrapper(...), alignText='center', alignVert=method-wrapper(...), anchorHoriz='center', anchorVert='center', antialias=True, autoDraw=False, autoLog=True, bold=False, color=array([1., 1., 1.]), colorSpace='rgb', contrast=1.0, depth=0.0, draggable=False, flipHoriz=False, flipVert=False, font='Arial', fontFiles=[], height=np.float64(0.08), italic=False, languageStyle='LTR', name='fixation_cross', opacity=1, ori=0.0, pos=array([0., 0.]), rgb=UNKNOWN, text='+', units='height', win=Window(...), wrapWidth=1)
85.1895 	EXP 	Created tsst_instruction_text = TextStim(__class__=<class 'psychopy.visual.text.TextStim'>, alignHoriz=method-wrapper(...), alignText='center', alignVert=method-wrapper(...), anchorHoriz='center', anchorVert='center', antialias=True, autoDraw=False, autoLog=True, bold=False, color=array([1., 1., 1.]), colorSpace='rgb', contrast=1.0, depth=0.0, draggable=False, flipHoriz=False, flipVert=False, font='Arial', fontFiles=[], height=np.float64(0.05), italic=False, languageStyle='LTR', name='tsst_instruction_text', opacity=1, ori=0.0, pos=array([0., 0.]), rgb=UNKNOWN, text=str(...), units='height', win=Window(...), wrapWidth=1)
85.1897 	INFO 	keyboard.Keyboard is using ptb backend.
85.1910 	EXP 	Created subtract_number_TSST = TextStim(__class__=<class 'psychopy.visual.text.TextStim'>, alignHoriz=method-wrapper(...), alignText='center', alignVert=method-wrapper(...), anchorHoriz='center', anchorVert='center', antialias=True, autoDraw=False, autoLog=True, bold=False, color=array([1., 1., 1.]), colorSpace='rgb', contrast=1.0, depth=0.0, draggable=False, flipHoriz=False, flipVert=False, font='Arial', fontFiles=[], height=0.07, italic=False, languageStyle='LTR', name='subtract_number_TSST', opacity=1, ori=0.0, pos=array([0., 0.]), rgb=UNKNOWN, text='', units='height', win=Window(...), wrapWidth=1)
85.1920 	EXP 	Created subtract_pausing_TSST = TextStim(__class__=<class 'psychopy.visual.text.TextStim'>, alignHoriz=method-wrapper(...), alignText='center', alignVert=method-wrapper(...), anchorHoriz='center', anchorVert='center', antialias=True, autoDraw=False, autoLog=True, bold=False, color=array([1., 1., 1.]), colorSpace='rgb', contrast=1.0, depth=0.0, draggable=False, flipHoriz=False, flipVert=False, font='Arial', fontFiles=[], height=0.07, italic=False, languageStyle='LTR', name='subtract_pausing_TSST', opacity=1, ori=0.0, pos=array([0., 0.]), rgb=UNKNOWN, text='', units='height', win=Window(...), wrapWidth=1)
85.2045 	EXP 	Created finished_text = TextStim(__class__=<class 'psychopy.visual.text.TextStim'>, alignHoriz=method-wrapper(...), alignText='center', alignVert=method-wrapper(...), anchorHoriz='center', anchorVert='center', antialias=True, autoDraw=False, autoLog=True, bold=False, color=array([1., 1., 1.]), colorSpace='rgb', contrast=1.0, depth=0.0, draggable=False, flipHoriz=False, flipVert=False, font='Arial', fontFiles=[], height=np.float64(0.05), italic=False, languageStyle='LTR', name='finished_text', opacity=1, ori=0.0, pos=array([0., 0.]), rgb=UNKNOWN, text=str(...), units='height', win=Window(...), wrapWidth=1)
0.0707 	INFO 	Keyboard events cleared
0.0738 	EXP 	fixation_cross: autoDraw = True
5.2953 	EXP 	Device response: <KeyPress from None: t=5.287385300000096, value=escape, duration=None>
5.2964 	DATA 	Keypress: escape
5.4917 	EXP 	Device response: <KeyPress from None: t=5.287385300000096, value=escape, duration=0.20002779999958875>
5.4917 	EXP 	TSST_fnirs_V4_ARITH: status = STOPPED
5.4982 	EXP 	fixation_cross: autoDraw = False
5.4983 	EXP 	TSST_fnirs_V4_ARITH: status = STOPPED
5.5025 	INFO 	saved data to 'c:\\Users\\neuro\\GitHub\\fNIRS_TSST_PsychoPy\\data\\531751_TSST_fnirs_V4_ARITH_2025-12-09_18h15.04.194.csv'
5.5031 	INFO 	saved data to c:\Users\neuro\GitHub\fNIRS_TSST_PsychoPy\data\531751_TSST_fnirs_V4_ARITH_2025-12-09_18h15.04.194.psydat
5.7374 	WARNING 	Stopping key buffers but this could be dangerous ifother keyboards rely on the same.
5.7885 	WARNING 	Stopping key buffers but this could be dangerous ifother keyboards rely on the same.
