1.3325 	ERROR 	Failed to load any of the audioLibs: ['pyo']. Falling back to PsychToolbox ('ptb') backend for sound. Be sure to add 'ptb' to preferences to avoid seeing this message again.
1.3332 	WARNING 	We strongly recommend you activate the PTB sound engine in PsychoPy prefs as the preferred audio engine. Its timing is vastly superior. Your prefs are currently set to use ['pyo'] (in that order).
11.7221 	WARNING 	Font Manager failed to load file /System/Library/PrivateFrameworks/FontServices.framework/Resources/Reserved/PingFangUI.ttc
11.8311 	WARNING 	Font Manager failed to load file /System/Library/PrivateFrameworks/FontServices.framework/Resources/Reserved/PingFangUI.ttc
11.8380 	WARNING 	Import Error: No module named 'psychtoolbox'. Using event module for keyboard component.
14.4498 	INFO 	Loaded monitor calibration from ['2025_10_16 07:47']
14.5865 	INFO 	Using renderer 'Apple M1' for graphics
14.5865 	INFO 	OpenGL version supported by driver is 2..
14.6110 	EXP 	Created window1 = Window(allowGUI=True, allowStencil=False, autoLog=True, backendConf=UNKNOWN, backgroundFit=<method-wrapper '__getattribute__' of attributeSetter object at 0x1625f0790>, backgroundImage=<method-wrapper '__getattribute__' of attributeSetter object at 0x1625f0650>, bitsMode=UNKNOWN, blendMode='avg', bpc=(8, 8, 8), color=array([-1., -1., -1.]), colorSpace='rgb', depthBits=8, fullscr=True, gamma=None, gammaErrorPolicy='raise', infoMsg=UNKNOWN, lms=UNKNOWN, monitor=<psychopy.monitors.calibTools.Monitor object at 0x16258b9d0>, multiSample=False, name='window1', numSamples=2, pos=[np.float64(0.0), np.float64(0.0)], screen=0, size=array([2880, 1800]), stencilBits=0, stereo=False, title='PsychoPy', units='height', useFBO=True, useRetina=True, viewOri=0.0, viewPos=None, viewScale=None, waitBlanking=True, winType='pyglet')
14.6111 	EXP 	window1: backgroundImage = ''
14.6111 	EXP 	window1: backgroundFit = 'none'
14.8217 	EXP 	window1: Attempting to measure frame rate of screen (0) ...
14.8217 	EXP 	window1: recordFrameIntervals = False
15.0986 	EXP 	window1: recordFrameIntervals = True
15.4169 	WARNING 	t of last frame was 29.18ms (=1/34)
15.4640 	WARNING 	t of last frame was 20.88ms (=1/47)
15.6029 	WARNING 	t of last frame was 22.24ms (=1/44)
15.9981 	WARNING 	Couldn't measure a consistent frame rate!
  - Is your graphics card set to sync to vertical blank?
  - Are you running other processes on your computer?

15.9995 	INFO 	keyboard.Keyboard is using ptb backend.
16.0346 	INFO 	saved data to /Users/Isaac/Documents/TSST/TSST_V4/data/537078_TSST_fnirs_V4_FULL_2025-10-16_12h14.36.671.psydat
16.0355 	INFO 	saved data to '/Users/Isaac/Documents/TSST/TSST_V4/data/537078_TSST_fnirs_V4_FULL_2025-10-16_12h14.36.671.csv'
16.0442 	WARNING 	Stopping key buffers but this could be dangerous ifother keyboards rely on the same.
