1.5065 	ERROR 	Failed to load any of the audioLibs: ['pyo']. Falling back to PsychToolbox ('ptb') backend for sound. Be sure to add 'ptb' to preferences to avoid seeing this message again.
1.6713 	WARNING 	We strongly recommend you activate the PTB sound engine in PsychoPy prefs as the preferred audio engine. Its timing is vastly superior. Your prefs are currently set to use ['pyo'] (in that order).
5.5479 	INFO 	Loaded monitor calibration from ['2024_08_14 14:13']
5.7123 	WARNING 	User requested fullscreen with size [1440  900], but screen is actually [2160, 3840]. Using actual size
5.9543 	INFO 	Using renderer 'NVIDIA GeForce GTX 1660/PCIe/SSE2' for graphics
5.9543 	INFO 	OpenGL version supported by driver is 4..
5.9865 	EXP 	Created window1 = Window(allowGUI=True, allowStencil=False, autoLog=True, backendConf=UNKNOWN, backgroundFit=<method-wrapper '__getattribute__' of attributeSetter object at 0x0000016A62D57760>, backgroundImage=<method-wrapper '__getattribute__' of attributeSetter object at 0x0000016A62D57700>, bitsMode=UNKNOWN, blendMode='avg', bpc=(8, 8, 8), color=array([-1., -1., -1.]), colorSpace='rgb', depthBits=8, fullscr=True, gamma=None, gammaErrorPolicy='raise', infoMsg=UNKNOWN, lms=UNKNOWN, monitor=<psychopy.monitors.calibTools.Monitor object at 0x0000016A62E54550>, multiSample=False, name='window1', numSamples=2, pos=[np.float64(0.0), np.float64(0.0)], screen=0, size=array([2160, 3840]), stencilBits=0, stereo=False, title='PsychoPy', units='height', useFBO=True, useRetina=False, viewOri=0.0, viewPos=None, viewScale=None, waitBlanking=True, winType='pyglet')
5.9865 	EXP 	window1: backgroundImage = ''
5.9865 	EXP 	window1: backgroundFit = 'none'
6.8901 	EXP 	window1: Attempting to measure frame rate of screen (0) ...
6.8902 	EXP 	window1: recordFrameIntervals = False
7.1747 	EXP 	window1: recordFrameIntervals = True
7.2413 	WARNING 	t of last frame was 33.29ms (=1/30)
7.2746 	WARNING 	t of last frame was 33.35ms (=1/29)
7.3080 	WARNING 	t of last frame was 33.35ms (=1/29)
7.3413 	WARNING 	t of last frame was 33.32ms (=1/30)
7.3746 	WARNING 	Multiple dropped frames have occurred - I'll stop bothering you about them!
7.5415 	EXP 	Screen (0) actual frame rate measured at 30.00Hz
7.5415 	EXP 	window1: recordFrameIntervals = False
8.6120 	INFO 	keyboard.Keyboard is using ptb backend.
8.6121 	EXP 	TSST_fnirs_V4_CONTROL: status = STARTED
8.7551 	EXP 	Created ctl1_instruction_text = TextStim(__class__=<class 'psychopy.visual.text.TextStim'>, alignHoriz=method-wrapper(...), alignText='center', alignVert=method-wrapper(...), anchorHoriz='center', anchorVert='center', antialias=True, autoDraw=False, autoLog=True, bold=False, color=array([1., 1., 1.]), colorSpace='rgb', contrast=1.0, depth=0.0, draggable=False, flipHoriz=False, flipVert=False, font='Arial', fontFiles=[], height=np.float64(0.05), italic=False, languageStyle='LTR', name='ctl1_instruction_text', opacity=1, ori=0.0, pos=array([0., 0.]), rgb=UNKNOWN, text=str(...), units='height', win=Window(...), wrapWidth=1)
8.7553 	INFO 	keyboard.Keyboard is using ptb backend.
8.7703 	INFO 	Created stream for speaker device: Headphones (X10) (11.0)
8.7715 	EXP 	: sampleRate = 44100
8.7715 	EXP 	: channels = None
8.7719 	EXP 	Sound  set volume 1.000
8.7765 	INFO 	Created stream for speaker device: Headphones (X10) (11.0)
8.7774 	EXP 	: sampleRate = 44100
8.7774 	EXP 	: channels = None
8.7778 	EXP 	Sound  set volume 1.000
8.7916 	EXP 	Created fixation_cross = TextStim(__class__=<class 'psychopy.visual.text.TextStim'>, alignHoriz=method-wrapper(...), alignText='center', alignVert=method-wrapper(...), anchorHoriz='center', anchorVert='center', antialias=True, autoDraw=False, autoLog=True, bold=False, color=array([1., 1., 1.]), colorSpace='rgb', contrast=1.0, depth=0.0, draggable=False, flipHoriz=False, flipVert=False, font='Arial', fontFiles=[], height=np.float64(0.08), italic=False, languageStyle='LTR', name='fixation_cross', opacity=1, ori=0.0, pos=array([0., 0.]), rgb=UNKNOWN, text='+', units='height', win=Window(...), wrapWidth=1)
8.7930 	EXP 	Created read_number = TextStim(__class__=<class 'psychopy.visual.text.TextStim'>, alignHoriz=method-wrapper(...), alignText='center', alignVert=method-wrapper(...), anchorHoriz='center', anchorVert='center', antialias=True, autoDraw=False, autoLog=True, bold=False, color=array([1., 1., 1.]), colorSpace='rgb', contrast=1.0, depth=-1.0, draggable=False, flipHoriz=False, flipVert=False, font='Arial', fontFiles=[], height=0.07, italic=False, languageStyle='LTR', name='read_number', opacity=1, ori=0.0, pos=array([0., 0.]), rgb=UNKNOWN, text='', units='height', win=Window(...), wrapWidth=1)
8.7939 	EXP 	Created read_pausing = TextStim(__class__=<class 'psychopy.visual.text.TextStim'>, alignHoriz=method-wrapper(...), alignText='center', alignVert=method-wrapper(...), anchorHoriz='center', anchorVert='center', antialias=True, autoDraw=False, autoLog=True, bold=False, color=array([1., 1., 1.]), colorSpace='rgb', contrast=1.0, depth=0.0, draggable=False, flipHoriz=False, flipVert=False, font='Arial', fontFiles=[], height=0.07, italic=False, languageStyle='LTR', name='read_pausing', opacity=1, ori=0.0, pos=array([0., 0.]), rgb=UNKNOWN, text='', units='height', win=Window(...), wrapWidth=1)
8.9184 	EXP 	Created ctl2_instruction_text = TextStim(__class__=<class 'psychopy.visual.text.TextStim'>, alignHoriz=method-wrapper(...), alignText='center', alignVert=method-wrapper(...), anchorHoriz='center', anchorVert='center', antialias=True, autoDraw=False, autoLog=True, bold=False, color=array([1., 1., 1.]), colorSpace='rgb', contrast=1.0, depth=0.0, draggable=False, flipHoriz=False, flipVert=False, font='Arial', fontFiles=[], height=np.float64(0.05), italic=False, languageStyle='LTR', name='ctl2_instruction_text', opacity=1, ori=0.0, pos=array([0., 0.]), rgb=UNKNOWN, text=str(...), units='height', win=Window(...), wrapWidth=1)
8.9215 	EXP 	Created fixation_cross = TextStim(__class__=<class 'psychopy.visual.text.TextStim'>, alignHoriz=method-wrapper(...), alignText='center', alignVert=method-wrapper(...), anchorHoriz='center', anchorVert='center', antialias=True, autoDraw=False, autoLog=True, bold=False, color=array([1., 1., 1.]), colorSpace='rgb', contrast=1.0, depth=0.0, draggable=False, flipHoriz=False, flipVert=False, font='Arial', fontFiles=[], height=np.float64(0.08), italic=False, languageStyle='LTR', name='fixation_cross', opacity=1, ori=0.0, pos=array([0., 0.]), rgb=UNKNOWN, text='+', units='height', win=Window(...), wrapWidth=1)
8.9225 	EXP 	Created subtract_number = TextStim(__class__=<class 'psychopy.visual.text.TextStim'>, alignHoriz=method-wrapper(...), alignText='center', alignVert=method-wrapper(...), anchorHoriz='center', anchorVert='center', antialias=True, autoDraw=False, autoLog=True, bold=False, color=array([1., 1., 1.]), colorSpace='rgb', contrast=1.0, depth=-1.0, draggable=False, flipHoriz=False, flipVert=False, font='Arial', fontFiles=[], height=0.07, italic=False, languageStyle='LTR', name='subtract_number', opacity=1, ori=0.0, pos=array([0., 0.]), rgb=UNKNOWN, text='', units='height', win=Window(...), wrapWidth=1)
8.9234 	EXP 	Created subtract_pausing = TextStim(__class__=<class 'psychopy.visual.text.TextStim'>, alignHoriz=method-wrapper(...), alignText='center', alignVert=method-wrapper(...), anchorHoriz='center', anchorVert='center', antialias=True, autoDraw=False, autoLog=True, bold=False, color=array([1., 1., 1.]), colorSpace='rgb', contrast=1.0, depth=0.0, draggable=False, flipHoriz=False, flipVert=False, font='Arial', fontFiles=[], height=0.07, italic=False, languageStyle='LTR', name='subtract_pausing', opacity=1, ori=0.0, pos=array([0., 0.]), rgb=UNKNOWN, text='', units='height', win=Window(...), wrapWidth=1)
8.9329 	EXP 	Created task_end_text = TextStim(__class__=<class 'psychopy.visual.text.TextStim'>, alignHoriz=method-wrapper(...), alignText='center', alignVert=method-wrapper(...), anchorHoriz='center', anchorVert='center', antialias=True, autoDraw=False, autoLog=True, bold=False, color=array([1., 1., 1.]), colorSpace='rgb', contrast=1.0, depth=0.0, draggable=False, flipHoriz=False, flipVert=False, font='Arial', fontFiles=[], height=np.float64(0.05), italic=False, languageStyle='LTR', name='task_end_text', opacity=1, ori=0.0, pos=array([0., 0.]), rgb=UNKNOWN, text='Please wait for the next task to begin..', units='height', win=Window(...), wrapWidth=1)
0.0960 	INFO 	Keyboard events cleared
0.1044 	EXP 	ctl1_instruction_text: autoDraw = True
5.2790 	EXP 	Device response: <KeyPress from None: t=5.272512000000006, value=return, duration=None>
5.2791 	INFO 	Keyboard events cleared
5.2792 	INFO 	Keyboard events cleared
5.2816 	DATA 	Keypress: return
5.3085 	EXP 	ctl1_instruction_text: autoDraw = False
5.3085 	EXP 	fixation_cross: autoDraw = True
5.3754 	EXP 	Device response: <KeyPress from None: t=5.272512000000006, value=return, duration=0.08799720000024536>
11.6752 	EXP 	Device response: <KeyPress from None: t=11.66535120000026, value=return, duration=None>
11.6762 	DATA 	Keypress: return
11.8086 	EXP 	Device response: <KeyPress from None: t=11.66535120000026, value=return, duration=0.1279884000000493>
19.0752 	EXP 	Device response: <KeyPress from None: t=19.050331899999946, value=return, duration=None>
19.0762 	DATA 	Keypress: return
19.2752 	EXP 	Device response: <KeyPress from None: t=19.050331899999946, value=return, duration=0.1919887000003655>
20.5419 	EXP 	Device response: <KeyPress from None: t=20.522512200000165, value=s, duration=None>
20.5423 	EXP 	Created sequence: sequential, trialTypes=1, nReps=6, seed=None
20.5425 	EXP 	New trial (rep=0, index=0): None
20.5426 	INFO 	Keyboard events cleared
20.5701 	INFO 	Keyboard events cleared
20.5778 	DATA 	Keypress: s
20.5797 	EXP 	fixation_cross: autoDraw = False
20.5797 	EXP 	read_number: height = np.float64(0.07)
20.5797 	EXP 	read_number: height = np.float64(0.07)
20.5797 	EXP 	read_number: height = np.float64(0.07)
20.5797 	EXP 	read_number: text = 1022
20.5797 	EXP 	read_number: autoDraw = False
20.5797 	EXP 	read_pausing: height = np.float64(0.07)
20.5797 	EXP 	read_pausing: height = np.float64(0.07)
20.5797 	EXP 	read_pausing: height = np.float64(0.07)
20.5797 	EXP 	read_pausing: text = 'PAUSE'
20.5797 	EXP 	read_pausing: autoDraw = False
20.5797 	EXP 	ctl2_instruction_text: autoDraw = True
20.6752 	EXP 	Device response: <KeyPress from None: t=20.522512200000165, value=s, duration=0.14399830000002112>
22.6420 	EXP 	Device response: <KeyPress from None: t=22.61881799999992, value=return, duration=None>
22.6420 	INFO 	Keyboard events cleared
22.6421 	INFO 	Keyboard events cleared
22.6432 	DATA 	Keypress: return
22.6751 	EXP 	ctl2_instruction_text: autoDraw = False
22.6751 	EXP 	fixation_cross: autoDraw = True
22.7752 	EXP 	Device response: <KeyPress from None: t=22.61881799999992, value=return, duration=0.12801430000035907>
52.7156 	EXP 	Imported stims/CTL2.xlsx as conditions, 6 conditions, 2 params
52.7160 	EXP 	Created sequence: sequential, trialTypes=6, nReps=1, seed=None
52.7162 	EXP 	New trial (rep=0, index=0): {'Block': 1, 'StartingNumber': 1659}
52.7163 	EXP 	Sound  reached end of file
52.7164 	EXP 	Playing sound  on speaker Headphones (X10)
52.7282 	EXP 	fixation_cross: autoDraw = False
52.7282 	EXP 	fixation_cross: autoDraw = False
52.7282 	EXP 	subtract_number: height = np.float64(0.07)
52.7282 	EXP 	subtract_number: height = np.float64(0.07)
52.7282 	EXP 	subtract_number: height = np.float64(0.07)
52.7282 	EXP 	subtract_number: text = 1659
52.7282 	EXP 	subtract_number: autoDraw = True
92.6443 	EXP 	Sound  reached end of file
92.6443 	EXP 	Playing sound  on speaker Headphones (X10)
92.6750 	EXP 	subtract_number: autoDraw = False
92.6750 	EXP 	subtract_pausing: height = np.float64(0.07)
92.6750 	EXP 	subtract_pausing: height = np.float64(0.07)
92.6750 	EXP 	subtract_pausing: height = np.float64(0.07)
92.6750 	EXP 	subtract_pausing: text = 'PAUSE'
92.6750 	EXP 	subtract_pausing: autoDraw = True
112.6420 	EXP 	New trial (rep=0, index=1): {'Block': 2, 'StartingNumber': 1303}
112.6421 	EXP 	Sound  reached end of file
112.6421 	EXP 	Playing sound  on speaker Headphones (X10)
112.6749 	EXP 	subtract_pausing: autoDraw = False
112.6749 	EXP 	subtract_pausing: autoDraw = False
112.6749 	EXP 	subtract_number: height = np.float64(0.07)
112.6749 	EXP 	subtract_number: height = np.float64(0.07)
112.6749 	EXP 	subtract_number: height = np.float64(0.07)
112.6749 	EXP 	subtract_number: text = 1303
112.6749 	EXP 	subtract_number: autoDraw = True
122.9445 	DATA 	Mouse: Left button down, pos=(1160,2026)
123.0427 	DATA 	Mouse:  Left button up, pos=(1160,2026)
123.1752 	EXP 	Device response: <KeyPress from None: t=123.16808639999999, value=escape, duration=None>
123.1764 	DATA 	Keypress: escape
123.3084 	EXP 	Device response: <KeyPress from None: t=123.16808639999999, value=escape, duration=0.1359506000003421>
123.3084 	EXP 	TSST_fnirs_V4_CONTROL: status = STOPPED
123.3418 	EXP 	subtract_number: autoDraw = False
123.3418 	EXP 	TSST_fnirs_V4_CONTROL: status = STOPPED
123.3541 	INFO 	saved data to 'c:\\Users\\neuro\\GitHub\\fNIRS_TSST_PsychoPy\\data\\671735_TSST_fnirs_V4_CONTROL_2025-12-09_17h38.50.296.csv'
123.3551 	INFO 	saved data to c:\Users\neuro\GitHub\fNIRS_TSST_PsychoPy\data\671735_TSST_fnirs_V4_CONTROL_2025-12-09_17h38.50.296.psydat
123.5551 	WARNING 	Stopping key buffers but this could be dangerous ifother keyboards rely on the same.
123.6043 	WARNING 	Stopping key buffers but this could be dangerous ifother keyboards rely on the same.
