1.2063 	WARNING 	We strongly recommend you activate the PTB sound engine in PsychoPy prefs as the preferred audio engine. Its timing is vastly superior. Your prefs are currently set to use ['sounddevice'] (in that order).
11.3234 	WARNING 	Font Manager failed to load file /System/Library/PrivateFrameworks/FontServices.framework/Resources/Reserved/PingFangUI.ttc
16.7472 	WARNING 	Font Manager failed to load file /System/Library/PrivateFrameworks/FontServices.framework/Resources/Reserved/PingFangUI.ttc
16.7819 	WARNING 	Import Error: dlopen(/opt/miniconda3/envs/psychopy_py310/lib/python3.10/site-packages/psychtoolbox/PsychHID.cpython-310-darwin.so, 0x0002): symbol not found in flat namespace '_libusb_bulk_transfer'. Using event module for keyboard component.
23.5473 	INFO 	Loaded monitor calibration from ['2025_10_16 07:47']
23.6850 	INFO 	Using renderer 'Apple M1' for graphics
23.6850 	INFO 	OpenGL version supported by driver is 2..
23.7043 	EXP 	Created window1 = Window(allowGUI=True, allowStencil=False, autoLog=True, backendConf=UNKNOWN, backgroundFit=<method-wrapper '__getattribute__' of attributeSetter object at 0x14f9d29b0>, backgroundImage=<method-wrapper '__getattribute__' of attributeSetter object at 0x14f9d2950>, bitsMode=UNKNOWN, blendMode='avg', bpc=(8, 8, 8), color=array([-1., -1., -1.]), colorSpace='rgb', depthBits=8, fullscr=True, gamma=None, gammaErrorPolicy='raise', infoMsg=UNKNOWN, lms=UNKNOWN, monitor=<psychopy.monitors.calibTools.Monitor object at 0x14fa4b4f0>, multiSample=False, name='window1', numSamples=2, pos=[np.float64(0.0), np.float64(0.0)], screen=0, size=array([2880, 1800]), stencilBits=0, stereo=False, title='PsychoPy', units='height', useFBO=True, useRetina=True, viewOri=0.0, viewPos=None, viewScale=None, waitBlanking=True, winType='pyglet')
23.7043 	EXP 	window1: backgroundImage = ''
23.7043 	EXP 	window1: backgroundFit = 'none'
23.9101 	EXP 	window1: Attempting to measure frame rate of screen (0) ...
23.9101 	EXP 	window1: recordFrameIntervals = False
24.1910 	EXP 	window1: recordFrameIntervals = True
24.5018 	WARNING 	t of last frame was 27.27ms (=1/36)
25.0653 	WARNING 	Couldn't measure a consistent frame rate!
  - Is your graphics card set to sync to vertical blank?
  - Are you running other processes on your computer?

25.2789 	INFO 	keyboard.Keyboard is using event backend.
25.2789 	EXP 	TSST_fnirs_V4_CONTROL: status = STARTED
25.3088 	EXP 	Created ctl1_instruction_text = TextStim(__class__=<class 'psychopy.visual.text.TextStim'>, alignHoriz=method-wrapper(...), alignText='center', alignVert=method-wrapper(...), anchorHoriz='center', anchorVert='center', antialias=True, autoDraw=False, autoLog=True, bold=False, color=array([1., 1., 1.]), colorSpace='rgb', contrast=1.0, depth=0.0, draggable=False, flipHoriz=False, flipVert=False, font='Arial', fontFiles=[], height=np.float64(0.05), italic=False, languageStyle='LTR', name='ctl1_instruction_text', opacity=1, ori=0.0, pos=array([0., 0.]), rgb=UNKNOWN, text=str(...), units='height', win=Window(...), wrapWidth=1)
25.3089 	INFO 	keyboard.Keyboard is using event backend.
25.3283 	INFO 	saved data to /Users/Isaac/Documents/TSST/TSST_V4/data/707394_TSST_fnirs_V4_CONTROL_2025-10-16_16h44.54.325.psydat
25.3286 	INFO 	saved data to '/Users/Isaac/Documents/TSST/TSST_V4/data/707394_TSST_fnirs_V4_CONTROL_2025-10-16_16h44.54.325.csv'
