11.0832 	WARNING 	Font Manager failed to load file /System/Library/PrivateFrameworks/FontServices.framework/Resources/Reserved/PingFangUI.ttc
11.1617 	WARNING 	Font Manager failed to load file /System/Library/PrivateFrameworks/FontServices.framework/Resources/Reserved/PingFangUI.ttc
11.1958 	WARNING 	Import Error: dlopen(/Users/Isaac/miniforge3/envs/psychopy-2025/lib/python3.10/site-packages/psychtoolbox/PsychHID.cpython-310-darwin.so, 0x0002): symbol not found in flat namespace '_libusb_bulk_transfer'. Using event module for keyboard component.
13.6507 	INFO 	Loaded monitor calibration from ['2025_10_16 07:47']
13.6531 	WARNING 	Requested an unavailable screen number - using first available.
13.7617 	INFO 	Using renderer 'Apple M1' for graphics
13.7617 	INFO 	OpenGL version supported by driver is 2..
13.7830 	EXP 	Created window1 = Window(allowGUI=True, allowStencil=False, autoLog=True, backendConf=UNKNOWN, backgroundFit=<method-wrapper '__getattribute__' of attributeSetter object at 0x129630160>, backgroundImage=<method-wrapper '__getattribute__' of attributeSetter object at 0x129630100>, bitsMode=UNKNOWN, blendMode='avg', bpc=(8, 8, 8), color=array([-1., -1., -1.]), colorSpace='rgb', depthBits=8, fullscr=False, gamma=None, gammaErrorPolicy='raise', infoMsg=UNKNOWN, lms=UNKNOWN, monitor=<psychopy.monitors.calibTools.Monitor object at 0x1296b98a0>, multiSample=False, name='window1', numSamples=2, pos=[np.float64(220.0), np.float64(-40.0)], screen=3, size=array([2000, 1960]), stencilBits=0, stereo=False, title='PsychoPy', units='height', useFBO=True, useRetina=True, viewOri=0.0, viewPos=None, viewScale=None, waitBlanking=True, winType='pyglet')
13.7830 	EXP 	window1: backgroundImage = ''
13.7830 	EXP 	window1: backgroundFit = 'none'
13.9947 	EXP 	window1: Attempting to measure frame rate of screen (3) ...
13.9947 	EXP 	window1: recordFrameIntervals = False
14.2500 	EXP 	window1: recordFrameIntervals = True
14.5753 	WARNING 	t of last frame was 20.18ms (=1/49)
15.0888 	WARNING 	Couldn't measure a consistent frame rate!
  - Is your graphics card set to sync to vertical blank?
  - Are you running other processes on your computer?

15.0901 	INFO 	keyboard.Keyboard is using ptb backend.
15.0902 	EXP 	TSST_fnirs_V6_FULL: status = STARTED
15.1456 	EXP 	Created ctl1_instruction_text = TextStim(__class__=<class 'psychopy.visual.text.TextStim'>, alignHoriz=method-wrapper(...), alignText='center', alignVert=method-wrapper(...), anchorHoriz='center', anchorVert='center', antialias=True, autoDraw=False, autoLog=True, bold=False, color=array([1., 1., 1.]), colorSpace='rgb', contrast=1.0, depth=0.0, draggable=False, flipHoriz=False, flipVert=False, font='Arial', fontFiles=[], height=np.float64(0.05), italic=False, languageStyle='LTR', name='ctl1_instruction_text', opacity=1, ori=0.0, pos=array([0., 0.]), rgb=UNKNOWN, text=str(...), units='height', win=Window(...), wrapWidth=1)
15.1456 	INFO 	keyboard.Keyboard is using ptb backend.
15.1801 	INFO 	saved data to /Users/Isaac/Documents/fNIRS_TSST_PsychoPy/data/736624_TSST_fnirs_V6_FULL_2026-01-28_21h25.02.209.psydat
15.1803 	INFO 	saved data to '/Users/Isaac/Documents/fNIRS_TSST_PsychoPy/data/736624_TSST_fnirs_V6_FULL_2026-01-28_21h25.02.209.csv'
15.1825 	WARNING 	Stopping key buffers but this could be dangerous ifother keyboards rely on the same.
