4.9206 	INFO 	Loaded monitor calibration from ['2024_08_14 14:13']
5.0875 	WARNING 	User requested fullscreen with size [1440  900], but screen is actually [3840, 2160]. Using actual size
5.3782 	EXP 	Created window1 = Window(allowGUI=True, allowStencil=False, autoLog=True, backendConf=UNKNOWN, backgroundFit=<method-wrapper '__getattribute__' of attributeSetter object at 0x000001A3A19C33D0>, backgroundImage=<method-wrapper '__getattribute__' of attributeSetter object at 0x000001A3A19C3370>, bitsMode=UNKNOWN, blendMode='avg', bpc=(8, 8, 8), color=array([-1., -1., -1.]), colorSpace='rgb', depthBits=8, fullscr=<method-wrapper '__getattribute__' of attributeSetter object at 0x000001A3A19C31C0>, gamma=None, gammaErrorPolicy='raise', infoMsg=UNKNOWN, lms=UNKNOWN, monitor=<psychopy.monitors.calibTools.Monitor object at 0x000001A3A1AECA00>, multiSample=False, name='window1', numSamples=2, pos=[0.0, 0.0], screen=2, size=array([3840, 2160]), stencilBits=0, stereo=False, title='PsychoPy', units='height', useFBO=True, useRetina=False, viewOri=0.0, viewPos=None, viewScale=None, waitBlanking=True, winType='pyglet')
5.3782 	EXP 	window1: backgroundImage = ''
5.3782 	EXP 	window1: backgroundFit = 'none'
5.3784 	EXP 	window1: mouseVisible = <method-wrapper '__getattribute__' of attributeSetter object at 0x000001A3A19C34F0>
5.3786 	EXP 	window1: mouseVisible = <method-wrapper '__getattribute__' of attributeSetter object at 0x000001A3A19C34F0>
5.3812 	EXP 	window1: mouseVisible = <method-wrapper '__getattribute__' of attributeSetter object at 0x000001A3A19C34F0>
5.3821 	EXP 	window1: mouseVisible = <method-wrapper '__getattribute__' of attributeSetter object at 0x000001A3A19C34F0>
5.5635 	EXP 	window1: mouseVisible = <method-wrapper '__getattribute__' of attributeSetter object at 0x000001A3A19C34F0>
5.5636 	EXP 	window1: mouseVisible = <method-wrapper '__getattribute__' of attributeSetter object at 0x000001A3A19C34F0>
5.5645 	EXP 	window1: mouseVisible = <method-wrapper '__getattribute__' of attributeSetter object at 0x000001A3A19C34F0>
5.5653 	EXP 	window1: mouseVisible = <method-wrapper '__getattribute__' of attributeSetter object at 0x000001A3A19C34F0>
5.6099 	EXP 	window1: Attempting to measure frame rate of screen (2) ...
5.6099 	EXP 	window1: recordFrameIntervals = False
5.7692 	EXP 	window1: recordFrameIntervals = True
5.9524 	EXP 	Screen (2) actual frame rate measured at 60.00Hz
5.9524 	EXP 	window1: recordFrameIntervals = False
5.9526 	EXP 	window1: mouseVisible = False
6.9150 	INFO 	keyboard.Keyboard is using ptb backend.
6.9741 	EXP 	TSST_fnirs_V4_CONTROL: status = STARTED
6.9744 	EXP 	window1: mouseVisible = False
7.0714 	EXP 	Created ctl1_instruction_text = TextStim(__class__=<class 'psychopy.visual.text.TextStim'>, alignHoriz=method-wrapper(...), alignText='center', alignVert=method-wrapper(...), anchorHoriz='center', anchorVert='center', antialias=True, autoDraw=False, autoLog=True, bold=False, color=array([1., 1., 1.]), colorSpace='rgb', contrast=1.0, depth=0.0, draggable=False, flipHoriz=False, flipVert=False, font='Arial', fontFiles=[], height=0.05, italic=False, languageStyle='LTR', name='ctl1_instruction_text', opacity=1, ori=0.0, pos=array([0., 0.]), rgb=UNKNOWN, text=str(...), units='height', win=Window(...), wrapWidth=1)
7.0715 	INFO 	keyboard.Keyboard is using ptb backend.
7.0715 	EXP 	window1: mouseVisible = False
7.1156 	EXP 	Sound start_tone set volume 1.000
7.1158 	EXP 	window1: mouseVisible = False
7.1172 	EXP 	Created read_number = TextStim(__class__=<class 'psychopy.visual.text.TextStim'>, alignHoriz=method-wrapper(...), alignText='center', alignVert=method-wrapper(...), anchorHoriz='center', anchorVert='center', antialias=True, autoDraw=False, autoLog=True, bold=False, color=array([1., 1., 1.]), colorSpace='rgb', contrast=1.0, depth=-2.0, draggable=False, flipHoriz=False, flipVert=False, font='Arial', fontFiles=[], height=0.07, italic=False, languageStyle='LTR', name='read_number', opacity=1, ori=0.0, pos=array([0., 0.]), rgb=UNKNOWN, text='', units='height', win=Window(...), wrapWidth=1)
7.1175 	EXP 	Sound start_pause_tone set volume 1.000
7.1176 	EXP 	window1: mouseVisible = False
7.1185 	EXP 	Created read_pausing = TextStim(__class__=<class 'psychopy.visual.text.TextStim'>, alignHoriz=method-wrapper(...), alignText='center', alignVert=method-wrapper(...), anchorHoriz='center', anchorVert='center', antialias=True, autoDraw=False, autoLog=True, bold=False, color=array([1., 1., 1.]), colorSpace='rgb', contrast=1.0, depth=-1.0, draggable=False, flipHoriz=False, flipVert=False, font='Arial', fontFiles=[], height=0.07, italic=False, languageStyle='LTR', name='read_pausing', opacity=1, ori=0.0, pos=array([0., 0.]), rgb=UNKNOWN, text='', units='height', win=Window(...), wrapWidth=1)
7.1186 	EXP 	window1: mouseVisible = False
7.1697 	EXP 	Created ctl2_instruction_text = TextStim(__class__=<class 'psychopy.visual.text.TextStim'>, alignHoriz=method-wrapper(...), alignText='center', alignVert=method-wrapper(...), anchorHoriz='center', anchorVert='center', antialias=True, autoDraw=False, autoLog=True, bold=False, color=array([1., 1., 1.]), colorSpace='rgb', contrast=1.0, depth=0.0, draggable=False, flipHoriz=False, flipVert=False, font='Arial', fontFiles=[], height=0.05, italic=False, languageStyle='LTR', name='ctl2_instruction_text', opacity=1, ori=0.0, pos=array([0., 0.]), rgb=UNKNOWN, text=str(...), units='height', win=Window(...), wrapWidth=1)
7.1700 	EXP 	Sound start_tone_2 set volume 1.000
7.1701 	EXP 	window1: mouseVisible = False
7.1710 	EXP 	Created subtract_number = TextStim(__class__=<class 'psychopy.visual.text.TextStim'>, alignHoriz=method-wrapper(...), alignText='center', alignVert=method-wrapper(...), anchorHoriz='center', anchorVert='center', antialias=True, autoDraw=False, autoLog=True, bold=False, color=array([1., 1., 1.]), colorSpace='rgb', contrast=1.0, depth=-2.0, draggable=False, flipHoriz=False, flipVert=False, font='Arial', fontFiles=[], height=0.07, italic=False, languageStyle='LTR', name='subtract_number', opacity=1, ori=0.0, pos=array([0., 0.]), rgb=UNKNOWN, text='', units='height', win=Window(...), wrapWidth=1)
7.1713 	EXP 	Sound start_pause_tone_2 set volume 1.000
7.1713 	EXP 	window1: mouseVisible = False
7.1722 	EXP 	Created subtract_pausing = TextStim(__class__=<class 'psychopy.visual.text.TextStim'>, alignHoriz=method-wrapper(...), alignText='center', alignVert=method-wrapper(...), anchorHoriz='center', anchorVert='center', antialias=True, autoDraw=False, autoLog=True, bold=False, color=array([1., 1., 1.]), colorSpace='rgb', contrast=1.0, depth=-1.0, draggable=False, flipHoriz=False, flipVert=False, font='Arial', fontFiles=[], height=0.07, italic=False, languageStyle='LTR', name='subtract_pausing', opacity=1, ori=0.0, pos=array([0., 0.]), rgb=UNKNOWN, text='', units='height', win=Window(...), wrapWidth=1)
7.1723 	EXP 	window1: mouseVisible = False
7.1788 	EXP 	Created task_end_text = TextStim(__class__=<class 'psychopy.visual.text.TextStim'>, alignHoriz=method-wrapper(...), alignText='center', alignVert=method-wrapper(...), anchorHoriz='center', anchorVert='center', antialias=True, autoDraw=False, autoLog=True, bold=False, color=array([1., 1., 1.]), colorSpace='rgb', contrast=1.0, depth=0.0, draggable=False, flipHoriz=False, flipVert=False, font='Arial', fontFiles=[], height=0.05, italic=False, languageStyle='LTR', name='task_end_text', opacity=1, ori=0.0, pos=array([0., 0.]), rgb=UNKNOWN, text='Please wait for the next task to begin..', units='height', win=Window(...), wrapWidth=1)
0.0791 	INFO 	Keyboard events cleared
0.0791 	EXP 	window1: mouseVisible = False
0.0835 	EXP 	ctl1_instruction_text: autoDraw = True
0.6281 	INFO 	Keyboard events cleared
0.6286 	EXP 	Created sequence: sequential, trialTypes=1, nReps=6, seed=None
0.6288 	EXP 	New trial (rep=0, index=0): None
0.6289 	EXP 	window1: mouseVisible = False
0.6289 	INFO 	Keyboard events cleared
0.6344 	EXP 	Sound start_tone reached end of file
0.6417 	EXP 	Sound start_tone started
0.6352 	DATA 	Keypress: return
0.6417 	EXP 	ctl1_instruction_text: autoDraw = False
0.6417 	EXP 	read_number: height = 0.07
0.6417 	EXP 	read_number: height = 0.07
0.6417 	EXP 	read_number: height = 0.07
0.6417 	EXP 	read_number: text = 1022
0.8361 	EXP 	Sound start_tone stopped
0.8362 	EXP 	Sound start_tone reached end of file
0.8417 	EXP 	read_number: autoDraw = True
2.1444 	DATA 	Keypress: escape
2.2435 	EXP 	TSST_fnirs_V4_CONTROL: status = STOPPED
2.2600 	EXP 	read_number: autoDraw = False
2.2601 	EXP 	TSST_fnirs_V4_CONTROL: status = STOPPED
2.2673 	INFO 	saved data to 'c:\\Users\\neuro\\GitHub\\fNIRS_TSST_PsychoPy\\data/766574_TSST_fnirs_V4_CONTROL_2025-11-27_10h08.59.454.csv'
2.2681 	INFO 	saved data to c:\Users\neuro\GitHub\fNIRS_TSST_PsychoPy\data/766574_TSST_fnirs_V4_CONTROL_2025-11-27_10h08.59.454.psydat
2.3327 	EXP 	window1: mouseVisible = True
2.3676 	WARNING 	Stopping key buffers but this could be dangerous ifother keyboards rely on the same.
2.4362 	WARNING 	Stopping key buffers but this could be dangerous ifother keyboards rely on the same.
