13.8765 	WARNING 	Font Manager failed to load file /System/Library/PrivateFrameworks/FontServices.framework/Resources/Reserved/PingFangUI.ttc
13.9112 	WARNING 	Font Manager failed to load file /System/Library/PrivateFrameworks/FontServices.framework/Resources/Reserved/PingFangUI.ttc
13.9186 	WARNING 	Import Error: No module named 'psychtoolbox'. Using event module for keyboard component.
16.6155 	INFO 	Loaded monitor calibration from ['2025_10_16 07:47']
16.6172 	WARNING 	Requested an unavailable screen number - using first available.
16.7269 	INFO 	Using renderer 'Apple M1' for graphics
16.7269 	INFO 	OpenGL version supported by driver is 2..
16.7538 	EXP 	Created window1 = Window(allowGUI=True, allowStencil=False, autoLog=True, backendConf=UNKNOWN, backgroundFit=<method-wrapper '__getattribute__' of attributeSetter object at 0x14544ccd0>, backgroundImage=<method-wrapper '__getattribute__' of attributeSetter object at 0x14544cc70>, bitsMode=UNKNOWN, blendMode='avg', bpc=(8, 8, 8), color=array([-1., -1., -1.]), colorSpace='rgb', depthBits=8, fullscr=False, gamma=None, gammaErrorPolicy='raise', infoMsg=UNKNOWN, lms=UNKNOWN, monitor=<psychopy.monitors.calibTools.Monitor object at 0x145411ab0>, multiSample=False, name='window1', numSamples=2, pos=[np.float64(220.0), np.float64(-40.0)], screen=3, size=array([2000, 1960]), stencilBits=0, stereo=False, title='PsychoPy', units='height', useFBO=True, useRetina=True, viewOri=0.0, viewPos=None, viewScale=None, waitBlanking=True, winType='pyglet')
16.7538 	EXP 	window1: backgroundImage = ''
16.7538 	EXP 	window1: backgroundFit = 'none'
16.9732 	EXP 	window1: Attempting to measure frame rate of screen (3) ...
16.9732 	EXP 	window1: recordFrameIntervals = False
17.2586 	EXP 	window1: recordFrameIntervals = True
17.5804 	WARNING 	t of last frame was 21.57ms (=1/46)
18.1095 	WARNING 	Couldn't measure a consistent frame rate!
  - Is your graphics card set to sync to vertical blank?
  - Are you running other processes on your computer?

18.1109 	INFO 	keyboard.Keyboard is using ptb backend.
18.1109 	EXP 	TSST_fnirs_V4_CONTROL: status = STARTED
18.1683 	EXP 	Created ctl1_instruction_text = TextStim(__class__=<class 'psychopy.visual.text.TextStim'>, alignHoriz=method-wrapper(...), alignText='center', alignVert=method-wrapper(...), anchorHoriz='center', anchorVert='center', antialias=True, autoDraw=False, autoLog=True, bold=False, color=array([1., 1., 1.]), colorSpace='rgb', contrast=1.0, depth=0.0, draggable=False, flipHoriz=False, flipVert=False, font='Arial', fontFiles=[], height=np.float64(0.05), italic=False, languageStyle='LTR', name='ctl1_instruction_text', opacity=1, ori=0.0, pos=array([0., 0.]), rgb=UNKNOWN, text=str(...), units='height', win=Window(...), wrapWidth=1)
18.1683 	INFO 	keyboard.Keyboard is using ptb backend.
18.1794 	INFO 	saved data to /Users/Isaac/Documents/fNIRS_TSST_PsychoPy/data/778147_TSST_fnirs_V4_CONTROL_2026-01-26_10h50.37.064.psydat
18.1796 	INFO 	saved data to '/Users/Isaac/Documents/fNIRS_TSST_PsychoPy/data/778147_TSST_fnirs_V4_CONTROL_2026-01-26_10h50.37.064.csv'
18.1822 	WARNING 	Stopping key buffers but this could be dangerous ifother keyboards rely on the same.
