1.2423 	WARNING 	We strongly recommend you activate the PTB sound engine in PsychoPy prefs as the preferred audio engine. Its timing is vastly superior. Your prefs are currently set to use ['sounddevice'] (in that order).
11.7382 	WARNING 	Font Manager failed to load file /System/Library/PrivateFrameworks/FontServices.framework/Resources/Reserved/PingFangUI.ttc
17.2159 	WARNING 	Font Manager failed to load file /System/Library/PrivateFrameworks/FontServices.framework/Resources/Reserved/PingFangUI.ttc
17.2232 	WARNING 	Import Error: No module named 'psychtoolbox'. Using event module for keyboard component.
19.1555 	INFO 	Loaded monitor calibration from ['2025_10_16 07:47']
19.3030 	INFO 	Using renderer 'Apple M1' for graphics
19.3031 	INFO 	OpenGL version supported by driver is 2..
19.3344 	EXP 	Created window1 = Window(allowGUI=True, allowStencil=False, autoLog=True, backendConf=UNKNOWN, backgroundFit=<method-wrapper '__getattribute__' of attributeSetter object at 0x13dd46e00>, backgroundImage=<method-wrapper '__getattribute__' of attributeSetter object at 0x13dd46da0>, bitsMode=UNKNOWN, blendMode='avg', bpc=(8, 8, 8), color=array([-1., -1., -1.]), colorSpace='rgb', depthBits=8, fullscr=True, gamma=None, gammaErrorPolicy='raise', infoMsg=UNKNOWN, lms=UNKNOWN, monitor=<psychopy.monitors.calibTools.Monitor object at 0x13ddb38e0>, multiSample=False, name='window1', numSamples=2, pos=[np.float64(0.0), np.float64(0.0)], screen=0, size=array([2880, 1800]), stencilBits=0, stereo=False, title='PsychoPy', units='height', useFBO=True, useRetina=True, viewOri=0.0, viewPos=None, viewScale=None, waitBlanking=True, winType='pyglet')
19.3344 	EXP 	window1: backgroundImage = ''
19.3344 	EXP 	window1: backgroundFit = 'none'
19.5581 	EXP 	window1: Attempting to measure frame rate of screen (0) ...
19.5582 	EXP 	window1: recordFrameIntervals = False
19.8897 	EXP 	window1: recordFrameIntervals = True
20.1965 	WARNING 	t of last frame was 30.03ms (=1/33)
20.7493 	WARNING 	Couldn't measure a consistent frame rate!
  - Is your graphics card set to sync to vertical blank?
  - Are you running other processes on your computer?

20.7508 	INFO 	keyboard.Keyboard is using ptb backend.
20.7509 	EXP 	TSST_fnirs_V4_FULL: status = STARTED
20.8060 	EXP 	Created ctl1_instruction_text = TextStim(__class__=<class 'psychopy.visual.text.TextStim'>, alignHoriz=method-wrapper(...), alignText='center', alignVert=method-wrapper(...), anchorHoriz='center', anchorVert='center', antialias=True, autoDraw=False, autoLog=True, bold=False, color=array([1., 1., 1.]), colorSpace='rgb', contrast=1.0, depth=0.0, draggable=False, flipHoriz=False, flipVert=False, font='Arial', fontFiles=[], height=np.float64(0.05), italic=False, languageStyle='LTR', name='ctl1_instruction_text', opacity=1, ori=0.0, pos=array([0., 0.]), rgb=UNKNOWN, text=str(...), units='height', win=Window(...), wrapWidth=1)
20.8060 	INFO 	keyboard.Keyboard is using ptb backend.
20.8338 	INFO 	saved data to /Users/Isaac/Documents/TSST/TSST_V4/data/814025_TSST_fnirs_V4_FULL_2025-10-16_12h49.12.043.psydat
20.8341 	INFO 	saved data to '/Users/Isaac/Documents/TSST/TSST_V4/data/814025_TSST_fnirs_V4_FULL_2025-10-16_12h49.12.043.csv'
20.9512 	WARNING 	Stopping key buffers but this could be dangerous ifother keyboards rely on the same.
