1.7864 	ERROR 	Failed to load any of the audioLibs: ['pyo']. Falling back to PsychToolbox ('ptb') backend for sound. Be sure to add 'ptb' to preferences to avoid seeing this message again.
1.9583 	WARNING 	We strongly recommend you activate the PTB sound engine in PsychoPy prefs as the preferred audio engine. Its timing is vastly superior. Your prefs are currently set to use ['pyo'] (in that order).
6.9118 	INFO 	Loaded monitor calibration from ['2026_01_20 17:10']
7.3348 	INFO 	Using renderer 'NVIDIA GeForce GTX 1660/PCIe/SSE2' for graphics
7.3348 	INFO 	OpenGL version supported by driver is 4..
7.3515 	EXP 	Created window1 = Window(allowGUI=True, allowStencil=False, autoLog=True, backendConf=UNKNOWN, backgroundFit=<method-wrapper '__getattribute__' of attributeSetter object at 0x000002AA0005D000>, backgroundImage=<method-wrapper '__getattribute__' of attributeSetter object at 0x000002AA0005CFA0>, bitsMode=UNKNOWN, blendMode='avg', bpc=(8, 8, 8), color=array([-1., -1., -1.]), colorSpace='rgb', depthBits=8, fullscr=False, gamma=None, gammaErrorPolicy='raise', infoMsg=UNKNOWN, lms=UNKNOWN, monitor=<psychopy.monitors.calibTools.Monitor object at 0x000002AA001ADDB0>, multiSample=False, name='window1', numSamples=2, pos=[np.float64(240.0), np.float64(90.0)], screen=3, size=array([1440,  900]), stencilBits=0, stereo=False, title='PsychoPy', units='height', useFBO=True, useRetina=False, viewOri=0.0, viewPos=None, viewScale=None, waitBlanking=True, winType='pyglet')
7.3515 	EXP 	window1: backgroundImage = ''
7.3516 	EXP 	window1: backgroundFit = 'none'
7.7600 	EXP 	window1: Attempting to measure frame rate of screen (3) ...
7.7600 	EXP 	window1: recordFrameIntervals = False
7.8717 	EXP 	window1: recordFrameIntervals = True
8.3495 	EXP 	Screen (3) actual frame rate measured at 146.78Hz
8.3495 	EXP 	window1: recordFrameIntervals = False
9.4134 	INFO 	keyboard.Keyboard is using ptb backend.
9.4134 	EXP 	TSST_fnirs_V4_CONTROL: status = STARTED
9.4840 	EXP 	Created ctl1_instruction_text = TextStim(__class__=<class 'psychopy.visual.text.TextStim'>, alignHoriz=method-wrapper(...), alignText='center', alignVert=method-wrapper(...), anchorHoriz='center', anchorVert='center', antialias=True, autoDraw=False, autoLog=True, bold=False, color=array([1., 1., 1.]), colorSpace='rgb', contrast=1.0, depth=0.0, draggable=False, flipHoriz=False, flipVert=False, font='Arial', fontFiles=[], height=np.float64(0.05), italic=False, languageStyle='LTR', name='ctl1_instruction_text', opacity=1, ori=0.0, pos=array([0., 0.]), rgb=UNKNOWN, text=str(...), units='height', win=Window(...), wrapWidth=1)
9.4841 	INFO 	keyboard.Keyboard is using ptb backend.
9.5016 	INFO 	Created stream for speaker device: Headphones (X10) (11.0)
9.5030 	EXP 	: sampleRate = 44100
9.5031 	EXP 	: channels = None
9.5035 	EXP 	Sound  set volume 1.000
9.5084 	INFO 	Created stream for speaker device: Headphones (X10) (11.0)
9.5094 	EXP 	: sampleRate = 44100
9.5094 	EXP 	: channels = None
9.5098 	EXP 	Sound  set volume 1.000
9.5151 	EXP 	Created fixation_cross = TextStim(__class__=<class 'psychopy.visual.text.TextStim'>, alignHoriz=method-wrapper(...), alignText='center', alignVert=method-wrapper(...), anchorHoriz='center', anchorVert='center', antialias=True, autoDraw=False, autoLog=True, bold=False, color=array([1., 1., 1.]), colorSpace='rgb', contrast=1.0, depth=0.0, draggable=False, flipHoriz=False, flipVert=False, font='Arial', fontFiles=[], height=np.float64(0.08), italic=False, languageStyle='LTR', name='fixation_cross', opacity=1, ori=0.0, pos=array([0., 0.]), rgb=UNKNOWN, text='+', units='height', win=Window(...), wrapWidth=1)
9.5165 	EXP 	Created read_number = TextStim(__class__=<class 'psychopy.visual.text.TextStim'>, alignHoriz=method-wrapper(...), alignText='center', alignVert=method-wrapper(...), anchorHoriz='center', anchorVert='center', antialias=True, autoDraw=False, autoLog=True, bold=False, color=array([1., 1., 1.]), colorSpace='rgb', contrast=1.0, depth=-1.0, draggable=False, flipHoriz=False, flipVert=False, font='Arial', fontFiles=[], height=0.07, italic=False, languageStyle='LTR', name='read_number', opacity=1, ori=0.0, pos=array([0., 0.]), rgb=UNKNOWN, text='', units='height', win=Window(...), wrapWidth=1)
9.5175 	EXP 	Created read_pausing = TextStim(__class__=<class 'psychopy.visual.text.TextStim'>, alignHoriz=method-wrapper(...), alignText='center', alignVert=method-wrapper(...), anchorHoriz='center', anchorVert='center', antialias=True, autoDraw=False, autoLog=True, bold=False, color=array([1., 1., 1.]), colorSpace='rgb', contrast=1.0, depth=0.0, draggable=False, flipHoriz=False, flipVert=False, font='Arial', fontFiles=[], height=0.07, italic=False, languageStyle='LTR', name='read_pausing', opacity=1, ori=0.0, pos=array([0., 0.]), rgb=UNKNOWN, text='', units='height', win=Window(...), wrapWidth=1)
9.5319 	EXP 	Created task_end_text = TextStim(__class__=<class 'psychopy.visual.text.TextStim'>, alignHoriz=method-wrapper(...), alignText='center', alignVert=method-wrapper(...), anchorHoriz='center', anchorVert='center', antialias=True, autoDraw=False, autoLog=True, bold=False, color=array([1., 1., 1.]), colorSpace='rgb', contrast=1.0, depth=0.0, draggable=False, flipHoriz=False, flipVert=False, font='Arial', fontFiles=[], height=np.float64(0.05), italic=False, languageStyle='LTR', name='task_end_text', opacity=1, ori=0.0, pos=array([0., 0.]), rgb=UNKNOWN, text='Please wait for the next task to begin..', units='height', win=Window(...), wrapWidth=1)
9.5628 	EXP 	Created ctl2_instruction_text = TextStim(__class__=<class 'psychopy.visual.text.TextStim'>, alignHoriz=method-wrapper(...), alignText='center', alignVert=method-wrapper(...), anchorHoriz='center', anchorVert='center', antialias=True, autoDraw=False, autoLog=True, bold=False, color=array([1., 1., 1.]), colorSpace='rgb', contrast=1.0, depth=0.0, draggable=False, flipHoriz=False, flipVert=False, font='Arial', fontFiles=[], height=np.float64(0.05), italic=False, languageStyle='LTR', name='ctl2_instruction_text', opacity=1, ori=0.0, pos=array([0., 0.]), rgb=UNKNOWN, text=str(...), units='height', win=Window(...), wrapWidth=1)
9.5659 	EXP 	Created fixation_cross = TextStim(__class__=<class 'psychopy.visual.text.TextStim'>, alignHoriz=method-wrapper(...), alignText='center', alignVert=method-wrapper(...), anchorHoriz='center', anchorVert='center', antialias=True, autoDraw=False, autoLog=True, bold=False, color=array([1., 1., 1.]), colorSpace='rgb', contrast=1.0, depth=0.0, draggable=False, flipHoriz=False, flipVert=False, font='Arial', fontFiles=[], height=np.float64(0.08), italic=False, languageStyle='LTR', name='fixation_cross', opacity=1, ori=0.0, pos=array([0., 0.]), rgb=UNKNOWN, text='+', units='height', win=Window(...), wrapWidth=1)
9.5670 	EXP 	Created subtract_number = TextStim(__class__=<class 'psychopy.visual.text.TextStim'>, alignHoriz=method-wrapper(...), alignText='center', alignVert=method-wrapper(...), anchorHoriz='center', anchorVert='center', antialias=True, autoDraw=False, autoLog=True, bold=False, color=array([1., 1., 1.]), colorSpace='rgb', contrast=1.0, depth=-1.0, draggable=False, flipHoriz=False, flipVert=False, font='Arial', fontFiles=[], height=0.07, italic=False, languageStyle='LTR', name='subtract_number', opacity=1, ori=0.0, pos=array([0., 0.]), rgb=UNKNOWN, text='', units='height', win=Window(...), wrapWidth=1)
9.5679 	EXP 	Created subtract_pausing = TextStim(__class__=<class 'psychopy.visual.text.TextStim'>, alignHoriz=method-wrapper(...), alignText='center', alignVert=method-wrapper(...), anchorHoriz='center', anchorVert='center', antialias=True, autoDraw=False, autoLog=True, bold=False, color=array([1., 1., 1.]), colorSpace='rgb', contrast=1.0, depth=0.0, draggable=False, flipHoriz=False, flipVert=False, font='Arial', fontFiles=[], height=0.07, italic=False, languageStyle='LTR', name='subtract_pausing', opacity=1, ori=0.0, pos=array([0., 0.]), rgb=UNKNOWN, text='', units='height', win=Window(...), wrapWidth=1)
9.5718 	EXP 	Created task_end_text = TextStim(__class__=<class 'psychopy.visual.text.TextStim'>, alignHoriz=method-wrapper(...), alignText='center', alignVert=method-wrapper(...), anchorHoriz='center', anchorVert='center', antialias=True, autoDraw=False, autoLog=True, bold=False, color=array([1., 1., 1.]), colorSpace='rgb', contrast=1.0, depth=0.0, draggable=False, flipHoriz=False, flipVert=False, font='Arial', fontFiles=[], height=np.float64(0.05), italic=False, languageStyle='LTR', name='task_end_text', opacity=1, ori=0.0, pos=array([0., 0.]), rgb=UNKNOWN, text='Please wait for the next task to begin..', units='height', win=Window(...), wrapWidth=1)
0.1588 	INFO 	Keyboard events cleared
0.1631 	EXP 	ctl1_instruction_text: autoDraw = True
19.4801 	DATA 	Mouse: Left button down, pos=(242,766)
19.6187 	DATA 	Mouse:  Left button up, pos=(224,803)
19.8411 	DATA 	Mouse: Left button down, pos=(60,495)
19.9660 	DATA 	Mouse:  Left button up, pos=(-2,282)
21.8700 	DATA 	Mouse: Left button down, pos=(1277,904)
21.9678 	DATA 	Mouse:  Left button up, pos=(1277,910)
23.6677 	DATA 	Mouse: Left button down, pos=(1237,916)
23.8626 	DATA 	Mouse:  Left button up, pos=(1237,913)
32.3339 	DATA 	Mouse: Left button down, pos=(1376,318)
32.4592 	DATA 	Mouse:  Left button up, pos=(1375,327)
41.0976 	DATA 	Mouse: Left button down, pos=(860,571)
41.1947 	DATA 	Mouse:  Left button up, pos=(858,570)
47.7754 	EXP 	Device response: <KeyPress from None: t=47.76966160000302, value=escape, duration=None>
47.7772 	DATA 	Keypress: escape
47.9644 	EXP 	Device response: <KeyPress from None: t=47.76966160000302, value=escape, duration=0.1919989000307396>
47.9645 	EXP 	TSST_fnirs_V4_CONTROL: status = STOPPED
47.9711 	EXP 	ctl1_instruction_text: autoDraw = False
47.9712 	EXP 	TSST_fnirs_V4_CONTROL: status = STOPPED
47.9779 	INFO 	saved data to 'c:\\Users\\MSVU\\Documents\\GitHub\\fNIRS_TSST_PsychoPy\\data\\832943_TSST_fnirs_V4_CONTROL_2026-01-22_18h07.21.140.csv'
47.9786 	INFO 	saved data to c:\Users\MSVU\Documents\GitHub\fNIRS_TSST_PsychoPy\data\832943_TSST_fnirs_V4_CONTROL_2026-01-22_18h07.21.140.psydat
48.2080 	WARNING 	Stopping key buffers but this could be dangerous ifother keyboards rely on the same.
48.2633 	WARNING 	Stopping key buffers but this could be dangerous ifother keyboards rely on the same.
