5.5019 	INFO 	Loaded monitor calibration from ['2024_08_14 14:13']
5.7026 	WARNING 	User requested fullscreen with size [1440  900], but screen is actually [3840, 2160]. Using actual size
6.0239 	EXP 	Created window1 = Window(allowGUI=True, allowStencil=False, autoLog=True, backendConf=UNKNOWN, backgroundFit=<method-wrapper '__getattribute__' of attributeSetter object at 0x0000019B814B33D0>, backgroundImage=<method-wrapper '__getattribute__' of attributeSetter object at 0x0000019B814B3370>, bitsMode=UNKNOWN, blendMode='avg', bpc=(8, 8, 8), color=array([-1., -1., -1.]), colorSpace='rgb', depthBits=8, fullscr=<method-wrapper '__getattribute__' of attributeSetter object at 0x0000019B814B31C0>, gamma=None, gammaErrorPolicy='raise', infoMsg=UNKNOWN, lms=UNKNOWN, monitor=<psychopy.monitors.calibTools.Monitor object at 0x0000019B8160CA00>, multiSample=False, name='window1', numSamples=2, pos=[0.0, 0.0], screen=2, size=array([3840, 2160]), stencilBits=0, stereo=False, title='PsychoPy', units='height', useFBO=True, useRetina=False, viewOri=0.0, viewPos=None, viewScale=None, waitBlanking=True, winType='pyglet')
6.0239 	EXP 	window1: backgroundImage = ''
6.0240 	EXP 	window1: backgroundFit = 'none'
6.0242 	EXP 	window1: mouseVisible = <method-wrapper '__getattribute__' of attributeSetter object at 0x0000019B814B34F0>
6.0243 	EXP 	window1: mouseVisible = <method-wrapper '__getattribute__' of attributeSetter object at 0x0000019B814B34F0>
6.0270 	EXP 	window1: mouseVisible = <method-wrapper '__getattribute__' of attributeSetter object at 0x0000019B814B34F0>
6.0280 	EXP 	window1: mouseVisible = <method-wrapper '__getattribute__' of attributeSetter object at 0x0000019B814B34F0>
6.2177 	EXP 	window1: mouseVisible = <method-wrapper '__getattribute__' of attributeSetter object at 0x0000019B814B34F0>
6.2179 	EXP 	window1: mouseVisible = <method-wrapper '__getattribute__' of attributeSetter object at 0x0000019B814B34F0>
6.2191 	EXP 	window1: mouseVisible = <method-wrapper '__getattribute__' of attributeSetter object at 0x0000019B814B34F0>
6.2201 	EXP 	window1: mouseVisible = <method-wrapper '__getattribute__' of attributeSetter object at 0x0000019B814B34F0>
6.2713 	EXP 	window1: Attempting to measure frame rate of screen (2) ...
6.2714 	EXP 	window1: recordFrameIntervals = False
6.4365 	EXP 	window1: recordFrameIntervals = True
6.6201 	EXP 	Screen (2) actual frame rate measured at 60.01Hz
6.6201 	EXP 	window1: recordFrameIntervals = False
6.6203 	EXP 	window1: mouseVisible = False
7.5886 	INFO 	keyboard.Keyboard is using ptb backend.
7.6556 	EXP 	TSST_fnirs_V4_CONTROL: status = STARTED
7.6562 	EXP 	window1: mouseVisible = False
7.7627 	EXP 	Created ctl1_instruction_text = TextStim(__class__=<class 'psychopy.visual.text.TextStim'>, alignHoriz=method-wrapper(...), alignText='center', alignVert=method-wrapper(...), anchorHoriz='center', anchorVert='center', antialias=True, autoDraw=False, autoLog=True, bold=False, color=array([1., 1., 1.]), colorSpace='rgb', contrast=1.0, depth=0.0, draggable=False, flipHoriz=False, flipVert=False, font='Arial', fontFiles=[], height=0.05, italic=False, languageStyle='LTR', name='ctl1_instruction_text', opacity=1, ori=0.0, pos=array([0., 0.]), rgb=UNKNOWN, text=str(...), units='height', win=Window(...), wrapWidth=1)
7.7628 	INFO 	keyboard.Keyboard is using ptb backend.
7.7629 	EXP 	window1: mouseVisible = False
7.7928 	EXP 	Sound start_tone set volume 1.000
7.7930 	EXP 	window1: mouseVisible = False
7.7956 	EXP 	Created read_number = TextStim(__class__=<class 'psychopy.visual.text.TextStim'>, alignHoriz=method-wrapper(...), alignText='center', alignVert=method-wrapper(...), anchorHoriz='center', anchorVert='center', antialias=True, autoDraw=False, autoLog=True, bold=False, color=array([1., 1., 1.]), colorSpace='rgb', contrast=1.0, depth=-2.0, draggable=False, flipHoriz=False, flipVert=False, font='Arial', fontFiles=[], height=0.07, italic=False, languageStyle='LTR', name='read_number', opacity=1, ori=0.0, pos=array([0., 0.]), rgb=UNKNOWN, text='', units='height', win=Window(...), wrapWidth=1)
7.7961 	EXP 	Sound start_pause_tone set volume 1.000
7.7962 	EXP 	window1: mouseVisible = False
7.7977 	EXP 	Created read_pausing = TextStim(__class__=<class 'psychopy.visual.text.TextStim'>, alignHoriz=method-wrapper(...), alignText='center', alignVert=method-wrapper(...), anchorHoriz='center', anchorVert='center', antialias=True, autoDraw=False, autoLog=True, bold=False, color=array([1., 1., 1.]), colorSpace='rgb', contrast=1.0, depth=-1.0, draggable=False, flipHoriz=False, flipVert=False, font='Arial', fontFiles=[], height=0.07, italic=False, languageStyle='LTR', name='read_pausing', opacity=1, ori=0.0, pos=array([0., 0.]), rgb=UNKNOWN, text='', units='height', win=Window(...), wrapWidth=1)
7.7978 	EXP 	window1: mouseVisible = False
7.8589 	EXP 	Created ctl2_instruction_text = TextStim(__class__=<class 'psychopy.visual.text.TextStim'>, alignHoriz=method-wrapper(...), alignText='center', alignVert=method-wrapper(...), anchorHoriz='center', anchorVert='center', antialias=True, autoDraw=False, autoLog=True, bold=False, color=array([1., 1., 1.]), colorSpace='rgb', contrast=1.0, depth=0.0, draggable=False, flipHoriz=False, flipVert=False, font='Arial', fontFiles=[], height=0.05, italic=False, languageStyle='LTR', name='ctl2_instruction_text', opacity=1, ori=0.0, pos=array([0., 0.]), rgb=UNKNOWN, text=str(...), units='height', win=Window(...), wrapWidth=1)
7.8593 	EXP 	Sound start_tone_2 set volume 1.000
7.8595 	EXP 	window1: mouseVisible = False
7.8609 	EXP 	Created subtract_number = TextStim(__class__=<class 'psychopy.visual.text.TextStim'>, alignHoriz=method-wrapper(...), alignText='center', alignVert=method-wrapper(...), anchorHoriz='center', anchorVert='center', antialias=True, autoDraw=False, autoLog=True, bold=False, color=array([1., 1., 1.]), colorSpace='rgb', contrast=1.0, depth=-2.0, draggable=False, flipHoriz=False, flipVert=False, font='Arial', fontFiles=[], height=0.07, italic=False, languageStyle='LTR', name='subtract_number', opacity=1, ori=0.0, pos=array([0., 0.]), rgb=UNKNOWN, text='', units='height', win=Window(...), wrapWidth=1)
7.8613 	EXP 	Sound start_pause_tone_2 set volume 1.000
7.8615 	EXP 	window1: mouseVisible = False
7.8628 	EXP 	Created subtract_pausing = TextStim(__class__=<class 'psychopy.visual.text.TextStim'>, alignHoriz=method-wrapper(...), alignText='center', alignVert=method-wrapper(...), anchorHoriz='center', anchorVert='center', antialias=True, autoDraw=False, autoLog=True, bold=False, color=array([1., 1., 1.]), colorSpace='rgb', contrast=1.0, depth=-1.0, draggable=False, flipHoriz=False, flipVert=False, font='Arial', fontFiles=[], height=0.07, italic=False, languageStyle='LTR', name='subtract_pausing', opacity=1, ori=0.0, pos=array([0., 0.]), rgb=UNKNOWN, text='', units='height', win=Window(...), wrapWidth=1)
7.8630 	EXP 	window1: mouseVisible = False
7.8714 	EXP 	Created task_end_text = TextStim(__class__=<class 'psychopy.visual.text.TextStim'>, alignHoriz=method-wrapper(...), alignText='center', alignVert=method-wrapper(...), anchorHoriz='center', anchorVert='center', antialias=True, autoDraw=False, autoLog=True, bold=False, color=array([1., 1., 1.]), colorSpace='rgb', contrast=1.0, depth=0.0, draggable=False, flipHoriz=False, flipVert=False, font='Arial', fontFiles=[], height=0.05, italic=False, languageStyle='LTR', name='task_end_text', opacity=1, ori=0.0, pos=array([0., 0.]), rgb=UNKNOWN, text='Please wait for the next task to begin..', units='height', win=Window(...), wrapWidth=1)
0.0830 	INFO 	Keyboard events cleared
0.0831 	EXP 	window1: mouseVisible = False
0.0887 	EXP 	ctl1_instruction_text: autoDraw = True
12.9330 	INFO 	Keyboard events cleared
12.9334 	EXP 	Created sequence: sequential, trialTypes=1, nReps=6, seed=None
12.9336 	EXP 	New trial (rep=0, index=0): None
12.9337 	EXP 	window1: mouseVisible = False
12.9337 	INFO 	Keyboard events cleared
12.9399 	EXP 	Sound start_tone reached end of file
12.9452 	EXP 	Sound start_tone started
12.9406 	DATA 	Keypress: return
12.9422 	EXP 	ctl1_instruction_text: autoDraw = False
12.9422 	EXP 	read_number: height = 0.07
12.9422 	EXP 	read_number: height = 0.07
12.9422 	EXP 	read_number: height = 0.07
12.9422 	EXP 	read_number: text = 1022
13.1407 	EXP 	Sound start_tone stopped
13.1408 	EXP 	Sound start_tone reached end of file
13.1451 	EXP 	read_number: autoDraw = True
22.8628 	DATA 	Keypress: space
22.8715 	EXP 	read_number: height = 0.07
22.8715 	EXP 	read_number: height = 0.07
22.8715 	EXP 	read_number: height = 0.07
22.8715 	EXP 	read_number: text = '1009'
23.1228 	DATA 	Keypress: space
23.1241 	EXP 	read_number: height = 0.07
23.1241 	EXP 	read_number: height = 0.07
23.1241 	EXP 	read_number: height = 0.07
23.1241 	EXP 	read_number: text = '996'
23.2115 	DATA 	Keypress: space
23.2217 	EXP 	read_number: height = 0.07
23.2217 	EXP 	read_number: height = 0.07
23.2217 	EXP 	read_number: height = 0.07
23.2217 	EXP 	read_number: text = '983'
23.3779 	DATA 	Keypress: space
23.3885 	EXP 	read_number: height = 0.07
23.3885 	EXP 	read_number: height = 0.07
23.3885 	EXP 	read_number: height = 0.07
23.3885 	EXP 	read_number: text = '970'
23.5103 	DATA 	Keypress: space
23.5221 	EXP 	read_number: height = 0.07
23.5221 	EXP 	read_number: height = 0.07
23.5221 	EXP 	read_number: height = 0.07
23.5221 	EXP 	read_number: text = '957'
23.6604 	DATA 	Keypress: space
23.6724 	EXP 	read_number: height = 0.07
23.6724 	EXP 	read_number: height = 0.07
23.6724 	EXP 	read_number: height = 0.07
23.6724 	EXP 	read_number: text = '944'
23.8262 	DATA 	Keypress: space
23.8393 	EXP 	read_number: height = 0.07
23.8393 	EXP 	read_number: height = 0.07
23.8393 	EXP 	read_number: height = 0.07
23.8393 	EXP 	read_number: text = '931'
23.9925 	DATA 	Keypress: space
24.0059 	EXP 	read_number: height = 0.07
24.0059 	EXP 	read_number: height = 0.07
24.0059 	EXP 	read_number: height = 0.07
24.0059 	EXP 	read_number: text = '918'
24.1433 	DATA 	Keypress: space
24.1559 	EXP 	read_number: height = 0.07
24.1559 	EXP 	read_number: height = 0.07
24.1559 	EXP 	read_number: height = 0.07
24.1559 	EXP 	read_number: text = '905'
24.3101 	DATA 	Keypress: space
24.3227 	EXP 	read_number: height = 0.07
24.3227 	EXP 	read_number: height = 0.07
24.3227 	EXP 	read_number: height = 0.07
24.3227 	EXP 	read_number: text = '892'
24.4764 	DATA 	Keypress: space
24.4895 	EXP 	read_number: height = 0.07
24.4895 	EXP 	read_number: height = 0.07
24.4895 	EXP 	read_number: height = 0.07
24.4895 	EXP 	read_number: text = '879'
24.6432 	DATA 	Keypress: space
24.6567 	EXP 	read_number: height = 0.07
24.6567 	EXP 	read_number: height = 0.07
24.6567 	EXP 	read_number: height = 0.07
24.6567 	EXP 	read_number: text = '866'
25.0935 	DATA 	Keypress: space
25.1072 	EXP 	read_number: height = 0.07
25.1072 	EXP 	read_number: height = 0.07
25.1072 	EXP 	read_number: height = 0.07
25.1072 	EXP 	read_number: text = '853'
25.2625 	DATA 	Keypress: space
25.2737 	EXP 	read_number: height = 0.07
25.2737 	EXP 	read_number: height = 0.07
25.2737 	EXP 	read_number: height = 0.07
25.2737 	EXP 	read_number: text = '840'
25.4112 	DATA 	Keypress: space
25.4241 	EXP 	read_number: height = 0.07
25.4241 	EXP 	read_number: height = 0.07
25.4241 	EXP 	read_number: height = 0.07
25.4241 	EXP 	read_number: text = '827'
25.5614 	DATA 	Keypress: space
25.5741 	EXP 	read_number: height = 0.07
25.5741 	EXP 	read_number: height = 0.07
25.5741 	EXP 	read_number: height = 0.07
25.5741 	EXP 	read_number: text = '814'
25.7279 	DATA 	Keypress: space
25.7415 	EXP 	read_number: height = 0.07
25.7415 	EXP 	read_number: height = 0.07
25.7415 	EXP 	read_number: height = 0.07
25.7415 	EXP 	read_number: text = '801'
25.8782 	DATA 	Keypress: space
25.8910 	EXP 	read_number: height = 0.07
25.8910 	EXP 	read_number: height = 0.07
25.8910 	EXP 	read_number: height = 0.07
25.8910 	EXP 	read_number: text = '788'
26.0607 	DATA 	Keypress: space
26.0743 	EXP 	read_number: height = 0.07
26.0743 	EXP 	read_number: height = 0.07
26.0743 	EXP 	read_number: height = 0.07
26.0743 	EXP 	read_number: text = '775'
26.1790 	DATA 	Keypress: space
26.1912 	EXP 	read_number: height = 0.07
26.1912 	EXP 	read_number: height = 0.07
26.1912 	EXP 	read_number: height = 0.07
26.1912 	EXP 	read_number: text = '762'
26.3428 	DATA 	Keypress: space
26.3747 	EXP 	read_number: height = 0.07
26.3747 	EXP 	read_number: height = 0.07
26.3747 	EXP 	read_number: height = 0.07
26.3747 	EXP 	read_number: text = '749'
26.5115 	DATA 	Keypress: space
26.5252 	EXP 	read_number: height = 0.07
26.5252 	EXP 	read_number: height = 0.07
26.5252 	EXP 	read_number: height = 0.07
26.5252 	EXP 	read_number: text = '736'
26.6788 	DATA 	Keypress: space
26.6918 	EXP 	read_number: height = 0.07
26.6918 	EXP 	read_number: height = 0.07
26.6918 	EXP 	read_number: height = 0.07
26.6918 	EXP 	read_number: text = '723'
26.8455 	DATA 	Keypress: space
26.8585 	EXP 	read_number: height = 0.07
26.8585 	EXP 	read_number: height = 0.07
26.8585 	EXP 	read_number: height = 0.07
26.8585 	EXP 	read_number: text = '710'
26.9959 	DATA 	Keypress: space
27.0089 	EXP 	read_number: height = 0.07
27.0089 	EXP 	read_number: height = 0.07
27.0089 	EXP 	read_number: height = 0.07
27.0089 	EXP 	read_number: text = '697'
27.1456 	DATA 	Keypress: space
27.1587 	EXP 	read_number: height = 0.07
27.1587 	EXP 	read_number: height = 0.07
27.1587 	EXP 	read_number: height = 0.07
27.1587 	EXP 	read_number: text = '684'
27.2972 	DATA 	Keypress: space
27.3089 	EXP 	read_number: height = 0.07
27.3089 	EXP 	read_number: height = 0.07
27.3089 	EXP 	read_number: height = 0.07
27.3089 	EXP 	read_number: text = '671'
27.4629 	DATA 	Keypress: space
27.4757 	EXP 	read_number: height = 0.07
27.4757 	EXP 	read_number: height = 0.07
27.4757 	EXP 	read_number: height = 0.07
27.4757 	EXP 	read_number: text = '658'
27.5802 	DATA 	Keypress: space
27.5925 	EXP 	read_number: height = 0.07
27.5925 	EXP 	read_number: height = 0.07
27.5925 	EXP 	read_number: height = 0.07
27.5925 	EXP 	read_number: text = '645'
28.2304 	DATA 	Keypress: space
28.2431 	EXP 	read_number: height = 0.07
28.2431 	EXP 	read_number: height = 0.07
28.2431 	EXP 	read_number: height = 0.07
28.2431 	EXP 	read_number: text = '632'
28.3970 	DATA 	Keypress: space
28.4099 	EXP 	read_number: height = 0.07
28.4099 	EXP 	read_number: height = 0.07
28.4099 	EXP 	read_number: height = 0.07
28.4099 	EXP 	read_number: text = '619'
30.6656 	DATA 	Keypress: space
30.6787 	EXP 	read_number: height = 0.07
30.6787 	EXP 	read_number: height = 0.07
30.6787 	EXP 	read_number: height = 0.07
30.6787 	EXP 	read_number: text = '606'
30.7832 	DATA 	Keypress: space
30.7955 	EXP 	read_number: height = 0.07
30.7955 	EXP 	read_number: height = 0.07
30.7955 	EXP 	read_number: height = 0.07
30.7955 	EXP 	read_number: text = '593'
30.9346 	DATA 	Keypress: space
30.9458 	EXP 	read_number: height = 0.07
30.9458 	EXP 	read_number: height = 0.07
30.9458 	EXP 	read_number: height = 0.07
30.9458 	EXP 	read_number: text = '580'
31.0649 	DATA 	Keypress: space
31.0958 	EXP 	read_number: height = 0.07
31.0958 	EXP 	read_number: height = 0.07
31.0958 	EXP 	read_number: height = 0.07
31.0958 	EXP 	read_number: text = '567'
31.5832 	DATA 	Keypress: space
31.5967 	EXP 	read_number: height = 0.07
31.5967 	EXP 	read_number: height = 0.07
31.5967 	EXP 	read_number: height = 0.07
31.5967 	EXP 	read_number: text = '554'
31.6839 	DATA 	Keypress: space
31.6968 	EXP 	read_number: height = 0.07
31.6968 	EXP 	read_number: height = 0.07
31.6968 	EXP 	read_number: height = 0.07
31.6968 	EXP 	read_number: text = '541'
31.8346 	DATA 	Keypress: space
31.8465 	EXP 	read_number: height = 0.07
31.8465 	EXP 	read_number: height = 0.07
31.8465 	EXP 	read_number: height = 0.07
31.8465 	EXP 	read_number: text = '528'
32.0002 	DATA 	Keypress: space
32.0134 	EXP 	read_number: height = 0.07
32.0134 	EXP 	read_number: height = 0.07
32.0134 	EXP 	read_number: height = 0.07
32.0134 	EXP 	read_number: text = '515'
36.9885 	DATA 	Keypress: space
37.0015 	EXP 	read_number: height = 0.07
37.0015 	EXP 	read_number: height = 0.07
37.0015 	EXP 	read_number: height = 0.07
37.0015 	EXP 	read_number: text = '502'
37.2053 	DATA 	Keypress: space
37.2184 	EXP 	read_number: height = 0.07
37.2184 	EXP 	read_number: height = 0.07
37.2184 	EXP 	read_number: height = 0.07
37.2184 	EXP 	read_number: text = '489'
37.3531 	DATA 	Keypress: space
37.3852 	EXP 	read_number: height = 0.07
37.3852 	EXP 	read_number: height = 0.07
37.3852 	EXP 	read_number: height = 0.07
37.3852 	EXP 	read_number: text = '476'
37.5059 	DATA 	Keypress: space
37.5186 	EXP 	read_number: height = 0.07
37.5186 	EXP 	read_number: height = 0.07
37.5186 	EXP 	read_number: height = 0.07
37.5186 	EXP 	read_number: text = '463'
52.9434 	EXP 	window1: mouseVisible = False
52.9436 	EXP 	Sound start_pause_tone reached end of file
52.9503 	EXP 	Sound start_pause_tone started
52.9501 	EXP 	read_number: autoDraw = False
52.9501 	EXP 	read_number: autoDraw = False
52.9501 	EXP 	read_pausing: height = 0.07
52.9501 	EXP 	read_pausing: height = 0.07
52.9501 	EXP 	read_pausing: height = 0.07
52.9501 	EXP 	read_pausing: text = 'PAUSE'
52.9501 	EXP 	read_pausing: autoDraw = True
53.1506 	EXP 	Sound start_pause_tone stopped
53.1507 	EXP 	Sound start_pause_tone reached end of file
72.9361 	EXP 	New trial (rep=1, index=0): None
72.9362 	EXP 	window1: mouseVisible = False
72.9362 	INFO 	Keyboard events cleared
72.9390 	EXP 	Sound start_tone reached end of file
72.9523 	EXP 	Sound start_tone started
72.9524 	EXP 	read_pausing: autoDraw = False
72.9524 	EXP 	read_number: height = 0.07
72.9524 	EXP 	read_number: height = 0.07
72.9524 	EXP 	read_number: height = 0.07
72.9524 	EXP 	read_number: text = 463
73.1360 	EXP 	read_number: autoDraw = True
73.1505 	EXP 	Sound start_tone stopped
73.1505 	EXP 	Sound start_tone reached end of file
82.4628 	DATA 	Keypress: space
82.4948 	EXP 	read_number: height = 0.07
82.4948 	EXP 	read_number: height = 0.07
82.4948 	EXP 	read_number: height = 0.07
82.4948 	EXP 	read_number: text = '450'
82.6492 	DATA 	Keypress: space
82.6617 	EXP 	read_number: height = 0.07
82.6617 	EXP 	read_number: height = 0.07
82.6617 	EXP 	read_number: height = 0.07
82.6617 	EXP 	read_number: text = '437'
82.8152 	DATA 	Keypress: space
82.8284 	EXP 	read_number: height = 0.07
82.8284 	EXP 	read_number: height = 0.07
82.8284 	EXP 	read_number: height = 0.07
82.8284 	EXP 	read_number: text = '424'
82.9653 	DATA 	Keypress: space
82.9786 	EXP 	read_number: height = 0.07
82.9786 	EXP 	read_number: height = 0.07
82.9786 	EXP 	read_number: height = 0.07
82.9786 	EXP 	read_number: text = '411'
83.1327 	DATA 	Keypress: space
83.1456 	EXP 	read_number: height = 0.07
83.1456 	EXP 	read_number: height = 0.07
83.1456 	EXP 	read_number: height = 0.07
83.1456 	EXP 	read_number: text = '398'
83.2997 	DATA 	Keypress: space
83.3124 	EXP 	read_number: height = 0.07
83.3124 	EXP 	read_number: height = 0.07
83.3124 	EXP 	read_number: height = 0.07
83.3124 	EXP 	read_number: text = '385'
83.4325 	DATA 	Keypress: space
83.4457 	EXP 	read_number: height = 0.07
83.4457 	EXP 	read_number: height = 0.07
83.4457 	EXP 	read_number: height = 0.07
83.4457 	EXP 	read_number: text = '372'
83.6167 	DATA 	Keypress: space
83.6294 	EXP 	read_number: height = 0.07
83.6294 	EXP 	read_number: height = 0.07
83.6294 	EXP 	read_number: height = 0.07
83.6294 	EXP 	read_number: text = '359'
83.7671 	DATA 	Keypress: space
83.7793 	EXP 	read_number: height = 0.07
83.7793 	EXP 	read_number: height = 0.07
83.7793 	EXP 	read_number: height = 0.07
83.7793 	EXP 	read_number: text = '346'
84.3813 	EXP 	window1: mouseVisible = False
84.3814 	INFO 	Keyboard events cleared
84.3815 	EXP 	window1: mouseVisible = False
84.3852 	DATA 	Keypress: s
84.3966 	EXP 	read_number: autoDraw = False
84.3966 	EXP 	read_pausing: text = 'PAUSE'
84.3966 	EXP 	read_pausing: autoDraw = False
84.3966 	EXP 	ctl2_instruction_text: autoDraw = True
85.5813 	INFO 	Keyboard events cleared
85.6102 	EXP 	Imported stims/CTL2.xlsx as conditions, 6 conditions, 2 params
85.6106 	EXP 	Created sequence: sequential, trialTypes=6, nReps=1, seed=None
85.6108 	EXP 	New trial (rep=0, index=0): {'Block': 1, 'StartingNumber': 1659}
85.6109 	EXP 	window1: mouseVisible = False
85.6139 	EXP 	Sound start_tone_2 reached end of file
85.6143 	EXP 	Sound start_tone_2 started
85.6161 	DATA 	Keypress: return
85.6177 	EXP 	ctl2_instruction_text: autoDraw = False
85.6177 	EXP 	subtract_number: height = 0.07
85.6177 	EXP 	subtract_number: height = 0.07
85.6177 	EXP 	subtract_number: height = 0.07
85.6177 	EXP 	subtract_number: text = 1659
85.6177 	EXP 	subtract_number: autoDraw = True
85.8105 	EXP 	Sound start_tone_2 stopped
85.8107 	EXP 	Sound start_tone_2 reached end of file
86.5676 	DATA 	Keypress: return
86.9007 	DATA 	Keypress: space
87.6011 	DATA 	Keypress: space
87.8013 	DATA 	Keypress: space
87.9849 	DATA 	Keypress: space
88.1527 	DATA 	Keypress: space
88.6374 	EXP 	window1: mouseVisible = False
88.6375 	INFO 	Keyboard events cleared
88.6375 	EXP 	window1: mouseVisible = False
88.6401 	DATA 	Keypress: s
88.6508 	EXP 	subtract_number: autoDraw = False
88.6508 	EXP 	subtract_pausing: height = 0.07
88.6508 	EXP 	subtract_pausing: height = 0.07
88.6508 	EXP 	subtract_pausing: height = 0.07
88.6508 	EXP 	subtract_pausing: text = 'PAUSE'
88.6508 	EXP 	subtract_pausing: autoDraw = False
88.6508 	EXP 	task_end_text: autoDraw = True
92.0542 	INFO 	Keyboard events cleared
92.0547 	DATA 	Keypress: return
92.0707 	EXP 	task_end_text: autoDraw = False
92.0708 	EXP 	TSST_fnirs_V4_CONTROL: status = STOPPED
92.1058 	INFO 	saved data to 'c:\\Users\\neuro\\GitHub\\fNIRS_TSST_PsychoPy\\data/887910_TSST_fnirs_V4_CONTROL_2025-11-27_10h01.48.294.csv'
92.1068 	INFO 	saved data to c:\Users\neuro\GitHub\fNIRS_TSST_PsychoPy\data/887910_TSST_fnirs_V4_CONTROL_2025-11-27_10h01.48.294.psydat
92.1749 	EXP 	window1: mouseVisible = True
92.2010 	WARNING 	Stopping key buffers but this could be dangerous ifother keyboards rely on the same.
92.2818 	WARNING 	Stopping key buffers but this could be dangerous ifother keyboards rely on the same.
