10.5538 	INFO 	Loaded monitor calibration from ['2024_08_14 14:13']
10.7677 	WARNING 	User requested fullscreen with size [1440  900], but screen is actually [3840, 2160]. Using actual size
11.0849 	EXP 	Created window1 = Window(allowGUI=True, allowStencil=False, autoLog=True, backendConf=UNKNOWN, backgroundFit=<method-wrapper '__getattribute__' of attributeSetter object at 0x000001998D7433D0>, backgroundImage=<method-wrapper '__getattribute__' of attributeSetter object at 0x000001998D743370>, bitsMode=UNKNOWN, blendMode='avg', bpc=(8, 8, 8), color=array([-1., -1., -1.]), colorSpace='rgb', depthBits=8, fullscr=<method-wrapper '__getattribute__' of attributeSetter object at 0x000001998D7431C0>, gamma=None, gammaErrorPolicy='raise', infoMsg=UNKNOWN, lms=UNKNOWN, monitor=<psychopy.monitors.calibTools.Monitor object at 0x000001998D86CA00>, multiSample=False, name='window1', numSamples=2, pos=[0.0, 0.0], screen=2, size=array([3840, 2160]), stencilBits=0, stereo=False, title='PsychoPy', units='height', useFBO=True, useRetina=False, viewOri=0.0, viewPos=None, viewScale=None, waitBlanking=True, winType='pyglet')
11.0850 	EXP 	window1: backgroundImage = ''
11.0850 	EXP 	window1: backgroundFit = 'none'
11.0852 	EXP 	window1: mouseVisible = <method-wrapper '__getattribute__' of attributeSetter object at 0x000001998D7434F0>
11.0853 	EXP 	window1: mouseVisible = <method-wrapper '__getattribute__' of attributeSetter object at 0x000001998D7434F0>
11.0881 	EXP 	window1: mouseVisible = <method-wrapper '__getattribute__' of attributeSetter object at 0x000001998D7434F0>
11.0890 	EXP 	window1: mouseVisible = <method-wrapper '__getattribute__' of attributeSetter object at 0x000001998D7434F0>
11.2741 	EXP 	window1: mouseVisible = <method-wrapper '__getattribute__' of attributeSetter object at 0x000001998D7434F0>
11.2743 	EXP 	window1: mouseVisible = <method-wrapper '__getattribute__' of attributeSetter object at 0x000001998D7434F0>
11.2752 	EXP 	window1: mouseVisible = <method-wrapper '__getattribute__' of attributeSetter object at 0x000001998D7434F0>
11.2762 	EXP 	window1: mouseVisible = <method-wrapper '__getattribute__' of attributeSetter object at 0x000001998D7434F0>
11.3237 	EXP 	window1: Attempting to measure frame rate of screen (2) ...
11.3238 	EXP 	window1: recordFrameIntervals = False
11.4827 	EXP 	window1: recordFrameIntervals = True
11.6658 	EXP 	Screen (2) actual frame rate measured at 60.03Hz
11.6658 	EXP 	window1: recordFrameIntervals = False
11.6659 	EXP 	window1: mouseVisible = False
12.6338 	INFO 	keyboard.Keyboard is using ptb backend.
12.6871 	EXP 	TSST_fnirs_V4_CONTROL: status = STARTED
12.6875 	EXP 	window1: mouseVisible = False
12.7849 	EXP 	Created ctl1_instruction_text = TextStim(__class__=<class 'psychopy.visual.text.TextStim'>, alignHoriz=method-wrapper(...), alignText='center', alignVert=method-wrapper(...), anchorHoriz='center', anchorVert='center', antialias=True, autoDraw=False, autoLog=True, bold=False, color=array([1., 1., 1.]), colorSpace='rgb', contrast=1.0, depth=0.0, draggable=False, flipHoriz=False, flipVert=False, font='Arial', fontFiles=[], height=0.05, italic=False, languageStyle='LTR', name='ctl1_instruction_text', opacity=1, ori=0.0, pos=array([0., 0.]), rgb=UNKNOWN, text=str(...), units='height', win=Window(...), wrapWidth=1)
12.7850 	INFO 	keyboard.Keyboard is using ptb backend.
12.7850 	EXP 	window1: mouseVisible = False
12.8085 	EXP 	Sound start_tone set volume 1.000
12.8086 	EXP 	window1: mouseVisible = False
12.8101 	EXP 	Created read_number = TextStim(__class__=<class 'psychopy.visual.text.TextStim'>, alignHoriz=method-wrapper(...), alignText='center', alignVert=method-wrapper(...), anchorHoriz='center', anchorVert='center', antialias=True, autoDraw=False, autoLog=True, bold=False, color=array([1., 1., 1.]), colorSpace='rgb', contrast=1.0, depth=-2.0, draggable=False, flipHoriz=False, flipVert=False, font='Arial', fontFiles=[], height=0.07, italic=False, languageStyle='LTR', name='read_number', opacity=1, ori=0.0, pos=array([0., 0.]), rgb=UNKNOWN, text='', units='height', win=Window(...), wrapWidth=1)
12.8104 	EXP 	Sound start_pause_tone set volume 1.000
12.8105 	EXP 	window1: mouseVisible = False
12.8114 	EXP 	Created read_pausing = TextStim(__class__=<class 'psychopy.visual.text.TextStim'>, alignHoriz=method-wrapper(...), alignText='center', alignVert=method-wrapper(...), anchorHoriz='center', anchorVert='center', antialias=True, autoDraw=False, autoLog=True, bold=False, color=array([1., 1., 1.]), colorSpace='rgb', contrast=1.0, depth=-1.0, draggable=False, flipHoriz=False, flipVert=False, font='Arial', fontFiles=[], height=0.07, italic=False, languageStyle='LTR', name='read_pausing', opacity=1, ori=0.0, pos=array([0., 0.]), rgb=UNKNOWN, text='', units='height', win=Window(...), wrapWidth=1)
12.8115 	EXP 	window1: mouseVisible = False
12.8642 	EXP 	Created ctl2_instruction_text = TextStim(__class__=<class 'psychopy.visual.text.TextStim'>, alignHoriz=method-wrapper(...), alignText='center', alignVert=method-wrapper(...), anchorHoriz='center', anchorVert='center', antialias=True, autoDraw=False, autoLog=True, bold=False, color=array([1., 1., 1.]), colorSpace='rgb', contrast=1.0, depth=0.0, draggable=False, flipHoriz=False, flipVert=False, font='Arial', fontFiles=[], height=0.05, italic=False, languageStyle='LTR', name='ctl2_instruction_text', opacity=1, ori=0.0, pos=array([0., 0.]), rgb=UNKNOWN, text=str(...), units='height', win=Window(...), wrapWidth=1)
12.8645 	EXP 	Sound start_tone_2 set volume 1.000
12.8646 	EXP 	window1: mouseVisible = False
12.8655 	EXP 	Created subtract_number = TextStim(__class__=<class 'psychopy.visual.text.TextStim'>, alignHoriz=method-wrapper(...), alignText='center', alignVert=method-wrapper(...), anchorHoriz='center', anchorVert='center', antialias=True, autoDraw=False, autoLog=True, bold=False, color=array([1., 1., 1.]), colorSpace='rgb', contrast=1.0, depth=-2.0, draggable=False, flipHoriz=False, flipVert=False, font='Arial', fontFiles=[], height=0.07, italic=False, languageStyle='LTR', name='subtract_number', opacity=1, ori=0.0, pos=array([0., 0.]), rgb=UNKNOWN, text='', units='height', win=Window(...), wrapWidth=1)
12.8658 	EXP 	Sound start_pause_tone_2 set volume 1.000
12.8659 	EXP 	window1: mouseVisible = False
12.8668 	EXP 	Created subtract_pausing = TextStim(__class__=<class 'psychopy.visual.text.TextStim'>, alignHoriz=method-wrapper(...), alignText='center', alignVert=method-wrapper(...), anchorHoriz='center', anchorVert='center', antialias=True, autoDraw=False, autoLog=True, bold=False, color=array([1., 1., 1.]), colorSpace='rgb', contrast=1.0, depth=-1.0, draggable=False, flipHoriz=False, flipVert=False, font='Arial', fontFiles=[], height=0.07, italic=False, languageStyle='LTR', name='subtract_pausing', opacity=1, ori=0.0, pos=array([0., 0.]), rgb=UNKNOWN, text='', units='height', win=Window(...), wrapWidth=1)
12.8668 	EXP 	window1: mouseVisible = False
12.8737 	EXP 	Created task_end_text = TextStim(__class__=<class 'psychopy.visual.text.TextStim'>, alignHoriz=method-wrapper(...), alignText='center', alignVert=method-wrapper(...), anchorHoriz='center', anchorVert='center', antialias=True, autoDraw=False, autoLog=True, bold=False, color=array([1., 1., 1.]), colorSpace='rgb', contrast=1.0, depth=0.0, draggable=False, flipHoriz=False, flipVert=False, font='Arial', fontFiles=[], height=0.05, italic=False, languageStyle='LTR', name='task_end_text', opacity=1, ori=0.0, pos=array([0., 0.]), rgb=UNKNOWN, text='Please wait for the next task to begin..', units='height', win=Window(...), wrapWidth=1)
0.0011 	DATA 	Keypress: return
0.0855 	INFO 	Keyboard events cleared
0.0855 	EXP 	window1: mouseVisible = False
0.0899 	EXP 	ctl1_instruction_text: autoDraw = True
0.4965 	INFO 	Keyboard events cleared
0.4969 	EXP 	Created sequence: sequential, trialTypes=1, nReps=6, seed=None
0.4971 	EXP 	New trial (rep=0, index=0): None
0.4972 	EXP 	window1: mouseVisible = False
0.4972 	INFO 	Keyboard events cleared
0.5026 	EXP 	Sound start_tone reached end of file
0.5100 	EXP 	Sound start_tone started
0.5032 	DATA 	Keypress: return
0.5100 	EXP 	ctl1_instruction_text: autoDraw = False
0.5100 	EXP 	read_number: height = 0.07
0.5100 	EXP 	read_number: height = 0.07
0.5100 	EXP 	read_number: height = 0.07
0.5100 	EXP 	read_number: text = 1022
0.7041 	EXP 	Sound start_tone stopped
0.7041 	EXP 	Sound start_tone reached end of file
0.7101 	EXP 	read_number: autoDraw = True
40.5735 	EXP 	window1: mouseVisible = False
40.5736 	EXP 	Sound start_pause_tone reached end of file
40.5818 	EXP 	Sound start_pause_tone started
40.5773 	EXP 	read_number: autoDraw = False
40.5773 	EXP 	read_number: autoDraw = False
40.5773 	EXP 	read_pausing: height = 0.07
40.5773 	EXP 	read_pausing: height = 0.07
40.5773 	EXP 	read_pausing: height = 0.07
40.5773 	EXP 	read_pausing: text = 'PAUSE'
40.5773 	EXP 	read_pausing: autoDraw = True
40.7840 	EXP 	Sound start_pause_tone stopped
40.7841 	EXP 	Sound start_pause_tone reached end of file
43.2208 	DATA 	Mouse: Left button down, pos=(3128,1009)
43.3366 	DATA 	Mouse:  Left button up, pos=(3128,1009)
44.1364 	DATA 	Keypress: space
44.3208 	DATA 	Keypress: space
44.4701 	DATA 	Keypress: space
44.6375 	DATA 	Keypress: space
60.5011 	EXP 	New trial (rep=1, index=0): None
60.5012 	EXP 	window1: mouseVisible = False
60.5013 	INFO 	Keyboard events cleared
60.5034 	EXP 	Sound start_tone reached end of file
60.5173 	EXP 	Sound start_tone started
60.5174 	EXP 	read_pausing: autoDraw = False
60.5174 	EXP 	read_number: height = 0.07
60.5174 	EXP 	read_number: height = 0.07
60.5174 	EXP 	read_number: height = 0.07
60.5174 	EXP 	read_number: text = 1022
60.7008 	EXP 	read_number: autoDraw = True
60.7139 	EXP 	Sound start_tone stopped
60.7140 	EXP 	Sound start_tone reached end of file
62.9773 	DATA 	Keypress: space
62.9863 	EXP 	read_number: height = 0.07
62.9863 	EXP 	read_number: height = 0.07
62.9863 	EXP 	read_number: height = 0.07
62.9863 	EXP 	read_number: text = '1009'
63.0785 	DATA 	Keypress: space
63.0864 	EXP 	read_number: height = 0.07
63.0864 	EXP 	read_number: height = 0.07
63.0864 	EXP 	read_number: height = 0.07
63.0864 	EXP 	read_number: text = '996'
63.2962 	DATA 	Keypress: space
63.3033 	EXP 	read_number: height = 0.07
63.3033 	EXP 	read_number: height = 0.07
63.3033 	EXP 	read_number: height = 0.07
63.3033 	EXP 	read_number: text = '983'
63.4221 	DATA 	Keypress: space
63.4533 	EXP 	read_number: height = 0.07
63.4533 	EXP 	read_number: height = 0.07
63.4533 	EXP 	read_number: height = 0.07
63.4533 	EXP 	read_number: text = '970'
63.5783 	DATA 	Keypress: space
63.5869 	EXP 	read_number: height = 0.07
63.5869 	EXP 	read_number: height = 0.07
63.5869 	EXP 	read_number: height = 0.07
63.5869 	EXP 	read_number: text = '957'
63.7585 	DATA 	Keypress: space
63.7703 	EXP 	read_number: height = 0.07
63.7703 	EXP 	read_number: height = 0.07
63.7703 	EXP 	read_number: height = 0.07
63.7703 	EXP 	read_number: text = '944'
63.9242 	DATA 	Keypress: space
63.9372 	EXP 	read_number: height = 0.07
63.9372 	EXP 	read_number: height = 0.07
63.9372 	EXP 	read_number: height = 0.07
63.9372 	EXP 	read_number: text = '931'
64.0388 	DATA 	Keypress: space
64.0708 	EXP 	read_number: height = 0.07
64.0708 	EXP 	read_number: height = 0.07
64.0708 	EXP 	read_number: height = 0.07
64.0708 	EXP 	read_number: text = '918'
64.2417 	DATA 	Keypress: space
64.2542 	EXP 	read_number: height = 0.07
64.2542 	EXP 	read_number: height = 0.07
64.2542 	EXP 	read_number: height = 0.07
64.2542 	EXP 	read_number: text = '905'
64.4225 	DATA 	Keypress: space
64.4543 	EXP 	read_number: height = 0.07
64.4543 	EXP 	read_number: height = 0.07
64.4543 	EXP 	read_number: height = 0.07
64.4543 	EXP 	read_number: text = '892'
64.6084 	DATA 	Keypress: space
64.6212 	EXP 	read_number: height = 0.07
64.6212 	EXP 	read_number: height = 0.07
64.6212 	EXP 	read_number: height = 0.07
64.6212 	EXP 	read_number: text = '879'
64.8759 	DATA 	Keypress: space
64.8882 	EXP 	read_number: height = 0.07
64.8882 	EXP 	read_number: height = 0.07
64.8882 	EXP 	read_number: height = 0.07
64.8882 	EXP 	read_number: text = '866'
65.0752 	DATA 	Keypress: space
65.0886 	EXP 	read_number: height = 0.07
65.0886 	EXP 	read_number: height = 0.07
65.0886 	EXP 	read_number: height = 0.07
65.0886 	EXP 	read_number: text = '853'
65.2428 	DATA 	Keypress: space
65.2551 	EXP 	read_number: height = 0.07
65.2551 	EXP 	read_number: height = 0.07
65.2551 	EXP 	read_number: height = 0.07
65.2551 	EXP 	read_number: text = '840'
65.4262 	DATA 	Keypress: space
65.4389 	EXP 	read_number: height = 0.07
65.4389 	EXP 	read_number: height = 0.07
65.4389 	EXP 	read_number: height = 0.07
65.4389 	EXP 	read_number: text = '827'
66.8959 	DATA 	Keypress: space
66.9069 	EXP 	read_number: height = 0.07
66.9069 	EXP 	read_number: height = 0.07
66.9069 	EXP 	read_number: height = 0.07
66.9069 	EXP 	read_number: text = '814'
67.0771 	DATA 	Keypress: space
67.0902 	EXP 	read_number: height = 0.07
67.0902 	EXP 	read_number: height = 0.07
67.0902 	EXP 	read_number: height = 0.07
67.0902 	EXP 	read_number: text = '801'
67.2437 	DATA 	Keypress: space
67.2570 	EXP 	read_number: height = 0.07
67.2570 	EXP 	read_number: height = 0.07
67.2570 	EXP 	read_number: height = 0.07
67.2570 	EXP 	read_number: text = '788'
67.4103 	DATA 	Keypress: space
67.4238 	EXP 	read_number: height = 0.07
67.4238 	EXP 	read_number: height = 0.07
67.4238 	EXP 	read_number: height = 0.07
67.4238 	EXP 	read_number: text = '775'
67.5961 	DATA 	Keypress: space
67.6073 	EXP 	read_number: height = 0.07
67.6073 	EXP 	read_number: height = 0.07
67.6073 	EXP 	read_number: height = 0.07
67.6073 	EXP 	read_number: text = '762'
67.7780 	DATA 	Keypress: space
67.7909 	EXP 	read_number: height = 0.07
67.7909 	EXP 	read_number: height = 0.07
67.7909 	EXP 	read_number: height = 0.07
67.7909 	EXP 	read_number: text = '749'
68.0294 	DATA 	Keypress: space
68.0411 	EXP 	read_number: height = 0.07
68.0411 	EXP 	read_number: height = 0.07
68.0411 	EXP 	read_number: height = 0.07
68.0411 	EXP 	read_number: text = '736'
68.2118 	DATA 	Keypress: space
68.2245 	EXP 	read_number: height = 0.07
68.2245 	EXP 	read_number: height = 0.07
68.2245 	EXP 	read_number: height = 0.07
68.2245 	EXP 	read_number: text = '723'
68.4132 	DATA 	Keypress: space
68.4250 	EXP 	read_number: height = 0.07
68.4250 	EXP 	read_number: height = 0.07
68.4250 	EXP 	read_number: height = 0.07
68.4250 	EXP 	read_number: text = '710'
68.6307 	DATA 	Keypress: space
68.6417 	EXP 	read_number: height = 0.07
68.6417 	EXP 	read_number: height = 0.07
68.6417 	EXP 	read_number: height = 0.07
68.6417 	EXP 	read_number: text = '697'
68.8286 	DATA 	Keypress: space
68.8421 	EXP 	read_number: height = 0.07
68.8421 	EXP 	read_number: height = 0.07
68.8421 	EXP 	read_number: height = 0.07
68.8421 	EXP 	read_number: text = '684'
69.0636 	DATA 	Keypress: space
69.0757 	EXP 	read_number: height = 0.07
69.0757 	EXP 	read_number: height = 0.07
69.0757 	EXP 	read_number: height = 0.07
69.0757 	EXP 	read_number: text = '671'
69.2790 	DATA 	Keypress: space
69.2928 	EXP 	read_number: height = 0.07
69.2928 	EXP 	read_number: height = 0.07
69.2928 	EXP 	read_number: height = 0.07
69.2928 	EXP 	read_number: text = '658'
69.5459 	DATA 	Keypress: space
69.5592 	EXP 	read_number: height = 0.07
69.5592 	EXP 	read_number: height = 0.07
69.5592 	EXP 	read_number: height = 0.07
69.5592 	EXP 	read_number: text = '645'
69.7798 	DATA 	Keypress: space
69.7928 	EXP 	read_number: height = 0.07
69.7928 	EXP 	read_number: height = 0.07
69.7928 	EXP 	read_number: height = 0.07
69.7928 	EXP 	read_number: text = '632'
70.0300 	DATA 	Keypress: space
70.0433 	EXP 	read_number: height = 0.07
70.0433 	EXP 	read_number: height = 0.07
70.0433 	EXP 	read_number: height = 0.07
70.0433 	EXP 	read_number: text = '619'
70.2147 	DATA 	Keypress: space
70.2265 	EXP 	read_number: height = 0.07
70.2265 	EXP 	read_number: height = 0.07
70.2265 	EXP 	read_number: height = 0.07
70.2265 	EXP 	read_number: text = '606'
70.3973 	DATA 	Keypress: space
70.4100 	EXP 	read_number: height = 0.07
70.4100 	EXP 	read_number: height = 0.07
70.4100 	EXP 	read_number: height = 0.07
70.4100 	EXP 	read_number: text = '593'
70.5647 	DATA 	Keypress: space
70.5770 	EXP 	read_number: height = 0.07
70.5770 	EXP 	read_number: height = 0.07
70.5770 	EXP 	read_number: height = 0.07
70.5770 	EXP 	read_number: text = '580'
70.7307 	DATA 	Keypress: space
70.7439 	EXP 	read_number: height = 0.07
70.7439 	EXP 	read_number: height = 0.07
70.7439 	EXP 	read_number: height = 0.07
70.7439 	EXP 	read_number: text = '567'
70.8789 	DATA 	Keypress: space
70.9105 	EXP 	read_number: height = 0.07
70.9105 	EXP 	read_number: height = 0.07
70.9105 	EXP 	read_number: height = 0.07
70.9105 	EXP 	read_number: text = '554'
71.0640 	DATA 	Keypress: space
71.0773 	EXP 	read_number: height = 0.07
71.0773 	EXP 	read_number: height = 0.07
71.0773 	EXP 	read_number: height = 0.07
71.0773 	EXP 	read_number: text = '541'
71.1982 	DATA 	Keypress: space
71.2111 	EXP 	read_number: height = 0.07
71.2111 	EXP 	read_number: height = 0.07
71.2111 	EXP 	read_number: height = 0.07
71.2111 	EXP 	read_number: text = '528'
71.3496 	DATA 	Keypress: space
71.3611 	EXP 	read_number: height = 0.07
71.3611 	EXP 	read_number: height = 0.07
71.3611 	EXP 	read_number: height = 0.07
71.3611 	EXP 	read_number: text = '515'
71.5314 	DATA 	Keypress: space
71.5445 	EXP 	read_number: height = 0.07
71.5445 	EXP 	read_number: height = 0.07
71.5445 	EXP 	read_number: height = 0.07
71.5445 	EXP 	read_number: text = '502'
71.6991 	DATA 	Keypress: space
71.7114 	EXP 	read_number: height = 0.07
71.7114 	EXP 	read_number: height = 0.07
71.7114 	EXP 	read_number: height = 0.07
71.7114 	EXP 	read_number: text = '489'
71.8633 	DATA 	Keypress: space
71.8948 	EXP 	read_number: height = 0.07
71.8948 	EXP 	read_number: height = 0.07
71.8948 	EXP 	read_number: height = 0.07
71.8948 	EXP 	read_number: text = '476'
72.0159 	DATA 	Keypress: space
72.0283 	EXP 	read_number: height = 0.07
72.0283 	EXP 	read_number: height = 0.07
72.0283 	EXP 	read_number: height = 0.07
72.0283 	EXP 	read_number: text = '463'
72.1821 	DATA 	Keypress: space
72.1950 	EXP 	read_number: height = 0.07
72.1950 	EXP 	read_number: height = 0.07
72.1950 	EXP 	read_number: height = 0.07
72.1950 	EXP 	read_number: text = '450'
72.3655 	DATA 	Keypress: space
72.3786 	EXP 	read_number: height = 0.07
72.3786 	EXP 	read_number: height = 0.07
72.3786 	EXP 	read_number: height = 0.07
72.3786 	EXP 	read_number: text = '437'
72.5661 	DATA 	Keypress: space
72.5787 	EXP 	read_number: height = 0.07
72.5787 	EXP 	read_number: height = 0.07
72.5787 	EXP 	read_number: height = 0.07
72.5787 	EXP 	read_number: text = '424'
72.7675 	DATA 	Keypress: space
72.7790 	EXP 	read_number: height = 0.07
72.7790 	EXP 	read_number: height = 0.07
72.7790 	EXP 	read_number: height = 0.07
72.7790 	EXP 	read_number: text = '411'
72.9501 	DATA 	Keypress: space
72.9625 	EXP 	read_number: height = 0.07
72.9625 	EXP 	read_number: height = 0.07
72.9625 	EXP 	read_number: height = 0.07
72.9625 	EXP 	read_number: text = '398'
73.1328 	DATA 	Keypress: space
73.1463 	EXP 	read_number: height = 0.07
73.1463 	EXP 	read_number: height = 0.07
73.1463 	EXP 	read_number: height = 0.07
73.1463 	EXP 	read_number: text = '385'
73.3170 	DATA 	Keypress: space
73.3294 	EXP 	read_number: height = 0.07
73.3294 	EXP 	read_number: height = 0.07
73.3294 	EXP 	read_number: height = 0.07
73.3294 	EXP 	read_number: text = '372'
73.4834 	DATA 	Keypress: space
73.4963 	EXP 	read_number: height = 0.07
73.4963 	EXP 	read_number: height = 0.07
73.4963 	EXP 	read_number: height = 0.07
73.4963 	EXP 	read_number: text = '359'
73.6501 	DATA 	Keypress: space
73.6631 	EXP 	read_number: height = 0.07
73.6631 	EXP 	read_number: height = 0.07
73.6631 	EXP 	read_number: height = 0.07
73.6631 	EXP 	read_number: text = '346'
73.8831 	DATA 	Keypress: space
73.8967 	EXP 	read_number: height = 0.07
73.8967 	EXP 	read_number: height = 0.07
73.8967 	EXP 	read_number: height = 0.07
73.8967 	EXP 	read_number: text = '333'
74.0510 	DATA 	Keypress: space
74.0635 	EXP 	read_number: height = 0.07
74.0635 	EXP 	read_number: height = 0.07
74.0635 	EXP 	read_number: height = 0.07
74.0635 	EXP 	read_number: text = '320'
74.2345 	DATA 	Keypress: space
74.2470 	EXP 	read_number: height = 0.07
74.2470 	EXP 	read_number: height = 0.07
74.2470 	EXP 	read_number: height = 0.07
74.2470 	EXP 	read_number: text = '307'
74.4158 	DATA 	Keypress: space
74.4472 	EXP 	read_number: height = 0.07
74.4472 	EXP 	read_number: height = 0.07
74.4472 	EXP 	read_number: height = 0.07
74.4472 	EXP 	read_number: text = '294'
74.7194 	DATA 	Keypress: space
74.7309 	EXP 	read_number: height = 0.07
74.7309 	EXP 	read_number: height = 0.07
74.7309 	EXP 	read_number: height = 0.07
74.7309 	EXP 	read_number: text = '281'
74.9014 	DATA 	Keypress: space
74.9143 	EXP 	read_number: height = 0.07
74.9143 	EXP 	read_number: height = 0.07
74.9143 	EXP 	read_number: height = 0.07
74.9143 	EXP 	read_number: text = '268'
75.0681 	DATA 	Keypress: space
75.0811 	EXP 	read_number: height = 0.07
75.0811 	EXP 	read_number: height = 0.07
75.0811 	EXP 	read_number: height = 0.07
75.0811 	EXP 	read_number: text = '255'
75.2517 	DATA 	Keypress: space
75.2647 	EXP 	read_number: height = 0.07
75.2647 	EXP 	read_number: height = 0.07
75.2647 	EXP 	read_number: height = 0.07
75.2647 	EXP 	read_number: text = '242'
75.4028 	DATA 	Keypress: space
75.4148 	EXP 	read_number: height = 0.07
75.4148 	EXP 	read_number: height = 0.07
75.4148 	EXP 	read_number: height = 0.07
75.4148 	EXP 	read_number: text = '229'
75.5874 	DATA 	Keypress: space
75.5985 	EXP 	read_number: height = 0.07
75.5985 	EXP 	read_number: height = 0.07
75.5985 	EXP 	read_number: height = 0.07
75.5985 	EXP 	read_number: text = '216'
75.7519 	DATA 	Keypress: space
75.7654 	EXP 	read_number: height = 0.07
75.7654 	EXP 	read_number: height = 0.07
75.7654 	EXP 	read_number: height = 0.07
75.7654 	EXP 	read_number: text = '203'
75.9028 	DATA 	Keypress: space
75.9156 	EXP 	read_number: height = 0.07
75.9156 	EXP 	read_number: height = 0.07
75.9156 	EXP 	read_number: height = 0.07
75.9156 	EXP 	read_number: text = '190'
76.2375 	DATA 	Keypress: space
76.2490 	EXP 	read_number: height = 0.07
76.2490 	EXP 	read_number: height = 0.07
76.2490 	EXP 	read_number: height = 0.07
76.2490 	EXP 	read_number: text = '177'
76.5044 	DATA 	Keypress: space
76.5159 	EXP 	read_number: height = 0.07
76.5159 	EXP 	read_number: height = 0.07
76.5159 	EXP 	read_number: height = 0.07
76.5159 	EXP 	read_number: text = '164'
76.6878 	DATA 	Keypress: space
76.7002 	EXP 	read_number: height = 0.07
76.7002 	EXP 	read_number: height = 0.07
76.7002 	EXP 	read_number: height = 0.07
76.7002 	EXP 	read_number: text = '151'
76.8705 	DATA 	Keypress: space
76.8828 	EXP 	read_number: height = 0.07
76.8828 	EXP 	read_number: height = 0.07
76.8828 	EXP 	read_number: height = 0.07
76.8828 	EXP 	read_number: text = '138'
77.0042 	DATA 	Keypress: space
77.0163 	EXP 	read_number: height = 0.07
77.0163 	EXP 	read_number: height = 0.07
77.0163 	EXP 	read_number: height = 0.07
77.0163 	EXP 	read_number: text = '125'
77.1700 	DATA 	Keypress: space
77.1831 	EXP 	read_number: height = 0.07
77.1831 	EXP 	read_number: height = 0.07
77.1831 	EXP 	read_number: height = 0.07
77.1831 	EXP 	read_number: text = '112'
77.3537 	DATA 	Keypress: space
77.3669 	EXP 	read_number: height = 0.07
77.3669 	EXP 	read_number: height = 0.07
77.3669 	EXP 	read_number: height = 0.07
77.3669 	EXP 	read_number: text = '99'
77.5203 	DATA 	Keypress: space
77.5335 	EXP 	read_number: height = 0.07
77.5335 	EXP 	read_number: height = 0.07
77.5335 	EXP 	read_number: height = 0.07
77.5335 	EXP 	read_number: text = '86'
77.7040 	DATA 	Keypress: space
77.7172 	EXP 	read_number: height = 0.07
77.7172 	EXP 	read_number: height = 0.07
77.7172 	EXP 	read_number: height = 0.07
77.7172 	EXP 	read_number: text = '73'
77.8708 	DATA 	Keypress: space
77.8841 	EXP 	read_number: height = 0.07
77.8841 	EXP 	read_number: height = 0.07
77.8841 	EXP 	read_number: height = 0.07
77.8841 	EXP 	read_number: text = '60'
78.0538 	DATA 	Keypress: space
78.0675 	EXP 	read_number: height = 0.07
78.0675 	EXP 	read_number: height = 0.07
78.0675 	EXP 	read_number: height = 0.07
78.0675 	EXP 	read_number: text = '47'
78.2379 	DATA 	Keypress: space
78.2507 	EXP 	read_number: height = 0.07
78.2507 	EXP 	read_number: height = 0.07
78.2507 	EXP 	read_number: height = 0.07
78.2507 	EXP 	read_number: text = '34'
78.5380 	DATA 	Keypress: space
78.5513 	EXP 	read_number: height = 0.07
78.5513 	EXP 	read_number: height = 0.07
78.5513 	EXP 	read_number: height = 0.07
78.5513 	EXP 	read_number: text = '21'
78.8382 	DATA 	Keypress: space
78.8518 	EXP 	read_number: height = 0.07
78.8518 	EXP 	read_number: height = 0.07
78.8518 	EXP 	read_number: height = 0.07
78.8518 	EXP 	read_number: text = '8'
79.0048 	DATA 	Keypress: space
79.0185 	EXP 	read_number: height = 0.07
79.0185 	EXP 	read_number: height = 0.07
79.0185 	EXP 	read_number: height = 0.07
79.0185 	EXP 	read_number: text = '1022'
79.1724 	DATA 	Keypress: space
79.1850 	EXP 	read_number: height = 0.07
79.1850 	EXP 	read_number: height = 0.07
79.1850 	EXP 	read_number: height = 0.07
79.1850 	EXP 	read_number: text = '1009'
79.3199 	DATA 	Keypress: space
79.3518 	EXP 	read_number: height = 0.07
79.3518 	EXP 	read_number: height = 0.07
79.3518 	EXP 	read_number: height = 0.07
79.3518 	EXP 	read_number: text = '996'
79.5245 	DATA 	Keypress: space
79.5354 	EXP 	read_number: height = 0.07
79.5354 	EXP 	read_number: height = 0.07
79.5354 	EXP 	read_number: height = 0.07
79.5354 	EXP 	read_number: text = '983'
79.7063 	DATA 	Keypress: space
79.7189 	EXP 	read_number: height = 0.07
79.7189 	EXP 	read_number: height = 0.07
79.7189 	EXP 	read_number: height = 0.07
79.7189 	EXP 	read_number: text = '970'
79.8891 	DATA 	Keypress: space
79.9027 	EXP 	read_number: height = 0.07
79.9027 	EXP 	read_number: height = 0.07
79.9027 	EXP 	read_number: height = 0.07
79.9027 	EXP 	read_number: text = '957'
80.0584 	DATA 	Keypress: space
80.0692 	EXP 	read_number: height = 0.07
80.0692 	EXP 	read_number: height = 0.07
80.0692 	EXP 	read_number: height = 0.07
80.0692 	EXP 	read_number: text = '944'
80.2070 	DATA 	Keypress: space
80.2196 	EXP 	read_number: height = 0.07
80.2196 	EXP 	read_number: height = 0.07
80.2196 	EXP 	read_number: height = 0.07
80.2196 	EXP 	read_number: text = '931'
80.3903 	DATA 	Keypress: space
80.4029 	EXP 	read_number: height = 0.07
80.4029 	EXP 	read_number: height = 0.07
80.4029 	EXP 	read_number: height = 0.07
80.4029 	EXP 	read_number: text = '918'
80.5404 	DATA 	Keypress: space
80.5530 	EXP 	read_number: height = 0.07
80.5530 	EXP 	read_number: height = 0.07
80.5530 	EXP 	read_number: height = 0.07
80.5530 	EXP 	read_number: text = '905'
80.7052 	DATA 	Keypress: space
80.7365 	EXP 	read_number: height = 0.07
80.7365 	EXP 	read_number: height = 0.07
80.7365 	EXP 	read_number: height = 0.07
80.7365 	EXP 	read_number: text = '892'
81.0079 	DATA 	Keypress: space
81.0204 	EXP 	read_number: height = 0.07
81.0204 	EXP 	read_number: height = 0.07
81.0204 	EXP 	read_number: height = 0.07
81.0204 	EXP 	read_number: text = '879'
81.1572 	DATA 	Keypress: space
81.1707 	EXP 	read_number: height = 0.07
81.1707 	EXP 	read_number: height = 0.07
81.1707 	EXP 	read_number: height = 0.07
81.1707 	EXP 	read_number: text = '866'
81.3406 	DATA 	Keypress: space
81.3538 	EXP 	read_number: height = 0.07
81.3538 	EXP 	read_number: height = 0.07
81.3538 	EXP 	read_number: height = 0.07
81.3538 	EXP 	read_number: text = '853'
81.5081 	DATA 	Keypress: space
81.5207 	EXP 	read_number: height = 0.07
81.5207 	EXP 	read_number: height = 0.07
81.5207 	EXP 	read_number: height = 0.07
81.5207 	EXP 	read_number: text = '840'
81.7082 	DATA 	Keypress: space
81.7207 	EXP 	read_number: height = 0.07
81.7207 	EXP 	read_number: height = 0.07
81.7207 	EXP 	read_number: height = 0.07
81.7207 	EXP 	read_number: text = '827'
81.8248 	DATA 	Keypress: space
81.8378 	EXP 	read_number: height = 0.07
81.8378 	EXP 	read_number: height = 0.07
81.8378 	EXP 	read_number: height = 0.07
81.8378 	EXP 	read_number: text = '814'
81.9931 	DATA 	Keypress: space
82.0044 	EXP 	read_number: height = 0.07
82.0044 	EXP 	read_number: height = 0.07
82.0044 	EXP 	read_number: height = 0.07
82.0044 	EXP 	read_number: text = '801'
82.1752 	DATA 	Keypress: space
82.1879 	EXP 	read_number: height = 0.07
82.1879 	EXP 	read_number: height = 0.07
82.1879 	EXP 	read_number: height = 0.07
82.1879 	EXP 	read_number: text = '788'
82.3914 	DATA 	Keypress: space
82.4047 	EXP 	read_number: height = 0.07
82.4047 	EXP 	read_number: height = 0.07
82.4047 	EXP 	read_number: height = 0.07
82.4047 	EXP 	read_number: text = '775'
82.5942 	DATA 	Keypress: space
82.6050 	EXP 	read_number: height = 0.07
82.6050 	EXP 	read_number: height = 0.07
82.6050 	EXP 	read_number: height = 0.07
82.6050 	EXP 	read_number: text = '762'
82.7598 	DATA 	Keypress: space
82.7718 	EXP 	read_number: height = 0.07
82.7718 	EXP 	read_number: height = 0.07
82.7718 	EXP 	read_number: height = 0.07
82.7718 	EXP 	read_number: text = '749'
82.9427 	DATA 	Keypress: space
82.9553 	EXP 	read_number: height = 0.07
82.9553 	EXP 	read_number: height = 0.07
82.9553 	EXP 	read_number: height = 0.07
82.9553 	EXP 	read_number: text = '736'
83.1595 	DATA 	Keypress: space
83.1721 	EXP 	read_number: height = 0.07
83.1721 	EXP 	read_number: height = 0.07
83.1721 	EXP 	read_number: height = 0.07
83.1721 	EXP 	read_number: text = '723'
83.3761 	DATA 	Keypress: space
83.3890 	EXP 	read_number: height = 0.07
83.3890 	EXP 	read_number: height = 0.07
83.3890 	EXP 	read_number: height = 0.07
83.3890 	EXP 	read_number: text = '710'
83.5941 	DATA 	Keypress: space
83.6059 	EXP 	read_number: height = 0.07
83.6059 	EXP 	read_number: height = 0.07
83.6059 	EXP 	read_number: height = 0.07
83.6059 	EXP 	read_number: text = '697'
83.7763 	DATA 	Keypress: space
83.7897 	EXP 	read_number: height = 0.07
83.7897 	EXP 	read_number: height = 0.07
83.7897 	EXP 	read_number: height = 0.07
83.7897 	EXP 	read_number: text = '684'
83.9774 	DATA 	Keypress: space
83.9896 	EXP 	read_number: height = 0.07
83.9896 	EXP 	read_number: height = 0.07
83.9896 	EXP 	read_number: height = 0.07
83.9896 	EXP 	read_number: text = '671'
84.1785 	DATA 	Keypress: space
84.1898 	EXP 	read_number: height = 0.07
84.1898 	EXP 	read_number: height = 0.07
84.1898 	EXP 	read_number: height = 0.07
84.1898 	EXP 	read_number: text = '658'
84.3768 	DATA 	Keypress: space
84.3904 	EXP 	read_number: height = 0.07
84.3904 	EXP 	read_number: height = 0.07
84.3904 	EXP 	read_number: height = 0.07
84.3904 	EXP 	read_number: text = '645'
84.5937 	DATA 	Keypress: space
84.6073 	EXP 	read_number: height = 0.07
84.6073 	EXP 	read_number: height = 0.07
84.6073 	EXP 	read_number: height = 0.07
84.6073 	EXP 	read_number: text = '632'
84.8279 	DATA 	Keypress: space
84.8407 	EXP 	read_number: height = 0.07
84.8407 	EXP 	read_number: height = 0.07
84.8407 	EXP 	read_number: height = 0.07
84.8407 	EXP 	read_number: text = '619'
85.0781 	DATA 	Keypress: space
85.0910 	EXP 	read_number: height = 0.07
85.0910 	EXP 	read_number: height = 0.07
85.0910 	EXP 	read_number: height = 0.07
85.0910 	EXP 	read_number: text = '606'
85.5619 	DATA 	Keypress: space
85.5747 	EXP 	read_number: height = 0.07
85.5747 	EXP 	read_number: height = 0.07
85.5747 	EXP 	read_number: height = 0.07
85.5747 	EXP 	read_number: text = '593'
85.7786 	DATA 	Keypress: space
85.7914 	EXP 	read_number: height = 0.07
85.7914 	EXP 	read_number: height = 0.07
85.7914 	EXP 	read_number: height = 0.07
85.7914 	EXP 	read_number: text = '580'
85.9285 	DATA 	Keypress: space
85.9414 	EXP 	read_number: height = 0.07
85.9414 	EXP 	read_number: height = 0.07
85.9414 	EXP 	read_number: height = 0.07
85.9414 	EXP 	read_number: text = '567'
86.0780 	DATA 	Keypress: space
86.0916 	EXP 	read_number: height = 0.07
86.0916 	EXP 	read_number: height = 0.07
86.0916 	EXP 	read_number: height = 0.07
86.0916 	EXP 	read_number: text = '554'
86.2453 	DATA 	Keypress: space
86.2584 	EXP 	read_number: height = 0.07
86.2584 	EXP 	read_number: height = 0.07
86.2584 	EXP 	read_number: height = 0.07
86.2584 	EXP 	read_number: text = '541'
86.4296 	DATA 	Keypress: space
86.4419 	EXP 	read_number: height = 0.07
86.4419 	EXP 	read_number: height = 0.07
86.4419 	EXP 	read_number: height = 0.07
86.4419 	EXP 	read_number: text = '528'
86.5936 	DATA 	Keypress: space
86.6255 	EXP 	read_number: height = 0.07
86.6255 	EXP 	read_number: height = 0.07
86.6255 	EXP 	read_number: height = 0.07
86.6255 	EXP 	read_number: text = '515'
86.7770 	DATA 	Keypress: space
86.8090 	EXP 	read_number: height = 0.07
86.8090 	EXP 	read_number: height = 0.07
86.8090 	EXP 	read_number: height = 0.07
86.8090 	EXP 	read_number: text = '502'
86.9797 	DATA 	Keypress: space
86.9924 	EXP 	read_number: height = 0.07
86.9924 	EXP 	read_number: height = 0.07
86.9924 	EXP 	read_number: height = 0.07
86.9924 	EXP 	read_number: text = '489'
87.1612 	DATA 	Keypress: space
87.1926 	EXP 	read_number: height = 0.07
87.1926 	EXP 	read_number: height = 0.07
87.1926 	EXP 	read_number: height = 0.07
87.1926 	EXP 	read_number: text = '476'
87.3799 	DATA 	Keypress: space
87.3932 	EXP 	read_number: height = 0.07
87.3932 	EXP 	read_number: height = 0.07
87.3932 	EXP 	read_number: height = 0.07
87.3932 	EXP 	read_number: text = '463'
87.5798 	DATA 	Keypress: space
87.5930 	EXP 	read_number: height = 0.07
87.5930 	EXP 	read_number: height = 0.07
87.5930 	EXP 	read_number: height = 0.07
87.5930 	EXP 	read_number: text = '450'
87.7467 	DATA 	Keypress: space
87.7598 	EXP 	read_number: height = 0.07
87.7598 	EXP 	read_number: height = 0.07
87.7598 	EXP 	read_number: height = 0.07
87.7598 	EXP 	read_number: text = '437'
87.9314 	DATA 	Keypress: space
87.9434 	EXP 	read_number: height = 0.07
87.9434 	EXP 	read_number: height = 0.07
87.9434 	EXP 	read_number: height = 0.07
87.9434 	EXP 	read_number: text = '424'
88.1305 	DATA 	Keypress: space
88.1439 	EXP 	read_number: height = 0.07
88.1439 	EXP 	read_number: height = 0.07
88.1439 	EXP 	read_number: height = 0.07
88.1439 	EXP 	read_number: text = '411'
88.3474 	DATA 	Keypress: space
88.3604 	EXP 	read_number: height = 0.07
88.3604 	EXP 	read_number: height = 0.07
88.3604 	EXP 	read_number: height = 0.07
88.3604 	EXP 	read_number: text = '398'
88.5809 	DATA 	Keypress: space
88.5940 	EXP 	read_number: height = 0.07
88.5940 	EXP 	read_number: height = 0.07
88.5940 	EXP 	read_number: height = 0.07
88.5940 	EXP 	read_number: text = '385'
88.7815 	DATA 	Keypress: space
88.7942 	EXP 	read_number: height = 0.07
88.7942 	EXP 	read_number: height = 0.07
88.7942 	EXP 	read_number: height = 0.07
88.7942 	EXP 	read_number: text = '372'
100.5066 	EXP 	window1: mouseVisible = False
100.5067 	EXP 	Sound start_pause_tone reached end of file
100.5222 	EXP 	Sound start_pause_tone started
100.5220 	EXP 	read_number: autoDraw = False
100.5220 	EXP 	read_number: autoDraw = False
100.5220 	EXP 	read_pausing: text = 'PAUSE'
100.5220 	EXP 	read_pausing: autoDraw = True
100.7238 	EXP 	Sound start_pause_tone stopped
100.7239 	EXP 	Sound start_pause_tone reached end of file
120.5085 	EXP 	New trial (rep=2, index=0): None
120.5086 	EXP 	window1: mouseVisible = False
120.5087 	INFO 	Keyboard events cleared
120.5120 	EXP 	Sound start_tone reached end of file
120.5245 	EXP 	Sound start_tone started
120.5246 	EXP 	read_pausing: autoDraw = False
120.5246 	EXP 	read_number: height = 0.07
120.5246 	EXP 	read_number: height = 0.07
120.5246 	EXP 	read_number: height = 0.07
120.5246 	EXP 	read_number: text = 372
120.7082 	EXP 	read_number: autoDraw = True
120.7238 	EXP 	Sound start_tone stopped
120.7238 	EXP 	Sound start_tone reached end of file
160.5131 	EXP 	window1: mouseVisible = False
160.5132 	EXP 	Sound start_pause_tone reached end of file
160.5291 	EXP 	Sound start_pause_tone started
160.5295 	EXP 	read_number: autoDraw = False
160.5295 	EXP 	read_number: autoDraw = False
160.5295 	EXP 	read_pausing: text = 'PAUSE'
160.5295 	EXP 	read_pausing: autoDraw = True
160.7236 	EXP 	Sound start_pause_tone stopped
160.7236 	EXP 	Sound start_pause_tone reached end of file
180.5158 	EXP 	New trial (rep=3, index=0): None
180.5160 	EXP 	window1: mouseVisible = False
180.5160 	INFO 	Keyboard events cleared
180.5201 	EXP 	Sound start_tone reached end of file
180.5319 	EXP 	Sound start_tone started
180.5318 	EXP 	read_pausing: autoDraw = False
180.5318 	EXP 	read_number: height = 0.07
180.5318 	EXP 	read_number: height = 0.07
180.5318 	EXP 	read_number: height = 0.07
180.5318 	EXP 	read_number: text = 372
180.7151 	EXP 	read_number: autoDraw = True
180.7335 	EXP 	Sound start_tone stopped
180.7336 	EXP 	Sound start_tone reached end of file
220.5204 	EXP 	window1: mouseVisible = False
220.5205 	EXP 	Sound start_pause_tone reached end of file
220.5363 	EXP 	Sound start_pause_tone started
220.5363 	EXP 	read_number: autoDraw = False
220.5363 	EXP 	read_number: autoDraw = False
220.5363 	EXP 	read_pausing: text = 'PAUSE'
220.5363 	EXP 	read_pausing: autoDraw = True
220.7334 	EXP 	Sound start_pause_tone stopped
220.7334 	EXP 	Sound start_pause_tone reached end of file
240.5225 	EXP 	New trial (rep=4, index=0): None
240.5226 	EXP 	window1: mouseVisible = False
240.5227 	INFO 	Keyboard events cleared
240.5256 	EXP 	Sound start_tone reached end of file
240.5387 	EXP 	Sound start_tone started
240.5386 	EXP 	read_pausing: autoDraw = False
240.5386 	EXP 	read_number: height = 0.07
240.5386 	EXP 	read_number: height = 0.07
240.5386 	EXP 	read_number: height = 0.07
240.5386 	EXP 	read_number: text = 372
240.7224 	EXP 	read_number: autoDraw = True
240.7333 	EXP 	Sound start_tone stopped
240.7334 	EXP 	Sound start_tone reached end of file
245.1801 	DATA 	Mouse: Left button down, pos=(3218,694)
245.2619 	DATA 	Mouse:  Left button up, pos=(3212,694)
245.8785 	DATA 	Keypress: escape
245.9947 	EXP 	TSST_fnirs_V4_CONTROL: status = STOPPED
246.0105 	EXP 	read_number: autoDraw = False
246.0106 	EXP 	TSST_fnirs_V4_CONTROL: status = STOPPED
246.0734 	INFO 	saved data to 'c:\\Users\\neuro\\GitHub\\fNIRS_TSST_PsychoPy\\data/963369_TSST_fnirs_V4_CONTROL_2025-11-27_10h24.38.650.csv'
246.0743 	INFO 	saved data to c:\Users\neuro\GitHub\fNIRS_TSST_PsychoPy\data/963369_TSST_fnirs_V4_CONTROL_2025-11-27_10h24.38.650.psydat
246.1043 	EXP 	window1: mouseVisible = True
246.1275 	WARNING 	Stopping key buffers but this could be dangerous ifother keyboards rely on the same.
246.1908 	WARNING 	Stopping key buffers but this could be dangerous ifother keyboards rely on the same.
