7.9718 	WARNING 	We strongly recommend you activate the PTB sound engine in PsychoPy prefs as the preferred audio engine. Its timing is vastly superior. Your prefs are currently set to use ['pygame'] (in that order).
17.8918 	WARNING 	Font Manager failed to load file /System/Library/PrivateFrameworks/FontServices.framework/Resources/Reserved/PingFangUI.ttc
23.3814 	WARNING 	Font Manager failed to load file /System/Library/PrivateFrameworks/FontServices.framework/Resources/Reserved/PingFangUI.ttc
23.3884 	WARNING 	Import Error: No module named 'psychtoolbox'. Using event module for keyboard component.
26.5701 	INFO 	Loaded monitor calibration from ['2025_10_16 07:47']
26.7071 	INFO 	Using renderer 'Apple M1' for graphics
26.7071 	INFO 	OpenGL version supported by driver is 2..
26.7341 	EXP 	Created window1 = Window(allowGUI=True, allowStencil=False, autoLog=True, backendConf=UNKNOWN, backgroundFit=<method-wrapper '__getattribute__' of attributeSetter object at 0x15044bc10>, backgroundImage=<method-wrapper '__getattribute__' of attributeSetter object at 0x15044bbb0>, bitsMode=UNKNOWN, blendMode='avg', bpc=(8, 8, 8), color=array([-1., -1., -1.]), colorSpace='rgb', depthBits=8, fullscr=True, gamma=None, gammaErrorPolicy='raise', infoMsg=UNKNOWN, lms=UNKNOWN, monitor=<psychopy.monitors.calibTools.Monitor object at 0x14eb98730>, multiSample=False, name='window1', numSamples=2, pos=[np.float64(0.0), np.float64(0.0)], screen=0, size=array([2880, 1800]), stencilBits=0, stereo=False, title='PsychoPy', units='height', useFBO=True, useRetina=True, viewOri=0.0, viewPos=None, viewScale=None, waitBlanking=True, winType='pyglet')
26.7341 	EXP 	window1: backgroundImage = ''
26.7342 	EXP 	window1: backgroundFit = 'none'
26.9408 	EXP 	window1: Attempting to measure frame rate of screen (0) ...
26.9408 	EXP 	window1: recordFrameIntervals = False
27.2492 	EXP 	window1: recordFrameIntervals = True
27.5379 	WARNING 	t of last frame was 27.88ms (=1/35)
28.1100 	WARNING 	Couldn't measure a consistent frame rate!
  - Is your graphics card set to sync to vertical blank?
  - Are you running other processes on your computer?

28.1116 	INFO 	keyboard.Keyboard is using ptb backend.
28.1117 	EXP 	TSST_fnirs_V4_FULL: status = STARTED
28.1677 	EXP 	Created ctl1_instruction_text = TextStim(__class__=<class 'psychopy.visual.text.TextStim'>, alignHoriz=method-wrapper(...), alignText='center', alignVert=method-wrapper(...), anchorHoriz='center', anchorVert='center', antialias=True, autoDraw=False, autoLog=True, bold=False, color=array([1., 1., 1.]), colorSpace='rgb', contrast=1.0, depth=0.0, draggable=False, flipHoriz=False, flipVert=False, font='Arial', fontFiles=[], height=np.float64(0.05), italic=False, languageStyle='LTR', name='ctl1_instruction_text', opacity=1, ori=0.0, pos=array([0., 0.]), rgb=UNKNOWN, text=str(...), units='height', win=Window(...), wrapWidth=1)
28.1677 	INFO 	keyboard.Keyboard is using ptb backend.
28.4213 	EXP 	start_tone: sampleRate = 44100
28.4214 	EXP 	start_tone: channels = 2
28.4214 	EXP 	start_tone: stereo = 2
28.4214 	EXP 	start_tone: isStereo = 2
28.4214 	WARNING 	Hamming was requested using the 'pygame' sound library but hamming is not supported there.
28.4595 	INFO 	saved data to /Users/Isaac/Documents/TSST/TSST_V4/data/\_TSST_fnirs_V4_FULL_2025-10-16_12h44.53.794.psydat
28.4599 	INFO 	saved data to '/Users/Isaac/Documents/TSST/TSST_V4/data/\\_TSST_fnirs_V4_FULL_2025-10-16_12h44.53.794.csv'
29.0551 	WARNING 	Stopping key buffers but this could be dangerous ifother keyboards rely on the same.
