1.3223 	ERROR 	Failed to load any of the audioLibs: ['pyo']. Falling back to PsychToolbox ('ptb') backend for sound. Be sure to add 'ptb' to preferences to avoid seeing this message again.
1.3230 	WARNING 	We strongly recommend you activate the PTB sound engine in PsychoPy prefs as the preferred audio engine. Its timing is vastly superior. Your prefs are currently set to use ['pyo'] (in that order).
11.1789 	WARNING 	Font Manager failed to load file /System/Library/PrivateFrameworks/FontServices.framework/Resources/Reserved/PingFangUI.ttc
11.3148 	WARNING 	Font Manager failed to load file /System/Library/PrivateFrameworks/FontServices.framework/Resources/Reserved/PingFangUI.ttc
11.3215 	WARNING 	Import Error: No module named 'psychtoolbox'. Using event module for keyboard component.
14.3039 	INFO 	Loaded monitor calibration from ['2025_10_16 07:47']
14.4282 	INFO 	Using renderer 'Apple M1' for graphics
14.4282 	INFO 	OpenGL version supported by driver is 2..
14.4533 	EXP 	Created window1 = Window(allowGUI=True, allowStencil=False, autoLog=True, backendConf=UNKNOWN, backgroundFit=<method-wrapper '__getattribute__' of attributeSetter object at 0x128ee3150>, backgroundImage=<method-wrapper '__getattribute__' of attributeSetter object at 0x128ee3f90>, bitsMode=UNKNOWN, blendMode='avg', bpc=(8, 8, 8), color=array([-1., -1., -1.]), colorSpace='rgb', depthBits=8, fullscr=True, gamma=None, gammaErrorPolicy='raise', infoMsg=UNKNOWN, lms=UNKNOWN, monitor=<psychopy.monitors.calibTools.Monitor object at 0x12926ef90>, multiSample=False, name='window1', numSamples=2, pos=[np.float64(0.0), np.float64(0.0)], screen=0, size=array([2880, 1800]), stencilBits=0, stereo=False, title='PsychoPy', units='height', useFBO=True, useRetina=True, viewOri=0.0, viewPos=None, viewScale=None, waitBlanking=True, winType='pyglet')
14.4534 	EXP 	window1: backgroundImage = ''
14.4534 	EXP 	window1: backgroundFit = 'none'
14.6601 	EXP 	window1: Attempting to measure frame rate of screen (0) ...
14.6601 	EXP 	window1: recordFrameIntervals = False
14.9343 	EXP 	window1: recordFrameIntervals = True
15.2258 	DATA 	Keypress: return
15.2603 	WARNING 	t of last frame was 25.44ms (=1/39)
15.4716 	WARNING 	t of last frame was 20.36ms (=1/49)
15.8019 	WARNING 	Couldn't measure a consistent frame rate!
  - Is your graphics card set to sync to vertical blank?
  - Are you running other processes on your computer?

15.8029 	INFO 	keyboard.Keyboard is using ptb backend.
15.8030 	EXP 	TSST_fnirs_V4_FULL: status = STARTED
15.8564 	EXP 	Created ctl1_instruction_text = TextStim(__class__=<class 'psychopy.visual.text.TextStim'>, alignHoriz=method-wrapper(...), alignText='center', alignVert=method-wrapper(...), anchorHoriz='center', anchorVert='center', antialias=True, autoDraw=False, autoLog=True, bold=False, color=array([1., 1., 1.]), colorSpace='rgb', contrast=1.0, depth=0.0, draggable=False, flipHoriz=False, flipVert=False, font='Arial', fontFiles=[], height=np.float64(0.05), italic=False, languageStyle='LTR', name='ctl1_instruction_text', opacity=1, ori=0.0, pos=array([0., 0.]), rgb=UNKNOWN, text=str(...), units='height', win=Window(...), wrapWidth=1)
15.8564 	INFO 	keyboard.Keyboard is using ptb backend.
15.8780 	INFO 	saved data to /Users/Isaac/Documents/TSST/TSST_V4/data/forge_TSST_fnirs_V4_FULL_2025-10-16_12h22.18.744.psydat
15.8782 	INFO 	saved data to '/Users/Isaac/Documents/TSST/TSST_V4/data/forge_TSST_fnirs_V4_FULL_2025-10-16_12h22.18.744.csv'
15.8863 	WARNING 	Stopping key buffers but this could be dangerous ifother keyboards rely on the same.
