47.9341 	INFO 	Loaded monitor calibration from ['2024_08_14 14:13']
48.0994 	WARNING 	User requested fullscreen with size [1440  900], but screen is actually [1920, 1080]. Using actual size
48.3999 	EXP 	Created window1 = Window(allowGUI=True, allowStencil=False, autoLog=True, backendConf=UNKNOWN, backgroundFit=<method-wrapper '__getattribute__' of attributeSetter object at 0x00000186C4BDC310>, backgroundImage=<method-wrapper '__getattribute__' of attributeSetter object at 0x00000186C4BDC2B0>, bitsMode=UNKNOWN, blendMode='avg', bpc=(8, 8, 8), color=array([-1., -1., -1.]), colorSpace='rgb', depthBits=8, fullscr=<method-wrapper '__getattribute__' of attributeSetter object at 0x00000186C4BDC100>, gamma=None, gammaErrorPolicy='raise', infoMsg=UNKNOWN, lms=UNKNOWN, monitor=<psychopy.monitors.calibTools.Monitor object at 0x00000186C4D07940>, multiSample=False, name='window1', numSamples=2, pos=[0.0, 0.0], screen=0, size=array([1920, 1080]), stencilBits=0, stereo=False, title='PsychoPy', units='height', useFBO=True, useRetina=False, viewOri=0.0, viewPos=None, viewScale=None, waitBlanking=True, winType='pyglet')
48.3999 	EXP 	window1: backgroundImage = ''
48.3999 	EXP 	window1: backgroundFit = 'none'
48.4001 	EXP 	window1: mouseVisible = <method-wrapper '__getattribute__' of attributeSetter object at 0x00000186C4BDC430>
48.4003 	EXP 	window1: mouseVisible = <method-wrapper '__getattribute__' of attributeSetter object at 0x00000186C4BDC430>
48.4029 	EXP 	window1: mouseVisible = <method-wrapper '__getattribute__' of attributeSetter object at 0x00000186C4BDC430>
48.4039 	EXP 	window1: mouseVisible = <method-wrapper '__getattribute__' of attributeSetter object at 0x00000186C4BDC430>
48.5002 	EXP 	window1: mouseVisible = <method-wrapper '__getattribute__' of attributeSetter object at 0x00000186C4BDC430>
48.5003 	EXP 	window1: mouseVisible = <method-wrapper '__getattribute__' of attributeSetter object at 0x00000186C4BDC430>
48.5012 	EXP 	window1: mouseVisible = <method-wrapper '__getattribute__' of attributeSetter object at 0x00000186C4BDC430>
48.5021 	EXP 	window1: mouseVisible = <method-wrapper '__getattribute__' of attributeSetter object at 0x00000186C4BDC430>
48.5208 	EXP 	window1: Attempting to measure frame rate of screen (0) ...
48.5208 	EXP 	window1: recordFrameIntervals = False
48.5905 	EXP 	window1: recordFrameIntervals = True
48.6671 	EXP 	Screen (0) actual frame rate measured at 144.63Hz
48.6671 	EXP 	window1: recordFrameIntervals = False
48.6672 	EXP 	window1: mouseVisible = False
49.6417 	INFO 	keyboard.Keyboard is using ptb backend.
49.7057 	EXP 	TSST_fnirs_V4_CONTROL: status = STARTED
49.7061 	EXP 	window1: mouseVisible = False
49.7970 	EXP 	Created ctl1_instruction_text = TextStim(__class__=<class 'psychopy.visual.text.TextStim'>, alignHoriz=method-wrapper(...), alignText='center', alignVert=method-wrapper(...), anchorHoriz='center', anchorVert='center', antialias=True, autoDraw=False, autoLog=True, bold=False, color=array([1., 1., 1.]), colorSpace='rgb', contrast=1.0, depth=0.0, draggable=False, flipHoriz=False, flipVert=False, font='Arial', fontFiles=[], height=0.05, italic=False, languageStyle='LTR', name='ctl1_instruction_text', opacity=1, ori=0.0, pos=array([0., 0.]), rgb=UNKNOWN, text=str(...), units='height', win=Window(...), wrapWidth=1)
49.7971 	INFO 	keyboard.Keyboard is using ptb backend.
49.7972 	EXP 	window1: mouseVisible = False
49.8492 	EXP 	Sound start_tone set volume 1.000
49.8494 	EXP 	window1: mouseVisible = False
49.8511 	EXP 	Created read_number = TextStim(__class__=<class 'psychopy.visual.text.TextStim'>, alignHoriz=method-wrapper(...), alignText='center', alignVert=method-wrapper(...), anchorHoriz='center', anchorVert='center', antialias=True, autoDraw=False, autoLog=True, bold=False, color=array([1., 1., 1.]), colorSpace='rgb', contrast=1.0, depth=-2.0, draggable=False, flipHoriz=False, flipVert=False, font='Arial', fontFiles=[], height=0.07, italic=False, languageStyle='LTR', name='read_number', opacity=1, ori=0.0, pos=array([0., 0.]), rgb=UNKNOWN, text='', units='height', win=Window(...), wrapWidth=1)
49.8515 	EXP 	Sound start_pause_tone set volume 1.000
49.8516 	EXP 	window1: mouseVisible = False
49.8525 	EXP 	Created read_pausing = TextStim(__class__=<class 'psychopy.visual.text.TextStim'>, alignHoriz=method-wrapper(...), alignText='center', alignVert=method-wrapper(...), anchorHoriz='center', anchorVert='center', antialias=True, autoDraw=False, autoLog=True, bold=False, color=array([1., 1., 1.]), colorSpace='rgb', contrast=1.0, depth=-1.0, draggable=False, flipHoriz=False, flipVert=False, font='Arial', fontFiles=[], height=0.07, italic=False, languageStyle='LTR', name='read_pausing', opacity=1, ori=0.0, pos=array([0., 0.]), rgb=UNKNOWN, text='', units='height', win=Window(...), wrapWidth=1)
49.8526 	EXP 	window1: mouseVisible = False
49.8809 	EXP 	Created ctl2_instruction_text = TextStim(__class__=<class 'psychopy.visual.text.TextStim'>, alignHoriz=method-wrapper(...), alignText='center', alignVert=method-wrapper(...), anchorHoriz='center', anchorVert='center', antialias=True, autoDraw=False, autoLog=True, bold=False, color=array([1., 1., 1.]), colorSpace='rgb', contrast=1.0, depth=0.0, draggable=False, flipHoriz=False, flipVert=False, font='Arial', fontFiles=[], height=0.05, italic=False, languageStyle='LTR', name='ctl2_instruction_text', opacity=1, ori=0.0, pos=array([0., 0.]), rgb=UNKNOWN, text=str(...), units='height', win=Window(...), wrapWidth=1)
49.8813 	EXP 	Sound start_tone_2 set volume 1.000
49.8814 	EXP 	window1: mouseVisible = False
49.8824 	EXP 	Created subtract_number = TextStim(__class__=<class 'psychopy.visual.text.TextStim'>, alignHoriz=method-wrapper(...), alignText='center', alignVert=method-wrapper(...), anchorHoriz='center', anchorVert='center', antialias=True, autoDraw=False, autoLog=True, bold=False, color=array([1., 1., 1.]), colorSpace='rgb', contrast=1.0, depth=-2.0, draggable=False, flipHoriz=False, flipVert=False, font='Arial', fontFiles=[], height=0.07, italic=False, languageStyle='LTR', name='subtract_number', opacity=1, ori=0.0, pos=array([0., 0.]), rgb=UNKNOWN, text='', units='height', win=Window(...), wrapWidth=1)
49.8828 	EXP 	Sound start_pause_tone_2 set volume 1.000
49.8829 	EXP 	window1: mouseVisible = False
49.8838 	EXP 	Created subtract_pausing = TextStim(__class__=<class 'psychopy.visual.text.TextStim'>, alignHoriz=method-wrapper(...), alignText='center', alignVert=method-wrapper(...), anchorHoriz='center', anchorVert='center', antialias=True, autoDraw=False, autoLog=True, bold=False, color=array([1., 1., 1.]), colorSpace='rgb', contrast=1.0, depth=-1.0, draggable=False, flipHoriz=False, flipVert=False, font='Arial', fontFiles=[], height=0.07, italic=False, languageStyle='LTR', name='subtract_pausing', opacity=1, ori=0.0, pos=array([0., 0.]), rgb=UNKNOWN, text='', units='height', win=Window(...), wrapWidth=1)
49.8839 	EXP 	window1: mouseVisible = False
49.8891 	EXP 	Created task_end_text = TextStim(__class__=<class 'psychopy.visual.text.TextStim'>, alignHoriz=method-wrapper(...), alignText='center', alignVert=method-wrapper(...), anchorHoriz='center', anchorVert='center', antialias=True, autoDraw=False, autoLog=True, bold=False, color=array([1., 1., 1.]), colorSpace='rgb', contrast=1.0, depth=0.0, draggable=False, flipHoriz=False, flipVert=False, font='Arial', fontFiles=[], height=0.05, italic=False, languageStyle='LTR', name='task_end_text', opacity=1, ori=0.0, pos=array([0., 0.]), rgb=UNKNOWN, text='Please wait for the next task to begin..', units='height', win=Window(...), wrapWidth=1)
0.0788 	INFO 	Keyboard events cleared
0.0790 	EXP 	window1: mouseVisible = False
0.0831 	EXP 	ctl1_instruction_text: autoDraw = True
90.0159 	INFO 	Keyboard events cleared
90.0163 	EXP 	Created sequence: sequential, trialTypes=1, nReps=6, seed=None
90.0165 	EXP 	New trial (rep=0, index=0): None
90.0166 	EXP 	window1: mouseVisible = False
90.0167 	INFO 	Keyboard events cleared
90.0216 	EXP 	Sound start_tone reached end of file
90.0296 	EXP 	Sound start_tone started
90.0223 	DATA 	Keypress: return
90.0232 	EXP 	ctl1_instruction_text: autoDraw = False
90.0232 	EXP 	read_number: height = 0.07
90.0232 	EXP 	read_number: height = 0.07
90.0232 	EXP 	read_number: height = 0.07
90.0232 	EXP 	read_number: text = 1022
90.2072 	EXP 	read_number: autoDraw = True
90.2292 	EXP 	Sound start_tone stopped
90.2293 	EXP 	Sound start_tone reached end of file
92.6630 	DATA 	Keypress: space
92.6655 	EXP 	read_number: height = 0.07
92.6655 	EXP 	read_number: height = 0.07
92.6655 	EXP 	read_number: height = 0.07
92.6655 	EXP 	read_number: text = '1009'
95.0456 	DATA 	Keypress: space
95.0474 	EXP 	read_number: height = 0.07
95.0474 	EXP 	read_number: height = 0.07
95.0474 	EXP 	read_number: height = 0.07
95.0474 	EXP 	read_number: text = '996'
97.5800 	DATA 	Keypress: space
97.5821 	EXP 	read_number: height = 0.07
97.5821 	EXP 	read_number: height = 0.07
97.5821 	EXP 	read_number: height = 0.07
97.5821 	EXP 	read_number: text = '983'
99.8642 	DATA 	Keypress: space
99.8669 	EXP 	read_number: height = 0.07
99.8669 	EXP 	read_number: height = 0.07
99.8669 	EXP 	read_number: height = 0.07
99.8669 	EXP 	read_number: text = '970'
102.0118 	DATA 	Keypress: space
102.0132 	EXP 	read_number: height = 0.07
102.0132 	EXP 	read_number: height = 0.07
102.0132 	EXP 	read_number: height = 0.07
102.0132 	EXP 	read_number: text = '957'
104.3573 	DATA 	Keypress: space
104.3600 	EXP 	read_number: height = 0.07
104.3600 	EXP 	read_number: height = 0.07
104.3600 	EXP 	read_number: height = 0.07
104.3600 	EXP 	read_number: text = '944'
106.9118 	DATA 	Keypress: space
106.9155 	EXP 	read_number: height = 0.07
106.9155 	EXP 	read_number: height = 0.07
106.9155 	EXP 	read_number: height = 0.07
106.9155 	EXP 	read_number: text = '931'
109.2870 	DATA 	Keypress: space
109.2904 	EXP 	read_number: height = 0.07
109.2904 	EXP 	read_number: height = 0.07
109.2904 	EXP 	read_number: height = 0.07
109.2904 	EXP 	read_number: text = '918'
112.8190 	DATA 	Keypress: space
112.8322 	EXP 	read_number: height = 0.07
112.8322 	EXP 	read_number: height = 0.07
112.8322 	EXP 	read_number: height = 0.07
112.8322 	EXP 	read_number: text = '905'
115.2098 	DATA 	Keypress: space
115.2138 	EXP 	read_number: height = 0.07
115.2138 	EXP 	read_number: height = 0.07
115.2138 	EXP 	read_number: height = 0.07
115.2138 	EXP 	read_number: text = '892'
119.4745 	DATA 	Keypress: space
119.4776 	EXP 	read_number: height = 0.07
119.4776 	EXP 	read_number: height = 0.07
119.4776 	EXP 	read_number: height = 0.07
119.4776 	EXP 	read_number: text = '879'
121.8134 	DATA 	Keypress: space
121.8179 	EXP 	read_number: height = 0.07
121.8179 	EXP 	read_number: height = 0.07
121.8179 	EXP 	read_number: height = 0.07
121.8179 	EXP 	read_number: text = '866'
124.1816 	DATA 	Keypress: space
124.1859 	EXP 	read_number: height = 0.07
124.1859 	EXP 	read_number: height = 0.07
124.1859 	EXP 	read_number: height = 0.07
124.1859 	EXP 	read_number: text = '853'
126.4044 	DATA 	Keypress: space
126.4085 	EXP 	read_number: height = 0.07
126.4085 	EXP 	read_number: height = 0.07
126.4085 	EXP 	read_number: height = 0.07
126.4085 	EXP 	read_number: text = '840'
128.2664 	DATA 	Keypress: space
128.2697 	EXP 	read_number: height = 0.07
128.2697 	EXP 	read_number: height = 0.07
128.2697 	EXP 	read_number: height = 0.07
128.2697 	EXP 	read_number: text = '827'
128.3420 	DATA 	Keypress: space
128.3457 	EXP 	read_number: height = 0.07
128.3457 	EXP 	read_number: height = 0.07
128.3457 	EXP 	read_number: height = 0.07
128.3457 	EXP 	read_number: text = '814'
130.0248 	EXP 	window1: mouseVisible = False
130.0249 	EXP 	Sound start_pause_tone reached end of file
130.0360 	EXP 	Sound start_pause_tone started
130.0270 	EXP 	read_number: autoDraw = False
130.0270 	EXP 	read_number: autoDraw = False
130.0270 	EXP 	read_pausing: height = 0.07
130.0270 	EXP 	read_pausing: height = 0.07
130.0270 	EXP 	read_pausing: height = 0.07
130.0270 	EXP 	read_pausing: text = 'PAUSE'
130.0270 	EXP 	read_pausing: autoDraw = True
130.2390 	EXP 	Sound start_pause_tone stopped
130.2390 	EXP 	Sound start_pause_tone reached end of file
150.0130 	EXP 	New trial (rep=1, index=0): None
150.0131 	EXP 	window1: mouseVisible = False
150.0132 	INFO 	Keyboard events cleared
150.0155 	EXP 	Sound start_tone reached end of file
150.0289 	EXP 	Sound start_tone started
150.0190 	EXP 	read_pausing: autoDraw = False
150.0190 	EXP 	read_pausing: autoDraw = False
150.0190 	EXP 	read_number: height = 0.07
150.0190 	EXP 	read_number: height = 0.07
150.0190 	EXP 	read_number: height = 0.07
150.0190 	EXP 	read_number: text = 814
150.2136 	EXP 	read_number: autoDraw = True
150.2289 	EXP 	Sound start_tone stopped
150.2289 	EXP 	Sound start_tone reached end of file
152.3620 	DATA 	Keypress: space
152.3664 	EXP 	read_number: height = 0.07
152.3664 	EXP 	read_number: height = 0.07
152.3664 	EXP 	read_number: height = 0.07
152.3664 	EXP 	read_number: text = '801'
154.0017 	DATA 	Keypress: space
154.0052 	EXP 	read_number: height = 0.07
154.0052 	EXP 	read_number: height = 0.07
154.0052 	EXP 	read_number: height = 0.07
154.0052 	EXP 	read_number: text = '788'
156.1950 	DATA 	Keypress: space
156.1995 	EXP 	read_number: height = 0.07
156.1995 	EXP 	read_number: height = 0.07
156.1995 	EXP 	read_number: height = 0.07
156.1995 	EXP 	read_number: text = '775'
160.9743 	DATA 	Keypress: space
160.9772 	EXP 	read_number: height = 0.07
160.9772 	EXP 	read_number: height = 0.07
160.9772 	EXP 	read_number: height = 0.07
160.9772 	EXP 	read_number: text = '762'
163.1465 	DATA 	Keypress: space
163.1509 	EXP 	read_number: height = 0.07
163.1509 	EXP 	read_number: height = 0.07
163.1509 	EXP 	read_number: height = 0.07
163.1509 	EXP 	read_number: text = '749'
165.1123 	DATA 	Keypress: space
165.1133 	EXP 	read_number: height = 0.07
165.1133 	EXP 	read_number: height = 0.07
165.1133 	EXP 	read_number: height = 0.07
165.1133 	EXP 	read_number: text = '736'
167.2926 	DATA 	Keypress: space
167.2972 	EXP 	read_number: height = 0.07
167.2972 	EXP 	read_number: height = 0.07
167.2972 	EXP 	read_number: height = 0.07
167.2972 	EXP 	read_number: text = '723'
169.5214 	DATA 	Keypress: space
169.5258 	EXP 	read_number: height = 0.07
169.5258 	EXP 	read_number: height = 0.07
169.5258 	EXP 	read_number: height = 0.07
169.5258 	EXP 	read_number: text = '710'
170.9659 	DATA 	Keypress: space
170.9704 	EXP 	read_number: height = 0.07
170.9704 	EXP 	read_number: height = 0.07
170.9704 	EXP 	read_number: height = 0.07
170.9704 	EXP 	read_number: text = '697'
175.1535 	DATA 	Keypress: space
175.1578 	EXP 	read_number: height = 0.07
175.1578 	EXP 	read_number: height = 0.07
175.1578 	EXP 	read_number: height = 0.07
175.1578 	EXP 	read_number: text = '684'
176.8962 	DATA 	Keypress: space
176.9007 	EXP 	read_number: height = 0.07
176.9007 	EXP 	read_number: height = 0.07
176.9007 	EXP 	read_number: height = 0.07
176.9007 	EXP 	read_number: text = '671'
178.8755 	DATA 	Keypress: space
178.8798 	EXP 	read_number: height = 0.07
178.8798 	EXP 	read_number: height = 0.07
178.8798 	EXP 	read_number: height = 0.07
178.8798 	EXP 	read_number: text = '658'
180.6396 	DATA 	Keypress: space
180.6438 	EXP 	read_number: height = 0.07
180.6438 	EXP 	read_number: height = 0.07
180.6438 	EXP 	read_number: height = 0.07
180.6438 	EXP 	read_number: text = '645'
182.4364 	DATA 	Keypress: space
182.4496 	EXP 	read_number: height = 0.07
182.4496 	EXP 	read_number: height = 0.07
182.4496 	EXP 	read_number: height = 0.07
182.4496 	EXP 	read_number: text = '632'
185.1865 	DATA 	Keypress: space
185.1993 	EXP 	read_number: height = 0.07
185.1993 	EXP 	read_number: height = 0.07
185.1993 	EXP 	read_number: height = 0.07
185.1993 	EXP 	read_number: text = '619'
188.4589 	DATA 	Keypress: space
188.4631 	EXP 	read_number: height = 0.07
188.4631 	EXP 	read_number: height = 0.07
188.4631 	EXP 	read_number: height = 0.07
188.4631 	EXP 	read_number: text = '606'
190.0196 	EXP 	window1: mouseVisible = False
190.0197 	EXP 	Sound start_pause_tone reached end of file
190.0355 	EXP 	Sound start_pause_tone started
190.0257 	EXP 	read_number: autoDraw = False
190.0257 	EXP 	read_number: autoDraw = False
190.0257 	EXP 	read_pausing: text = 'PAUSE'
190.0257 	EXP 	read_pausing: autoDraw = True
190.2388 	EXP 	Sound start_pause_tone stopped
190.2389 	EXP 	Sound start_pause_tone reached end of file
210.0126 	EXP 	New trial (rep=2, index=0): None
210.0127 	EXP 	window1: mouseVisible = False
210.0128 	INFO 	Keyboard events cleared
210.0152 	EXP 	Sound start_tone reached end of file
210.0284 	EXP 	Sound start_tone started
210.0185 	EXP 	read_pausing: autoDraw = False
210.0185 	EXP 	read_pausing: autoDraw = False
210.0185 	EXP 	read_number: height = 0.07
210.0185 	EXP 	read_number: height = 0.07
210.0185 	EXP 	read_number: height = 0.07
210.0185 	EXP 	read_number: text = 606
210.2133 	EXP 	read_number: autoDraw = True
210.2287 	EXP 	Sound start_tone stopped
210.2288 	EXP 	Sound start_tone reached end of file
212.2990 	DATA 	Keypress: space
212.3032 	EXP 	read_number: height = 0.07
212.3032 	EXP 	read_number: height = 0.07
212.3032 	EXP 	read_number: height = 0.07
212.3032 	EXP 	read_number: text = '593'
214.1185 	DATA 	Keypress: space
214.1226 	EXP 	read_number: height = 0.07
214.1226 	EXP 	read_number: height = 0.07
214.1226 	EXP 	read_number: height = 0.07
214.1226 	EXP 	read_number: text = '580'
215.9655 	DATA 	Keypress: space
215.9702 	EXP 	read_number: height = 0.07
215.9702 	EXP 	read_number: height = 0.07
215.9702 	EXP 	read_number: height = 0.07
215.9702 	EXP 	read_number: text = '567'
218.1183 	DATA 	Keypress: space
218.1226 	EXP 	read_number: height = 0.07
218.1226 	EXP 	read_number: height = 0.07
218.1226 	EXP 	read_number: height = 0.07
218.1226 	EXP 	read_number: text = '554'
220.1383 	DATA 	Keypress: space
220.1503 	EXP 	read_number: height = 0.07
220.1503 	EXP 	read_number: height = 0.07
220.1503 	EXP 	read_number: height = 0.07
220.1503 	EXP 	read_number: text = '541'
222.0557 	DATA 	Keypress: space
222.0600 	EXP 	read_number: height = 0.07
222.0600 	EXP 	read_number: height = 0.07
222.0600 	EXP 	read_number: height = 0.07
222.0600 	EXP 	read_number: text = '528'
223.9031 	DATA 	Keypress: space
223.9072 	EXP 	read_number: height = 0.07
223.9072 	EXP 	read_number: height = 0.07
223.9072 	EXP 	read_number: height = 0.07
223.9072 	EXP 	read_number: text = '515'
225.9028 	DATA 	Keypress: space
225.9072 	EXP 	read_number: height = 0.07
225.9072 	EXP 	read_number: height = 0.07
225.9072 	EXP 	read_number: height = 0.07
225.9072 	EXP 	read_number: text = '502'
227.7483 	DATA 	Keypress: space
227.7613 	EXP 	read_number: height = 0.07
227.7613 	EXP 	read_number: height = 0.07
227.7613 	EXP 	read_number: height = 0.07
227.7613 	EXP 	read_number: text = '489'
229.9166 	DATA 	Keypress: space
229.9210 	EXP 	read_number: height = 0.07
229.9210 	EXP 	read_number: height = 0.07
229.9210 	EXP 	read_number: height = 0.07
229.9210 	EXP 	read_number: text = '476'
232.0554 	DATA 	Keypress: space
232.0599 	EXP 	read_number: height = 0.07
232.0599 	EXP 	read_number: height = 0.07
232.0599 	EXP 	read_number: height = 0.07
232.0599 	EXP 	read_number: text = '463'
234.1929 	DATA 	Keypress: space
234.2057 	EXP 	read_number: height = 0.07
234.2057 	EXP 	read_number: height = 0.07
234.2057 	EXP 	read_number: height = 0.07
234.2057 	EXP 	read_number: text = '450'
236.0208 	DATA 	Keypress: space
236.0251 	EXP 	read_number: height = 0.07
236.0251 	EXP 	read_number: height = 0.07
236.0251 	EXP 	read_number: height = 0.07
236.0251 	EXP 	read_number: text = '437'
238.6600 	DATA 	Keypress: space
238.6641 	EXP 	read_number: height = 0.07
238.6641 	EXP 	read_number: height = 0.07
238.6641 	EXP 	read_number: height = 0.07
238.6641 	EXP 	read_number: text = '424'
242.3387 	DATA 	Keypress: space
242.3517 	EXP 	read_number: height = 0.07
242.3517 	EXP 	read_number: height = 0.07
242.3517 	EXP 	read_number: height = 0.07
242.3517 	EXP 	read_number: text = '411'
245.1586 	DATA 	Keypress: space
245.1709 	EXP 	read_number: height = 0.07
245.1709 	EXP 	read_number: height = 0.07
245.1709 	EXP 	read_number: height = 0.07
245.1709 	EXP 	read_number: text = '398'
247.7638 	DATA 	Keypress: space
247.7680 	EXP 	read_number: height = 0.07
247.7680 	EXP 	read_number: height = 0.07
247.7680 	EXP 	read_number: height = 0.07
247.7680 	EXP 	read_number: text = '385'
250.0261 	EXP 	window1: mouseVisible = False
250.0263 	EXP 	Sound start_pause_tone reached end of file
250.0419 	EXP 	Sound start_pause_tone started
250.0323 	EXP 	read_number: autoDraw = False
250.0323 	EXP 	read_number: autoDraw = False
250.0323 	EXP 	read_pausing: text = 'PAUSE'
250.0323 	EXP 	read_pausing: autoDraw = True
250.1860 	DATA 	Keypress: space
250.2385 	EXP 	Sound start_pause_tone stopped
250.2386 	EXP 	Sound start_pause_tone reached end of file
270.0187 	EXP 	New trial (rep=3, index=0): None
270.0188 	EXP 	window1: mouseVisible = False
270.0189 	INFO 	Keyboard events cleared
270.0210 	EXP 	Sound start_tone reached end of file
270.0348 	EXP 	Sound start_tone started
270.0248 	EXP 	read_pausing: autoDraw = False
270.0248 	EXP 	read_pausing: autoDraw = False
270.0248 	EXP 	read_number: height = 0.07
270.0248 	EXP 	read_number: height = 0.07
270.0248 	EXP 	read_number: height = 0.07
270.0248 	EXP 	read_number: text = 385
270.2197 	EXP 	read_number: autoDraw = True
270.2385 	EXP 	Sound start_tone stopped
270.2386 	EXP 	Sound start_tone reached end of file
272.5070 	DATA 	Keypress: space
272.5109 	EXP 	read_number: height = 0.07
272.5109 	EXP 	read_number: height = 0.07
272.5109 	EXP 	read_number: height = 0.07
272.5109 	EXP 	read_number: text = '372'
275.2497 	DATA 	Keypress: space
275.2541 	EXP 	read_number: height = 0.07
275.2541 	EXP 	read_number: height = 0.07
275.2541 	EXP 	read_number: height = 0.07
275.2541 	EXP 	read_number: text = '359'
277.0766 	DATA 	Keypress: space
277.0803 	EXP 	read_number: height = 0.07
277.0803 	EXP 	read_number: height = 0.07
277.0803 	EXP 	read_number: height = 0.07
277.0803 	EXP 	read_number: text = '346'
279.1733 	DATA 	Keypress: space
279.1776 	EXP 	read_number: height = 0.07
279.1776 	EXP 	read_number: height = 0.07
279.1776 	EXP 	read_number: height = 0.07
279.1776 	EXP 	read_number: text = '333'
280.8747 	DATA 	Keypress: space
280.8788 	EXP 	read_number: height = 0.07
280.8788 	EXP 	read_number: height = 0.07
280.8788 	EXP 	read_number: height = 0.07
280.8788 	EXP 	read_number: text = '320'
283.2215 	DATA 	Keypress: space
283.2332 	EXP 	read_number: height = 0.07
283.2332 	EXP 	read_number: height = 0.07
283.2332 	EXP 	read_number: height = 0.07
283.2332 	EXP 	read_number: text = '307'
285.4654 	DATA 	Keypress: space
285.4692 	EXP 	read_number: height = 0.07
285.4692 	EXP 	read_number: height = 0.07
285.4692 	EXP 	read_number: height = 0.07
285.4692 	EXP 	read_number: text = '294'
287.9232 	DATA 	Keypress: space
287.9274 	EXP 	read_number: height = 0.07
287.9274 	EXP 	read_number: height = 0.07
287.9274 	EXP 	read_number: height = 0.07
287.9274 	EXP 	read_number: text = '281'
289.8415 	DATA 	Keypress: space
289.8444 	EXP 	read_number: height = 0.07
289.8444 	EXP 	read_number: height = 0.07
289.8444 	EXP 	read_number: height = 0.07
289.8444 	EXP 	read_number: text = '268'
291.7856 	DATA 	Keypress: space
291.7888 	EXP 	read_number: height = 0.07
291.7888 	EXP 	read_number: height = 0.07
291.7888 	EXP 	read_number: height = 0.07
291.7888 	EXP 	read_number: text = '255'
293.6870 	DATA 	Keypress: space
293.6913 	EXP 	read_number: height = 0.07
293.6913 	EXP 	read_number: height = 0.07
293.6913 	EXP 	read_number: height = 0.07
293.6913 	EXP 	read_number: text = '242'
296.1108 	DATA 	Keypress: space
296.1149 	EXP 	read_number: height = 0.07
296.1149 	EXP 	read_number: height = 0.07
296.1149 	EXP 	read_number: height = 0.07
296.1149 	EXP 	read_number: text = '229'
298.1507 	DATA 	Keypress: space
298.1634 	EXP 	read_number: height = 0.07
298.1634 	EXP 	read_number: height = 0.07
298.1634 	EXP 	read_number: height = 0.07
298.1634 	EXP 	read_number: text = '216'
300.8051 	DATA 	Keypress: space
300.8093 	EXP 	read_number: height = 0.07
300.8093 	EXP 	read_number: height = 0.07
300.8093 	EXP 	read_number: height = 0.07
300.8093 	EXP 	read_number: text = '203'
303.2908 	DATA 	Keypress: space
303.2954 	EXP 	read_number: height = 0.07
303.2954 	EXP 	read_number: height = 0.07
303.2954 	EXP 	read_number: height = 0.07
303.2954 	EXP 	read_number: text = '190'
307.1397 	DATA 	Keypress: space
307.1425 	EXP 	read_number: height = 0.07
307.1425 	EXP 	read_number: height = 0.07
307.1425 	EXP 	read_number: height = 0.07
307.1425 	EXP 	read_number: text = '177'
308.6506 	DATA 	Keypress: space
308.6634 	EXP 	read_number: height = 0.07
308.6634 	EXP 	read_number: height = 0.07
308.6634 	EXP 	read_number: height = 0.07
308.6634 	EXP 	read_number: text = '164'
310.0258 	EXP 	window1: mouseVisible = False
310.0259 	EXP 	Sound start_pause_tone reached end of file
310.0415 	EXP 	Sound start_pause_tone started
310.0315 	EXP 	read_number: autoDraw = False
310.0315 	EXP 	read_number: autoDraw = False
310.0315 	EXP 	read_pausing: text = 'PAUSE'
310.0315 	EXP 	read_pausing: autoDraw = True
310.2383 	EXP 	Sound start_pause_tone stopped
310.2384 	EXP 	Sound start_pause_tone reached end of file
330.0178 	EXP 	New trial (rep=4, index=0): None
330.0179 	EXP 	window1: mouseVisible = False
330.0180 	INFO 	Keyboard events cleared
330.0198 	EXP 	Sound start_tone reached end of file
330.0339 	EXP 	Sound start_tone started
330.0242 	EXP 	read_pausing: autoDraw = False
330.0242 	EXP 	read_pausing: autoDraw = False
330.0242 	EXP 	read_number: height = 0.07
330.0242 	EXP 	read_number: height = 0.07
330.0242 	EXP 	read_number: height = 0.07
330.0242 	EXP 	read_number: text = 164
330.2187 	EXP 	read_number: autoDraw = True
330.2383 	EXP 	Sound start_tone stopped
330.2384 	EXP 	Sound start_tone reached end of file
332.0200 	DATA 	Keypress: space
332.0246 	EXP 	read_number: height = 0.07
332.0246 	EXP 	read_number: height = 0.07
332.0246 	EXP 	read_number: height = 0.07
332.0246 	EXP 	read_number: text = '151'
333.6869 	DATA 	Keypress: space
333.6909 	EXP 	read_number: height = 0.07
333.6909 	EXP 	read_number: height = 0.07
333.6909 	EXP 	read_number: height = 0.07
333.6909 	EXP 	read_number: text = '138'
335.7832 	DATA 	Keypress: space
335.7952 	EXP 	read_number: height = 0.07
335.7952 	EXP 	read_number: height = 0.07
335.7952 	EXP 	read_number: height = 0.07
335.7952 	EXP 	read_number: text = '125'
337.4158 	DATA 	Keypress: space
337.4204 	EXP 	read_number: height = 0.07
337.4204 	EXP 	read_number: height = 0.07
337.4204 	EXP 	read_number: height = 0.07
337.4204 	EXP 	read_number: text = '112'
339.4990 	DATA 	Keypress: space
339.5034 	EXP 	read_number: height = 0.07
339.5034 	EXP 	read_number: height = 0.07
339.5034 	EXP 	read_number: height = 0.07
339.5034 	EXP 	read_number: text = '99'
340.9027 	DATA 	Keypress: space
340.9061 	EXP 	read_number: height = 0.07
340.9061 	EXP 	read_number: height = 0.07
340.9061 	EXP 	read_number: height = 0.07
340.9061 	EXP 	read_number: text = '86'
342.6237 	DATA 	Keypress: space
342.6283 	EXP 	read_number: height = 0.07
342.6283 	EXP 	read_number: height = 0.07
342.6283 	EXP 	read_number: height = 0.07
342.6283 	EXP 	read_number: text = '73'
344.0271 	DATA 	Keypress: space
344.0312 	EXP 	read_number: height = 0.07
344.0312 	EXP 	read_number: height = 0.07
344.0312 	EXP 	read_number: height = 0.07
344.0312 	EXP 	read_number: text = '60'
345.5477 	DATA 	Keypress: space
345.5519 	EXP 	read_number: height = 0.07
345.5519 	EXP 	read_number: height = 0.07
345.5519 	EXP 	read_number: height = 0.07
345.5519 	EXP 	read_number: text = '47'
346.9852 	DATA 	Keypress: space
346.9896 	EXP 	read_number: height = 0.07
346.9896 	EXP 	read_number: height = 0.07
346.9896 	EXP 	read_number: height = 0.07
346.9896 	EXP 	read_number: text = '34'
348.4226 	DATA 	Keypress: space
348.4269 	EXP 	read_number: height = 0.07
348.4269 	EXP 	read_number: height = 0.07
348.4269 	EXP 	read_number: height = 0.07
348.4269 	EXP 	read_number: text = '21'
349.7924 	DATA 	Keypress: space
349.7952 	EXP 	read_number: height = 0.07
349.7952 	EXP 	read_number: height = 0.07
349.7952 	EXP 	read_number: height = 0.07
349.7952 	EXP 	read_number: text = '8'
351.1865 	DATA 	Keypress: space
351.1908 	EXP 	read_number: height = 0.07
351.1908 	EXP 	read_number: height = 0.07
351.1908 	EXP 	read_number: height = 0.07
351.1908 	EXP 	read_number: text = '1022'
353.3948 	DATA 	Keypress: space
353.3990 	EXP 	read_number: height = 0.07
353.3990 	EXP 	read_number: height = 0.07
353.3990 	EXP 	read_number: height = 0.07
353.3990 	EXP 	read_number: text = '1009'
355.4643 	DATA 	Keypress: space
355.4686 	EXP 	read_number: height = 0.07
355.4686 	EXP 	read_number: height = 0.07
355.4686 	EXP 	read_number: height = 0.07
355.4686 	EXP 	read_number: text = '996'
357.5143 	DATA 	Keypress: space
357.5174 	EXP 	read_number: height = 0.07
357.5174 	EXP 	read_number: height = 0.07
357.5174 	EXP 	read_number: height = 0.07
357.5174 	EXP 	read_number: text = '983'
359.6583 	DATA 	Keypress: space
359.6628 	EXP 	read_number: height = 0.07
359.6628 	EXP 	read_number: height = 0.07
359.6628 	EXP 	read_number: height = 0.07
359.6628 	EXP 	read_number: text = '970'
361.1877 	DATA 	Keypress: space
361.1909 	EXP 	read_number: height = 0.07
361.1909 	EXP 	read_number: height = 0.07
361.1909 	EXP 	read_number: height = 0.07
361.1909 	EXP 	read_number: text = '957'
363.1455 	DATA 	Keypress: space
363.1490 	EXP 	read_number: height = 0.07
363.1490 	EXP 	read_number: height = 0.07
363.1490 	EXP 	read_number: height = 0.07
363.1490 	EXP 	read_number: text = '944'
364.5180 	DATA 	Keypress: space
364.5310 	EXP 	read_number: height = 0.07
364.5310 	EXP 	read_number: height = 0.07
364.5310 	EXP 	read_number: height = 0.07
364.5310 	EXP 	read_number: text = '931'
366.0181 	DATA 	Keypress: space
366.0309 	EXP 	read_number: height = 0.07
366.0309 	EXP 	read_number: height = 0.07
366.0309 	EXP 	read_number: height = 0.07
366.0309 	EXP 	read_number: text = '918'
367.4725 	DATA 	Keypress: space
367.4757 	EXP 	read_number: height = 0.07
367.4757 	EXP 	read_number: height = 0.07
367.4757 	EXP 	read_number: height = 0.07
367.4757 	EXP 	read_number: text = '905'
368.7208 	DATA 	Keypress: space
368.7258 	EXP 	read_number: height = 0.07
368.7258 	EXP 	read_number: height = 0.07
368.7258 	EXP 	read_number: height = 0.07
368.7258 	EXP 	read_number: text = '892'
370.0256 	EXP 	window1: mouseVisible = False
370.0258 	EXP 	Sound start_pause_tone reached end of file
370.0411 	EXP 	Sound start_pause_tone started
370.0312 	EXP 	read_number: autoDraw = False
370.0312 	EXP 	read_number: autoDraw = False
370.0312 	EXP 	read_pausing: text = 'PAUSE'
370.0312 	EXP 	read_pausing: autoDraw = True
370.2382 	EXP 	Sound start_pause_tone stopped
370.2383 	EXP 	Sound start_pause_tone reached end of file
390.0176 	EXP 	New trial (rep=5, index=0): None
390.0177 	EXP 	window1: mouseVisible = False
390.0177 	INFO 	Keyboard events cleared
390.0196 	EXP 	Sound start_tone reached end of file
390.0336 	EXP 	Sound start_tone started
390.0238 	EXP 	read_pausing: autoDraw = False
390.0238 	EXP 	read_pausing: autoDraw = False
390.0238 	EXP 	read_number: height = 0.07
390.0238 	EXP 	read_number: height = 0.07
390.0238 	EXP 	read_number: height = 0.07
390.0238 	EXP 	read_number: text = 892
390.2181 	EXP 	read_number: autoDraw = True
390.2381 	EXP 	Sound start_tone stopped
390.2382 	EXP 	Sound start_tone reached end of file
392.5470 	DATA 	Keypress: space
392.5514 	EXP 	read_number: height = 0.07
392.5514 	EXP 	read_number: height = 0.07
392.5514 	EXP 	read_number: height = 0.07
392.5514 	EXP 	read_number: text = '879'
394.6238 	DATA 	Keypress: space
394.6278 	EXP 	read_number: height = 0.07
394.6278 	EXP 	read_number: height = 0.07
394.6278 	EXP 	read_number: height = 0.07
394.6278 	EXP 	read_number: text = '866'
396.3941 	DATA 	Keypress: space
396.3992 	EXP 	read_number: height = 0.07
396.3992 	EXP 	read_number: height = 0.07
396.3992 	EXP 	read_number: height = 0.07
396.3992 	EXP 	read_number: text = '853'
398.1528 	DATA 	Keypress: space
398.1557 	EXP 	read_number: height = 0.07
398.1557 	EXP 	read_number: height = 0.07
398.1557 	EXP 	read_number: height = 0.07
398.1557 	EXP 	read_number: text = '840'
399.4362 	DATA 	Keypress: space
399.4404 	EXP 	read_number: height = 0.07
399.4404 	EXP 	read_number: height = 0.07
399.4404 	EXP 	read_number: height = 0.07
399.4404 	EXP 	read_number: text = '827'
400.6151 	DATA 	Keypress: space
400.6277 	EXP 	read_number: height = 0.07
400.6277 	EXP 	read_number: height = 0.07
400.6277 	EXP 	read_number: height = 0.07
400.6277 	EXP 	read_number: text = '814'
401.9289 	DATA 	Keypress: space
401.9333 	EXP 	read_number: height = 0.07
401.9333 	EXP 	read_number: height = 0.07
401.9333 	EXP 	read_number: height = 0.07
401.9333 	EXP 	read_number: text = '801'
403.0818 	DATA 	Keypress: space
403.0860 	EXP 	read_number: height = 0.07
403.0860 	EXP 	read_number: height = 0.07
403.0860 	EXP 	read_number: height = 0.07
403.0860 	EXP 	read_number: text = '788'
404.3269 	DATA 	Keypress: space
404.3294 	EXP 	read_number: height = 0.07
404.3294 	EXP 	read_number: height = 0.07
404.3294 	EXP 	read_number: height = 0.07
404.3294 	EXP 	read_number: text = '775'
405.5945 	DATA 	Keypress: space
405.6070 	EXP 	read_number: height = 0.07
405.6070 	EXP 	read_number: height = 0.07
405.6070 	EXP 	read_number: height = 0.07
405.6070 	EXP 	read_number: text = '762'
407.0754 	DATA 	Keypress: space
407.0791 	EXP 	read_number: height = 0.07
407.0791 	EXP 	read_number: height = 0.07
407.0791 	EXP 	read_number: height = 0.07
407.0791 	EXP 	read_number: text = '749'
408.8111 	DATA 	Keypress: space
408.8152 	EXP 	read_number: height = 0.07
408.8152 	EXP 	read_number: height = 0.07
408.8152 	EXP 	read_number: height = 0.07
408.8152 	EXP 	read_number: text = '736'
410.9898 	DATA 	Keypress: space
411.0029 	EXP 	read_number: height = 0.07
411.0029 	EXP 	read_number: height = 0.07
411.0029 	EXP 	read_number: height = 0.07
411.0029 	EXP 	read_number: text = '723'
412.5554 	DATA 	Keypress: space
412.5585 	EXP 	read_number: height = 0.07
412.5585 	EXP 	read_number: height = 0.07
412.5585 	EXP 	read_number: height = 0.07
412.5585 	EXP 	read_number: text = '710'
414.0265 	DATA 	Keypress: space
414.0305 	EXP 	read_number: height = 0.07
414.0305 	EXP 	read_number: height = 0.07
414.0305 	EXP 	read_number: height = 0.07
414.0305 	EXP 	read_number: text = '697'
416.2051 	DATA 	Keypress: space
416.2179 	EXP 	read_number: height = 0.07
416.2179 	EXP 	read_number: height = 0.07
416.2179 	EXP 	read_number: height = 0.07
416.2179 	EXP 	read_number: text = '684'
417.8455 	DATA 	Keypress: space
417.8498 	EXP 	read_number: height = 0.07
417.8498 	EXP 	read_number: height = 0.07
417.8498 	EXP 	read_number: height = 0.07
417.8498 	EXP 	read_number: text = '671'
419.4982 	DATA 	Keypress: space
419.5029 	EXP 	read_number: height = 0.07
419.5029 	EXP 	read_number: height = 0.07
419.5029 	EXP 	read_number: height = 0.07
419.5029 	EXP 	read_number: text = '658'
421.1579 	DATA 	Keypress: space
421.1624 	EXP 	read_number: height = 0.07
421.1624 	EXP 	read_number: height = 0.07
421.1624 	EXP 	read_number: height = 0.07
421.1624 	EXP 	read_number: text = '645'
423.1788 	DATA 	Keypress: space
423.1831 	EXP 	read_number: height = 0.07
423.1831 	EXP 	read_number: height = 0.07
423.1831 	EXP 	read_number: height = 0.07
423.1831 	EXP 	read_number: text = '632'
424.7969 	DATA 	Keypress: space
424.8011 	EXP 	read_number: height = 0.07
424.8011 	EXP 	read_number: height = 0.07
424.8011 	EXP 	read_number: height = 0.07
424.8011 	EXP 	read_number: text = '619'
426.4510 	DATA 	Keypress: space
426.4541 	EXP 	read_number: height = 0.07
426.4541 	EXP 	read_number: height = 0.07
426.4541 	EXP 	read_number: height = 0.07
426.4541 	EXP 	read_number: text = '606'
427.9985 	DATA 	Keypress: space
428.0026 	EXP 	read_number: height = 0.07
428.0026 	EXP 	read_number: height = 0.07
428.0026 	EXP 	read_number: height = 0.07
428.0026 	EXP 	read_number: text = '593'
430.0318 	EXP 	window1: mouseVisible = False
430.0319 	EXP 	Sound start_pause_tone reached end of file
430.0473 	EXP 	Sound start_pause_tone started
430.0376 	EXP 	read_number: autoDraw = False
430.0376 	EXP 	read_number: autoDraw = False
430.0376 	EXP 	read_pausing: text = 'PAUSE'
430.0376 	EXP 	read_pausing: autoDraw = True
430.1993 	DATA 	Keypress: space
430.2480 	EXP 	Sound start_pause_tone stopped
430.2481 	EXP 	Sound start_pause_tone reached end of file
450.0238 	INFO 	Keyboard events cleared
450.0239 	EXP 	window1: mouseVisible = False
450.0304 	EXP 	read_pausing: autoDraw = False
450.0304 	EXP 	read_pausing: autoDraw = False
450.0304 	EXP 	ctl2_instruction_text: autoDraw = True
505.0437 	INFO 	Keyboard events cleared
505.0529 	EXP 	Imported stims/CTL2.xlsx as conditions, 6 conditions, 2 params
505.0534 	EXP 	Created sequence: sequential, trialTypes=6, nReps=1, seed=None
505.0536 	EXP 	New trial (rep=0, index=0): {'Block': 1, 'StartingNumber': 1659}
505.0537 	EXP 	window1: mouseVisible = False
505.0556 	EXP 	Sound start_tone_2 reached end of file
505.0601 	EXP 	Sound start_tone_2 started
505.0571 	DATA 	Keypress: return
505.0587 	EXP 	ctl2_instruction_text: autoDraw = False
505.0587 	EXP 	subtract_number: height = 0.07
505.0587 	EXP 	subtract_number: height = 0.07
505.0587 	EXP 	subtract_number: height = 0.07
505.0587 	EXP 	subtract_number: text = 1659
505.0587 	EXP 	subtract_number: autoDraw = True
505.2578 	EXP 	Sound start_tone_2 stopped
505.2579 	EXP 	Sound start_tone_2 reached end of file
545.0463 	EXP 	window1: mouseVisible = False
545.0464 	EXP 	Sound start_pause_tone_2 reached end of file
545.0597 	EXP 	Sound start_pause_tone_2 started
545.0503 	EXP 	subtract_number: autoDraw = False
545.0503 	EXP 	subtract_number: autoDraw = False
545.0503 	EXP 	subtract_number: autoDraw = False
545.0503 	EXP 	subtract_pausing: height = 0.07
545.0503 	EXP 	subtract_pausing: height = 0.07
545.0503 	EXP 	subtract_pausing: height = 0.07
545.0503 	EXP 	subtract_pausing: text = 'PAUSE'
545.0503 	EXP 	subtract_pausing: autoDraw = True
545.2576 	EXP 	Sound start_pause_tone_2 stopped
545.2577 	EXP 	Sound start_pause_tone_2 reached end of file
565.0366 	EXP 	New trial (rep=0, index=1): {'Block': 2, 'StartingNumber': 1303}
565.0367 	EXP 	window1: mouseVisible = False
565.0387 	EXP 	Sound start_tone_2 reached end of file
565.0527 	EXP 	Sound start_tone_2 started
565.0429 	EXP 	subtract_pausing: autoDraw = False
565.0429 	EXP 	subtract_pausing: autoDraw = False
565.0429 	EXP 	subtract_number: height = 0.07
565.0429 	EXP 	subtract_number: height = 0.07
565.0429 	EXP 	subtract_number: height = 0.07
565.0429 	EXP 	subtract_number: text = 1303
565.0429 	EXP 	subtract_number: autoDraw = True
565.2575 	EXP 	Sound start_tone_2 stopped
565.2576 	EXP 	Sound start_tone_2 reached end of file
605.0296 	EXP 	window1: mouseVisible = False
605.0297 	EXP 	Sound start_pause_tone_2 reached end of file
605.0455 	EXP 	Sound start_pause_tone_2 started
605.0357 	EXP 	subtract_number: autoDraw = False
605.0357 	EXP 	subtract_number: autoDraw = False
605.0357 	EXP 	subtract_pausing: text = 'PAUSE'
605.0357 	EXP 	subtract_pausing: autoDraw = True
605.2474 	EXP 	Sound start_pause_tone_2 stopped
605.2475 	EXP 	Sound start_pause_tone_2 reached end of file
625.0224 	EXP 	New trial (rep=0, index=2): {'Block': 3, 'StartingNumber': 918}
625.0225 	EXP 	window1: mouseVisible = False
625.0250 	EXP 	Sound start_tone_2 reached end of file
625.0288 	EXP 	subtract_pausing: autoDraw = False
625.0288 	EXP 	subtract_pausing: autoDraw = False
625.0288 	EXP 	subtract_number: height = 0.07
625.0288 	EXP 	subtract_number: height = 0.07
625.0288 	EXP 	subtract_number: height = 0.07
625.0288 	EXP 	subtract_number: text = 918
625.0356 	EXP 	subtract_number: autoDraw = True
665.0219 	EXP 	window1: mouseVisible = False
665.0220 	EXP 	Sound start_pause_tone_2 reached end of file
665.0282 	EXP 	subtract_number: autoDraw = False
665.0282 	EXP 	subtract_number: autoDraw = False
665.0282 	EXP 	subtract_pausing: text = 'PAUSE'
665.0354 	EXP 	subtract_pausing: autoDraw = True
685.0218 	EXP 	New trial (rep=0, index=3): {'Block': 4, 'StartingNumber': 1518}
685.0219 	EXP 	window1: mouseVisible = False
685.0245 	EXP 	Sound start_tone_2 reached end of file
685.0279 	EXP 	subtract_pausing: autoDraw = False
685.0279 	EXP 	subtract_pausing: autoDraw = False
685.0279 	EXP 	subtract_number: height = 0.07
685.0279 	EXP 	subtract_number: height = 0.07
685.0279 	EXP 	subtract_number: height = 0.07
685.0279 	EXP 	subtract_number: text = 1518
685.0349 	EXP 	subtract_number: autoDraw = True
725.0219 	EXP 	window1: mouseVisible = False
725.0220 	EXP 	Sound start_pause_tone_2 reached end of file
725.0276 	EXP 	subtract_number: autoDraw = False
725.0276 	EXP 	subtract_number: autoDraw = False
725.0276 	EXP 	subtract_pausing: text = 'PAUSE'
725.0346 	EXP 	subtract_pausing: autoDraw = True
745.0214 	EXP 	New trial (rep=0, index=4): {'Block': 5, 'StartingNumber': 857}
745.0216 	EXP 	window1: mouseVisible = False
745.0242 	EXP 	Sound start_tone_2 reached end of file
745.0275 	EXP 	subtract_pausing: autoDraw = False
745.0275 	EXP 	subtract_pausing: autoDraw = False
745.0275 	EXP 	subtract_number: height = 0.07
745.0275 	EXP 	subtract_number: height = 0.07
745.0275 	EXP 	subtract_number: height = 0.07
745.0275 	EXP 	subtract_number: text = 857
745.0344 	EXP 	subtract_number: autoDraw = True
785.0210 	EXP 	window1: mouseVisible = False
785.0211 	EXP 	Sound start_pause_tone_2 reached end of file
785.0272 	EXP 	subtract_number: autoDraw = False
785.0272 	EXP 	subtract_number: autoDraw = False
785.0272 	EXP 	subtract_pausing: text = 'PAUSE'
785.0346 	EXP 	subtract_pausing: autoDraw = True
805.0207 	EXP 	New trial (rep=0, index=5): {'Block': 6, 'StartingNumber': 1401}
805.0208 	EXP 	window1: mouseVisible = False
805.0228 	EXP 	Sound start_tone_2 reached end of file
805.0267 	EXP 	subtract_pausing: autoDraw = False
805.0267 	EXP 	subtract_pausing: autoDraw = False
805.0267 	EXP 	subtract_number: height = 0.07
805.0267 	EXP 	subtract_number: height = 0.07
805.0267 	EXP 	subtract_number: height = 0.07
805.0267 	EXP 	subtract_number: text = 1401
805.0355 	EXP 	subtract_number: autoDraw = True
845.0206 	EXP 	window1: mouseVisible = False
845.0207 	EXP 	Sound start_pause_tone_2 reached end of file
845.0269 	EXP 	subtract_number: autoDraw = False
845.0269 	EXP 	subtract_number: autoDraw = False
845.0269 	EXP 	subtract_pausing: text = 'PAUSE'
845.0338 	EXP 	subtract_pausing: autoDraw = True
865.0198 	INFO 	Keyboard events cleared
865.0198 	EXP 	window1: mouseVisible = False
865.0262 	EXP 	subtract_pausing: autoDraw = False
865.0262 	EXP 	subtract_pausing: autoDraw = False
865.0332 	EXP 	task_end_text: autoDraw = True
1001.2483 	DATA 	Keypress: escape
1001.3730 	EXP 	TSST_fnirs_V4_CONTROL: status = STOPPED
1001.3796 	EXP 	task_end_text: autoDraw = False
1001.3798 	EXP 	TSST_fnirs_V4_CONTROL: status = STOPPED
1001.4472 	INFO 	saved data to 'c:\\Users\\neuro\\GitHub\\fNIRS_TSST_PsychoPy\\data/qc001_TSST_fnirs_V4_CONTROL_2025-10-22_16h31.19.446.csv'
1001.4490 	INFO 	saved data to c:\Users\neuro\GitHub\fNIRS_TSST_PsychoPy\data/qc001_TSST_fnirs_V4_CONTROL_2025-10-22_16h31.19.446.psydat
1001.4742 	EXP 	window1: mouseVisible = True
1001.4981 	WARNING 	Stopping key buffers but this could be dangerous ifother keyboards rely on the same.
1001.5724 	WARNING 	Stopping key buffers but this could be dangerous ifother keyboards rely on the same.
